<145.96,146.17,la>
<146.17,146.51,cèlebre>
<146.51,146.99,frase>
<147.01,147.11,que>
<147.11,147.19,en>
<147.19,147.27,el>
<147.27,147.42,seu>
<147.42,147.58,dia>
<147.58,147.66,va>
<147.66,148.10,pronunciar>
<148.10,148.38,ortega>
<148.38,148.43,y>
<148.43,148.80,gasset>
<149.17,149.29,jo>
<149.29,149.45,sóc>
<149.45,149.77,jo>
<149.80,149.88,i>
<149.88,150.04,les>
<150.04,150.20,meves>
<150.20,151.06,circumstàncies>
<151.08,151.34,vol>
<151.34,151.49,dir>
<151.49,151.57,que>
<151.57,152.09,l'individu>
<152.37,152.47,no>
<152.47,153.03,existeix>
<153.04,153.30,sense>
<153.30,153.36,el>
<153.36,153.49,seu>
<153.49,154.10,context>
<155.12,155.23,no>
<155.23,155.29,és>
<155.29,155.37,el>
<155.37,155.68,mateix>
<155.68,155.77,que>
<155.77,155.88,jo>
<155.88,156.28,pronunciï>
<156.28,156.51,aquest>
<156.51,156.99,discurs>
<157.00,157.46,aquí>
<157.69,157.95,davant>
<157.95,158.03,un>
<158.03,158.59,públic>
<158.93,159.13,uns>
<159.13,159.82,contrincants>
<159.83,160.00,un>
<160.00,160.44,jurat>
<160.45,160.59,que>
<160.59,160.65,ho>
<160.65,160.91,faci>
<160.91,161.15,davant>
<161.15,161.23,el>
<161.23,161.64,mirall>
<161.83,161.98,del>
<161.98,162.30,lavabo>
<162.30,162.39,de>
<162.39,162.62,casa>
<162.62,162.96,meva>
<163.40,163.50,la>
<163.50,164.15,situació>
<164.37,164.46,el>
<164.46,165.05,context>
<165.05,165.18,els>
<165.18,165.62,nervis>
<165.62,165.72,la>
<165.72,166.31,competició>
<166.31,166.41,el>
<166.41,166.61,voler>
<166.61,166.97,guanyar>
<167.23,167.51,faran>
<167.51,167.63,que>
<167.63,167.78,jo>
<167.78,168.23,conscient>
<168.23,168.26,o>
<168.26,168.95,inconscientment>
<168.95,169.47,pronunciï>
<169.47,169.59,de>
<169.59,169.89,forma>
<169.89,170.38,diferent>
<170.61,170.70,o>
<170.70,170.79,en>
<170.79,171.12,canviï>
<171.12,171.31,les>
<171.31,171.83,formes>
<175.95,176.13,els>
<178.43,178.71,éssers>
<178.71,179.05,humans>
<179.05,179.28,sempre>
<179.28,179.36,hem>
<179.36,179.81,competit>
<179.81,180.13,contra>
<180.13,180.19,la>
<180.19,180.85,naturalesa>
<181.05,181.36,podem>
<181.36,181.72,volar>
<182.16,182.35,amb>
<182.35,182.50,una>
<182.50,182.82,central>
<182.82,183.23,nuclear>
<183.23,183.67,alimentem>
<183.67,184.45,energèticament>
<184.61,185.03,ciutats>
<185.03,185.68,senceres>
<185.95,186.15,hem>
<186.15,186.46,curat>
<186.46,186.91,infinitat>
<186.91,186.98,de>
<186.98,187.71,malalties>
<187.87,188.00,o>
<188.50,188.70,amb>
<188.70,188.97,alguns>
<188.97,189.66,pesticides>
<189.69,189.83,hem>
<189.83,190.47,multiplicat>
<190.47,191.19,exponencialment>
<191.19,191.28,les>
<191.29,191.50,collites>
<191.51,191.60,amb>
<191.61,191.70,una>
<191.71,191.92,central>
<191.92,192.13,nuclear>
<192.13,192.40,alimentem>
<192.40,192.82,energèticament>
<192.83,193.04,ciutats>
<193.05,193.29,senceres>
<193.30,193.39,amb>
<193.40,193.58,alguns>
<193.59,193.89,pesticides>
<193.91,193.97,hem>
<193.98,194.32,multiplicat>
<194.33,194.78,exponencialment>
<194.79,194.88,les>
<194.89,195.11,collites>
<195.12,195.24,però>
<195.25,195.31,no>
<195.32,195.44,tot>
<195.44,195.73,progrés>
<195.74,196.10,científic>
<196.11,196.32,implica>
<196.34,196.40,un>
<196.51,196.72,progrés>
<196.73,196.91,social>
<196.91,197.31,l'energia>
<197.31,197.85,nuclear>
<198.00,198.08,és>
<198.08,198.19,la>
<198.19,198.39,mare>
<198.39,198.46,de>
<198.46,198.54,la>
<198.54,198.75,bomba>
<198.75,199.21,atòmica>
<199.38,199.63,els>
<199.63,200.19,pesticides>
<200.19,200.28,que>
<200.28,200.82,multiplicaven>
<200.82,200.95,les>
<200.95,201.44,collites>
<201.45,201.84,alguns>
<201.84,201.95,han>
<201.95,202.20,sigut>
<202.20,202.73,prohibits>
<203.08,203.43,per>
<203.44,203.53,el>
<203.53,203.76,fet>
<203.76,203.85,de>
<203.85,204.27,convertir>
<204.27,204.37,els>
<204.37,204.92,aliments>
<205.11,205.27,en>
<205.27,206.09,insalubres>
<208.42,208.55,és>
<208.55,208.66,que>
<208.66,208.78,fa>
<208.78,208.95,cent>
<208.95,209.33,cinquanta>
<209.33,209.49,anys>
<209.49,209.68,charles>
<209.68,210.10,darwin>
<210.16,210.70,determinava>
<210.70,210.77,la>
<210.77,210.95,seva>
<210.95,211.14,gran>
<211.14,211.50,obra>
<211.61,211.94,l'origen>
<211.94,212.01,de>
<212.01,212.13,les>
<212.13,212.90,espècies>
<213.25,213.40,que>
<213.60,213.89,els>
<213.89,214.14,éssers>
<214.14,214.35,vius>
<214.35,214.41,han>
<214.42,215.03,evolucionat>
<215.07,215.58,mitjançant>
<215.58,215.68,una>
<215.68,216.02,selecció>
<216.02,216.34,natural>
<216.34,216.47,no>
<216.47,217.05,aleatòria>
<217.47,217.60,que>
<217.60,217.82,sigui>
<217.82,217.91,no>
<217.91,218.49,aleatòria>
<218.49,218.61,no>
<218.61,218.75,vol>
<218.75,218.85,dir>
<218.85,218.95,que>
<218.95,219.16,cada>
<219.16,219.56,individu>
<219.56,219.86,escull>
<219.86,219.95,els>
<219.95,220.09,seus>
<220.09,220.43,propis>
<220.43,220.84,caràcters>
<220.84,221.47,hereditaris>
<222.53,222.65,el>
<222.65,222.73,que>
<222.73,222.81,hem>
<222.81,222.91,de>
<222.91,223.16,fer>
<223.32,223.49,com>
<223.49,223.56,a>
<223.56,223.79,éssers>
<223.79,224.26,humans>
<224.30,224.45,com>
<224.45,224.49,a>
<224.49,224.98,espècie>
<224.99,225.11,és>
<225.11,225.53,acceptar>
<225.53,225.78,aquelles>
<225.78,226.28,genètiques>
<226.54,226.67,més>
<226.67,227.13,propícies>
<227.13,227.25,per>
<227.25,227.30,a>
<227.30,228.04,reproducció>
<229.10,229.32,als>
<229.32,229.43,que>
<229.43,229.47,ho>
<229.47,229.64,són>
<229.64,230.04,menys>
<230.05,230.21,hem>
<230.21,230.76,inventat>
<230.76,230.85,el>
<230.85,230.96,que>
<230.96,231.04,va>
<231.04,231.18,ser>
<231.18,231.24,la>
<231.24,231.69,inseminació>
<231.69,232.32,artificial>
<232.33,232.45,hem>
<232.45,232.95,inventat>
<233.21,234.11,fertilitzants>
<234.39,234.63,també>
<234.63,235.07,experts>
<235.07,235.16,han>
<235.16,235.44,creat>
<235.44,235.88,rutines>
<235.88,236.27,dietes>
<236.27,236.54,hàbits>
<236.54,236.60,que>
<236.60,236.67,el>
<236.67,236.78,que>
<236.78,236.94,fan>
<236.94,237.04,és>
<237.04,237.56,multiplicar>
<237.56,237.64,la>
<237.64,238.09,capacitat>
<238.09,238.76,reproductora>
<242.85,242.99,en>
<242.99,243.36,matèria>
<243.36,243.93,reproductora>
<243.93,244.01,hem>
<244.01,244.11,de>
<244.11,244.42,posar>
<244.42,244.62,aquí>
<244.62,245.03,l'stop>
<248.23,248.47,perquè>
<248.47,248.84,seria>
<248.84,249.26,reinventar>
<249.26,249.87,l'esclavitud>
<250.17,250.29,al>
<250.29,250.58,segle>
<250.58,250.96,vint-i-u>
<251.28,251.36,no>
<251.36,251.61,podem>
<251.61,252.15,permetre>
<252.31,252.41,que>
<252.41,252.58,una>
<252.58,253.02,persona>
<253.35,253.50,per>
<253.50,253.98,diners>
<254.00,254.42,renunciï>
<254.42,254.49,a>
<254.49,254.58,la>
<254.58,254.96,primera>
<254.96,255.16,raó>
<255.16,255.25,de>
<255.25,255.49,ser>
<255.79,255.98,dels>
<255.98,256.26,éssers>
<256.26,256.61,vius>
<256.67,256.77,que>
<256.77,256.96,és>
<257.17,257.50,l'instint>
<257.50,257.57,de>
<257.57,258.20,supervivència>
<258.30,258.81,primerament>
<258.81,258.87,la>
<258.87,258.93,de>
<258.93,259.44,l'individu>
<259.75,259.82,i>
<259.82,260.44,després>
<260.52,260.61,la>
<260.61,260.69,de>
<260.69,261.28,l'espècie>
<261.48,261.79,seguim>
<261.79,262.09,sent>
<262.10,262.47,animals>
<262.47,262.97,mamífers>
<262.97,263.04,i>
<263.04,263.12,no>
<263.12,263.32,estem>
<263.32,263.79,preparats>
<263.79,264.01,perquè>
<264.01,264.20,se'ns>
<264.20,264.51,prengui>
<264.51,264.89,l'instint>
<264.89,265.32,maternal>
<266.21,266.39,els>
<266.39,266.62,éssers>
<266.62,267.03,humans>
<267.34,267.47,ja>
<267.47,267.54,hem>
<267.54,268.09,especulat>
<268.10,268.31,amb>
<268.31,268.51,una>
<268.51,268.66,de>
<268.66,268.78,les>
<268.78,268.98,tres>
<268.98,269.44,necessitats>
<269.44,269.79,bàsiques>
<269.79,269.94,dels>
<269.94,270.15,éssers>
<270.15,270.45,vius>
<270.77,270.88,la>
<270.88,271.46,nutrició>
<272.88,273.24,milions>
<273.24,273.33,de>
<273.33,273.77,persones>
<273.77,274.00,morir>
<282.67,283.08,tampoc>
<283.08,283.49,creiem>
<283.58,283.69,que>
<283.69,283.75,la>
<283.75,284.11,gestació>
<284.11,284.59,subrogada>
<284.59,285.05,empoderi>
<285.05,285.16,la>
<285.16,285.48,dona>
<285.60,285.71,que>
<285.71,285.89,sigui>
<285.89,286.00,un>
<286.00,286.32,símbol>
<286.32,286.43,de>
<286.43,286.92,llibertat>
<286.92,287.15,que>
<287.15,287.43,aquesta>
<287.43,287.52,es>
<287.52,287.95,pugui>
<288.76,289.34,emprendre>
<289.34,289.41,la>
<289.41,290.01,pràctica>
<290.21,290.32,de>
<290.32,290.39,la>
<290.39,290.77,gestació>
<290.77,291.28,subrogada>
<291.28,291.40,ja>
<291.40,291.49,que>
<291.49,291.55,és>
<291.55,291.66,una>
<291.66,292.33,circumstància>
<292.33,292.40,de>
<292.40,292.77,misèria>
<292.77,292.85,el>
<292.85,292.96,que>
<292.96,293.36,l'empeny>
<294.67,294.84,més>
<294.84,294.91,de>
<294.91,295.05,dos>
<295.05,295.21,mil>
<295.21,295.36,anys>
<295.36,295.42,de>
<295.42,295.84,filosofia>
<295.84,296.40,occidental>
<296.40,296.87,discutint>
<296.87,297.04,sobre>
<297.04,297.10,el>
<297.10,297.31,lliure>
<297.31,297.67,albir>
<297.88,298.12,perquè>
<298.12,298.23,ara>
<298.23,298.27,hi>
<298.27,298.46,hagi>
<298.46,298.55,qui>
<298.55,298.99,s'atreveixi>
<298.99,299.03,a>
<299.03,299.32,reduir>
<299.32,299.41,el>
<299.41,299.68,terme>
<299.68,300.18,llibertat>
<300.50,300.59,a>
<300.59,300.67,la>
<300.67,301.13,voluntat>
<301.13,301.20,de>
<301.20,301.71,l'individu>
<302.15,302.33,perquè>
<302.33,302.75,existeix>
<302.75,302.87,una>
<302.87,303.40,opressió>
<303.55,303.66,de>
<303.66,303.72,la>
<303.72,303.81,que>
<303.81,303.88,no>
<303.88,303.97,es>
<303.97,304.41,parla>
<304.49,304.64,però>
<304.64,304.74,que>
<304.74,304.83,hi>
<304.83,305.14,és>
<305.38,305.48,que>
<305.48,305.55,és>
<305.55,305.64,la>
<305.64,305.83,dels>
<305.83,306.32,diners>
<306.33,306.51,si>
<306.51,306.63,una>
<306.63,306.86,dona>
<306.92,307.33,necessita>
<307.33,307.70,diners>
<307.90,308.11,quan>
<308.11,308.29,vol>
<308.29,308.61,més>
<309.16,309.31,en>
<309.31,309.62,quin>
<309.62,309.96,cas>
<309.97,310.18,està>
<310.18,310.48,oferint>
<310.48,310.56,el>
<310.56,310.68,seu>
<310.68,311.04,ventre>
<311.49,312.00,lliurement>
<312.01,312.10,ho>
<312.10,312.29,està>
<312.29,312.49,fent>
<312.49,313.31,voluntàriament>
<313.40,313.70,mai>
<313.71,313.82,en>
<313.82,314.02,cap>
<314.02,314.38,cas>
<314.41,314.52,ho>
<314.52,314.77,fa>
<315.05,315.55,lliurement>
<316.23,316.47,entre>
<316.47,316.61,dos>
<316.61,316.79,mil>
<316.79,316.95,deu>
<316.95,316.99,i>
<316.99,317.12,dos>
<317.12,317.30,mil>
<317.30,317.85,setze>
<317.93,318.04,a>
<318.04,318.30,l'estat>
<318.30,318.83,espanyol>
<319.20,319.63,neixen>
<319.97,320.14,més>
<320.14,320.24,de>
<320.24,320.42,tres>
<320.42,320.79,milions>
<320.79,320.87,de>
<320.87,321.32,nens>
<321.70,321.82,i>
<321.82,322.15,només>
<322.15,322.23,en>
<322.23,322.70,inscriuen>
<322.70,323.01,nou-cents>
<323.01,323.55,setanta-sis>
<323.55,323.68,per>
<323.68,324.06,gestació>
<324.06,324.67,subrogada>
<324.93,325.28,feta>
<325.29,325.48,amb>
<325.48,325.78,ventres>
<325.78,325.86,de>
<325.86,326.22,lloguer>
<326.31,326.39,a>
<326.39,326.94,l'estranger>
<328.29,328.41,un>
<328.41,328.60,zero>
<328.60,328.78,coma>
<328.78,328.99,zero>
<328.99,329.22,tres>
<329.22,329.42,per>
<329.42,329.67,cent>
<329.97,330.16,dels>
<330.16,330.50,nens>
<330.72,330.82,que>
<330.82,331.08,neixen>
<331.08,331.11,a>
<331.11,331.53,espanya>
<332.06,332.16,ho>
<332.16,332.47,són>
<332.53,332.66,per>
<332.66,333.04,gestació>
<333.04,333.61,subrogada>
<333.94,334.03,no>
<334.03,334.50,existeix>
<334.50,334.75,aquest>
<334.75,335.14,problema>
<371.18,371.50,aquí>
<393.77,393.97,ni>
<393.97,394.00,ho>
<394.00,394.69,enteneu>
<394.80,395.00,ni>
<395.00,395.05,ho>
<395.05,395.85,respecteu>
<396.13,396.29,però>
<396.29,396.38,el>
<396.38,396.64,pitjor>
<396.64,396.72,de>
<396.72,396.88,tot>
<396.88,397.02,és>
<397.02,397.11,que>
<397.11,397.34,ens>
<397.34,397.96,ataqueu>
<398.27,398.40,a>
<398.40,399.07,nosaltres>
<399.32,399.36,i>
<399.36,399.41,a>
<399.41,399.67,totes>
<399.67,399.82,les>
<399.82,400.24,persones>
<400.24,400.35,que>
<400.35,400.88,necessiten>
<400.88,400.97,de>
<400.97,401.06,la>
<401.06,401.34,nostra>
<401.34,401.67,ajuda>
<401.67,401.80,per>
<401.80,402.05,poder>
<402.05,402.32,ser>
<402.57,403.02,pares>
<403.15,403.28,i>
<403.28,403.74,mares>
<404.05,404.29,ens>
<404.29,405.05,insulteu>
<405.28,405.56,ens>
<405.56,406.23,agradiu>
<406.34,406.58,ens>
<406.58,407.44,menyspreu>
<407.72,408.23,desconfieu>
<408.23,408.33,de>
<408.33,408.42,la>
<408.42,408.76,nostra>
<408.76,409.56,capacitat>
<409.57,409.68,de>
<409.68,410.22,decidir>
<410.45,410.54,i>
<410.54,410.71,ens>
<410.71,410.99,negueu>
<410.99,411.07,la>
<411.07,411.52,llibertat>
<411.52,411.62,de>
<411.62,412.06,fer-ho>
<412.69,413.04,voleu>
<413.04,413.64,imposar-nos>
<413.64,413.74,la>
<413.74,414.14,vostra>
<414.14,414.57,moral>
<414.83,414.97,la>
<414.97,415.45,vostra>
<415.46,415.99,ètica>
<416.00,416.14,la>
<416.14,416.46,vostra>
<416.46,417.31,ideologia>
<417.78,418.28,s'amagueu>
<418.28,418.60,davall>
<418.60,418.67,el>
<418.67,418.83,nom>
<418.83,418.92,de>
<418.92,419.82,feministes>
<420.44,420.58,per>
<420.58,420.94,defendre>
<420.94,421.03,els>
<421.03,421.46,nostres>
<421.46,421.72,drets>
<421.72,422.05,mentres>
<422.05,422.43,xafen>
<422.89,423.23,crideu>
<423.23,423.36,al>
<423.36,423.69,carrer>
<423.69,424.25,orgullosos>
<424.25,424.28,i>
<424.28,424.95,orgulloses>
<425.08,425.68,nosaltres>
<425.68,426.00,parim>
<426.00,426.49,nosaltres>
<426.49,427.03,decidim>
<427.23,427.35,a>
<427.35,427.62,l'hora>
<427.62,427.74,que>
<427.74,428.15,preteneu>
<428.15,428.71,impedir-los>
<428.71,429.10,parir>
<429.33,429.43,i>
<429.43,430.20,decidir>
<430.27,430.85,firmat>
<430.87,431.47,l'associació>
<431.47,431.58,per>
<431.58,431.67,la>
<431.67,432.12,gestació>
<440.71,442.04,subrogada>
<449.48,449.84,estar>
<449.84,450.02,en>
<450.03,450.47,contra>
<450.74,450.96,es>
<451.41,451.94,situar-nos>
<451.94,452.00,en>
<452.00,452.07,la>
<452.07,452.45,postura>
<452.45,452.57,en>
<452.57,452.95,contra>
<452.96,453.14,és>
<453.14,453.50,tancar>
<453.50,453.71,els>
<453.71,453.90,ulls>
<453.92,454.24,enfront>
<454.24,454.40,d'una>
<454.40,454.91,situació>
<454.91,455.36,real>
<455.72,456.08,estar>
<456.08,456.24,en>
<456.24,456.52,contra>
<456.52,456.58,de>
<456.58,456.68,la>
<456.68,457.19,gestació>
<457.19,457.89,subrogada>
<458.08,458.19,i>
<458.19,458.31,de>
<458.31,458.43,la>
<458.43,458.72,falta>
<458.72,458.84,de>
<458.84,459.59,legalització>
<459.60,459.74,al>
<459.74,460.08,nostre>
<460.08,460.55,país>
<460.89,461.09,és>
<461.09,461.40,deixar>
<461.40,461.46,a>
<461.46,461.75,milers>
<461.75,461.84,de>
<461.84,462.48,persones>
<462.61,462.72,a>
<462.72,463.22,mercè>
<463.23,463.65,d'altres>
<463.65,464.21,realitats>
<464.36,465.07,socials>
<466.20,466.98,sobretot>
<467.33,467.65,és>
<467.69,467.96,no>
<467.96,468.82,lluitar>
<468.84,468.92,i>
<468.92,469.42,afrontar>
<469.42,469.64,tots>
<469.64,469.82,els>
<470.01,470.53,problemes>
<470.53,470.64,que>
<470.64,471.03,deriven>
<471.03,471.10,de>
<471.10,471.21,la>
<471.21,471.50,falta>
<471.50,471.73,d'una>
<471.73,472.75,normativització>
<476.47,476.65,un>
<476.65,476.88,marc>
<476.88,477.50,central>
<477.51,478.26,garantista>
<478.45,478.57,que>
<478.57,479.22,protegisca>
<479.22,479.27,i>
<479.27,479.80,respecte>
<479.80,480.08,tant>
<480.08,480.18,la>
<480.18,480.42,dona>
<480.42,480.96,gestant>
<481.10,481.26,com>
<481.26,481.36,la>
<481.36,481.95,diversitat>
<481.95,482.67,familiar>
<482.82,483.20,fruit>
<483.23,483.32,de>
<483.32,483.41,la>
<483.41,484.02,societat>
<484.05,484.60,plural>
<485.03,485.21,i>
<485.21,485.92,democràtica>
<485.94,486.07,en>
<486.07,486.18,la>
<486.18,486.32,que>
<486.32,486.74,vivim>
<490.62,490.79,la>
<490.79,491.50,protecció>
<491.84,491.94,i>
<491.94,492.13,és>
<492.13,492.28,que>
<492.28,492.46,la>
<492.50,492.86,falta>
<492.86,492.96,de>
<492.96,493.71,legalització>
<493.71,494.03,pot>
<494.03,494.58,comportar>
<494.58,494.69,la>
<494.69,495.70,clandestinitat>
<495.92,496.07,la>
<496.07,496.17,no>
<496.17,496.93,existència>
<496.93,497.12,d'un>
<497.12,497.31,marc>
<497.32,497.77,legal>
<498.02,498.26,pot>
<498.26,498.65,generar>
<498.65,499.38,situacions>
<499.41,499.86,d'abús>
<499.86,500.03,per>
<500.03,500.57,persones>
<500.84,501.25,sense>
<501.25,502.03,escrúpols>
<502.59,502.91,tota>
<502.91,503.50,persona>
<503.65,503.97,siga>
<503.97,504.21,quina>
<504.21,504.48,siga>
<504.48,504.60,la>
<504.60,504.86,forma>
<504.86,504.92,en>
<504.92,505.02,què>
<505.02,505.12,va>
<505.12,505.33,ser>
<505.33,505.89,concebut>
<506.74,507.47,gestat>
<508.06,508.23,o>
<508.60,509.15,nascut>
<509.64,509.79,té>
<509.80,509.93,els>
<509.93,510.45,mateixos>
<510.45,510.86,drets>
<511.03,511.43,aquells>
<511.47,511.74,drets>
<511.74,511.84,que>
<511.84,512.05,puga>
<512.05,512.52,garantir>
<512.52,512.60,un>
<512.60,512.83,marc>
<512.84,513.56,nacional>
<513.71,513.74,i>
<513.75,514.59,internacional>
<514.60,514.84,dels>
<514.84,515.17,drets>
<515.17,515.66,humans>
<516.94,517.28,així>
<517.28,517.39,ho>
<517.39,517.81,creu>
<517.83,517.95,la>
<517.95,518.74,jurisprudència>
<518.74,518.85,del>
<518.85,519.25,tribunal>
<519.25,519.68,europeu>
<519.68,519.80,de>
<519.80,520.15,drets>
<520.15,520.53,humans>
<520.73,520.79,en>
<520.80,521.19,vàries>
<521.19,521.93,sentències>
<524.29,524.44,el>
<529.35,529.79,tribunal>
<529.79,530.20,europeu>
<530.20,530.30,de>
<530.30,530.58,drets>
<530.58,530.87,humans>
<531.17,531.87,declara>
<532.05,532.13,que>
<532.13,532.23,es>
<532.23,532.64,viola>
<532.64,533.17,l'article>
<533.17,533.41,vuit>
<533.41,533.54,del>
<533.54,533.89,conveni>
<533.89,534.27,europeu>
<534.27,534.37,de>
<534.37,534.66,drets>
<534.66,535.05,humans>
<535.26,535.97,respecte>
<536.00,536.09,a>
<536.09,536.20,la>
<536.20,536.49,vida>
<536.49,537.37,privada>
<537.80,537.97,al>
<537.97,538.15,no>
<538.15,538.82,reconèixer>
<538.99,539.15,la>
<539.15,539.79,filiació>
<539.98,540.32,entre>
<540.32,540.41,els>
<540.41,540.98,xiquets>
<540.98,541.16,les>
<541.16,541.77,criatures>
<541.77,542.33,nascudes>
<542.33,542.48,per>
<542.48,542.90,gestació>
<542.90,543.42,subrogada>
<543.65,543.77,i>
<543.77,543.93,els>
<543.93,544.89,progenitors>
<545.64,545.80,que>
<545.81,546.43,recorreixen>
<546.43,546.47,a>
<546.47,546.74,aquest>
<546.74,547.08,mètode>
<547.08,547.14,de>
<547.14,547.72,reproducció>
<547.89,548.59,assistida>
<548.60,549.02,a>
<550.27,550.91,espanya>
<551.13,551.81,s'estableix>
<551.83,551.93,a>
<551.93,552.55,l'article>
<552.57,552.95,deu>
<553.10,553.25,de>
<553.25,553.38,la>
<553.38,553.57,llei>
<553.57,554.12,catorze>
<554.12,554.47,barra>
<554.47,554.70,dos>
<554.70,554.94,mil>
<554.94,555.27,sis>
<555.46,555.58,del>
<555.58,556.11,vint-i-sis>
<556.15,556.35,de>
<556.35,556.68,maig>
<556.94,557.35,sobre>
<557.35,557.75,tècniques>
<557.75,557.85,de>
<557.85,558.52,reproducció>
<558.53,558.85,humana>
<558.85,559.46,assistida>
<559.93,560.08,el>
<560.08,560.63,contracte>
<560.63,560.75,per>
<560.75,561.13,gestació>
<561.13,561.90,subrogada>
<562.13,562.38,és>
<562.38,562.68,nul>
<562.69,562.84,de>
<562.84,563.09,ple>
<563.09,563.77,dret>
<564.40,564.85,a>
<564.86,564.94,la>
<564.95,565.68,inscripció>
<565.97,566.13,del>
<566.38,566.79,cinc>
<566.80,567.58,d'octubre>
<568.25,568.91,de>
<568.94,569.21,dos>
<569.21,569.57,mil>
<571.40,571.54,de>
<571.54,571.63,la>
<571.63,572.03,direcció>
<572.03,572.38,general>
<572.38,572.47,de>
<572.47,573.02,registres>
<573.02,573.07,i>
<573.07,573.15,el>
<573.15,573.82,notariat>
<574.01,574.33,deixa>
<574.33,574.60,sense>
<574.60,575.07,contingut>
<575.07,575.64,efectiu>
<575.77,575.90,la>
<575.90,576.36,prohibició>
<576.36,576.42,de>
<576.42,576.52,la>
<576.52,576.96,gestació>
<576.96,577.83,subrogada>
<578.97,579.27,al>
<580.70,581.27,contemplar>
<581.27,581.38,la>
<581.38,582.04,inscripció>
<582.08,582.18,de>
<582.18,582.48,xiquets>
<582.48,582.51,i>
<582.51,582.90,xiquetes>
<582.90,583.11,fruit>
<583.11,583.53,d'aquesta>
<583.53,584.11,tècnica>
<584.38,584.71,vivim>
<584.71,584.87,una>
<584.87,585.50,situació>
<585.51,586.17,d'incertesa>
<586.17,586.77,jurídica>
<705.80,706.46,l'individu>
<706.50,706.57,i>
<706.57,706.66,el>
<706.66,706.81,seu>
<706.81,707.37,context>
<707.98,708.17,és>
<708.17,708.94,impossible>
<709.27,710.00,cohabitar>
<710.23,710.63,sense>
<710.63,711.09,atendre>
<711.10,711.25,el>
<711.25,711.53,nostre>
<711.53,711.96,entorn>
<714.12,714.39,estem>
<714.39,714.79,actuant>
<714.79,714.94,d'una>
<714.94,715.26,manera>
<715.26,715.93,determinada>
<716.99,717.52,segons>
<717.63,717.81,el>
<717.81,717.87,que>
<717.87,718.16,estem>
<718.54,718.94,visquen>
<718.94,719.06,ara>
<719.06,719.40,mateix>
<719.40,719.47,el>
<719.47,719.72,nostre>
<719.72,720.10,entorn>
<742.50,742.84,aquella>
<742.84,743.36,epidèmia>
<743.36,743.57,de>
<743.70,744.35,suïcidis>
<744.35,744.52,quan>
<744.52,744.62,va>
<744.62,744.88,morir>
<744.88,745.23,marilyn>
<745.23,745.66,monroe>
<746.02,746.69,o>
<746.70,746.88,quan>
<746.88,746.98,va>
<746.98,747.42,morir>
<747.50,747.80,kurt>
<747.80,748.12,cobain>
<748.12,748.21,el>
<748.21,748.60,guitarrista>
<748.60,748.69,de>
<748.69,749.20,nirvana>
<752.24,752.43,la>
<752.43,752.70,gent>
<752.71,753.31,actua>
<753.33,753.54,d'una>
<753.54,753.95,manera>
<753.96,754.33,segons>
<754.33,754.44,el>
<754.44,754.98,context>
<755.20,755.31,en>
<756.45,757.06,quin>
<762.04,762.65,context>
<765.78,766.46,actual>
<766.79,767.07,estem>
<767.07,767.48,visquent>
<769.71,769.97,estem>
<769.97,770.25,vivint>
<770.25,770.33,un>
<770.33,771.05,moment>
<771.68,771.83,on>
<771.83,772.21,impera>
<772.21,772.32,un>
<772.32,772.85,capitalisme>
<772.85,773.31,salvatge>
<773.31,773.37,un>
<773.37,773.87,capitalisme>
<773.87,774.29,ferotge>
<774.58,774.78,on>
<774.78,774.99,cada>
<774.99,775.18,cop>
<775.18,775.58,més>
<775.75,775.96,les>
<775.96,776.21,idees>
<776.21,776.80,neoliberals>
<776.80,777.00,estan>
<777.00,777.36,agafant>
<777.36,777.73,força>
<778.90,779.31,aquestes>
<779.31,779.57,idees>
<779.57,779.72,ens>
<779.72,780.00,diuen>
<780.00,780.12,que>
<780.12,780.33,tot>
<780.33,780.43,el>
<780.43,780.51,que>
<780.51,780.91,volem>
<781.60,781.70,ho>
<781.70,782.01,podem>
<782.01,782.30,tenir>
<782.31,782.39,i>
<782.39,782.57,més>
<782.57,782.79,quan>
<782.79,783.04,paguem>
<783.04,783.17,amb>
<783.17,783.54,diners>
<785.51,785.84,si>
<785.85,786.04,ha>
<786.04,786.39,parlat>
<786.39,786.65,de>
<786.66,787.35,context>
<787.51,787.93,en>
<787.93,788.17,quin>
<788.17,788.61,context>
<788.61,788.73,és>
<788.73,788.82,el>
<788.82,789.28,nostre>
<789.28,789.46,un>
<789.46,789.79,país>
<789.79,789.98,són>
<789.98,790.09,la>
<790.09,790.33,gent>
<790.33,790.53,mor>
<790.53,790.63,de>
<790.63,790.97,fam>
<804.29,804.64,vivim>
<804.88,804.98,En>
<804.98,805.06,un>
<805.06,805.49,context>
<805.70,805.86,on>
<805.86,805.95,hi>
<805.95,806.03,ha>
<806.03,806.32,gent>
<806.61,806.70,que>
<806.70,806.77,es>
<806.77,807.27,suïcida>
<807.84,808.01,quan>
<808.62,808.89,estan>
<808.89,808.94,a>
<808.94,809.14,punt>
<809.14,809.22,de>
<809.22,809.87,desnonar-la>
<812.52,812.83,aquest>
<812.83,813.13,mateix>
<813.13,813.32,any>
<813.59,813.80,una>
<813.80,814.13,dona>
<814.23,814.29,es>
<814.41,814.52,va>
<814.52,814.65,haver>
<814.65,814.74,de>
<814.74,815.21,suïcidar>
<816.17,816.47,just>
<816.47,816.71,abans>
<816.71,816.86,de>
<817.53,817.64,del>
<817.64,817.81,seu>
<817.81,818.37,desnonament>
<818.57,818.69,o>
<818.69,818.81,per>
<818.81,819.10,exemple>
<819.10,819.26,quan>
<819.26,819.39,una>
<819.39,819.61,mare>
<819.61,819.70,va>
<819.70,820.00,saltar>
<820.00,820.12,per>
<820.12,820.23,un>
<820.23,820.54,pont>
<820.99,821.17,amb>
<821.17,821.26,el>
<821.26,821.45,seu>
<821.45,821.89,fill>
<822.92,823.14,perquè>
<823.14,823.22,no>
<823.22,823.51,podia>
<823.51,824.00,fer-se>
<824.00,824.40,càrrec>
<824.72,824.78,de>
<824.78,824.86,un>
<824.86,825.17,crèdit>
<825.17,825.72,bancari>
<828.03,828.22,els>
<828.22,828.50,diners>
<828.50,828.65,ens>
<828.65,829.35,oprimeixen>
<836.42,836.78,quina>
<836.78,837.28,llibertat>
<837.28,837.38,té>
<837.38,837.61,una>
<837.61,838.15,persona>
<839.34,839.53,quan>
<839.53,839.66,es>
<839.66,839.99,troba>
<840.02,840.16,en>
<840.16,840.31,una>
<840.31,840.99,situació>
<841.21,841.36,de>
<841.36,842.04,vulnerabilitat>
<842.04,842.57,econòmica>
<843.26,843.55,fins>
<843.55,843.64,on>
<843.64,843.91,arriba>
<843.91,843.99,la>
<843.99,844.60,llibertat>
<844.86,845.07,d'una>
<845.07,845.61,persona>
<847.93,848.12,que>
<850.65,850.83,no>
<850.83,851.75,troba>
<851.76,852.39,a>
<852.42,852.59,una>
<852.59,852.91,manera>
<852.91,853.07,per>
<853.07,853.31,poder>
<853.31,853.84,subsistir>
<853.84,853.94,que>
<853.94,854.05,no>
<854.05,854.51,arriba>
<855.52,855.68,al>
<855.68,855.96,final>
<855.96,856.11,del>
<856.11,856.44,mes>
<856.44,856.65,que>
<856.84,857.06,no>
<857.06,857.24,pot>
<857.24,857.41,donar>
<857.41,857.50,els>
<857.50,857.66,seus>
<857.66,857.94,fills>
<858.01,858.21,ni>
<858.21,858.60,menjar>
<858.60,858.68,que>
<858.68,858.79,no>
<858.79,859.11,viu>
<859.31,859.40,que>
<859.40,859.49,no>
<859.49,859.65,pot>
<859.65,859.87,pagar>
<859.87,860.00,un>
<860.00,860.40,sostre>
<879.92,880.25,com>
<880.26,880.41,no>
<880.41,880.51,es>
<880.51,881.10,vendran>
<881.32,881.43,a>
<881.43,881.53,la>
<881.53,881.87,gestació>
<881.87,882.39,subrogada>
<891.34,891.76,podria>
<891.76,892.12,posar>
<892.12,892.55,exemples>
<892.55,892.72,tan>
<892.72,893.03,clars>
<893.03,893.21,com>
<893.21,893.30,els>
<893.30,893.41,de>
<893.41,894.09,suïcidis>
<894.17,894.38,en>
<894.38,894.71,casos>
<894.71,894.81,de>
<894.81,895.24,gestació>
<895.24,895.74,subrogada>
<895.74,895.88,per>
<895.96,896.65,necessitat>
<896.65,897.15,econòmica>
<908.05,908.38,com>
<908.38,908.52,la>
<908.52,908.82,gent>
<909.02,909.16,si>
<909.16,909.43,arriba>
<909.43,909.57,al>
<909.57,909.96,punt>
<910.07,910.25,de>
<910.25,910.71,poder>
<910.96,911.30,treure>
<911.41,911.56,la>
<911.56,911.80,seva>
<911.80,912.10,vida>
<913.11,913.24,per>
<913.24,913.38,una>
<913.38,913.68,qüestió>
<913.68,913.75,de>
<913.75,914.17,l'opressió>
<914.17,914.33,dels>
<914.33,914.72,diners>
<915.09,915.28,com>
<915.28,915.40,no>
<915.40,915.88,vendran>
<915.89,916.04,el>
<916.04,916.22,seu>
<916.22,916.55,cos>
<916.80,917.27,dones>
<917.33,917.47,per>
<917.47,917.59,fer>
<917.59,917.67,la>
<917.67,918.00,gestació>
<918.00,918.46,subrogada>
<927.84,928.64,dostoievski>
<928.87,929.36,ja>
<929.38,929.64,deia>
<929.64,929.71,en>
<929.71,929.85,una>
<929.85,929.93,de>
<929.93,930.03,les>
<930.03,930.29,seves>
<930.29,930.70,obres>
<931.18,931.35,que>
<934.00,935.14,defensava>
<935.42,935.61,la>
<935.61,935.90,raó>
<935.90,936.01,de>
<936.01,936.26,ser>
<936.41,936.58,la>
<936.58,936.83,raó>
<936.83,936.90,de>
<936.90,937.15,ser>
<937.63,937.78,de>
<938.67,939.08,la>
<939.08,939.34,nostra>
<939.34,939.79,espècie>
<939.84,939.99,la>
<939.99,940.31,raó>
<940.51,940.62,de>
<940.62,940.86,ser>
<940.87,941.11,és>
<941.12,941.23,la>
<941.23,941.37,que>
<941.55,941.92,qualsevol>
<941.92,942.34,espècie>
<942.35,942.44,de>
<942.44,943.01,sobreviure>
<943.69,944.06,instint>
<944.06,944.13,de>
<944.13,944.86,supervivència>
<946.77,946.97,tres>
<946.97,947.46,necessitats>
<947.46,947.92,bàsiques>
<947.92,948.03,que>
<948.03,948.13,té>
<948.13,948.37,l'ésser>
<948.37,948.66,humà>
<949.76,949.82,que>
<949.83,950.05,és>
<950.06,950.14,la>
<950.14,950.22,de>
<950.22,950.86,relacionar-se>
<951.00,951.61,nutrir-se>
<951.96,952.07,i>
<952.07,952.73,reproduir-se>
<955.75,956.30,dostoievski>
<956.30,956.66,deia>
<957.04,957.16,en>
<957.16,957.25,un>
<957.25,957.77,exemple>
<958.88,959.04,que>
<959.14,959.36,una>
<959.36,959.74,persona>
<959.74,959.85,per>
<959.85,960.15,exemple>
<960.15,960.21,que>
<960.21,960.53,estar>
<960.81,961.10,just>
<961.10,961.16,a>
<961.16,961.39,punt>
<961.39,961.46,de>
<961.46,961.88,morir>
<962.57,962.73,amb>
<962.73,962.86,els>
<962.86,962.99,ulls>
<962.99,963.50,tapats>
<964.69,965.20,sempre>
<965.58,966.11,encara>
<966.13,966.25,en>
<966.25,966.46,aquell>
<966.46,966.78,moment>
<966.78,966.90,si>
<966.90,966.97,li>
<966.97,967.25,donen>
<967.25,967.55,la>
<967.59,968.29,oportunitat>
<968.29,968.39,de>
<968.39,968.50,per>
<968.50,968.92,exemple>
<969.40,969.65,poder>
<969.65,969.95,viure>
<969.95,970.11,per>
<970.11,970.37,tota>
<970.37,971.18,l'eternitat>
<972.00,972.56,però>
<972.86,973.01,en>
<973.01,973.23,un>
<973.28,973.76,espai>
<974.78,975.05,d'una>
<975.05,975.54,rajola>
<977.31,977.51,per>
<977.60,977.89,tota>
<977.89,978.41,l'eternitat>
<978.41,978.55,amb>
<978.55,978.94,soledat>
<978.94,979.35,absoluta>
<979.35,979.46,la>
<979.46,979.76,gent>
<979.77,980.37,decidirà>
<980.73,981.11,viure>
<981.30,981.69,sempre>
<981.69,981.98,viure>
<987.99,988.43,millorar>
<988.48,988.61,les>
<988.61,989.34,alternatives>
<995.21,995.66,millorem>
<996.70,997.45,l'adopció>
<998.43,998.60,és>
<998.60,999.14,primordial>
<999.14,999.24,que>
<999.24,999.85,revisem>
<1000.21,1000.32,i>
<1000.32,1000.45,que>
<1000.45,1001.05,millorem>
<1002.04,1002.43,tots>
<1002.78,1002.98,els>
<1002.98,1003.58,requisits>
<1003.58,1003.71,que>
<1003.71,1003.77,hi>
<1003.77,1003.87,han>
<1003.87,1004.10,avui>
<1004.10,1004.39,dia>
<1006.87,1007.10,han>
<1007.11,1007.58,abaixat>
<1007.59,1007.74,un>
<1007.74,1008.08,noranta>
<1008.08,1008.21,per>
<1008.21,1008.36,cent>
<1008.36,1008.48,les>
<1008.48,1008.88,adopcions>
<1008.88,1008.97,en>
<1008.97,1009.23,aquest>
<1009.23,1009.65,país>
<1009.97,1010.10,en>
<1010.10,1010.60,l'última>
<1010.61,1011.11,dècada>
<1021.82,1021.92,que>
<1021.92,1022.02,la>
<1022.02,1022.51,gestació>
<1022.51,1022.94,subrogada>
<1022.94,1023.14,sigui>
<1023.14,1023.77,altruista>
<1024.04,1024.15,que>
<1024.15,1024.36,sigui>
<1024.36,1024.93,gratuïta>
<1024.96,1025.15,és>
<1025.15,1025.86,simplement>
<1025.95,1026.18,una>
<1026.18,1026.51,manera>
<1026.51,1026.96,d'abaratir>
<1026.96,1027.40,costos>
<1027.53,1027.66,on>
<1027.66,1027.73,qui>
<1027.73,1027.91,surt>
<1027.91,1028.19,perdent>
<1028.19,1028.28,és>
<1028.28,1028.35,la>
<1028.35,1028.56,mare>
<1028.56,1028.91,gestant>
<1029.60,1029.83,tenim>
<1029.83,1030.25,informes>
<1030.25,1030.41,com>
<1030.69,1031.15,l'informe>
<1031.15,1031.60,wendel>
<1031.87,1031.97,que>
<1031.97,1032.08,diu>
<1032.08,1032.16,que>
<1032.16,1032.24,la>
<1032.24,1032.55,gestació>
<1032.55,1032.98,subrogada>
<1032.98,1033.13,no>
<1033.13,1033.28,és>
<1033.28,1033.73,viable>
<1035.04,1035.34,perquè>
<1035.34,1035.41,la>
<1035.41,1035.72,demanda>
<1035.72,1036.07,creix>
<1036.57,1036.67,i>
<1036.67,1037.05,llavors>
<1037.13,1037.24,hi>
<1037.24,1037.71,haurà>
<1037.85,1038.14,molta>
<1038.14,1038.33,més>
<1038.33,1038.75,demanda>
<1038.75,1038.85,que>
<1038.85,1039.29,oferta>
<1040.52,1040.74,com>
<1040.74,1040.83,per>
<1040.83,1041.10,exemple>
<1041.10,1041.17,el>
<1041.17,1041.72,canadà>
<1042.91,1043.20,això>
<1043.20,1043.63,porta>
<1045.17,1045.30,a>
<1045.30,1045.36,que>
<1045.36,1045.47,els>
<1045.47,1045.71,pares>
<1045.71,1045.94,hagin>
<1046.35,1046.44,de>
<1046.44,1046.83,marxar>
<1046.83,1046.99,per>
<1046.99,1047.27,buscar>
<1047.27,1047.45,allò>
<1047.45,1047.54,que>
<1047.54,1047.62,no>
<1047.62,1047.85,troben>
<1047.85,1047.93,en>
<1047.93,1048.02,el>
<1048.02,1048.16,seu>
<1048.16,1048.48,país>
<1113.77,1113.92,no>
<1113.92,1114.03,és>
<1114.03,1114.11,el>
<1114.11,1114.21,que>
<1114.21,1114.32,jo>
<1114.32,1114.37,he>
<1114.37,1114.64,vist>
<1114.65,1115.05,mai>
<1115.24,1115.36,al>
<1115.36,1115.52,meu>
<1115.52,1115.83,país>
<1155.56,1156.05,apostem>
<1156.05,1156.19,per>
<1156.19,1156.36,una>
<1156.36,1156.83,gestació>
<1156.83,1157.57,subrogada>
<1157.58,1158.25,altruista>
<1160.07,1160.27,com>
<1160.27,1160.39,la>
<1160.39,1160.67,via>
<1160.68,1161.18,adequada>
<1161.18,1161.31,per>
<1161.31,1161.87,desenvolupar>
<1161.87,1162.16,aquesta>
<1162.16,1162.61,activitat>
<1163.27,1163.42,per>
<1163.42,1164.46,garantitzar>
<1164.49,1164.59,que>
<1164.59,1164.67,no>
<1164.67,1164.75,es>
<1164.75,1165.03,done>
<1165.03,1165.26,cap>
<1165.26,1166.09,mercantilització>
<1166.09,1166.31,del>
<1166.31,1166.51,cos>
<1166.51,1166.60,de>
<1166.60,1166.71,la>
<1166.71,1167.03,dona>
<1176.75,1177.67,suposa>
<1178.07,1178.51,regalar>
<1178.51,1178.88,xiquets>
<1178.88,1178.95,a>
<1178.95,1179.32,tothom>
<1179.65,1180.13,suposa>
<1180.14,1180.76,alleugerar>
<1180.76,1180.86,els>
<1180.86,1181.31,tràmits>
<1186.92,1187.03,el>
<1187.03,1187.10,que>
<1187.10,1187.26,està>
<1187.26,1187.35,en>
<1187.35,1187.51,joc>
<1187.51,1187.63,és>
<1187.63,1187.80,una>
<1187.80,1188.08,vida>
<1199.90,1200.33,l'institut>
<1200.33,1200.75,d'estudis>
<1200.75,1201.32,catalans>
<1202.82,1203.32,definix>
<1203.32,1203.46,la>
<1203.46,1204.06,gestació>
<1204.46,1204.66,com>
<1204.66,1204.77,el>
<1204.77,1205.16,procés>
<1205.16,1205.32,de>
<1205.32,1205.95,formació>
<1205.98,1206.06,i>
<1206.06,1206.83,desenvolupament>
<1206.83,1206.91,de>
<1206.91,1207.42,l'embrió>
<1207.43,1207.56,en>
<1207.56,1207.70,les>
<1207.70,1208.13,femelles>
<1208.13,1208.27,dels>
<1208.27,1208.61,animals>
<1208.61,1209.15,vivípars>
<1209.68,1209.75,i>
<1209.75,1209.93,així>
<1209.93,1210.40,mateix>
<1211.25,1211.58,parla>
<1211.58,1211.69,de>
<1211.69,1212.34,subrogar>
<1212.41,1212.60,com>
<1212.60,1212.97,assumir>
<1212.97,1213.06,un>
<1213.06,1213.40,dret>
<1213.67,1213.87,una>
<1213.87,1214.44,obligació>
<1214.49,1214.56,o>
<1214.56,1214.72,una>
<1214.72,1215.05,funció>
<1215.05,1215.46,d'altri>
<1220.93,1221.04,no>
<1221.04,1221.11,és>
<1221.11,1221.35,d'una>
<1221.35,1221.84,explotació>
<1221.84,1222.36,econòmica>
<1222.37,1222.58,cap>
<1222.58,1222.63,a>
<1222.63,1222.74,la>
<1222.74,1223.03,dona>
<1223.08,1223.11,ha>
<1224.60,1224.81,dit>
<1225.39,1225.86,que>
<1226.19,1226.47,sent>
<1226.79,1227.07,una>
<1227.07,1227.52,gestació>
<1231.68,1232.39,altruista>
<1258.40,1258.98,s'evitaria>
<1258.98,1259.46,l'explotació>
<1259.46,1259.97,econòmica>
<1260.24,1260.36,però>
<1260.36,1260.39,hi>
<1260.39,1260.61,hauria>
<1260.61,1260.82,molta>
<1260.82,1261.28,explotació>
<1261.28,1261.76,física>
<1264.89,1265.06,la>
<1265.06,1265.46,gestació>
<1265.46,1265.88,subrogada>
<1265.88,1266.45,altruista>
<1266.58,1266.70,ha>
<1266.70,1266.78,de>
<1266.78,1266.96,ser>
<1267.97,1268.06,que>
<1268.06,1268.15,un>
<1269.07,1269.59,pacte>
<1270.29,1270.98,basat>
<1271.00,1271.18,en>
<1271.18,1271.28,la>
<1271.28,1271.96,confiança>
<1272.37,1272.49,i>
<1272.49,1272.57,en>
<1272.57,1272.66,la>
<1272.66,1272.88,bona>
<1272.88,1273.40,voluntat>
<1274.00,1274.16,de>
<1274.16,1274.44,totes>
<1274.44,1274.65,dues>
<1274.65,1274.88,parts>
<1274.88,1275.56,implicades>
<1276.90,1277.12,doncs>
<1277.12,1277.25,que>
<1277.25,1277.40,s'ha>
<1277.40,1277.80,d'entendre>
<1277.80,1277.90,la>
<1277.90,1278.30,gestació>
<1278.30,1278.87,subrogada>
<1279.07,1279.27,com>
<1279.27,1279.38,un>
<1279.38,1279.73,favor>
<1279.73,1279.81,que>
<1279.81,1279.97,una>
<1279.97,1280.32,dona>
<1280.57,1280.73,li>
<1280.73,1281.26,fa>
<1281.27,1281.42,a>
<1281.42,1281.97,una>
<1281.98,1282.46,parella>
<1282.46,1282.51,o>
<1282.51,1282.78,una>
<1282.78,1283.26,persona>
<1283.70,1284.46,demandant>
<1284.61,1285.05,d'aquesta>
<1285.05,1285.72,paternitat>
<1286.80,1286.96,és>
<1286.96,1287.03,a>
<1287.03,1287.25,dir>
<1287.78,1287.96,si>
<1287.96,1288.09,la>
<1288.09,1288.43,dona>
<1288.44,1288.57,és>
<1288.57,1288.69,qui>
<1288.69,1288.78,fa>
<1288.78,1288.84,el>
<1288.84,1289.51,favor>
<1289.55,1289.82,és>
<1290.59,1291.14,raonable>
<1291.39,1291.47,que>
<1291.47,1291.75,aquesta>
<1291.75,1291.81,és>
<1291.81,1291.92,la>
<1291.92,1292.00,que>
<1292.00,1292.23,tinga>
<1292.23,1292.63,l'última>
<1292.63,1293.41,paraula>
<1293.42,1293.87,sobre>
<1293.92,1294.07,el>
<1294.07,1294.23,que>
<1294.23,1294.55,passa>
<1294.56,1294.71,al>
<1294.71,1294.92,seu>
<1294.92,1295.20,cos>
<1305.30,1305.43,i>
<1305.43,1305.56,per>
<1305.56,1305.98,això>
<1306.25,1306.48,cap>
<1306.48,1306.62,dels>
<1306.62,1306.82,seus>
<1306.82,1307.13,drets>
<1307.30,1307.49,ha>
<1307.49,1307.78,de>
<1308.51,1308.76,poder>
<1308.76,1309.01,ser>
<1309.02,1309.51,xafat>
<1314.59,1314.79,la>
<1314.79,1315.26,dona>
<1315.37,1315.52,per>
<1315.52,1315.82,accedir>
<1315.82,1315.85,a>
<1315.85,1316.04,aquest>
<1316.04,1316.46,pacte>
<1317.55,1317.79,veja>
<1317.79,1318.28,limitat>
<1318.61,1318.87,cap>
<1318.87,1319.13,dret>
<1319.13,1319.23,que>
<1319.23,1319.36,ja>
<1319.36,1319.46,t'he>
<1319.46,1320.02,reconegut>
<1320.02,1320.23,com>
<1320.23,1320.38,ara>
<1320.38,1320.48,la>
<1322.84,1323.38,interrupció>
<1323.38,1323.81,voluntària>
<1323.81,1323.87,de>
<1323.87,1324.45,l'embaràs>
<1324.70,1324.83,o>
<1324.83,1324.93,per>
<1324.93,1325.44,exemple>
<1325.77,1325.92,en>
<1326.82,1327.04,la>
<1327.04,1328.09,seua>
<1328.30,1328.91,filiació>
<1328.91,1328.96,o>
<1328.96,1329.02,el>
<1329.02,1329.19,seu>
<1329.19,1329.42,dret>
<1329.42,1329.50,de>
<1329.50,1330.06,filiació>
<1330.08,1330.24,amb>
<1330.24,1330.34,la>
<1330.34,1330.72,criatura>
<1330.72,1330.81,que>
<1330.81,1331.11,gesta>
<1333.81,1334.45,definiu>
<1334.45,1334.62,una>
<1334.62,1335.16,gestació>
<1335.16,1335.68,subrogada>
<1335.68,1336.27,altruista>
<1336.40,1336.64,i>
<1336.64,1336.81,no>
<1336.81,1337.35,creieu>
<1337.63,1338.30,possible>
<1338.31,1338.44,que>
<1338.44,1338.52,hi>
<1338.52,1338.76,hagi>
<1338.76,1339.19,llavors>
<1339.19,1339.79,diners>
<1340.85,1341.00,en>
<1341.00,1341.53,negre>
<1341.99,1342.12,que>
<1342.12,1342.51,donin>
<1342.51,1342.95,aquestes>
<1342.95,1343.33,dones>
<1343.33,1343.75,llavors>
<1343.98,1344.14,hi>
<1344.14,1344.71,hagi>
<1345.97,1346.37,poders>
<1346.37,1347.17,xantatge>
<1347.17,1347.36,i>
<1347.36,1347.52,no>
<1347.52,1347.81,siguin>
<1347.81,1348.15,lliure>
<1348.15,1348.26,de>
<1348.26,1348.74,decidir>
<1348.74,1349.36,finalment>
<1353.07,1353.51,si>
<1353.51,1353.65,es>
<1353.65,1354.32,desenvoluparia>
<1354.32,1354.56,un>
<1354.56,1354.92,possible>
<1354.92,1355.26,mercat>
<1355.26,1355.53,negre>
<1355.53,1355.62,en>
<1355.62,1355.79,una>
<1355.79,1356.39,economia>
<1356.76,1357.29,paral·lela>
<1358.31,1358.99,no>
<1359.81,1359.97,que>
<1359.97,1360.21,una>
<1360.21,1360.45,dona>
<1360.45,1360.51,que>
<1360.51,1360.56,ho>
<1360.56,1360.88,faci>
<1360.88,1361.08,per>
<1361.08,1361.70,gestació>
<1361.70,1362.18,subrogada>
<1362.18,1362.92,altruista>
<1363.33,1363.53,el>
<1363.53,1364.06,comitent>
<1364.06,1364.17,li>
<1364.17,1364.77,proposi>
<1364.78,1365.46,diners>
<1366.48,1367.10,sense>
<1367.11,1368.23,oficialitzar-ho>
<1368.84,1369.10,això>
<1369.10,1369.19,es>
<1369.19,1369.53,podria>
<1369.53,1369.87,donar>
<1369.87,1370.05,i>
<1370.36,1370.94,llavors>
<1371.08,1371.66,acabaríem>
<1371.66,1371.98,fins>
<1371.99,1372.35,fins>
<1372.35,1372.42,i>
<1372.42,1372.71,tot>
<1372.71,1372.85,amb>
<1372.85,1372.98,una>
<1372.98,1373.54,gestació>
<1373.58,1374.24,econòmica>
<1374.63,1374.72,i>
<1374.72,1374.88,un>
<1374.88,1375.30,abús>
<1386.69,1386.90,si>
<1386.90,1387.12,una>
<1387.12,1387.38,dona>
<1387.38,1388.20,vertaderament>
<1388.25,1388.46,es>
<1388.46,1388.95,veu>
<1388.96,1389.85,abocada>
<1389.86,1389.94,a>
<1389.94,1390.06,una>
<1390.06,1390.66,necessitat>
<1390.66,1391.30,econòmica>
<1391.50,1391.73,molt>
<1391.73,1392.12,gran>
<1392.45,1392.82,acabarà>
<1392.82,1393.19,accedint>
<1393.19,1393.24,a>
<1393.24,1393.30,un>
<1393.30,1393.60,mercat>
<1393.60,1394.00,negre>
<1394.06,1394.15,i>
<1394.15,1394.84,acabarà>
<1394.94,1395.44,venent>
<1395.45,1395.60,el>
<1395.60,1395.83,seu>
<1395.83,1396.13,cos>
<1396.14,1396.37,tal>
<1396.37,1396.58,com>
<1396.68,1397.08,vosaltres>
<1397.08,1397.38,mateix>
<1397.38,1397.53,ens>
<1397.53,1397.64,heu>
<1397.64,1397.90,dit>
<1399.24,1399.47,per>
<1399.47,1399.72,tal>
<1399.72,1400.49,de>
<1400.50,1400.74,poder>
<1400.74,1401.33,sobreviure>
<1413.22,1413.35,si>
<1413.35,1413.54,això>
<1413.54,1413.72,passa>
<1413.72,1414.74,ara>
<1414.75,1415.02,on>
<1415.02,1415.30,tot>
<1415.30,1415.54,tipus>
<1415.54,1415.73,de>
<1415.73,1416.19,gestació>
<1416.19,1416.62,subrogada>
<1416.62,1416.77,està>
<1416.77,1417.69,il·legalitzada>
<1418.80,1419.39,legalitzant>
<1419.39,1419.62,només>
<1419.62,1419.77,una>
<1419.77,1420.02,part>
<1420.03,1420.22,la>
<1420.22,1420.45,part>
<1420.45,1421.08,altruísta>
<1421.41,1421.50,i>
<1421.50,1422.23,continuant>
<1422.40,1423.07,il·legalitzant>
<1423.07,1423.16,la>
<1423.16,1423.30,part>
<1423.30,1424.19,remunerada>
<1424.23,1424.65,aquesta>
<1424.65,1424.84,serà>
<1424.84,1424.97,la>
<1424.97,1425.41,causa>
<1431.99,1432.20,s'ha>
<1432.20,1432.31,de>
<1432.31,1432.74,perseguir>
<1433.51,1433.84,aquest>
<1433.84,1434.13,mercat>
<1434.13,1434.50,negre>
<1434.69,1434.86,s'ha>
<1434.86,1434.94,de>
<1434.94,1435.51,perseguir>
<1435.53,1435.87,aquesta>
<1435.87,1436.32,explotació>
<1436.32,1436.47,cap>
<1436.47,1436.52,a>
<1436.52,1436.62,la>
<1436.62,1436.95,dona>
<1437.17,1437.27,i>
<1437.27,1437.43,s'ha>
<1437.43,1437.52,de>
<1437.52,1438.30,lluitar>
<1438.31,1438.48,per>
<1438.48,1438.88,combatre>
<1438.88,1438.97,la>
<1438.97,1439.48,feminització>
<1439.48,1439.54,de>
<1439.54,1439.66,la>
<1439.66,1440.06,pobresa>
<1440.06,1440.30,que>
<1440.30,1440.47,les>
<1440.47,1440.87,aboca>
<1443.43,1443.55,a>
<1443.55,1443.84,caure>
<1443.84,1443.93,en>
<1443.93,1444.17,aquest>
<1444.17,1444.44,mercat>
<1444.44,1444.80,negre>
<1457.65,1457.91,quan>
<1532.45,1532.64,una>
<1532.64,1533.19,persona>
<1533.92,1534.05,en>
<1534.05,1534.25,aquest>
<1534.25,1534.51,cas>
<1534.52,1534.82,una>
<1534.92,1535.37,mare>
<1535.80,1535.92,té>
<1535.92,1536.04,una>
<1536.04,1536.68,gestació>
<1536.89,1537.07,d'un>
<1537.07,1537.58,nadó>
<1538.02,1538.13,i>
<1538.13,1538.37,dóna>
<1538.37,1538.78,llum>
<1538.94,1539.10,un>
<1539.10,1539.29,dels>
<1539.29,1539.65,primers>
<1539.65,1540.22,instints>
<1540.23,1540.39,és>
<1540.39,1540.86,protegir>
<1540.86,1541.02,aquest>
<1541.02,1541.32,nadó>
<1542.68,1542.95,quan>
<1543.02,1544.07,introdueixes>
<1544.24,1544.38,al>
<1544.38,1544.63,marc>
<1544.63,1545.14,legal>
<1545.26,1545.38,la>
<1545.38,1545.66,gestació>
<1545.66,1546.20,subrogada>
<1546.76,1547.19,estàs>
<1547.36,1548.17,rematant>
<1548.32,1548.59,aquest>
<1548.59,1549.10,instint>
<1549.35,1550.03,maternal>
<1550.43,1550.56,de>
<1550.56,1550.98,protegir>
<1550.98,1551.14,aquest>
<1551.14,1551.48,nadó>
<1559.40,1560.05,oscar>
<1560.17,1560.67,wilde>
<1561.41,1561.49,va>
<1561.62,1561.83,dir>
<1562.70,1563.38,l'egoisme>
<1563.56,1563.70,no>
<1563.70,1563.83,és>
<1563.83,1564.18,viure>
<1564.18,1564.35,com>
<1564.35,1564.49,un>
<1564.49,1564.64,vol>
<1564.64,1565.05,viure>
<1565.41,1565.59,és>
<1565.59,1565.93,demanar>
<1565.93,1566.06,als>
<1566.06,1566.53,demés>
<1566.80,1566.93,que>
<1566.93,1567.50,visquin>
<1567.82,1568.04,com>
<1568.04,1568.20,un>
<1568.20,1568.40,vol>
<1568.40,1568.81,viure>
<1581.64,1581.86,les>
<1581.86,1582.57,persones>
<1582.84,1583.24,som>
<1583.76,1584.23,egoistes>
<1584.23,1584.39,per>
<1584.39,1584.97,naturalesa>
<1588.78,1589.03,un>
<1589.03,1589.49,ésser>
<1589.57,1589.69,que>
<1589.69,1589.77,no>
<1589.77,1589.88,és>
<1589.88,1590.43,egoista>
<1591.09,1591.19,a>
<1591.19,1591.30,la>
<1591.30,1591.75,natura>
<1592.04,1592.40,mor>
<1598.88,1599.79,això>
<1601.51,1602.08,determina>
<1602.08,1602.18,que>
<1602.18,1602.24,el>
<1602.24,1602.51,sistema>
<1602.51,1603.00,altruista>
<1603.06,1603.57,està>
<1603.85,1604.49,completament>
<1605.23,1605.96,Obsolet>
<1609.60,1609.71,és>
<1609.71,1609.83,un>
<1609.83,1610.41,concepte>
<1610.77,1610.89,que>
<1610.89,1611.57,introdueix>
<1612.21,1612.48,una>
<1612.48,1613.16,directora>
<1614.44,1614.88,una>
<1615.04,1615.67,ceo>
<1615.96,1616.23,de>
<1620.37,1620.94,una>
<1623.25,1623.91,empresa>
<1624.09,1624.39,de>
<1624.80,1625.17,gestació>
<1625.18,1626.13,subrogada>
<1630.89,1631.20,del>
<1632.32,1632.78,canadà>
<1635.68,1636.22,introdueix>
<1636.22,1636.31,el>
<1636.31,1636.96,concepte>
<1637.08,1637.23,de>
<1637.23,1637.48,que>
<1637.49,1637.78,és>
<1637.94,1638.19,molt>
<1638.19,1638.66,bonic>
<1638.81,1638.95,el>
<1638.95,1639.20,fet>
<1639.21,1639.33,que>
<1639.33,1639.48,una>
<1639.48,1639.80,dona>
<1639.81,1640.53,altruista>
<1640.73,1640.92,tingui>
<1640.92,1641.01,la>
<1641.01,1641.53,capacitat>
<1641.53,1641.62,de>
<1641.62,1641.98,gestar>
<1641.98,1642.22,per>
<1642.22,1642.56,una>
<1642.70,1643.22,tercera>
<1644.08,1644.22,en>
<1644.22,1644.48,aquest>
<1644.48,1644.97,cas>
<1645.48,1645.86,diu>
<1646.07,1646.43,que>
<1646.45,1646.69,com>
<1646.69,1646.81,que>
<1646.81,1647.05,cada>
<1647.05,1647.34,vegada>
<1647.34,1647.40,hi>
<1647.40,1647.45,ha>
<1647.45,1647.64,més>
<1647.64,1648.05,demanda>
<1648.05,1648.09,i>
<1648.09,1648.34,menys>
<1648.34,1648.94,oferta>
<1648.99,1649.11,el>
<1649.11,1649.46,sistema>
<1649.46,1649.63,està>
<1649.63,1650.23,col·lapsant>
<1650.54,1650.67,i>
<1650.67,1651.18,moltes>
<1651.18,1651.49,d'aquestes>
<1651.49,1652.12,peticions>
<1652.42,1652.76,acaben>
<1652.76,1652.79,a>
<1652.79,1653.35,l'estranger>
<1656.73,1657.00,diu>
<1657.00,1657.15,que>
<1657.15,1657.70,l'altruisme>
<1657.70,1657.78,no>
<1657.78,1658.32,existix>
<1660.69,1661.20,quantes>
<1661.20,1661.24,i>
<1661.24,1661.57,quantes>
<1661.57,1661.79,ongs>
<1661.80,1662.86,existixen>
<1663.24,1663.93,i>
<1663.94,1664.46,col·laboren>
<1664.46,1664.53,i>
<1664.53,1665.12,actuen>
<1665.79,1665.95,per>
<1665.95,1666.55,l'altruisme>
<1671.66,1671.81,he>
<1671.81,1672.39,dit>
<1672.62,1673.11,que>
<1673.15,1673.29,el>
<1673.29,1673.50,esser>
<1673.50,1673.81,humà>
<1673.92,1674.08,és>
<1674.08,1674.43,egoista>
<1674.43,1674.55,per>
<1674.55,1675.11,naturalesa>
<1677.49,1677.59,hi>
<1677.59,1677.66,ha>
<1677.66,1678.40,voluntariats>
<1678.42,1678.53,a>
<1678.53,1678.68,tot>
<1678.68,1678.78,el>
<1678.78,1678.99,món>
<1678.99,1679.06,i>
<1679.06,1679.72,funcionen>
<1680.47,1680.62,el>
<1680.62,1680.89,fet>
<1680.90,1681.03,és>
<1681.03,1681.15,que>
<1681.15,1681.28,no>
<1681.28,1681.57,pots>
<1681.57,1681.97,construir>
<1681.97,1682.05,un>
<1682.05,1682.39,sistema>
<1682.39,1682.78,legal>
<1682.79,1683.17,basat>
<1683.17,1683.25,en>
<1683.25,1683.83,l'altruisme>
<1684.81,1684.97,el>
<1684.97,1685.60,setanta-cinc>
<1685.60,1685.76,per>
<1685.76,1686.13,cent>
<1686.39,1686.57,de>
<1686.57,1686.73,les>
<1686.73,1687.50,demandes>
<1687.69,1687.81,de>
<1687.81,1688.14,gestació>
<1688.14,1688.56,subrogada>
<1688.56,1688.69,del>
<1688.69,1689.12,canadà>
<1689.41,1689.85,acaben>
<1689.85,1690.36,arribant>
<1690.67,1690.78,a>
<1690.78,1691.39,l'estranger>
<1691.70,1691.91,on>
<1691.91,1692.32,realment>
<1692.32,1692.35,hi>
<1692.35,1692.39,ha>
<1692.39,1692.52,una>
<1692.52,1693.12,gestació>
<1693.56,1693.77,on>
<1693.77,1694.23,s'explota>
<1694.23,1694.93,econòmicament>
<1694.93,1695.42,fisicament>
<1695.42,1695.50,la>
<1695.50,1695.72,donà>
<1698.82,1699.28,altres>
<1699.28,1699.81,zones>
<1700.10,1700.42,on>
<1700.51,1700.69,s'ha>
<1700.69,1701.04,intentat>
<1701.04,1701.50,facilitar>
<1701.50,1701.58,la>
<1701.58,1702.15,gestació>
<1702.21,1702.68,completament>
<1702.68,1703.25,altruista>
<1703.47,1703.77,veiem>
<1703.77,1704.07,països>
<1704.07,1704.24,com>
<1704.24,1704.85,portugal>
<1705.09,1705.30,i>
<1706.12,1706.30,com>
<1706.30,1706.41,el>
<1706.41,1706.67,regne>
<1706.67,1707.15,unit>
<1710.42,1710.62,la>
<1710.62,1711.05,política>
<1711.05,1711.17,de>
<1711.18,1711.31,les>
<1711.31,1711.85,subrogada>
<1711.85,1712.10,s'està>
<1712.10,1712.52,enfonsant>
<1712.52,1712.72,s'està>
<1712.72,1713.41,restringint>
<1714.92,1715.17,perquè>
<1715.17,1715.25,no>
<1715.25,1715.74,funciona>
<1715.88,1716.10,perquè>
<1716.10,1716.20,la>
<1716.20,1716.43,gent>
<1716.44,1716.81,acaba>
<1717.43,1718.09,marxant>
<1718.26,1718.36,a>
<1718.36,1718.50,un>
<1718.50,1718.83,país>
<1718.84,1719.01,on>
<1719.01,1719.50,realment>
<1719.77,1719.88,la>
<1719.88,1720.22,gestació>
<1720.22,1720.58,sigui>
<1720.67,1720.83,molt>
<1720.83,1720.95,més>
<1720.95,1721.47,econòmica>
<1725.71,1726.41,i>
<1737.66,1738.11,molt>
<1755.55,1756.01,més>
<1758.28,1758.68,fiable>
<1764.56,1764.74,si>
<1764.74,1765.49,garantim>
<1765.69,1765.87,els>
<1765.87,1766.12,drets>
<1766.12,1766.19,de>
<1766.19,1766.29,la>
<1766.29,1766.92,gestant>
<1767.71,1768.02,estem>
<1768.02,1768.41,exposant>
<1768.41,1768.49,al>
<1768.49,1768.88,menor>
<1769.76,1769.91,si>
<1769.91,1770.08,quan>
<1770.08,1770.16,la>
<1770.16,1770.37,mare>
<1770.37,1770.92,gestant>
<1771.08,1771.29,ja>
<1771.29,1771.34,ha>
<1771.34,1771.70,tingut>
<1771.70,1771.79,el>
<1771.79,1772.08,nen>
<1772.09,1772.26,ja>
<1772.26,1772.30,ha>
<1772.30,1772.59,donat>
<1772.59,1772.64,a>
<1772.64,1773.00,llum>
<1773.04,1773.17,li>
<1773.17,1773.45,donem>
<1773.45,1774.30,la>
<1774.31,1775.06,possibilitat>
<1775.52,1775.67,de>
<1775.67,1776.38,decidir>
<1776.53,1776.80,estem>
<1776.80,1777.16,exposant>
<1777.16,1777.27,la>
<1777.27,1777.68,menor>
<1777.77,1777.95,ja>
<1777.95,1778.08,que>
<1778.08,1778.23,no>
<1778.23,1778.59,sap>
<1779.35,1779.48,qui>
<1779.48,1779.66,són>
<1779.66,1779.80,els>
<1779.80,1780.21,pares>
<1780.73,1780.98,tant>
<1780.98,1781.76,biològics>
<1782.29,1782.49,com>
<1782.49,1783.07,físics>
<1783.11,1783.32,com>
<1783.32,1783.42,els>
<1783.42,1783.53,que>
<1783.53,1783.80,realment>
<1783.80,1784.17,acabaran>
<1784.17,1784.35,sent>
<1784.35,1784.47,els>
<1784.47,1784.65,seus>
<1784.65,1785.01,pares>
<1786.03,1786.32,perquè>
<1786.32,1786.43,la>
<1786.43,1786.63,dona>
<1786.63,1786.82,està>
<1786.82,1787.35,decidint>
<1788.69,1788.86,no>
<1788.86,1788.93,es>
<1788.93,1789.16,pot>
<1789.16,1789.71,garantir>
<1789.90,1790.25,d'una>
<1790.25,1790.55,forma>
<1790.55,1791.02,fiable>
<1791.04,1791.22,els>
<1791.22,1791.48,drets>
<1793.59,1793.96,de>
<1796.15,1796.45,tothom>
<1796.51,1796.71,el>
<1797.14,1797.83,feminisme>
<1802.91,1803.00,és>
<1803.00,1803.24,un>
<1803.24,1803.70,moviment>
<1803.70,1803.79,que>
<1803.79,1803.90,té>
<1803.90,1804.01,com>
<1804.01,1804.09,a>
<1804.09,1804.49,finalitat>
<1804.49,1804.85,aconseguir>
<1804.85,1804.91,la>
<1804.91,1805.35,igualtat>
<1805.50,1806.06,política>
<1806.13,1806.65,econòmica>
<1806.66,1806.72,i>
<1806.72,1807.29,jurídica>
<1807.97,1808.15,de>
<1808.15,1808.24,la>
<1808.24,1808.53,dona>
<1808.54,1809.02,respecte>
<1809.02,1809.05,a>
<1809.05,1809.40,l'home>
<1809.65,1809.81,en>
<1809.81,1809.98,tots>
<1809.98,1810.12,els>
<1810.12,1810.86,aspectes>
<1811.66,1812.05,només>
<1812.05,1812.32,que>
<1812.45,1812.73,una>
<1812.73,1813.16,dona>
<1814.78,1815.12,sigui>
<1815.12,1815.74,susceptible>
<1815.74,1815.77,a>
<1815.77,1815.90,ser>
<1815.90,1816.55,explotat>
<1818.00,1818.18,no>
<1818.18,1818.54,s'hauria>
<1818.54,1818.65,de>
<1819.07,1819.46,poder>
<1819.47,1820.01,legislar>
<1820.02,1820.37,una>
<1820.67,1821.06,pràctica>
<1821.06,1821.26,tan>
<1821.26,1821.61,agressiva>
<1821.61,1821.76,com>
<1821.76,1821.85,la>
<1821.85,1822.16,gestació>
<1822.16,1822.75,subrogada>
<1826.53,1826.98,lleis>
<1826.98,1827.15,que>
<1828.50,1829.44,exploten>
<1829.68,1830.08,aquestes>
<1830.08,1830.35,dones>
<1830.35,1830.62,en>
<1868.55,1869.10,països>
<1923.00,1923.37,de>
<1924.80,1925.34,tercer>
<1931.09,1931.22,món>
<1931.74,1932.33,el>
<1932.34,1932.64,seu>
<1932.64,1933.02,tribunal>
<1933.02,1933.63,constitucional>
<1933.63,1933.73,l'ha>
<1933.73,1934.21,paralitzat>
<1934.75,1935.02,però>
<1935.02,1935.22,no>
<1935.22,1935.61,perquè>
<1935.62,1935.74,el>
<1935.74,1936.24,sistema>
<1937.11,1937.62,no>
<1937.62,1938.17,haja>
<1938.18,1938.86,sortit>
<1939.80,1940.39,efecte>
<1941.23,1941.74,sinó>
<1941.74,1942.20,perquè>
<1942.21,1942.76,vulnera>
<1942.76,1943.16,lleis>
<1943.16,1943.85,fonamentals>
<1943.85,1943.98,que>
<1943.98,1944.27,estan>
<1944.27,1944.67,emparades>
<1944.67,1944.72,a>
<1944.72,1944.81,la>
<1944.81,1945.03,seua>
<1945.03,1945.66,constitució>
<1984.70,1984.80,el>
<1984.80,1985.20,tribunal>
<1985.20,1985.54,europeu>
<1985.54,1985.60,de>
<1985.60,1985.85,drets>
<1985.85,1986.28,humans>
<1986.69,1986.83,va>
<1986.83,1987.69,considerar>
<1987.70,1987.80,que>
<1987.80,1988.16,negant>
<1988.16,1988.23,la>
<1988.23,1988.61,en>
<1988.61,1988.80,la>
<1988.81,1989.42,filiació>
<1989.67,1989.81,és>
<1989.81,1989.86,a>
<1989.86,1989.99,dir>
<1989.99,1990.07,que>
<1990.07,1990.43,negant>
<1992.47,1993.79,la>
<1994.20,1994.75,inscripció>
<1994.75,1994.83,al>
<1994.83,1995.43,registre>
<1995.79,1995.98,dels>
<1995.98,1996.53,països>
<1996.69,1996.82,o>
<1996.82,1997.03,als>
<1997.03,1997.46,països>
<1997.46,1997.70,millor>
<1997.70,1997.92,dit>
<1998.41,1999.11,de>
<1999.15,1999.73,criatures>
<1999.73,2000.17,provinents>
<2000.17,2000.46,d'aquest>
<2000.46,2000.68,mètode>
<2000.68,2000.76,de>
<2000.76,2001.18,reproducció>
<2001.18,2001.74,assistida>
<2002.01,2002.19,com>
<2002.19,2002.31,és>
<2002.31,2002.43,la>
<2002.43,2002.83,gestació>
<2002.83,2003.34,subrogada>
<2003.48,2003.97,s'estaven>
<2003.97,2004.34,vulnerant>
<2004.34,2004.87,precisament>
<2004.87,2005.23,aquests>
<2005.23,2005.53,drets>
<2012.01,2012.48,legalitzar>
<2012.48,2012.71,la>
<2012.80,2013.23,gestació>
<2013.23,2013.59,subrogada>
<2013.59,2014.03,altruísta>
<2014.04,2014.12,i>
<2014.12,2014.66,contemplant>
<2015.52,2015.80,casos>
<2015.80,2015.94,com>
<2015.94,2016.28,aquest>
<2016.78,2017.32,estem>
<2017.33,2017.79,exposant>
<2017.79,2017.88,al>
<2017.88,2018.18,menor>
<2018.30,2018.54,estem>
<2018.54,2018.82,privant>
<2018.82,2018.91,els>
<2018.91,2019.07,seus>
<2019.07,2019.45,drets>
<2021.56,2021.78,tot>
<2021.78,2021.85,el>
<2021.85,2022.33,contrari>
<2031.59,2031.81,com>
<2031.81,2032.74,garantitzaria>
<2033.43,2033.74,aquí>
<2033.74,2033.87,una>
<2033.87,2034.29,gestació>
<2034.29,2034.74,subrogada>
<2034.74,2035.35,altruista>
<2035.35,2035.47,si>
<2035.47,2035.59,per>
<2035.59,2036.03,exemple>
<2036.03,2036.13,al>
<2036.13,2036.51,canadà>
<2036.51,2036.58,el>
<2036.58,2037.08,setanta-cinc>
<2037.08,2037.24,per>
<2037.24,2037.38,cent>
<2037.38,2037.44,de>
<2037.44,2037.83,família>
<2037.83,2038.00,se'n>
<2038.00,2038.16,van>
<2038.16,2038.46,fora>
<2038.46,2038.60,per>
<2038.60,2038.88,falta>
<2038.88,2038.98,de>
<2038.98,2039.57,gestants>
<2040.51,2040.67,el>
<2040.67,2041.09,problema>
<2041.09,2041.21,de>
<2041.21,2041.53,tindre>
<2041.53,2041.98,una>
<2041.98,2042.30,escassa>
<2042.30,2042.84,oferta>
<2042.99,2043.18,vol>
<2043.18,2043.35,dir>
<2043.35,2043.47,que>
<2043.47,2043.59,la>
<2043.59,2044.27,demanda>
<2044.60,2045.11,s'anirà>
<2045.11,2045.43,fora>
<2050.47,2050.87,haurem>
<2050.87,2051.20,d'alguna>
<2051.20,2051.53,manera>
<2051.53,2051.95,d'evitar>
<2051.95,2052.01,que>
<2052.01,2052.21,això>
<2064.33,2064.77,ocorrisca>
<2066.25,2066.58,certs>
<2066.58,2066.88,tipus>
<2066.88,2066.96,de>
<2066.96,2067.41,sancions>
<2067.45,2067.48,a>
<2067.52,2067.98,gents>
<2068.21,2068.70,que>
<2068.71,2069.27,accedisquen>
<2069.27,2069.30,a>
<2069.30,2069.68,aquesta>
<2069.68,2070.00,via>
<2070.20,2070.50,aquest>
<2070.50,2070.90,mètode>
<2072.80,2073.01,la>
<2073.01,2073.59,gestació>
<2073.59,2075.11,subrogada>
<2122.55,2122.84,és>
<2145.16,2145.39,un>
<2176.70,2177.30,mètode>
<2177.30,2177.75,violent>
<2177.75,2177.83,de>
<2177.83,2178.50,reproducció>
<2178.85,2179.25,i>
<2179.26,2179.50,no>
<2179.50,2180.05,considereu>
<2180.05,2180.18,que>
<2180.18,2180.36,si>
<2180.36,2180.52,es>
<2180.52,2181.14,prohibix>
<2181.15,2181.49,aquest>
<2181.49,2181.80,mètode>
<2181.80,2181.91,de>
<2181.91,2182.71,reproducció>
<2182.91,2183.03,la>
<2183.03,2183.27,gent>
<2183.27,2184.09,entendria>
<2184.15,2184.50,es>
<2185.22,2186.01,transmetria>
<2186.01,2186.20,un>
<2186.20,2186.89,missatge>
<2187.18,2187.35,que>
<2187.35,2187.51,no>
<2187.51,2187.83,és>
<2187.84,2188.05,un>
<2188.26,2188.49,bon>
<2188.49,2188.87,mètode>
<2188.88,2188.94,de>
<2188.94,2189.63,reproducció>
<2190.89,2191.12,no>
<2191.12,2191.74,ha>
<2193.97,2194.28,de>
<2198.57,2198.95,ser>
<2199.12,2199.33,un>
<2199.33,2199.71,acte>
<2199.76,2200.15,dolent>
<2204.45,2204.61,per>
<2204.61,2205.17,naturalesa>
<2206.12,2206.23,no>
<2206.23,2206.47,estem>
<2206.47,2206.71,parlant>
<2206.71,2206.86,sobre>
<2206.86,2206.95,si>
<2206.95,2207.14,la>
<2207.14,2207.74,gestació>
<2207.74,2208.40,subrogada>
<2208.63,2208.79,és>
<2208.79,2208.89,un>
<2208.89,2209.13,acte>
<2209.13,2209.45,dolent>
<2209.45,2209.50,o>
<2209.50,2209.65,no>
<2210.39,2210.64,estem>
<2210.64,2210.89,parlant>
<2210.89,2211.11,sobre>
<2211.11,2211.24,si>
<2211.24,2211.41,l'hem>
<2211.41,2211.51,de>
<2211.51,2212.05,legalitzar>
<2215.39,2215.47,o>
<2215.47,2216.01,no>
<2216.26,2216.49,no>
<2216.49,2216.59,ha>
<2216.59,2216.70,de>
<2216.70,2216.89,ser>
<2216.89,2217.75,necessàriament>
<2217.75,2217.86,un>
<2217.86,2218.08,acte>
<2218.08,2218.46,violent>
<2226.07,2226.19,la>
<2226.19,2226.56,típica>
<2226.56,2227.09,parella>
<2227.21,2227.36,que>
<2227.36,2227.50,per>
<2227.50,2227.90,problemes>
<2227.94,2228.90,d'infertilitat>
<2229.82,2230.16,siguen>
<2230.16,2230.59,biològics>
<2230.59,2230.88,siguen>
<2230.88,2231.20,després>
<2231.20,2231.37,d'una>
<2231.37,2231.96,operació>
<2232.20,2232.33,per>
<2232.33,2232.72,qualsevol>
<2232.72,2233.06,motiu>
<2233.27,2233.45,no>
<2233.45,2233.65,pot>
<2233.65,2233.85,tindre>
<2233.85,2233.91,un>
<2233.91,2234.19,fill>
<2234.69,2234.76,i>
<2234.76,2235.06,alguna>
<2235.06,2235.41,amiga>
<2235.42,2235.89,accedís>
<2235.94,2236.84,voluntàriament>
<2237.33,2237.51,a>
<2237.52,2237.76,fer>
<2237.93,2238.35,feliç>
<2238.38,2238.55,el>
<2238.55,2238.99,favor>
<2239.30,2239.98,de>
<2240.27,2240.89,concedir-los>
<2240.89,2240.99,la>
<2240.99,2241.42,paternitat>
<2241.42,2241.49,de>
<2241.49,2241.98,concedir-los>
<2241.99,2242.30,aquest>
<2242.30,2242.68,desig>
<2242.97,2243.08,de>
<2243.08,2243.30,poder>
<2243.31,2243.63,plenar>
<2243.63,2243.75,les>
<2243.75,2244.00,seues>
<2244.00,2244.36,vides>
<2244.66,2245.19,compartint>
<2245.19,2245.35,una>
<2245.35,2245.51,vida>
<2245.51,2245.60,amb>
<2245.60,2245.66,un>
<2245.66,2245.90,altre>
<2247.77,2248.01,quina>
<2248.01,2248.61,violència>
<2248.61,2248.72,hi>
<2254.15,2254.41,ha>
<2259.33,2259.47,ho>
<2259.47,2259.67,està>
<2259.67,2259.83,fent>
<2259.83,2259.95,per>
<2259.95,2260.07,la>
<2260.07,2260.31,seua>
<2260.31,2260.58,pròpia>
<2260.58,2261.01,voluntat>
<2268.27,2268.47,bona>
<2270.96,2271.57,tarda>
<2272.74,2273.07,tothom>
<2273.11,2273.29,em>
<2273.29,2273.46,diu>
<2275.70,2276.13,mohamed>
<2287.13,2293.47,sóc>
<2344.90,2345.52,l'encarregat>
<2345.52,2345.85,de>
<2346.16,2346.34,dur>
<2346.34,2346.37,a>
<2346.37,2346.64,terme>
<2346.64,2346.75,les>
<2346.75,2347.47,conclusions>
<2347.84,2347.99,per>
<2347.99,2348.21,part>
<2348.68,2348.81,de>
<2348.81,2348.88,la>
<2348.88,2349.50,universitat>
<2349.61,2349.87,miguel>
<2349.87,2350.42,hernández>
<2352.36,2352.52,però>
<2352.52,2352.72,abans>
<2352.72,2352.80,de>
<2352.80,2353.28,tot>
<2353.29,2353.72,m'agradaria>
<2353.72,2354.27,agrair>
<2354.53,2354.73,la>
<2354.80,2355.16,tasca>
<2355.16,2355.42,dels>
<2355.42,2355.74,companys>
<2355.74,2355.80,de>
<2355.80,2355.86,la>
<2355.86,2356.29,universitat>
<2356.29,2356.37,de>
<2356.37,2356.73,vic>
<2357.07,2357.27,el>
<2357.27,2357.50,membre>
<2357.50,2357.57,el>
<2357.57,2358.04,jurat>
<2358.05,2359.03,el>
<2359.04,2359.26,públic>
<2359.26,2359.32,que>
<2359.32,2359.43,ens>
<2359.43,2359.97,acompanya>
<2359.97,2360.04,i>
<2360.04,2360.16,els>
<2360.16,2361.51,tècnics>
<2361.53,2361.58,ha>
<2361.58,2361.79,estat>
<2361.79,2361.95,sens>
<2361.95,2362.32,dubte>
<2362.54,2362.64,un>
<2362.64,2363.00,debat>
<2363.38,2363.70,molt>
<2363.70,2364.31,magnífic>
<2364.93,2365.10,molt>
<2365.10,2365.74,positiu>
<2366.65,2367.40,enriquidor>
<2367.41,2367.47,i>
<2367.47,2367.63,molt>
<2367.63,2368.09,didàctic>
<2368.09,2368.17,en>
<2368.17,2368.28,el>
<2368.28,2368.55,qual>
<2368.55,2368.79,els>
<2368.79,2369.02,nostres>
<2369.02,2369.49,companys>
<2369.49,2369.63,ens>
<2369.63,2369.75,han>
<2369.75,2370.20,intentat>
<2370.20,2370.64,demostrar>
<2371.53,2371.71,que>
<2371.71,2371.93,no>
<2371.93,2372.09,s'ha>
<2372.09,2372.17,de>
<2372.17,2372.65,legalitzar>
<2373.19,2373.39,la>
<2373.45,2373.90,gestació>
<2373.90,2374.00,per>
<2374.00,2374.62,substitució>
<2374.69,2374.85,però>
<2374.85,2375.59,desgraciadament>
<2375.59,2375.71,per>
<2375.71,2375.98,ells>
<2376.03,2376.25,no>
<2376.25,2376.36,ho>
<2376.36,2376.46,han>
<2376.46,2377.00,aconseguit>
<2377.56,2377.69,ho>
<2377.69,2377.80,han>
<2377.80,2378.07,fet>
<2378.35,2378.90,basant-se>
<2379.18,2379.97,en>
<2380.39,2380.93,arguments>
<2380.93,2381.09,com>
<2381.09,2381.21,per>
<2381.21,2381.72,exemple>
<2382.39,2382.51,que>
<2382.51,2382.63,hi>
<2382.63,2382.71,ha>
<2382.71,2382.86,un>
<2382.86,2383.24,instint>
<2383.24,2383.32,de>
<2383.32,2383.98,protecció>
<2384.15,2384.28,que>
<2384.28,2384.36,la>
<2384.36,2384.69,mare>
<2384.80,2385.13,intenta>
<2385.13,2385.52,protegir>
<2385.52,2385.58,el>
<2385.58,2385.86,fill>
<2386.37,2386.41,i>
<2386.41,2387.01,nosaltres>
<2387.06,2387.30,diem>
<2387.30,2387.51,sí>
<2387.51,2387.63,que>
<2387.63,2387.69,hi>
<2387.69,2387.73,ha>
<2387.73,2387.79,un>
<2387.79,2388.01,instint>
<2388.01,2388.08,de>
<2388.08,2388.58,protecció>
<2388.82,2388.96,però>
<2388.96,2389.16,com>
<2389.16,2389.34,bé>
<2390.07,2390.55,ha>
<2390.56,2390.88,pogut>
<2390.88,2391.03,dir>
<2391.03,2391.09,el>
<2391.09,2391.31,meu>
<2391.31,2391.80,company>
<2392.59,2392.83,josé>
<2392.83,2393.37,vicente>
<2393.60,2393.77,la>
<2393.77,2394.09,mare>
<2394.25,2394.36,en>
<2394.36,2394.53,tot>
<2394.53,2395.00,moment>
<2395.01,2395.17,el>
<2395.17,2395.34,dret>
<2395.34,2395.49,de>
<2395.49,2396.01,filiació>
<2396.02,2396.11,ho>
<2396.11,2396.23,té>
<2396.23,2396.84,protegit>
<2396.85,2396.93,i>
<2396.93,2397.33,permaneix>
<2397.34,2397.88,intacte>
<2397.89,2398.03,és>
<2398.03,2398.08,a>
<2398.08,2398.22,dir>
<2398.44,2398.82,si>
<2398.83,2398.94,al>
<2398.94,2399.35,final>
<2399.36,2399.48,es>
<2399.48,2399.63,vol>
<2399.63,2399.82,quedar>
<2399.82,2399.92,amb>
<2399.92,2400.01,el>
<2400.01,2400.44,fill>
<2400.93,2401.45,l'estat>
<2401.46,2401.67,li>
<2401.67,2402.03,garanteix>
<2402.03,2402.38,això>
<2402.94,2403.00,en>
<2403.00,2403.22,segon>
<2403.22,2403.49,lloc>
<2404.04,2404.17,heu>
<2404.17,2404.48,parlat>
<2404.48,2404.59,de>
<2404.60,2405.25,l'adopció>
<2405.52,2405.60,i>
<2405.60,2406.28,nosaltres>
<2407.23,2407.61,també>
<2407.61,2408.05,estem>
<2408.38,2408.95,d'acord>
<2409.51,2409.83,però>
<2409.84,2409.99,en>
<2410.99,2411.41,diferència>
<2411.41,2411.47,de>
<2411.47,2411.92,vosaltres>
<2411.92,2412.25,nosaltres>
<2412.25,2412.37,no>
<2412.37,2412.85,volen>
<2412.93,2413.37,alleugerar>
<2413.90,2414.10,els>
<2414.10,2414.48,tràmits>
<2414.48,2414.70,d'una>
<2414.70,2415.13,manera>
<2415.31,2416.05,radical>
<2416.22,2417.14,i>
<2417.20,2417.62,deixar>
<2418.16,2418.48,sense>
<2418.48,2418.98,seguretat>
<2418.98,2419.10,els>
<2419.10,2419.69,adoptats>
<2420.18,2420.33,ho>
<2420.33,2420.62,volen>
<2420.73,2420.91,ens>
<2420.91,2421.13,volen>
<2421.17,2421.69,lleugera>
<2422.06,2422.42,fent-los>
<2422.42,2422.61,més>
<2422.61,2423.20,pràctics>
<2423.32,2423.49,però>
<2423.49,2423.95,sempre>
<2424.31,2425.02,salvaguardant>
<2425.13,2425.36,els>
<2425.36,2425.78,drets>
<2425.79,2425.85,i>
<2425.85,2425.92,la>
<2425.92,2426.45,seguretat>
<2426.45,2426.62,dels>
<2426.62,2427.54,adoptats>
<2427.70,2427.78,i>
<2427.78,2428.05,clar>
<2428.20,2428.72,nosaltres>
<2428.72,2428.93,veiem>
<2428.93,2429.61,l'adopció>
<2429.81,2430.00,com>
<2430.00,2430.12,una>
<2430.12,2430.72,opció>
<2430.99,2431.16,com>
<2431.16,2431.29,una>
<2431.29,2431.94,alternativa>
<2432.12,2432.54,l'adopció>
<2432.54,2432.76,no>
<2432.76,2433.19,exclou>
<2433.19,2433.29,la>
<2433.29,2433.69,gestació>
<2433.69,2433.87,per>
<2434.12,2434.72,substitució>
<2434.72,2435.37,altruista>
<2436.35,2436.57,bé>
<2436.81,2437.35,finalment>
<2438.53,2438.58,a>
<2438.58,2439.48,continuació>
<2439.49,2439.75,parlen>
<2439.75,2439.83,de>
<2439.83,2439.99,que>
<2440.13,2440.77,l'altruisme>
<2441.13,2441.28,no>
<2441.28,2441.88,funciona>
<2441.93,2442.31,que>
<2442.32,2442.42,hi>
<2442.42,2442.61,ha>
<2442.62,2442.95,molta>
<2442.95,2443.37,demanda>
<2443.37,2443.45,i>
<2443.45,2443.54,la>
<2443.54,2443.88,demanda>
<2443.88,2444.18,supera>
<2444.18,2444.57,l'oferta>
<2444.80,2444.91,i>
<2444.91,2445.03,jo>
<2445.03,2445.25,els>
<2445.26,2445.45,dic>
<2445.45,2445.56,que>
<2445.56,2445.60,a>
<2446.02,2446.84,nosaltres>
<2446.87,2447.18,se'ns>
<2447.18,2447.26,ha>
<2447.26,2447.75,plantejat>
<2447.75,2447.83,un>
<2447.83,2448.29,problema>
<2448.38,2448.46,i>
<2448.46,2448.59,és>
<2448.59,2448.78,que>
<2448.79,2448.92,hi>
<2448.92,2449.01,ha>
<2449.01,2449.24,gent>
<2449.26,2449.39,amb>
<2449.39,2449.60,molt>
<2449.60,2449.83,bona>
<2449.83,2450.13,fe>
<2450.38,2450.58,que>
<2450.59,2450.77,vol>
<2450.77,2450.95,ser>
<2450.95,2451.28,pare>
<2451.34,2451.87,biològics>
<2451.88,2452.14,i>
<2452.14,2452.30,hi>
<2452.30,2452.39,ha>
<2452.39,2452.62,gent>
<2452.62,2452.88,també>
<2452.88,2453.15,que>
<2453.20,2453.64,els>
<2453.67,2453.72,hi>
<2453.72,2453.95,faria>
<2453.95,2454.01,el>
<2454.01,2454.37,favor>
<2454.40,2454.44,i>
<2454.44,2454.89,nosaltres>
<2454.89,2455.10,davant>
<2455.10,2455.30,d'aquest>
<2455.30,2455.74,problema>
<2455.98,2456.09,hem>
<2456.09,2456.51,presentat>
<2456.51,2456.62,una>
<2456.62,2457.13,solució>
<2457.23,2457.35,que>
<2457.35,2457.52,és>
<2457.52,2457.61,la>
<2457.61,2458.10,gestació>
<2458.10,2458.23,per>
<2458.23,2458.88,substitució>
<2458.89,2459.53,altruista>
<2460.23,2460.30,i>
<2460.30,2460.92,finalment>
<2461.31,2461.53,per>
<2461.88,2462.00,hem>
<2462.00,2462.36,parlat>
<2462.37,2462.62,que>
<2463.37,2463.67,volen>
<2463.67,2464.04,prohibir>
<2464.48,2464.68,una>
<2464.68,2465.00,cosa>
<2465.00,2465.19,una>
<2465.19,2465.74,pràctica>
<2466.16,2466.52,perquè>
<2466.52,2466.62,la>
<2466.62,2466.79,gent>
<2466.79,2466.88,ho>
<2466.88,2467.11,vegi>
<2467.11,2467.54,dolent>
<2467.57,2467.69,però>
<2467.69,2467.78,és>
<2467.78,2467.87,que>
<2467.87,2467.93,el>
<2467.93,2468.47,problema>
<2468.94,2469.07,és>
<2469.07,2469.17,que>
<2469.17,2469.26,la>
<2469.26,2469.76,gestació>
<2469.76,2469.89,per>
<2469.89,2470.69,substitució>
<2470.85,2471.41,altruista>
<2471.41,2471.52,no>
<2471.52,2471.61,és>
<2471.61,2471.77,una>
<2471.77,2472.04,cosa>
<2472.04,2472.14,de>
<2472.14,2472.20,no>
<2472.20,2472.29,en>
<2472.29,2472.41,té>
<2472.41,2472.56,per>
<2472.56,2472.90,si>
<2473.26,2473.32,la>
<2473.32,2473.62,seva>
<2473.62,2474.29,naturalesa>
<2474.44,2474.78,no>
<2474.78,2474.94,és>
<2474.94,2475.50,dolenta>
<2475.76,2476.12,llavors>
<2476.28,2476.36,no>
<2476.36,2476.48,té>
<2476.48,2476.65,cap>
<2476.65,2477.01,sentit>
<2477.02,2477.25,que>
<2477.62,2478.35,aquest>
<2478.38,2478.83,argument>
<2479.04,2479.16,bé>
<2479.47,2479.97,nosaltres>
<2480.33,2480.41,en>
<2480.41,2480.86,canvi>
<2481.08,2481.32,diem>
<2481.32,2481.72,sí>
<2482.07,2482.37,diem>
<2482.37,2482.68,sí>
<2482.69,2482.78,a>
<2482.78,2482.87,la>
<2482.87,2483.23,gestació>
<2483.23,2483.34,per>
<2483.34,2483.99,substitució>
<2484.23,2484.47,diem>
<2484.47,2484.73,sí>
<2485.12,2485.19,a>
<2485.19,2485.26,la>
<2485.26,2485.65,gestació>
<2485.65,2485.77,per>
<2485.77,2486.17,substitució>
<2486.17,2486.43,però>
<2486.44,2486.95,únicament>
<2486.95,2486.98,i>
<2486.98,2487.54,exclusivament>
<2487.62,2488.35,altruísta>
<2491.21,2491.35,és>
<2491.35,2491.41,a>
<2491.41,2491.64,dir>
<2492.15,2492.57,que>
<2492.58,2493.03,no>
<2493.04,2493.12,hi>
<2493.12,2493.26,té>
<2493.26,2493.81,cabuda>
<2493.98,2494.20,cap>
<2494.20,2495.04,remuneració>
<2495.10,2495.40,ni>
<2496.03,2496.24,cap>
<2496.24,2497.05,remuneració>
<2497.06,2497.29,ni>
<2497.29,2497.50,cap>
<2498.21,2498.99,contraprestació>
<2499.00,2499.65,econòmica>
<2500.88,2501.08,on>
<2501.08,2501.27,la>
<2501.27,2501.52,dona>
<2501.55,2501.71,on>
<2501.71,2501.80,la>
<2501.80,2502.32,gestant>
<2502.33,2502.45,on>
<2502.45,2502.53,la>
<2502.53,2502.86,mare>
<2503.34,2504.05,sempre>
<2504.05,2504.23,té>
<2504.23,2504.34,la>
<2504.34,2504.70,darrera>
<2504.70,2505.19,paraula>
<2505.69,2505.92,bé>
<2506.27,2506.46,i>
<2506.46,2506.58,ho>
<2506.58,2506.67,hem>
<2506.67,2507.14,defensat>
<2507.14,2507.66,basant-nos>
<2507.67,2508.09,en>
<2508.96,2509.18,dos>
<2509.18,2509.44,sòlids>
<2509.44,2510.00,arguments>
<2510.52,2510.62,en>
<2510.62,2510.89,primer>
<2510.89,2511.17,lloc>
<2511.56,2511.67,el>
<2511.67,2511.89,primer>
<2511.89,2512.32,argument>
<2512.33,2512.47,es>
<2512.47,2512.84,basava>
<2512.85,2513.00,en>
<2513.00,2513.19,que>
<2513.74,2514.24,legalitzar>
<2514.25,2514.71,gestació>
<2514.71,2514.82,per>
<2514.82,2515.53,substitució>
<2517.17,2517.30,el>
<2517.30,2517.49,que>
<2517.54,2517.77,el>
<2517.77,2517.85,que>
<2517.85,2518.16,estaríem>
<2518.16,2518.44,fent>
<2518.45,2518.80,seria>
<2518.80,2519.48,protegint>
<2519.49,2519.57,a>
<2519.57,2519.73,les>
<2519.73,2519.93,parts>
<2519.93,2520.01,que>
<2520.01,2520.46,intervenen>
<2520.46,2520.69,dins>
<2520.69,2521.30,d'aquest>
<2521.47,2521.82,acord>
<2521.82,2521.93,de>
<2521.93,2522.61,confiança>
<2522.90,2523.01,i>
<2523.01,2523.10,de>
<2523.10,2523.33,bona>
<2523.33,2523.57,fe>
<2523.85,2523.97,és>
<2523.97,2524.02,a>
<2524.02,2524.27,dir>
<2524.58,2525.29,evitant>
<2525.29,2525.36,la>
<2525.36,2526.13,clandestinitat>
<2526.13,2526.19,i>
<2526.19,2526.56,eliminant>
<2526.56,2526.97,qualsevol>
<2526.97,2527.52,comportament>
<2527.53,2527.64,o>
<2527.64,2528.28,component>
<2528.52,2528.64,que>
<2528.64,2528.83,es>
<2528.83,2529.23,dugui>
<2529.24,2529.29,a>
<2529.29,2529.66,terme>
<2530.01,2530.16,amb>
<2530.16,2530.35,mala>
<2530.35,2530.64,fe>
<2530.71,2530.74,o>
<2530.75,2530.85,amb>
<2530.85,2531.40,connotacions>
<2531.41,2532.18,econòmiques>
<2532.89,2533.02,és>
<2533.02,2533.06,a>
<2533.06,2533.20,dir>
<2533.20,2533.71,nosaltres>
<2533.81,2533.94,en>
<2533.94,2534.01,la>
<2534.01,2534.24,nostra>
<2534.24,2534.79,proposta>
<2535.01,2535.16,no>
<2535.16,2535.34,si>
<2535.55,2535.66,no>
<2535.66,2535.78,s'hi>
<2535.78,2536.39,contempla>
<2537.22,2537.55,cap>
<2537.56,2538.07,component>
<2538.07,2538.25,que>
<2538.25,2538.72,sigui>
<2538.73,2539.61,econòmic>
<2539.91,2540.16,i>
<2540.92,2541.01,en>
<2541.01,2541.25,segon>
<2541.25,2541.32,i>
<2541.32,2541.75,finalment>
<2542.31,2542.72,hem>
<2542.72,2543.22,manifestat>
<2543.22,2543.32,que>
<2543.32,2543.40,la>
<2543.40,2543.68,li>
<2544.19,2544.86,legalització>
<2544.86,2544.96,de>
<2544.96,2545.08,la>
<2545.09,2545.71,gestació>
<2545.87,2546.49,subrogada>
<2546.50,2546.64,és>
<2546.64,2546.73,un>
<2546.73,2547.12,mitjà>
<2547.46,2547.61,per>
<2547.61,2548.04,protegir>
<2548.05,2548.24,els>
<2548.24,2548.83,drets>
<2548.90,2549.03,de>
<2549.03,2549.14,la>
<2549.14,2549.55,dona>
<2549.84,2549.92,i>
<2549.92,2550.13,dels>
<2550.13,2550.44,altres>
<2550.44,2550.79,membres>
<2550.79,2550.90,que>
<2550.90,2551.60,intervenen>
<2552.30,2552.46,en>
<2552.46,2552.77,aquest>
<2552.77,2553.08,acord>
<2553.15,2553.54,de>
<2553.55,2554.24,confiança>
<2554.81,2554.96,és>
<2554.96,2555.01,a>
<2555.01,2555.19,dir>
<2555.20,2555.50,drets>
<2555.50,2555.78,com>
<2556.04,2556.13,a>
<2556.13,2556.69,l'avort>
<2556.92,2557.76,l'afiliació>
<2558.43,2558.83,entre>
<2558.83,2559.36,d'altres>
<2559.46,2560.01,permaneixen>
<2560.02,2560.72,intactes>
<2560.85,2561.79,inclòs>
<2561.87,2562.27,m'atrevisc>
<2562.27,2562.33,a>
<2562.33,2562.48,dir>
<2562.54,2562.71,que>
<2562.74,2563.06,més>
<2563.06,2563.63,protegits>
<2563.63,2563.72,que>
<2563.72,2564.08,abans>
<2564.73,2564.95,bé>
<2567.03,2567.23,per>
<2567.36,2567.60,tot>
<2567.60,2567.93,això>
<2568.03,2568.12,i>
<2568.46,2568.65,per>
<2568.65,2568.81,tot>
<2568.81,2568.89,el>
<2568.89,2568.96,que>
<2568.96,2569.04,hem>
<2569.04,2569.37,anat>
<2570.44,2570.93,exposant>
<2570.93,2571.21,durant>
<2571.21,2571.94,aquest>
<2571.95,2572.39,debat>
<2572.86,2573.13,la>
<2573.18,2573.90,universitat>
<2573.92,2574.14,miguel>
<2574.14,2574.58,hernández>
<2574.76,2574.97,diu>
<2574.97,2575.25,sí>
<2575.26,2575.33,a>
<2575.33,2575.41,la>
<2575.41,2576.16,legalització>
<2576.41,2576.55,per>
<2576.55,2577.22,substitució>
<2577.51,2577.75,diu>
<2577.75,2577.98,sí>
<2577.98,2578.06,a>
<2578.06,2578.19,la>
<2578.37,2578.87,gestació>
<2579.02,2579.55,subrogada>
<2579.75,2580.08,moltíssimes>
<2580.08,2580.34,gràcies>
<2608.46,2608.58,no>
<2619.17,2619.38,hi>
<2620.05,2620.14,ha>
<2627.25,2627.37,cap>
<2629.86,2630.42,argument>
<2632.83,2632.98,ni>
<2635.97,2636.67,mètode>
<2637.00,2637.23,que>
<2637.36,2638.27,garanteixi>
<2639.45,2639.66,els>
<2639.66,2640.15,drets>
<2642.35,2642.53,de>
<2642.53,2643.15,totes>
<2643.16,2643.42,les>
<2643.42,2644.10,persones>
<2644.18,2645.15,involucrades>
<2645.55,2645.91,no>
<2645.92,2646.00,hi>
<2646.00,2646.05,ha>
<2646.05,2646.32,hagut>
<2646.33,2646.75,ningun>
<2646.76,2647.36,projecte>
<2648.47,2648.74,i>
<2649.36,2649.50,per>
<2649.50,2649.93,això>
<2649.99,2650.46,nosaltres>
<2650.46,2650.54,la>
<2650.54,2651.06,universitat>
<2651.06,2651.14,de>
<2651.14,2651.35,vic>
<2651.41,2651.92,advoquem>
<2652.02,2652.19,per>
<2652.19,2652.32,la>
<2652.32,2652.59,no>
<2652.60,2653.28,legalització>
<2653.29,2653.41,de>
<2653.41,2653.50,la>
<2653.50,2654.06,gestació>
<2654.07,2654.77,subrogada>
<2655.44,2655.57,però>
<2655.57,2655.63,és>
<2655.63,2656.04,començar>
<2656.58,2656.76,els>
<2656.76,2656.93,meus>
<2656.93,2657.46,companys>
<2657.95,2658.26,han>
<2658.60,2659.13,debatut>
<2659.22,2659.48,han>
<2659.49,2660.11,exposat>
<2660.13,2660.42,d'una>
<2660.42,2660.76,manera>
<2660.76,2661.39,clara>
<2661.40,2661.49,i>
<2661.49,2662.25,contundent>
<2662.65,2662.92,perquè>
<2662.92,2663.18,aquest>
<2663.19,2663.51,fet>
<2663.52,2663.83,és>
<2663.84,2664.54,impossible>
<2664.61,2664.68,i>
<2664.68,2664.76,el>
<2664.76,2665.04,primer>
<2665.04,2665.10,de>
<2665.10,2665.54,tot>
<2665.85,2666.01,la>
<2666.01,2666.63,gestació>
<2666.63,2667.50,subrogada>
<2667.51,2668.03,viola>
<2668.04,2668.24,les>
<2668.24,2668.83,necessitats>
<2668.89,2669.61,fonamentals>
<2669.68,2669.86,no>
<2669.86,2670.00,es>
<2670.00,2670.28,pot>
<2670.28,2670.93,tolerar>
<2670.97,2671.29,no>
<2671.31,2671.50,es>
<2671.50,2671.76,pot>
<2671.78,2672.71,permetre>
<2672.82,2673.45,cap>
<2673.46,2674.14,projecte>
<2674.17,2674.46,cap>
<2674.47,2675.09,procés>
<2675.50,2675.71,que>
<2676.79,2677.22,centri>
<2677.22,2677.36,les>
<2677.36,2677.62,seves>
<2677.62,2678.09,bases>
<2678.10,2678.29,en>
<2678.29,2678.98,prendre>
<2679.33,2679.68,dels>
<2679.89,2680.22,éssers>
<2680.22,2680.50,humans>
<2680.93,2681.17,les>
<2681.17,2681.77,seves>
<2681.84,2682.57,necessitats>
<2682.57,2683.35,fonamentals>
<2683.56,2683.79,quin>
<2683.79,2683.93,és>
<2683.93,2684.53,aquesta>
<2685.26,2685.42,la>
<2685.42,2686.23,necessitat>
<2686.37,2686.53,de>
<2686.53,2686.96,tindre>
<2686.97,2687.83,descendència>
<2687.97,2688.31,de>
<2688.45,2688.58,la>
<2688.58,2689.27,supervivència>
<2689.27,2689.34,de>
<2689.34,2690.38,l'espècie>
<2690.66,2690.75,i>
<2690.75,2690.97,així>
<2690.97,2691.11,ho>
<2691.66,2692.16,avala>
<2692.38,2692.49,el>
<2692.49,2692.78,tribunal>
<2692.78,2693.27,europeu>
<2693.27,2693.47,dels>
<2693.47,2693.82,drets>
<2693.83,2694.32,humans>
<2694.65,2694.78,que>
<2694.78,2695.05,no>
<2695.37,2695.59,no>
<2695.59,2695.70,hi>
<2695.70,2695.76,ha>
<2695.76,2695.86,un>
<2695.86,2696.14,dret>
<2696.14,2696.24,al>
<2696.24,2696.69,nadó>
<2696.96,2697.19,no>
<2697.19,2697.36,es>
<2697.36,2697.75,pot>
<2697.76,2698.26,prendre>
<2698.39,2698.60,d'una>
<2698.60,2698.83,altra>
<2698.83,2699.45,persona>
<2699.60,2699.90,sigui>
<2699.90,2700.05,un>
<2700.05,2700.43,desig>
<2700.45,2701.08,legítim>
<2701.13,2701.28,o>
<2701.28,2702.20,no>
<2702.39,2702.53,per>
<2702.53,2702.90,tal>
<2702.95,2703.09,de>
<2703.09,2703.49,donar>
<2703.85,2704.03,un>
<2704.03,2704.28,fill>
<2704.29,2704.40,a>
<2704.40,2704.55,una>
<2704.55,2704.78,altra>
<2704.78,2705.39,persona>
<2705.64,2706.20,no>
<2706.24,2706.50,és>
<2706.50,2706.78,un>
<2706.97,2707.40,dret>
<2707.91,2708.07,i>
<2708.07,2708.47,clar>
<2708.48,2708.70,això>
<2708.70,2708.77,es>
<2708.77,2709.20,confirma>
<2709.20,2709.77,justament>
<2710.14,2710.48,amb>
<2710.74,2711.27,el>
<2711.81,2712.21,comitè>
<2712.21,2712.49,de>
<2712.79,2713.32,bioètica>
<2713.32,2713.98,d'espanya>
<2713.98,2714.48,justament>
<2714.48,2714.58,el>
<2714.58,2714.64,que>
<2714.64,2714.74,va>
<2714.74,2715.14,prohibir>
<2715.18,2715.27,la>
<2715.27,2715.64,gestació>
<2715.64,2716.35,subrogada>
<2716.75,2717.09,que>
<2717.19,2717.46,quan>
<2717.98,2718.59,afirma>
<2718.79,2719.67,evidència>
<2720.09,2720.21,que>
<2720.21,2720.34,hi>
<2720.34,2720.47,ha>
<2720.47,2720.70,un>
<2720.70,2721.06,vincle>
<2721.06,2721.69,emocional>
<2721.83,2722.19,entre>
<2722.19,2722.29,el>
<2722.29,2722.72,nadó>
<2722.91,2723.03,i>
<2723.03,2723.17,la>
<2723.17,2723.57,dona>
<2724.15,2724.51,i>
<2724.54,2724.70,és>
<2724.70,2725.21,clar>
<2725.22,2725.50,quina>
<2725.50,2725.82,relació>
<2725.82,2726.06,hauríem>
<2726.06,2726.48,això>
<2726.91,2727.08,que>
<2727.08,2727.60,no>
<2727.71,2728.14,no>
<2728.15,2728.40,és>
<2728.40,2728.61,un>
<2728.72,2729.34,dret>
<2729.35,2729.89,això>
<2729.94,2730.11,és>
<2730.11,2730.75,evidenciat>
<2731.15,2731.27,que>
<2731.27,2731.33,hi>
<2731.33,2731.41,ha>
<2731.41,2731.48,un>
<2731.48,2732.00,vincle>
<2732.02,2732.17,en>
<2732.17,2732.28,la>
<2732.28,2733.03,descendència>
<2733.05,2733.11,de>
<2733.11,2733.24,les>
<2733.24,2733.86,persones>
<2733.87,2733.97,i>
<2733.97,2734.14,per>
<2734.14,2734.23,la>
<2734.23,2734.82,qual>
<2734.84,2735.08,no>
<2735.08,2735.21,es>
<2735.21,2735.48,pot>
<2735.49,2736.31,mercantilitzar>
<2736.31,2736.39,i>
<2736.39,2736.46,ho>
<2736.46,2736.75,sento>
<2736.75,2737.00,molt>
<2737.15,2737.35,però>
<2737.35,2737.65,no>
<2739.44,2739.60,la>
<2739.60,2739.97,persona>
<2739.97,2740.06,amb>
<2740.06,2740.14,la>
<2740.14,2740.23,que>
<2740.23,2740.33,es>
<2740.33,2741.22,mercantilitza>
<2741.24,2741.44,no>
<2741.44,2741.66,és>
<2741.67,2741.88,un>
<2741.88,2742.72,objecte>
<2742.94,2743.06,i>
<2743.06,2743.19,com>
<2743.19,2743.23,ha>
<2743.23,2743.66,evidenciat>
<2743.66,2743.83,el>
<2743.83,2744.29,company>
<2745.03,2745.66,tota>
<2745.70,2746.11,aquesta>
<2746.11,2746.87,mercantilització>
<2746.87,2746.99,les>
<2746.99,2747.40,necessitats>
<2747.41,2747.99,bàsiques>
<2748.26,2748.60,tindrà>
<2748.60,2748.78,unes>
<2748.78,2749.73,conseqüències>
<2749.90,2750.56,totalment>
<2750.85,2751.46,nefastes>
<2751.73,2751.80,i>
<2751.80,2752.17,passaria>
<2752.17,2752.31,més>
<2752.31,2752.86,clar>
<2752.88,2753.01,al>
<2753.01,2753.29,segon>
<2753.29,2753.63,punt>
<2754.46,2754.86,l'equip>
<2754.86,2755.47,contrari>
<2755.52,2755.55,a>
<2755.83,2756.31,apel·lat>
<2757.98,2758.09,a>
<2758.09,2758.99,l'autodeterminació>
<2758.99,2759.08,de>
<2759.08,2759.19,la>
<2759.19,2759.47,dona>
<2759.48,2759.85,aquest>
<2759.86,2760.43,feminisme>
<2760.43,2760.60,tant>
<2760.60,2761.34,idiosincràtic>
<2761.71,2761.85,de>
<2761.85,2762.19,dir>
<2762.20,2762.40,com>
<2762.40,2762.53,la>
<2762.53,2762.86,dona>
<2763.21,2763.64,té>
<2763.89,2764.07,la>
<2764.07,2764.53,voluntat>
<2764.53,2764.71,sobre>
<2764.71,2764.77,el>
<2764.77,2764.93,seu>
<2764.93,2765.30,cos>
<2765.67,2766.07,llavors>
<2766.38,2766.66,podria>
<2766.66,2766.81,fer>
<2766.81,2766.88,el>
<2766.88,2767.00,que>
<2767.00,2767.26,vulgue>
<2767.29,2767.55,ell>
<2768.73,2769.26,senyors>
<2769.35,2769.60,això>
<2769.60,2769.91,seria>
<2769.91,2770.49,tornar>
<2770.50,2770.62,a>
<2770.62,2771.09,l'ortega>
<2771.09,2771.52,gasset>
<2771.87,2772.02,jo>
<2772.02,2772.21,sóc>
<2772.21,2772.47,jo>
<2772.54,2772.61,i>
<2772.61,2772.78,les>
<2772.78,2773.13,meves>
<2773.14,2774.08,circumstàncies>
<2775.06,2775.45,passat>
<2775.55,2775.89,aquest>
<2775.89,2776.43,argument>
<2776.62,2777.03,seriós>
<2777.03,2777.09,i>
<2777.09,2777.16,que>
<2777.16,2777.26,han>
<2777.26,2777.83,d'exposar>
<2778.31,2778.42,que>
<2778.42,2778.54,el>
<2778.54,2779.03,dret>
<2779.17,2779.20,a>
<2779.25,2780.39,l'autodeterminació>
<2780.41,2780.56,de>
<2780.56,2780.67,la>
<2780.67,2780.88,dona>
<2780.88,2781.06,pel>
<2781.06,2781.23,seu>
<2781.23,2781.61,cos>
<2781.65,2781.81,no>
<2781.81,2782.45,implica>
<2782.97,2783.23,no>
<2783.23,2783.96,implica>
<2784.33,2784.92,l'absència>
<2784.92,2785.02,de>
<2785.02,2785.65,coaccions>
<2785.85,2785.98,si>
<2785.98,2786.12,una>
<2786.12,2786.45,dona>
<2786.53,2786.66,té>
<2786.66,2786.74,la>
<2786.74,2787.21,voluntat>
<2787.21,2787.31,té>
<2787.31,2787.61,gestar>
<2787.61,2787.72,per>
<2787.72,2788.47,subrogació>
<2789.35,2789.76,ho>
<2789.77,2789.96,pot>
<2789.96,2790.29,fer>
<2790.60,2790.69,a>
<2790.69,2791.65,conseqüència>
<2792.19,2792.62,de>
<2792.63,2793.32,pressions>
<2793.42,2793.59,de>
<2793.59,2794.21,factors>
<2794.45,2795.24,econòmics>
<2795.49,2795.69,perquè>
<2795.69,2795.75,no>
<2795.75,2795.84,ens>
<2795.84,2796.19,enganyeu>
<2796.19,2796.78,sisplau>
<2797.18,2797.59,no>
<2797.78,2798.44,existeix>
<2798.46,2798.62,un>
<2798.62,2799.13,altruisme>
<2799.13,2799.33,com>
<2799.33,2799.80,sistema>
<2799.80,2800.27,base>
<2800.53,2800.86,però>
<2800.95,2801.08,com>
<2801.08,2801.12,ha>
<2801.12,2801.54,evidenciat>
<2801.54,2801.60,el>
<2801.60,2801.72,meu>
<2801.72,2802.22,company>
<2802.76,2802.92,si>
<2802.92,2803.55,existeix>
<2803.95,2804.31,no>
<2804.32,2804.46,es>
<2804.46,2804.66,pot>
<2804.66,2805.28,sostindre>
<2806.14,2806.26,a>
<2806.26,2806.56,llarga>
<2806.61,2807.33,durada>
<2807.39,2808.10,canada>
<2808.11,2808.22,té>
<2808.22,2808.28,un>
<2808.28,2808.84,sistema>
<2808.94,2809.60,altruista>
<2809.61,2810.38,obsolet>
<2810.53,2810.89,perquè>
<2810.89,2811.01,la>
<2811.01,2811.61,demanda>
<2811.93,2812.57,no>
<2812.59,2812.78,es>
<2812.78,2813.33,pot>
<2813.34,2814.64,compensar>
<2814.81,2815.20,encara>
<2815.20,2815.31,que>
<2815.31,2815.54,sigui>
<2815.54,2815.73,molt>
<2815.73,2816.02,bonic>
<2816.02,2816.44,dir-ho>
<2817.04,2817.83,l'altruisme>
<2817.84,2818.03,com>
<2818.03,2818.09,a>
<2818.09,2818.72,sistema>
<2819.13,2819.40,podria>
<2819.40,2819.91,funcionar>
<2820.06,2820.40,però>
<2820.41,2820.66,no>
<2820.66,2820.76,amb>
<2820.76,2820.88,una>
<2820.88,2821.20,llarga>
<2821.20,2821.92,durada>
<2821.93,2822.05,per>
<2822.05,2822.48,això>
<2822.56,2822.65,la>
<2822.65,2823.20,universitat>
<2823.20,2823.30,de>
<2823.30,2823.58,vic>
<2824.17,2824.34,i>
<2824.34,2824.75,segons>
<2824.75,2825.40,l'exposat>
<2825.98,2826.20,pels>
<2826.20,2826.57,nostres>
<2826.57,2827.11,companys>
<2827.55,2828.07,miquel>
<2828.32,2828.76,eloi>
<2828.98,2829.11,i>
<2829.11,2829.55,lluís>
<2830.37,2831.00,no>
<2831.05,2831.48,està>
<2831.50,2831.60,a>
<2831.60,2832.23,favor>
<2832.25,2832.38,de>
<2832.38,2832.61,la>
<2832.62,2833.33,regularització>
<2833.34,2833.47,de>
<2833.47,2833.57,la>
<2833.57,2834.00,gestació>
<2834.00,2834.58,subrogada>
<2834.66,2834.82,pels>
<2834.82,2835.10,següents>
<2835.10,2835.49,arguments>
<2835.49,2835.61,és>
<2835.61,2836.05,clar>
<2836.75,2837.22,viola>
<2837.59,2837.80,les>
<2837.80,2838.61,necessitats>
<2838.64,2839.10,bàsiques>
<2839.10,2839.16,de>
<2839.16,2839.29,les>
<2839.29,2839.75,persones>
<2839.75,2839.86,en>
<2839.86,2840.07,pro>
<2840.07,2840.17,de>
<2840.17,2840.25,la>
<2840.25,2840.47,seva>
<2840.47,2841.44,mercantilització>
<2842.22,2842.59,com>
<2842.61,2842.78,s'ha>
<2842.78,2843.39,exposat>
<2843.77,2844.57,l'altruisme>
<2844.58,2844.75,és>
<2844.75,2844.85,un>
<2844.85,2845.30,sistema>
<2845.30,2845.55,que>
<2845.58,2845.78,pot>
<2845.78,2845.97,ser>
<2845.97,2846.09,que>
<2846.09,2846.72,funcioni>
<2846.93,2847.13,però>
<2847.13,2847.25,no>
<2847.25,2847.36,a>
<2847.36,2847.58,llarg>
<2847.58,2847.94,plaç>
<2847.96,2848.08,és>
<2848.08,2848.93,obsoletitxa>
<2849.26,2849.46,és>
<2849.46,2850.29,clar>
<2850.41,2850.44,ho>
<2850.50,2850.80,sento>
<2850.80,2851.17,molt>
<2851.30,2851.53,però>
<2851.53,2851.59,no>
<2851.59,2851.67,es>
<2851.67,2851.89,pot>
<2851.90,2852.71,mercantilitzar>
<2852.87,2852.93,a>
<2852.93,2853.11,les>
<2853.11,2853.66,persones>
<2854.03,2854.27,moltes>
<2854.27,2854.69,gràcies>
