<201.04,205.34,les >
<255.28,255.94,societats >
<255.94,256.80,primitives >
<257.81,257.98,on >
<257.98,258.09,el >
<258.09,258.89,comandament >
<259.57,260.96,s'executa >
<260.96,261.23,per >
<261.23,261.32,la >
<261.32,261.81,força >
<262.47,263.09,s'imposa >
<263.09,263.38,pels >
<263.38,263.61,més >
<263.61,264.10,forts >
<265.41,265.62,ens >
<265.62,265.88,dóna >
<265.89,266.14,la >
<266.14,266.93,impressió >
<267.53,267.66,que >
<267.66,268.00,podria >
<268.00,268.15,haver >
<268.15,268.52,canviat >
<268.52,268.65,amb >
<268.65,268.77,el >
<268.77,268.98,pas >
<268.98,269.12,del >
<269.12,269.55,temps >
<269.94,270.11,però >
<270.11,270.37,no >
<270.91,271.05,no >
<271.05,271.10,ha >
<271.10,271.65,canviat >
<272.58,273.01,després >
<273.01,273.10,de >
<273.10,273.84,mil·lennis >
<274.77,274.93,qui >
<274.93,275.17,mana >
<275.17,275.62,continua >
<275.62,276.11,sent >
<276.11,276.22,qui >
<276.22,276.35,té >
<276.35,276.52,més >
<276.52,277.03,força >
<278.03,278.21,ens >
<278.21,278.68,trobem >
<278.91,279.05,en >
<279.05,279.14,un >
<279.14,279.56,sistema >
<279.56,279.65,que >
<279.65,280.09,malgrat >
<280.09,280.68,anomenar-se >
<280.68,281.53,democràtic >
<282.35,282.84,margina >
<282.84,282.93,de >
<282.93,283.24,manera >
<283.24,283.78,continuada >
<283.78,284.17,dues >
<285.26,286.10,majories >
<286.59,286.79,les >
<286.79,287.29,dones >
<287.57,287.69,i >
<287.69,287.95,qui >
<287.96,288.25,menys >
<288.25,288.76,recursos >
<288.76,289.09,té >
<291.46,291.64,els >
<291.64,292.17,mitjans >
<292.17,292.87,canvien >
<293.90,294.05,però >
<294.05,294.11,el >
<294.11,294.61,resultat >
<294.61,294.99,continua >
<294.99,295.35,sent >
<295.36,295.52,el >
<295.52,296.06,mateix >
<298.68,298.84,en >
<298.84,299.22,són >
<299.24,299.59,molts >
<299.59,299.73,els >
<299.73,300.34,exemples >
<300.34,300.43,que >
<300.43,300.61,ens >
<300.61,300.87,poden >
<300.87,301.15,venir >
<301.15,301.28,al >
<301.28,301.87,cap >
<302.17,302.63,de >
<302.64,303.55,discriminacions >
<303.55,303.96,d'aquesta >
<303.96,304.33,mena >
<304.88,305.10,però >
<305.11,305.58,una >
<305.61,305.81,ens >
<305.81,306.51,colpeix >
<306.56,306.71,de >
<306.71,307.06,manera >
<307.06,307.28,més >
<307.28,307.96,especial >
<308.57,308.68,i >
<308.68,308.99,és >
<309.02,309.19,la >
<309.19,309.94,possibilitat >
<310.17,310.32,de >
<310.32,310.83,transformar >
<310.83,311.00,les >
<311.00,311.44,dones >
<311.67,311.81,en >
<311.81,312.13,bèstia >
<312.13,312.92,reproductiu >
<316.36,316.59,és >
<316.59,316.87,que >
<317.16,317.62,aquest >
<318.18,318.93,liberalisme >
<318.93,319.03,de >
<319.03,319.39,darrera >
<319.39,320.05,fornada >
<320.61,320.75,el >
<320.75,320.92,mal >
<320.92,321.55,anomenat >
<322.06,323.19,neoliberalisme >
<324.31,324.63,ara >
<324.63,324.81,s'ha >
<324.81,325.43,despullat >
<325.43,325.52,de >
<325.52,325.72,tots >
<325.72,325.86,els >
<325.86,326.14,seus >
<326.14,326.46,valors >
<326.46,327.32,tradicionals >
<329.35,330.26,perquè >
<330.88,331.37,tenim >
<332.22,332.84,infinitat >
<332.84,332.95,de >
<332.95,333.49,casos >
<333.81,333.99,on >
<333.99,334.11,la >
<334.11,334.57,gestació >
<334.57,335.35,subrogada >
<335.91,336.08,és >
<336.08,336.24,una >
<336.24,336.80,mostra >
<336.81,337.29,més >
<337.59,337.75,de >
<337.75,338.09,què >
<339.18,339.80,amb >
<339.96,340.13,la >
<340.13,340.59,llibertat >
<340.59,341.10,individual >
<341.11,341.32,tot >
<341.32,341.45,s'hi >
<341.45,341.83,val >
<342.81,343.06,podem >
<343.06,343.43,posar >
<343.43,343.60,per >
<343.60,343.96,cas >
<344.29,344.46,el >
<344.46,344.87,cas >
<344.95,345.30,d'una >
<345.30,346.36,estatunidenca >
<347.63,348.13,que >
<349.30,349.63,feia >
<349.63,349.72,de >
<349.72,350.02,mare >
<350.26,351.04,gestant >
<351.95,352.23,que >
<352.24,352.64,havia >
<352.64,352.90,fet >
<352.90,352.99,de >
<352.99,353.22,mare >
<353.22,353.81,gestant >
<354.03,354.36,en >
<354.37,354.90,anteriors >
<354.90,355.47,casos >
<356.42,356.52,i >
<356.52,356.82,que >
<357.40,357.57,de >
<357.57,358.04,sobte >
<358.37,358.59,una >
<358.59,359.16,parella >
<360.17,360.99,estrangera >
<361.37,361.52,li >
<361.52,361.89,demana >
<361.89,361.99,de >
<361.99,362.16,fer >
<362.16,362.24,de >
<362.24,362.48,mare >
<362.48,362.95,gestant >
<362.95,363.09,fan >
<363.09,363.21,un >
<363.21,363.83,contracte >
<364.94,365.07,li >
<365.07,365.65,implanten >
<365.65,365.86,dos >
<365.86,366.62,embrions >
<367.49,367.58,i >
<367.58,367.92,després >
<367.92,367.98,de >
<367.98,368.04,la >
<368.04,368.52,primera >
<368.53,369.35,ecografia >
<369.56,369.71,es >
<369.71,370.37,demostra >
<370.75,371.00,que >
<371.16,371.38,els >
<371.38,371.54,dos >
<371.54,372.12,embrions >
<372.31,372.54,són >
<372.54,372.73,dos >
<372.73,373.18,mascles >
<373.18,373.29,un >
<373.29,373.57,fill >
<373.57,373.61,i >
<373.61,373.72,un >
<373.72,374.43,fill >
<374.90,375.15,ells >
<375.15,375.39,no >
<375.39,375.64,ells >
<375.64,376.04,volien >
<376.04,376.16,un >
<376.16,376.42,fill >
<376.42,376.47,i >
<376.47,376.65,una >
<376.65,377.11,filla >
<377.96,378.05,i >
<378.05,378.35,això >
<378.35,378.98,fa >
<379.48,379.91,que >
<380.29,380.68,trenquin >
<380.68,380.80,amb >
<380.80,380.91,el >
<380.91,381.68,contracte >
<381.87,382.29,fugin >
<382.29,382.47,del >
<382.47,382.99,país >
<383.16,383.26,i >
<383.26,383.73,sortint >
<383.73,384.03,sense >
<384.03,384.28,haver >
<384.28,384.39,de >
<384.39,384.90,pagar >
<384.91,385.15,totes >
<385.15,385.29,les >
<385.29,385.81,despeses >
<385.81,385.89,que >
<385.89,386.17,havien >
<386.17,386.26,de >
<386.26,386.53,pagar >
<386.53,386.61,la >
<386.61,386.94,mare >
<387.05,387.11,i >
<387.11,387.20,la >
<387.20,387.43,mare >
<387.43,387.52,es >
<387.52,387.72,queda >
<387.72,387.82,amb >
<387.82,387.96,els >
<387.96,388.31,fills >
<389.28,389.48,perquè >
<389.48,389.79,aquesta >
<389.79,390.05,mare >
<390.05,390.22,no >
<390.22,390.54,volia >
<390.54,391.42,avortar >
<392.53,392.63,i >
<392.63,392.77,és >
<392.77,392.88,que >
<392.88,392.97,hi >
<392.97,393.08,ha >
<393.87,394.62,contractes >
<394.62,395.00,que >
<395.07,395.36,no >
<395.36,395.46,es >
<395.46,395.76,poden >
<395.76,396.30,trencar >
<453.03,453.52,avui >
<455.54,456.16,se'ns >
<456.16,456.38,pot >
<456.38,456.92,intentar >
<456.92,457.82,explicar >
<457.83,457.97,un >
<457.97,458.27,model >
<458.27,458.39,de >
<458.39,458.93,gestació >
<458.93,459.68,subrogada >
<460.04,460.16,que >
<460.16,460.59,sigui >
<460.60,460.74,el >
<460.74,460.94,més >
<460.94,461.45,adient >
<461.55,461.69,el >
<461.69,461.90,més >
<461.90,462.34,bonic >
<462.53,462.66,el >
<462.66,462.88,més >
<462.88,463.59,beneficiós >
<464.01,464.54,però >
<464.58,464.89,aquest >
<464.89,464.95,no >
<464.95,465.03,és >
<465.03,465.15,el >
<465.15,465.80,debat >
<466.50,466.68,hem >
<466.68,466.94,d'anar >
<466.94,467.42,a >
<467.44,467.61,les >
<467.61,468.29,arrels >
<469.13,469.16,i >
<469.17,469.23,no >
<469.48,469.65,hem >
<469.65,469.77,de >
<469.77,470.24,debatir >
<470.51,470.70,quin >
<470.70,470.84,és >
<470.84,471.00,el >
<471.00,471.52,model >
<474.04,474.20,hem >
<474.20,474.38,de >
<474.38,474.60,dir >
<474.60,474.75,si >
<474.75,474.86,la >
<474.86,475.29,gestació >
<475.29,475.86,subrogada >
<475.87,476.04,és >
<476.04,476.21,una >
<476.21,476.80,solució >
<476.80,476.94,per >
<476.94,476.97,a >
<476.97,477.22,aquests >
<477.22,477.86,problemes >
<478.58,478.78,hem >
<478.78,478.94,de >
<479.48,480.33,plantejar-nos >
<480.72,481.13,si >
<481.14,481.79,aquesta >
<482.02,482.31,és >
<482.39,482.68,una >
<482.68,483.39,resposta >
<483.95,484.75,èticament >
<485.00,485.67,raonable >
<526.27,526.43,la >
<548.67,549.15,gestació >
<549.15,549.66,subrogada >
<549.66,549.81,com >
<549.81,549.93,el >
<549.93,550.47,progrés >
<550.76,550.86,que >
<550.86,551.33,és >
<554.40,554.55,hem >
<554.55,555.22,contactat >
<555.32,555.49,amb >
<555.49,555.63,una >
<555.63,555.86,mare >
<555.86,556.01,per >
<556.01,556.68,subrogació >
<557.37,557.45,a >
<557.45,557.53,la >
<557.53,557.86,qual >
<557.87,558.52,anomenarem >
<558.62,558.75,la >
<558.75,559.14,teresa >
<559.65,559.77,la >
<559.77,560.15,teresa >
<560.22,560.36,és >
<560.36,560.76,metgessa >
<560.76,560.85,de >
<560.85,561.45,professió >
<561.87,561.97,i >
<561.97,562.06,té >
<562.06,562.20,una >
<562.20,562.52,parella >
<563.04,563.24,pero >
<563.24,563.38,per >
<563.38,563.93,impediments >
<563.93,564.27,mèdics >
<564.27,564.44,dels >
<564.44,564.77,quals >
<564.77,564.93,no >
<564.93,565.02,té >
<565.02,565.21,cap >
<565.21,565.63,culpa >
<565.98,566.18,no >
<566.18,566.40,pot >
<566.40,566.75,tenir >
<566.76,566.92,no >
<566.92,567.16,pot >
<567.16,567.48,donar >
<567.51,567.63,a >
<567.63,568.00,llum >
<568.34,568.43,a >
<568.43,568.85,fills >
<569.64,569.82,dit >
<569.82,570.26,això >
<570.79,570.94,el >
<570.94,571.02,que >
<571.02,571.08,es >
<571.08,571.18,va >
<571.18,571.53,plantejar >
<571.53,571.62,la >
<571.62,571.99,teresa >
<572.05,572.14,i >
<572.14,572.29,va >
<572.29,572.57,fer >
<572.73,572.86,va >
<572.86,572.97,ser >
<572.97,573.53,contentar >
<573.54,573.73,amb >
<573.73,574.03,equips >
<574.03,574.14,amb >
<574.14,574.80,professionals >
<574.82,575.21,de >
<575.33,575.89,l'estat >
<576.01,576.62,nord-americà >
<576.62,576.71,de >
<576.71,577.30,califòrnia >
<577.51,577.73,molt >
<577.73,578.14,liberal >
<578.52,578.67,per >
<578.67,578.85,dur >
<578.85,578.88,a >
<578.88,579.10,terme >
<579.10,579.29,aquest >
<579.29,579.74,procés >
<580.53,580.94,avui >
<581.07,581.21,la >
<581.21,581.62,teresa >
<582.07,582.23,és >
<582.23,582.49,mare >
<583.06,583.13,i >
<583.13,583.22,el >
<583.22,583.38,seu >
<583.38,583.70,company >
<583.70,583.83,es >
<583.83,584.11,pare >
<584.71,584.78,i >
<584.78,584.96,són >
<584.96,585.36,feliços >
<585.36,585.77,mantenen >
<585.77,586.25,contacte >
<586.25,586.78,setmanal >
<586.94,587.11,amb >
<587.11,587.20,la >
<587.20,587.44,dona >
<587.44,587.55,que >
<587.55,587.68,els >
<587.68,587.76,va >
<587.76,588.15,ajudar >
<588.92,589.03,en >
<589.03,589.12,les >
<589.12,589.32,seves >
<589.32,589.64,pròpies >
<589.64,590.13,paraules >
<590.16,590.70,són >
<590.73,591.16,encantats >
<591.16,591.22,de >
<591.22,591.30,la >
<591.30,591.54,vida >
<592.99,593.33,pèro >
<593.95,594.07,en >
<594.07,594.19,les >
<594.19,594.40,seves >
<594.40,594.72,pròpies >
<594.72,595.21,paraules >
<595.43,595.64,també >
<595.64,595.90,saben >
<595.90,596.24,greu >
<596.56,596.81,també >
<596.81,597.06,saben >
<597.06,597.32,greu >
<597.32,597.71,d'haver-ho >
<597.71,597.90,hagut >
<597.90,597.98,de >
<597.98,598.11,fer >
<598.11,598.44,així >
<598.63,599.12,d'haver >
<599.15,599.73,necessitat >
<599.73,599.88,fer >
<599.88,600.13,front >
<600.14,600.21,a >
<600.21,600.72,nombrosos >
<600.72,601.09,tràmits >
<601.09,601.73,administratius >
<601.90,602.00,en >
<602.00,602.10,un >
<602.10,602.40,país >
<602.41,602.77,aliè >
<602.97,603.09,en >
<603.09,603.19,un >
<603.19,603.51,país >
<603.64,604.30,desconegut >
<604.43,604.58,al >
<604.58,604.75,cap >
<604.75,604.79,i >
<604.79,604.84,a >
<604.84,604.91,la >
<604.91,605.13,fi >
<605.29,605.39,i >
<605.39,605.85,després >
<605.99,606.11,amb >
<606.11,606.22,el >
<606.22,606.46,propi >
<606.46,606.72,estat >
<606.72,607.15,espanyol >
<607.16,607.32,amb >
<607.32,607.40,la >
<607.40,607.62,seva >
<607.62,607.95,filla >
<608.04,608.22,com >
<608.22,608.28,a >
<608.28,608.42,un >
<608.42,609.00,immigrant >
<609.47,609.74,però >
<609.82,610.60,sobretot >
<611.31,611.39,i >
<611.39,611.87,atenció >
<611.88,612.28,saben >
<612.28,612.53,greu >
<612.53,612.87,perquè >
<612.87,613.22,saben >
<613.23,613.75,objectes >
<613.75,613.93,d'un >
<613.93,614.46,sistema >
<614.73,615.30,econòmic >
<615.31,615.44,de >
<615.44,615.88,mercat >
<615.88,616.60,capitalisme >
<616.77,617.12,basat >
<617.12,617.22,en >
<617.22,617.35,el >
<617.35,617.71,lucre >
<617.91,618.31,sabent >
<618.31,618.37,que >
<618.37,618.50,els >
<618.50,618.63,han >
<619.26,619.68,cobrat >
<619.69,620.31,altíssimes >
<620.31,621.02,comissions >
<621.28,621.56,que >
<621.59,621.92,altres >
<621.92,622.30,persones >
<622.30,622.42,amb >
<622.42,622.53,les >
<622.53,622.89,mateixes >
<622.89,623.34,necessitats >
<623.34,623.96,reproductives >
<624.15,624.23,i >
<624.23,624.80,familiars >
<624.98,625.08,no >
<625.08,625.17,es >
<625.17,625.45,poden >
<625.45,625.90,permetre >
<628.13,628.42,no >
<629.09,629.15,a >
<629.15,629.27,un >
<629.27,629.55,model >
<629.55,629.64,de >
<629.64,630.24,gestació >
<630.39,631.04,lucratiu >
<631.13,631.67,inspirat >
<631.85,631.99,en >
<631.99,632.09,el >
<632.09,632.59,negoci >
<632.61,632.64,i >
<632.85,633.03,no >
<633.03,633.17,com >
<633.17,633.29,un >
<633.29,633.49,dret >
<633.49,633.97,social >
<634.00,634.54,garantit >
<634.54,634.68,per >
<634.69,635.08,tothom >
<635.09,635.25,amb >
<635.25,635.34,un >
<635.34,635.70,sistema >
<635.70,635.97,comú >
<648.80,648.93,el >
<648.93,649.27,model >
<649.27,649.34,que >
<649.34,649.45,els >
<649.45,650.11,proposarem >
<650.37,650.51,es >
<650.51,650.89,basa >
<651.03,651.19,en >
<651.19,651.86,l'altruisme >
<651.97,652.10,per >
<652.10,652.39,evitar >
<652.39,652.45,la >
<652.45,653.40,mercantilització >
<653.69,653.85,amb >
<653.85,654.48,seguretat >
<654.71,654.85,per >
<654.85,655.15,evitar >
<655.15,655.46,riscos >
<655.46,655.55,de >
<655.55,655.97,salut >
<655.97,656.11,per >
<656.11,656.15,a >
<656.15,656.28,les >
<656.28,656.52,mares >
<656.52,656.97,gestants >
<657.25,657.41,amb >
<657.41,658.05,seriositat >
<658.05,658.35,contra >
<658.35,658.44,la >
<658.44,659.22,clandestinitat >
<659.36,659.39,i >
<659.39,659.53,els >
<659.53,659.93,possibles >
<659.93,660.41,abusos >
<660.61,661.06,justícia >
<661.06,661.09,i >
<661.09,661.81,gratuïtat >
<661.81,661.94,per >
<661.94,662.26,evitar >
<662.26,662.34,la >
<662.34,662.82,desigualtat >
<662.82,663.22,social >
<663.23,663.38,en >
<663.38,663.81,l'accés >
<664.08,664.17,i >
<664.17,664.64,llibertat >
<664.64,664.68,i >
<664.68,665.30,autonomia >
<665.49,665.63,de >
<665.63,666.03,pares >
<666.07,666.18,i >
<666.18,666.34,de >
<666.34,666.88,gestant >
<667.07,667.22,per >
<667.22,667.61,assolir >
<667.62,667.75,el >
<667.75,667.98,valor >
<667.98,668.64,fonamental >
<668.69,668.88,la >
<668.88,669.69,solidaritat >
<673.27,673.84,consens >
<673.84,674.05,entre >
<674.05,674.54,persones >
<674.69,675.12,lliures >
<675.12,675.17,i >
<675.17,675.75,autònomes >
<675.75,676.11,cobert >
<676.11,676.25,per >
<676.25,676.34,un >
<676.34,676.81,sistema >
<677.03,677.42,públic >
<677.43,677.58,de >
<677.58,678.06,gestió >
<678.11,678.47,d'aquests >
<678.47,678.85,ajuts >
<678.86,679.05,amb >
<679.05,679.34,baixes >
<679.34,679.40,de >
<679.40,680.02,maternitat >
<680.35,680.58,amb >
<680.58,681.20,rigor >
<681.60,681.84,per >
<681.84,681.99,fer >
<681.99,682.35,front >
<682.36,682.72,el >
<683.01,683.49,lucre >
<683.64,683.75,que >
<683.75,684.25,fomenti >
<684.93,685.10,La >
<685.10,685.42,cohesió >
<685.43,685.98,social >
<686.30,686.69,perquè >
<687.02,687.18,si >
<687.18,687.62,contribuïm >
<687.62,687.69,a >
<687.69,687.81,les >
<687.81,688.21,despeses >
<688.21,688.38,dels >
<688.38,688.78,embarassos >
<688.78,689.20,corrents >
<689.39,689.53,per >
<689.53,689.63,què >
<689.63,689.70,no >
<689.70,689.79,hem >
<689.79,689.88,de >
<689.88,690.50,contribuir >
<690.51,690.66,als >
<690.66,691.11,processos >
<691.11,691.82,reproductius >
<692.02,692.83,d'homosexuals >
<693.08,693.22,de >
<693.22,693.52,persones >
<693.52,693.60,que >
<693.60,693.69,no >
<693.69,693.92,poden >
<693.92,694.11,tenir >
<694.11,694.48,fills >
<697.89,698.74,alternatiu >
<699.32,699.49,al >
<699.49,699.73,model >
<699.73,699.82,de >
<699.82,700.27,califòrnia >
<700.27,700.35,el >
<700.35,700.52,seu >
<700.52,700.81,lucre >
<701.07,701.72,alternatiu >
<701.73,701.82,al >
<701.82,702.10,model >
<702.10,702.23,del >
<702.23,702.45,regne >
<702.45,702.72,unit >
<702.73,702.91,on >
<702.91,703.04,ja >
<703.04,703.12,es >
<703.12,703.66,protegeix >
<703.68,704.35,àmpliament >
<704.39,704.49,a >
<704.49,704.56,la >
<704.56,704.79,mare >
<704.79,705.22,gestant >
<705.62,706.22,alternatiu >
<706.23,706.31,a >
<706.31,706.88,portugal >
<707.08,707.26,on >
<707.26,707.37,s'ha >
<707.37,707.83,intentat >
<707.83,707.97,però >
<707.97,708.04,han >
<708.04,708.43,faltat >
<708.73,709.05,encara >
<709.05,709.25,unes >
<709.25,709.73,garanties >
<718.52,718.68,el >
<718.68,719.44,fonamentalisme >
<719.44,719.86,moral >
<719.87,719.97,i >
<719.97,720.29,tancar >
<720.29,720.36,la >
<720.36,720.69,ment >
<720.70,720.96,avui >
<720.96,721.27,dia >
<721.46,721.64,ja >
<721.64,721.72,no >
<721.72,721.78,és >
<721.78,722.25,viable >
<722.65,722.94,davant >
<722.94,723.03,el >
<723.03,723.51,progrés >
<724.74,724.93,és >
<724.93,725.03,que >
<725.03,725.15,si >
<725.15,725.23,no >
<725.23,725.62,actuem >
<725.63,725.75,el >
<725.75,726.30,sistema >
<726.62,727.16,econòmic >
<727.17,727.59,imperant >
<727.59,728.22,s'aprofitarà >
<728.24,728.44,dels >
<728.44,728.85,col·lectius >
<728.85,729.47,vulnerables >
<729.65,729.76,en >
<729.76,729.89,els >
<729.89,730.31,països >
<730.57,730.94,on >
<730.97,731.21,pugui >
<731.21,731.36,ser >
<731.36,731.68,legal >
<731.69,731.90,on >
<731.90,732.04,ja >
<732.04,732.13,és >
<732.13,732.54,legal >
<734.18,734.68,prefereixen >
<734.68,735.02,quedar-se >
<735.02,735.39,quiets >
<735.49,735.60,o >
<735.60,736.03,actuar >
<736.11,736.70,legislar >
<737.04,737.38,envers >
<737.38,737.47,de >
<737.47,737.55,la >
<737.55,738.21,solidaritat >
<738.33,738.39,i >
<738.39,738.51,en >
<738.51,738.68,vers >
<738.68,738.76,de >
<738.76,738.87,la >
<738.87,739.32,felicitat >
<739.32,739.41,de >
<739.41,739.76,tots >
<745.49,745.73,el >
<797.55,797.89,cas >
<798.35,798.43,que >
<798.43,798.57,ens >
<798.57,798.67,han >
<798.67,799.09,explicat >
<799.09,799.16,de >
<799.16,799.27,la >
<799.27,799.77,teresa >
<800.09,800.79,lamentablement >
<801.35,801.48,és >
<801.48,801.64,un >
<801.64,801.95,cas >
<803.13,803.41,entre >
<803.41,803.63,molt >
<803.63,804.02,pocs >
<808.90,809.59,l'explotació >
<809.59,809.66,de >
<809.66,809.78,les >
<809.78,810.07,dones >
<810.07,810.21,és >
<810.21,810.33,un >
<810.33,810.61,fet >
<811.55,811.68,que >
<811.68,811.78,no >
<811.78,812.04,podem >
<812.04,812.36,obviar >
<812.36,812.69,perquè >
<812.70,812.97,una >
<812.97,813.45,persona >
<813.72,813.83,li >
<813.83,814.01,hagi >
<814.01,814.44,sortit >
<814.44,814.65,bé >
<816.85,816.90,ha >
<816.90,817.25,definit >
<817.25,817.81,l'adopció >
<818.60,819.10,l'adopció >
<819.10,819.17,a >
<819.17,819.46,l'estat >
<819.46,819.93,espanyol >
<820.08,820.18,el >
<820.18,820.39,dret >
<820.39,820.44,a >
<820.44,820.57,ser >
<820.57,820.88,mare >
<821.25,821.33,a >
<821.33,821.56,través >
<821.56,821.63,de >
<821.63,821.70,la >
<821.70,821.87,via >
<821.87,821.94,de >
<821.94,822.40,l'adopció >
<822.49,822.59,és >
<822.59,823.19,gratuïta >
<834.73,834.86,el >
<834.86,835.24,model >
<835.24,835.33,que >
<835.33,835.44,ens >
<835.44,835.69,volen >
<835.69,836.27,explicar >
<836.38,836.56,no >
<836.56,836.73,és >
<836.73,836.84,el >
<836.84,837.10,tema >
<837.10,837.20,de >
<837.20,837.52,debat >
<838.21,838.36,el >
<838.36,838.61,tema >
<838.61,838.69,de >
<838.69,838.96,debat >
<838.96,839.19,és >
<839.26,839.45,per >
<839.45,839.72,què >
<840.18,840.37,s'ha >
<840.37,840.46,de >
<840.46,841.18,legalitzar >
<843.30,843.49,ja >
<843.49,843.71,està >
<843.71,844.23,legislat >
<845.20,845.30,i >
<845.30,845.40,que >
<845.40,845.49,el >
<845.49,845.77,govern >
<845.77,846.32,espanyol >
<846.81,846.89,i >
<846.89,847.00,que >
<847.00,847.07,la >
<847.07,847.53,constitució >
<847.53,847.78,diu >
<847.79,847.87,que >
<847.87,848.25,està >
<848.29,848.75,prohibit >
<868.59,868.72,el >
<868.72,869.00,factor >
<869.00,869.40,econòmic >
<869.40,869.50,és >
<869.50,869.64,molt >
<869.64,870.09,important >
<873.37,873.63,tenim >
<873.63,874.13,països >
<874.53,874.65,en >
<874.65,875.04,vermell >
<875.23,875.31,que >
<875.31,875.46,està >
<875.46,875.94,prohibida >
<876.72,876.95,tenim >
<876.95,877.53,països >
<878.24,878.57,amb >
<878.65,879.22,lila >
<880.09,880.17,que >
<880.17,880.33,està >
<880.33,880.79,permesa >
<882.43,882.70,tenim >
<882.70,883.03,països >
<883.04,883.73,amb >
<883.74,884.70,color >
<884.71,884.90,un >
<884.90,885.57,blau >
<887.48,887.69,aquest >
<887.69,888.02,blau >
<888.11,888.34,d'aquí >
<888.34,888.88,d'austràlia >
<890.35,890.44,que >
<890.44,890.60,està >
<890.60,891.01,permesa >
<891.40,891.80,també >
<891.85,891.97,la >
<891.97,892.50,lucrativa >
<893.28,893.42,i >
<893.42,893.80,també >
<894.03,894.71,altruista >
<898.97,899.49,ucraïna >
<899.49,899.58,és >
<899.58,899.69,un >
<899.69,899.94,país >
<899.94,900.02,on >
<900.02,900.21,està >
<900.21,900.56,permesa >
<900.56,900.73,la >
<900.74,901.19,gestació >
<901.19,901.79,subrogada >
<902.49,902.60,de >
<902.60,902.86,manera >
<902.86,903.42,lucrativa >
<904.47,904.63,una >
<904.63,904.98,gestació >
<904.98,905.41,subrogada >
<905.41,905.72,només >
<905.72,906.42,dedicada >
<906.52,906.62,a >
<906.62,906.85,les >
<906.86,907.34,parelles >
<907.44,908.34,Heterosexuals >
<909.25,909.48,els >
<909.48,910.04,homosexuals >
<910.04,910.10,a >
<910.10,910.44,ucraïna >
<910.44,910.58,com >
<910.58,910.73,tots >
<910.73,910.94,sabem >
<911.05,911.39,estan >
<911.40,912.45,estigmatitzats >
<918.72,919.33,persones >
<920.10,920.17,que >
<920.21,920.43,amb >
<923.11,923.31,un >
<923.31,923.61,sou >
<923.74,923.85,de >
<923.85,924.30,cent >
<924.39,924.74,euros >
<924.74,924.83,al >
<924.83,925.10,mes >
<925.11,925.25,com >
<925.25,925.33,és >
<925.33,925.43,el >
<925.43,925.56,seu >
<925.56,925.83,mínim >
<925.83,926.44,d'ucraïna >
<926.84,927.08,poden >
<927.08,927.32,arribar >
<927.32,927.35,a >
<927.35,927.68,guanyar >
<927.94,928.17,fins >
<928.17,928.22,a >
<928.22,928.49,nou >
<928.50,928.94,vegades >
<928.94,929.22,més >
<929.22,929.37,al >
<929.37,929.70,mes >
<930.20,930.30,a >
<930.30,930.72,través >
<930.81,930.92,de >
<930.92,931.00,la >
<931.00,931.39,gestació >
<931.39,932.02,subrogada >
<933.99,934.16,als >
<934.16,934.49,estats >
<934.49,934.89,units >
<935.08,935.15,que >
<935.15,935.33,està >
<935.33,935.79,permès >
<936.42,936.99,homosexuals >
<936.99,937.04,i >
<937.04,937.63,solters >
<937.89,938.17,també >
<938.17,938.39,poden >
<938.39,938.69,recórrer >
<938.69,938.86,aquest >
<938.86,939.14,mètode >
<939.14,939.24,la >
<939.24,939.60,gestació >
<939.60,940.16,subrogada >
<940.54,940.62,de >
<940.62,940.84,manera >
<940.84,941.34,lucrativa >
<946.88,947.03,per >
<947.03,947.13,què >
<947.13,947.43,està >
<947.48,947.98,mencionant >
<948.20,948.43,les >
<948.43,948.86,parelles >
<948.89,949.87,homosexuals >
<950.34,950.42,si >
<950.42,950.74,és >
<950.75,950.87,la >
<950.87,951.11,seva >
<951.11,951.69,opressió >
<951.92,952.18,amb >
<952.37,952.54,la >
<952.54,952.94,gestació >
<952.94,953.39,subrogada >
<953.67,953.70,a >
<955.19,955.48,aquests >
<955.48,955.97,països >
<958.96,959.23,perquè >
<959.81,959.95,a >
<960.09,960.54,ucraïna >
<960.54,960.61,i >
<960.61,960.67,a >
<960.67,960.90,rússia >
<960.90,960.99,no >
<960.99,961.56,permeten >
<961.73,961.95,tenir >
<961.95,962.14,fills >
<962.14,962.25,per >
<962.25,962.62,gestació >
<962.62,963.09,subrogada >
<963.10,963.25,els >
<963.25,963.88,homosexuals >
<973.90,974.11,les >
<974.11,974.77,diferències >
<975.23,975.57,si >
<975.61,975.82,són >
<975.82,975.89,de >
<975.89,976.31,classe >
<980.79,981.04,una >
<981.04,981.26,dona >
<981.26,981.36,que >
<981.36,981.48,és >
<981.48,981.82,rica >
<982.19,982.33,en >
<982.33,982.48,una >
<982.48,982.68,dona >
<982.68,982.77,que >
<982.77,982.86,no >
<982.86,982.96,té >
<982.96,983.50,necessitats >
<983.50,983.64,als >
<983.64,983.95,estats >
<983.95,984.20,units >
<984.21,984.70,gestar >
<985.59,985.71,de >
<985.71,985.96,manera >
<985.96,986.41,subrogada >
<986.41,986.54,per >
<986.54,986.64,una >
<986.64,986.80,altra >
<986.80,987.20,parella >
<987.81,987.89,ho >
<987.89,988.19,faria >
<988.19,988.32,per >
<988.32,988.73,diners >
<990.34,990.49,oi >
<990.49,990.58,que >
<990.58,990.79,no >
<991.45,991.58,qui >
<991.58,991.63,ho >
<991.63,992.04,faria >
<992.07,992.24,als >
<992.24,992.56,estats >
<992.56,992.93,units >
<993.17,993.60,dones >
<993.64,993.79,en >
<993.79,994.35,situació >
<994.43,995.00,d'exclusió >
<995.00,995.44,social >
<996.79,996.93,per >
<996.93,997.23,tant >
<997.67,997.80,la >
<997.80,998.28,diferència >
<998.28,998.36,de >
<998.36,998.48,la >
<999.47,999.75,classe >
<999.75,1000.20,social >
<1000.70,1000.90,ens >
<1000.90,1001.35,porta >
<1001.65,1001.74,a >
<1001.74,1002.32,l'explotació >
<1002.32,1002.40,de >
<1002.40,1002.49,la >
<1002.49,1002.80,dona >
<1003.74,1004.38,l'explotació >
<1004.38,1004.46,de >
<1004.46,1004.53,la >
<1004.53,1004.73,dona >
<1004.73,1004.82,de >
<1004.82,1005.10,classe >
<1005.10,1005.52,baixa >
<1007.92,1008.00,a >
<1008.00,1008.11,la >
<1008.11,1008.35,dona >
<1008.35,1008.74,pobra >
<1009.28,1009.37,a >
<1009.37,1009.47,la >
<1009.47,1009.66,dona >
<1009.66,1010.33,necessitada >
<1012.73,1012.91,quin >
<1012.91,1013.27,interès >
<1013.27,1013.35,hi >
<1013.35,1013.56,ha >
<1014.13,1014.68,darrere >
<1014.88,1015.03,de >
<1015.03,1015.11,què >
<1015.11,1015.20,es >
<1015.20,1015.74,legalitzi >
<1015.81,1016.08,aquest >
<1016.08,1016.46,sistema >
<1016.46,1016.52,de >
<1016.52,1016.89,gestació >
<1016.89,1017.73,subrogada >
<1020.73,1021.01,totes >
<1021.01,1021.17,les >
<1021.17,1021.64,clíniques >
<1021.64,1021.75,que >
<1021.75,1022.04,porten >
<1022.04,1022.17,els >
<1022.17,1022.85,processos >
<1023.26,1023.40,de >
<1023.40,1023.78,gestació >
<1023.78,1024.47,subrogada >
<1025.37,1025.73,volen >
<1025.73,1025.80,que >
<1025.80,1025.89,es >
<1025.89,1026.35,legalitzi >
<1026.35,1026.61,perquè >
<1026.61,1027.00,d'aquesta >
<1027.00,1027.44,manera >
<1027.52,1028.13,obrim >
<1028.37,1029.24,immediatament >
<1029.37,1029.53,el >
<1029.53,1030.28,mercat >
<1030.98,1031.14,la >
<1031.14,1031.55,gestació >
<1031.55,1032.12,d'embrions >
<1032.85,1032.97,a >
<1032.97,1033.58,persones >
<1033.79,1033.92,que >
<1033.92,1034.29,ara >
<1035.24,1035.34,ho >
<1035.34,1035.56,fan >
<1035.56,1035.97,servir >
<1036.31,1036.43,a >
<1036.43,1036.93,països >
<1038.09,1038.25,on >
<1038.25,1038.36,es >
<1038.36,1038.84,permet >
<1039.03,1039.39,aquesta >
<1039.39,1039.86,tècnica >
<1061.91,1062.07,si >
<1062.07,1062.58,espanya >
<1062.82,1062.96,es >
<1062.96,1063.67,legalitza >
<1063.93,1064.08,la >
<1064.08,1064.47,gestació >
<1064.47,1065.08,subrogada >
<1066.31,1066.44,el >
<1066.44,1066.91,turisme >
<1066.91,1067.31,medic >
<1068.23,1068.91,augmentaria >
<1070.09,1070.26,ja >
<1070.26,1070.50,tenim >
<1070.50,1070.59,un >
<1070.59,1070.78,greu >
<1070.78,1071.37,problema >
<1071.91,1072.09,del >
<1072.09,1072.44,turisme >
<1072.44,1072.54,de >
<1072.54,1072.90,salut >
<1092.78,1093.09,seria >
<1093.44,1093.67,molt >
<1093.67,1093.83,més >
<1093.83,1094.24,fàcil >
<1094.42,1094.64,venir >
<1094.64,1094.67,a >
<1094.67,1095.20,espanya >
<1096.01,1096.29,potser >
<1096.29,1096.33,a >
<1096.33,1096.53,passar >
<1096.53,1096.68,unes >
<1096.68,1097.16,vacances >
<1097.16,1097.40,mentre >
<1097.40,1097.79,esperem >
<1097.79,1097.86,al >
<1097.86,1098.12,nostre >
<1098.12,1098.65,nadó >
<1098.80,1098.89,que >
<1098.89,1099.19,anar-se'n >
<1099.19,1099.23,a >
<1099.23,1099.62,ucraïna >
<1101.07,1101.27,aquí >
<1101.27,1101.54,seria >
<1101.54,1101.93,gratis >
<1104.68,1104.87,en >
<1117.30,1117.51,el >
<1139.67,1140.02,moment >
<1140.02,1140.12,que >
<1140.12,1140.38,creuem >
<1140.38,1140.51,la >
<1140.51,1141.02,frontera >
<1141.52,1141.70,ja >
<1141.70,1141.79,hem >
<1141.79,1142.09,perdut >
<1142.09,1142.18,el >
<1142.18,1142.71,control >
<1142.98,1143.12,de >
<1143.12,1143.20,la >
<1143.20,1143.59,gestació >
<1143.59,1144.15,subrogada >
<1144.30,1144.41,i >
<1144.41,1144.54,és >
<1144.54,1144.70,molt >
<1144.70,1145.19,Difícil >
<1192.09,1192.45,s'ha >
<1196.15,1196.95,de >
<1210.94,1211.77,legislar >
<1212.04,1212.20,per >
<1212.20,1212.69,tal >
<1212.70,1213.36,d'evitar >
<1213.60,1213.72,que >
<1213.72,1213.88,les >
<1213.88,1214.29,màfies >
<1214.29,1214.38,que >
<1214.38,1214.49,es >
<1214.49,1214.95,lucren >
<1214.96,1215.12,en >
<1215.12,1215.52,països >
<1215.52,1215.64,del >
<1215.64,1215.95,tercer >
<1215.95,1216.31,món >
<1216.70,1217.15,i >
<1217.21,1217.35,es >
<1217.35,1217.78,lucren >
<1217.78,1217.87,de >
<1217.87,1218.04,les >
<1218.04,1218.34,dones >
<1218.34,1218.90,Pobres >
<1219.03,1219.13,que >
<1219.13,1219.37,veuen >
<1219.37,1219.62,això >
<1219.62,1219.79,com >
<1219.79,1219.90,una >
<1219.90,1220.61,alternativa >
<1224.42,1225.17,legislar-ho >
<1226.14,1226.42,perquè >
<1226.42,1226.49,la >
<1226.49,1226.89,gent >
<1226.89,1227.00,que >
<1227.00,1227.12,se >
<1227.12,1227.23,n'ha >
<1227.23,1227.68,d'anar >
<1227.84,1227.95,a >
<1227.95,1228.23,l'altra >
<1228.23,1228.59,punta >
<1228.59,1228.76,del >
<1228.76,1229.28,planeta >
<1229.43,1229.52,a >
<1229.52,1229.91,fer-ho >
<1230.92,1231.03,ho >
<1231.03,1231.29,pugui >
<1231.29,1231.45,fer >
<1231.45,1231.79,aquí >
<1231.83,1231.93,ho >
<1231.93,1232.18,pugui >
<1232.18,1232.32,fer >
<1232.32,1232.90,aquí >
<1243.38,1244.16,altruista >
<1244.65,1245.28,segura >
<1245.87,1245.97,i >
<1245.97,1246.69,seriositat >
<1247.39,1247.66,són >
<1247.66,1247.79,els >
<1247.79,1247.99,tres >
<1247.99,1248.28,pilars >
<1248.28,1248.37,que >
<1248.37,1248.61,hauria >
<1248.61,1248.69,de >
<1248.69,1249.30,complir >
<1249.31,1249.52,una >
<1249.52,1249.98,llei >
<1249.99,1250.19,una >
<1250.19,1250.38,llei >
<1250.38,1250.56,que >
<1251.04,1251.57,penes >
<1251.92,1252.06,A >
<1252.06,1252.32,quí >
<1252.32,1252.49,se >
<1252.49,1252.58,la >
<1252.58,1253.17,saltés >
<1253.24,1253.46,una >
<1253.46,1254.00,llei >
<1256.22,1256.51,que >
<1256.53,1256.99,estigués >
<1256.99,1257.48,inclosa >
<1257.48,1257.92,dins >
<1257.93,1258.03,de >
<1258.03,1258.09,la >
<1258.09,1258.57,sanitat >
<1258.57,1259.11,pública >
<1259.48,1259.73,una >
<1259.73,1260.32,llei >
<1260.55,1260.76,en >
<1260.76,1261.33,què >
<1261.59,1262.01,el >
<1262.01,1262.61,contracte >
<1262.62,1262.81,no >
<1262.81,1263.01,fos >
<1263.01,1263.65,revocable >
<1264.10,1264.32,una >
<1264.32,1264.71,llei >
<1264.76,1264.95,en >
<1264.95,1265.04,què >
<1265.04,1265.55,l'òvul >
<1265.55,1265.70,no >
<1265.70,1266.04,pogués >
<1266.04,1266.27,ser >
<1266.27,1266.34,de >
<1266.34,1266.42,la >
<1266.42,1266.64,mare >
<1266.64,1267.14,gestant >
<1276.04,1276.70,s'ha >
<1277.15,1278.08,legalitzar >
<1278.12,1278.25,per >
<1278.25,1278.74,evitar >
<1278.74,1278.85,que >
<1278.85,1278.98,les >
<1278.98,1279.32,dones >
<1279.32,1279.48,dels >
<1279.48,1280.00,països >
<1280.00,1280.14,del >
<1280.14,1280.49,tercer >
<1280.49,1280.84,món >
<1280.86,1281.33,estiguin >
<1281.33,1281.82,morint >
<1281.92,1282.12,o >
<1282.12,1282.51,estiguin >
<1282.51,1282.62,en >
<1282.62,1283.10,condicions >
<1283.10,1283.87,infrahumanes >
<1284.15,1284.63,parint >
<1284.64,1285.29,els >
<1285.30,1285.97,nadons >
<1286.27,1286.88,d'occident >
<1286.92,1287.14,s'ha >
<1287.14,1287.24,de >
<1287.24,1287.95,legalitzar >
<1288.70,1288.88,en >
<1288.88,1289.20,certs >
<1289.20,1289.60,punts >
<1290.20,1290.52,dones >
<1290.52,1290.80,majors >
<1290.80,1290.87,de >
<1290.87,1291.35,vint-i-cinc >
<1291.35,1291.67,anys >
<1291.68,1292.86,socioeconòmicament >
<1292.86,1293.60,estables >
<1294.03,1294.17,que >
<1294.17,1294.37,no >
<1294.37,1294.68,tinguin >
<1294.68,1295.51,antecedents >
<1296.07,1296.21,que >
<1296.21,1296.41,ja >
<1296.41,1296.69,hagin >
<1296.69,1297.17,satisfet >
<1297.17,1297.28,el >
<1297.28,1297.50,seu >
<1297.50,1297.93,desig >
<1297.93,1298.14,com >
<1298.14,1298.21,a >
<1298.21,1298.72,mares >
<1300.27,1300.42,qui >
<1300.42,1300.55,ho >
<1301.28,1301.72,podria >
<1301.72,1302.13,fer >
<1302.14,1302.98,Persones >
<1303.49,1304.19,que >
<1304.21,1304.62,haurien >
<1304.62,1305.08,exhaurit >
<1305.08,1305.32,totes >
<1305.32,1305.44,les >
<1305.44,1306.07,alternatives >
<1311.62,1312.11,aquesta >
<1312.11,1312.45,pràctica >
<1312.45,1312.88,existeix >
<1312.88,1312.93,a >
<1312.93,1313.53,l'estat >
<1313.87,1314.14,uns >
<1314.14,1314.37,mil >
<1314.37,1314.79,nadons >
<1314.79,1315.25,anualment >
<1315.25,1315.55,entren >
<1315.55,1315.59,a >
<1315.59,1316.00,espanya >
<1316.32,1316.86,concebuts >
<1316.86,1317.21,d'aquesta >
<1317.21,1317.66,manera >
<1318.09,1318.23,la >
<1318.23,1318.72,majoria >
<1318.72,1319.44,són >
<1319.45,1319.60,de >
<1319.60,1320.15,famílies >
<1320.15,1320.27,que >
<1320.27,1320.41,s'ho >
<1320.41,1320.72,poden >
<1320.72,1321.26,permetre >
<1321.72,1321.88,per >
<1321.88,1322.30,tant >
<1322.57,1322.75,com >
<1322.75,1322.81,a >
<1322.81,1323.30,justícia >
<1323.30,1323.91,social >
<1324.71,1324.91,és >
<1324.91,1325.04,que >
<1325.04,1326.13,tothom >
<1326.14,1326.25,ho >
<1326.25,1326.58,pugui >
<1326.58,1327.03,fer >
<1327.04,1327.18,de >
<1327.18,1327.26,la >
<1327.26,1327.60,forma >
<1327.60,1328.10,segura >
<1328.47,1328.96,sense >
<1328.99,1329.71,explotar >
<1329.71,1329.80,la >
<1329.80,1330.37,dignitat >
<1330.37,1330.46,de >
<1330.46,1330.66,cap >
<1330.66,1331.16,persona >
<1331.52,1331.90,i >
<1331.91,1332.66,completament >
<1332.67,1333.43,altruista >
<1336.78,1337.19,ningú >
<1337.19,1337.68,sospita >
<1337.68,1337.80,que >
<1341.80,1342.20,quan >
<1342.21,1342.51,dóna >
<1342.51,1342.59,un >
<1342.59,1343.15,ronyó >
<1343.64,1344.03,rebre >
<1344.03,1344.32,algo >
<1344.32,1344.36,a >
<1344.36,1344.80,canvi >
<1345.74,1345.94,quan >
<1345.94,1346.11,anem >
<1346.11,1346.17,a >
<1346.17,1346.39,donar >
<1346.39,1346.91,sang >
<1347.67,1347.83,no >
<1347.83,1348.25,passem >
<1348.25,1348.41,per >
<1348.41,1348.73,caixa >
<1348.73,1349.30,després >
<1349.31,1349.43,no >
<1349.43,1349.55,ens >
<1349.55,1349.91,donen >
<1349.91,1350.36,diners >
<1350.79,1351.45,quan >
<1351.47,1351.82,donem >
<1351.82,1352.05,un >
<1352.05,1352.53,ronyó >
<1353.01,1353.14,ho >
<1353.14,1353.62,fem >
<1353.98,1354.15,per >
<1354.15,1354.22,la >
<1354.22,1354.94,solidaritat >
<1354.94,1355.01,que >
<1355.01,1355.72,existeix >
<1355.95,1356.17,entre >
<1356.17,1356.25,la >
<1356.25,1356.63,persona >
<1356.63,1356.70,que >
<1356.70,1356.77,el >
<1356.77,1357.44,necessita >
<1357.92,1358.00,i >
<1358.00,1358.12,la >
<1358.12,1358.57,persona >
<1358.57,1358.68,que >
<1358.68,1358.90,el >
<1358.90,1359.21,dóna >
<1363.32,1364.29,l'adopció >
<1365.42,1365.59,No >
<1365.59,1365.77,és >
<1365.77,1365.90,una >
<1365.90,1366.61,alternativa >
<1367.31,1368.09,L'adopció >
<1369.01,1369.36,allarga >
<1369.36,1369.46,un >
<1369.46,1370.02,problema >
<1370.78,1370.95,el >
<1370.95,1371.46,problema >
<1371.99,1372.42,que >
<1372.43,1372.68,els >
<1372.68,1373.23,nens >
<1373.40,1374.02,orfes >
<1374.03,1374.14,o >
<1374.14,1374.22,que >
<1374.22,1374.30,han >
<1374.30,1374.67,estat >
<1374.67,1375.48,abandonats >
<1375.83,1376.50,pateixen >
<1377.20,1377.53,aquests >
<1377.53,1378.05,nens >
<1378.15,1378.31,no >
<1378.31,1378.60,tenen >
<1378.60,1378.71,la >
<1378.71,1379.16,culpa >
<1379.16,1379.25,que >
<1379.25,1379.37,els >
<1379.37,1379.62,hagin >
<1379.62,1380.15,abandonat >
<1384.60,1385.26,occident >
<1385.55,1385.68,es >
<1385.68,1386.34,continuï >
<1386.34,1386.60,fent >
<1386.60,1387.27,responsable >
<1387.27,1387.61,d'aquests >
<1387.61,1388.11,nens >
<1388.82,1389.17,no >
<1389.18,1389.86,solucionarem >
<1389.86,1389.97,el >
<1389.97,1390.34,problema >
<1390.34,1390.46,els >
<1390.46,1391.12,governs >
<1391.42,1391.59,que >
<1391.60,1392.00,s'haurien >
<1392.00,1392.07,de >
<1392.07,1392.22,fer >
<1392.22,1392.48,càrrec >
<1392.48,1392.77,d'aquests >
<1392.77,1393.20,nens >
<1393.53,1393.66,no >
<1393.66,1394.29,actuaran >
<1396.61,1397.00,aquests >
<1397.00,1397.60,governs >
<1397.79,1398.25,haurien >
<1398.25,1398.34,de >
<1398.34,1398.56,dur >
<1398.56,1398.59,a >
<1398.59,1398.91,terme >
<1398.92,1399.26,unes >
<1399.26,1399.97,polítiques >
<1399.98,1400.73,serioses >
<1400.97,1401.11,per >
<1401.11,1401.34,tal >
<1401.34,1401.64,d'aquests >
<1401.64,1402.12,nens >
<1402.52,1402.82,puguin >
<1402.82,1403.40,créixer >
<1403.47,1403.50,i >
<1403.66,1403.93,puguin >
<1403.93,1404.61,jugar >
<1404.62,1404.87,puguin >
<1404.87,1405.72,desenvolupar-se >
<1405.97,1406.37,puguin >
<1406.41,1406.81,ser >
<1406.81,1407.68,professionals >
<1407.87,1408.00,en >
<1408.00,1408.11,el >
<1408.11,1408.32,seu >
<1408.32,1409.08,món >
<1409.12,1409.25,en >
<1409.25,1409.37,el >
<1409.37,1409.54,seu >
<1409.54,1410.12,país >
<1411.10,1411.21,la >
<1411.21,1411.54,solució >
<1411.54,1411.63,no >
<1411.63,1411.96,passa >
<1411.96,1412.09,per >
<1412.09,1412.63,agafar-los >
<1412.63,1412.79,amb >
<1412.79,1413.06,tres >
<1413.06,1413.57,cinc >
<1413.57,1413.81,set >
<1413.81,1414.19,anys >
<1414.47,1414.57,i >
<1414.57,1415.55,dessarrelar-los >
<1421.45,1421.62,en >
<1421.62,1421.74,un >
<1421.74,1422.06,món >
<1422.06,1422.25,cada >
<1422.25,1422.54,vegada >
<1422.54,1422.72,més >
<1422.72,1423.40,global >
<1423.82,1423.97,el >
<1423.97,1424.07,que >
<1424.07,1424.62,passa >
<1424.69,1424.92,és >
<1424.92,1425.07,que >
<1425.07,1426.21,l'adopció >
<1426.26,1426.60,s'està >
<1426.60,1427.06,quedant >
<1427.08,1427.78,obsoleta >
<1431.83,1432.03,la >
<1432.03,1432.75,gestació >
<1432.94,1433.74,subrogada >
<1434.10,1434.28,ens >
<1434.28,1434.60,dóna >
<1434.63,1435.03,diferents >
<1435.03,1435.61,avantatges >
<1451.78,1452.16,les >
<1452.16,1452.71,gestacions >
<1452.71,1453.54,subrogades >
<1454.50,1454.70,ens >
<1454.70,1455.36,aporten >
<1455.63,1455.80,un >
<1455.80,1456.27,coneixement >
<1456.27,1456.81,genètic >
<1457.13,1457.29,de >
<1457.29,1457.88,l'embrió >
<1458.27,1458.68,que >
<1458.70,1458.91,ens >
<1458.91,1459.33,podria >
<1459.33,1460.02,permetre >
<1460.24,1460.73,reduir >
<1460.73,1460.85,al >
<1460.85,1461.23,màxim >
<1461.23,1461.39,les >
<1461.39,1462.13,probabilitats >
<1462.13,1462.25,que >
<1462.25,1462.37,té >
<1462.37,1462.77,aquest >
<1463.13,1463.34,de >
<1463.35,1463.98,desenvolupar >
<1463.98,1464.28,alguna >
<1464.28,1464.95,patologia >
<1465.57,1465.96,i >
<1466.74,1467.18,podríem >
<1467.18,1467.57,actuar >
<1467.57,1467.83,sobre >
<1467.83,1468.23,elles >
<1468.37,1468.51,No >
<1469.14,1469.31,que >
<1469.31,1469.38,el >
<1469.38,1469.53,nen >
<1469.53,1469.76,tingui >
<1469.76,1469.90,els >
<1469.90,1470.30,ulls >
<1470.57,1471.12,blaus >
<1471.13,1471.16,o >
<1471.16,1471.29,els >
<1471.29,1471.53,tingui >
<1471.53,1472.01,marrons >
<1472.01,1472.11,o >
<1472.11,1472.20,que >
<1472.20,1472.39,sigui >
<1472.39,1472.53,més >
<1472.53,1472.70,alt >
<1472.70,1472.73,o >
<1472.73,1472.89,més >
<1472.89,1473.22,baix >
<1473.96,1474.09,de >
<1474.10,1474.73,solucionar >
<1474.73,1475.06,algunes >
<1475.06,1475.82,patologies >
<1478.41,1479.30,degut >
<1479.39,1479.60,als >
<1479.60,1480.06,casos >
<1480.06,1480.16,de >
<1480.16,1480.61,nens >
<1481.05,1481.22,en >
<1481.22,1481.59,síndrome >
<1481.59,1482.00,alcohòlic >
<1482.00,1482.57,fetal >
<1482.64,1482.76,que >
<1482.76,1482.79,hi >
<1482.79,1482.85,ha >
<1482.85,1483.13,hagut >
<1483.13,1483.21,en >
<1483.21,1483.36,els >
<1483.36,1483.71,últims >
<1483.71,1484.18,anys >
<1484.75,1484.88,la >
<1484.88,1485.36,confiança >
<1485.36,1485.42,en >
<1485.42,1485.53,les >
<1485.53,1486.41,adopcions >
<1487.05,1487.18,ha >
<1487.18,1487.78,baixat >
<1488.10,1488.38,perquè >
<1488.38,1488.49,la >
<1488.49,1488.89,gent >
<1489.32,1489.45,no >
<1489.45,1489.58,se >
<1489.58,1489.65,la >
<1489.65,1490.26,informava >
<1490.26,1490.36,la >
<1490.36,1490.72,gent >
<1490.90,1491.04,no >
<1491.51,1491.68,que >
<1491.68,1491.76,la >
<1491.76,1491.99,gent >
<1491.99,1492.16,sigui >
<1492.16,1492.39,més >
<1492.39,1492.45,o >
<1492.45,1492.65,menys >
<1492.65,1493.13,solidària >
<1493.13,1493.30,per >
<1493.30,1493.75,voler >
<1494.00,1494.53,adoptar >
<1494.53,1494.67,un >
<1494.67,1494.91,nen >
<1494.91,1495.07,amb >
<1495.07,1495.16,un >
<1495.16,1495.57,trastorn >
<1495.57,1495.61,o >
<1495.61,1495.71,un >
<1495.71,1496.08,altre >
<1504.63,1505.00,els >
<1505.00,1505.75,experts >
<1505.77,1505.99,avui >
<1505.99,1506.06,en >
<1506.06,1506.22,dia >
<1506.22,1506.93,apunten >
<1507.60,1508.28,que >
<1509.66,1510.41,actualment >
<1511.71,1511.97,els >
<1511.97,1512.49,nens >
<1512.50,1513.13,menors >
<1513.13,1513.25,de >
<1513.25,1513.51,tres >
<1513.51,1513.92,anys >
<1514.08,1514.53,sans >
<1514.54,1514.69,que >
<1514.69,1514.77,no >
<1514.77,1515.23,presenten >
<1515.23,1516.04,patologies >
<1516.56,1517.19,actualment >
<1517.19,1517.26,ja >
<1517.26,1517.56,estan >
<1517.56,1517.85,quasi >
<1517.87,1518.13,bé >
<1518.13,1518.45,tots >
<1518.45,1519.16,adoptats >
<1519.36,1520.43,o >
<1521.68,1521.84,ja >
<1521.84,1521.93,han >
<1521.93,1522.15,estat >
<1522.15,1522.77,adoptats >
<1529.19,1529.79,existeixen >
<1529.79,1529.92,dos >
<1529.92,1530.39,grups >
<1531.25,1531.36,la >
<1531.36,1531.77,gent >
<1531.78,1531.85,que >
<1531.85,1531.94,es >
<1531.94,1532.14,pot >
<1532.14,1532.90,permetre >
<1533.04,1533.66,adoptar >
<1534.17,1534.62,i >
<1534.64,1534.80,la >
<1534.80,1535.23,gent >
<1535.60,1536.24,que >
<1536.60,1537.21,vol >
<1537.22,1537.39,un >
<1537.39,1537.65,nadó >
<1537.65,1537.75,de >
<1537.75,1537.95,menys >
<1537.95,1538.03,de >
<1538.03,1538.24,tres >
<1538.24,1538.63,anys >
<1538.78,1539.02,i >
<1539.02,1539.91,possiblement >
<1539.91,1540.06,no >
<1540.06,1540.20,se >
<1540.20,1540.45,sent >
<1540.45,1541.43,capacitada >
<1541.56,1541.71,per >
<1541.71,1541.94,tenir >
<1541.94,1542.03,un >
<1542.03,1542.41,nen >
<1542.47,1542.68,amb >
<1542.68,1543.09,qualsevol >
<1543.09,1543.71,patologia >
<1574.14,1576.31,ha >
<1581.18,1581.55,dit >
<1581.55,1582.26,literalment >
<1582.32,1582.92,l'adopció >
<1582.92,1583.30,s'està >
<1583.30,1583.70,quedant >
<1583.71,1584.38,obsoleta >
<1586.17,1586.28,i >
<1586.28,1586.40,per >
<1586.40,1586.60,això >
<1586.60,1586.75,hem >
<1586.75,1586.83,de >
<1586.83,1587.36,legislar >
<1588.76,1588.95,per >
<1588.95,1589.39,crear >
<1589.44,1589.85,nadons >
<1589.85,1590.23,nous >
<1599.36,1599.87,aquests >
<1599.87,1600.17,nens >
<1600.17,1600.29,que >
<1600.29,1600.48,estan >
<1600.48,1600.69,aquí >
<1600.69,1600.79,al >
<1600.79,1601.07,món >
<1602.47,1602.61,és >
<1602.61,1603.05,igual >
<1606.61,1606.75,el >
<1606.75,1607.22,síndrome >
<1607.87,1608.32,alcohòlic >
<1609.03,1609.62,fetal >
<1610.13,1610.27,és >
<1610.27,1610.38,un >
<1610.38,1610.78,problema >
<1610.78,1610.90,per >
<1610.90,1611.02,les >
<1611.02,1611.35,parelles >
<1611.86,1611.98,que >
<1611.98,1612.24,volen >
<1612.24,1612.72,adoptar >
<1613.02,1613.30,nens >
<1613.30,1613.79,sans >
<1618.06,1618.19,que >
<1618.19,1618.26,no >
<1618.26,1618.32,és >
<1618.32,1618.56,culpa >
<1618.56,1618.99,seva >
<1621.12,1621.26,és >
<1621.26,1621.46,com >
<1621.46,1621.55,el >
<1621.55,1621.69,nen >
<1621.69,1621.80,del >
<1621.80,1622.10,síndrome >
<1622.10,1622.19,de >
<1622.19,1622.44,down >
<1622.96,1623.09,té >
<1623.09,1623.44,síndrome >
<1623.44,1623.53,de >
<1623.53,1623.78,down >
<1623.92,1624.10,ara >
<1624.10,1624.17,no >
<1624.17,1624.25,el >
<1624.25,1624.46,vull >
<1625.32,1625.48,té >
<1625.48,1625.88,síndrome >
<1625.88,1626.20,alcohòlic >
<1626.20,1626.50,fetal >
<1626.95,1627.19,ara >
<1627.19,1627.32,no >
<1627.32,1627.52,vull >
<1628.39,1628.62,això >
<1628.62,1628.70,és >
<1628.70,1628.80,la >
<1628.80,1629.18,gestació >
<1629.18,1630.26,subrogada >
<1635.00,1635.99,biotexcom >
<1636.00,1636.92,ha >
<1638.59,1639.04,estat >
<1639.43,1639.75,una >
<1639.84,1640.49,clínica >
<1641.72,1641.92,amb >
<1641.92,1642.04,un >
<1642.04,1642.73,escàndol >
<1642.77,1643.32,gegant >
<1643.38,1643.51,a >
<1643.51,1644.22,ucraïna >
<1644.49,1644.74,perquè >
<1644.74,1645.30,justament >
<1645.32,1645.75,tenien >
<1645.86,1646.55,genètica >
<1646.56,1646.75,als >
<1646.75,1647.11,nens >
<1647.69,1647.77,que >
<1647.77,1648.11,havien >
<1652.58,1653.15,creat >
<1653.47,1653.57,de >
<1653.57,1653.84,manera >
<1653.84,1654.53,subrogada >
<1654.85,1655.09,perquè >
<1655.09,1655.50,tenien >
<1655.51,1656.06,genètica >
<1656.08,1656.32,d'uns >
<1656.32,1656.59,altres >
<1656.59,1656.90,pares >
<1658.15,1658.18,a >
<1658.18,1658.67,itàlia >
<1659.00,1659.27,d'una >
<1659.27,1659.63,dona >
<1659.99,1660.10,que >
<1660.10,1660.23,va >
<1660.23,1660.43,tenir >
<1660.43,1660.52,un >
<1660.52,1660.79,fill >
<1661.17,1661.38,amb >
<1661.38,1662.05,biotexcom >
<1662.69,1662.81,que >
<1662.81,1662.92,no >
<1662.92,1663.09,té >
<1663.15,1663.26,que >
<1663.26,1663.35,no >
<1663.35,1663.57,porta >
<1663.57,1663.64,la >
<1663.64,1663.84,seva >
<1663.84,1664.39,genètica >
<1664.54,1664.59,i >
<1664.59,1664.70,que >
<1664.70,1664.74,a >
<1664.74,1664.96,més >
<1664.96,1665.31,ara >
<1665.46,1665.62,se >
<1665.62,1665.76,l'han >
<1665.76,1666.03,tret >
<1666.07,1666.31,perquè >
<1666.31,1666.43,no >
<1666.43,1666.58,és >
<1666.58,1666.70,ni >
<1666.70,1666.81,la >
<1666.81,1667.09,mare >
<1667.10,1667.25,ni >
<1667.25,1667.35,la >
<1667.35,1667.81,gestant >
<1667.85,1668.04,ni >
<1668.04,1668.29,res >
<1669.37,1669.50,el >
<1669.50,1669.67,nen >
<1669.67,1669.77,el >
<1669.77,1670.04,tenim >
<1670.04,1670.16,en >
<1670.16,1670.26,un >
<1670.26,1670.82,orfenat >
<1672.31,1672.71,tampoc >
<1673.00,1673.15,el >
<1673.15,1673.34,pot >
<1673.34,1673.78,adoptar >
<1684.02,1684.17,és >
<1684.17,1684.27,una >
<1684.27,1684.60,empresa >
<1684.60,1684.79,que >
<1685.02,1685.35,porta >
<1685.35,1685.84,tècniques >
<1685.84,1686.52,mafioses >
<1687.49,1687.75,molt >
<1687.75,1688.47,dubtoses >
<1698.23,1698.50,dels >
<1698.50,1698.92,efectes >
<1698.92,1699.06,que >
<1699.06,1699.34,té >
<1701.98,1702.15,la >
<1702.15,1702.77,gestació >
<1702.92,1703.08,tan >
<1703.08,1703.70,lucrativa >
<1703.71,1703.87,com >
<1703.87,1704.59,altruista >
<1704.81,1704.90,la >
<1704.90,1705.47,gestació >
<1705.84,1705.98,en >
<1705.98,1706.05,el >
<1706.05,1706.21,cos >
<1706.21,1706.30,de >
<1706.30,1706.38,la >
<1706.38,1706.70,dona >
<1708.27,1708.41,la >
<1708.41,1708.59,dona >
<1708.59,1708.68,es >
<1708.68,1709.41,prepara >
<1709.44,1710.01,físicament >
<1710.01,1710.14,per >
<1710.14,1710.35,tenir >
<1710.35,1710.43,un >
<1710.43,1710.66,nen >
<1711.68,1711.85,la >
<1711.85,1712.26,dona >
<1713.52,1713.75,quan >
<1713.75,1713.99,perd >
<1713.99,1714.11,el >
<1714.11,1714.36,nen >
<1715.38,1715.67,pateix >
<1715.67,1715.80,una >
<1715.80,1716.52,pèrdua >
<1717.16,1717.36,quan >
<1717.36,1717.43,ha >
<1717.43,1717.94,d'entregar >
<1717.94,1718.05,el >
<1718.05,1718.30,nen >
<1718.66,1719.06,pateix >
<1719.06,1719.22,una >
<1719.22,1719.79,pèrdua >
<1723.31,1723.89,reduïm >
<1723.96,1724.17,les >
<1724.17,1724.61,dones >
<1725.51,1725.66,a >
<1725.66,1725.92,un >
<1726.06,1726.77,recipient >
<1727.05,1727.20,amb >
<1727.20,1727.28,la >
<1727.28,1727.68,gestació >
<1727.68,1728.26,subrogada >
<1745.30,1745.44,fa >
<1745.44,1745.59,uns >
<1745.59,1745.89,anys >
<1746.30,1746.50,una >
<1746.50,1746.81,fira >
<1746.81,1746.91,que >
<1746.91,1746.96,hi >
<1746.96,1747.00,ha >
<1747.00,1747.03,a >
<1747.03,1747.40,madrid >
<1748.26,1748.94,on >
<1748.95,1749.61,ofertaven >
<1749.75,1750.18,diferents >
<1750.18,1750.46,tipus >
<1750.46,1750.55,de >
<1750.55,1750.88,dones >
<1751.42,1751.57,per >
<1751.57,1751.83,portar >
<1751.83,1751.92,el >
<1751.92,1752.09,seu >
<1752.09,1752.67,nadó >
<1752.68,1752.77,a >
<1752.77,1752.91,les >
<1752.91,1753.49,parelles >
<1754.04,1754.16,que >
<1754.16,1754.50,volien >
<1754.50,1754.86,gestar >
<1754.86,1754.93,de >
<1754.93,1755.21,manera >
<1755.21,1755.91,subrogada >
<1759.85,1760.45,això >
<1760.46,1760.72,són >
<1760.72,1760.94,dones >
<1760.94,1761.68,explotades >
<1764.49,1764.66,la >
<1770.37,1770.84,situació >
<1770.84,1771.00,dels >
<1771.00,1771.31,països >
<1771.31,1771.39,en >
<1771.39,1771.62,vies >
<1771.62,1771.69,de >
<1771.69,1772.49,desenvolupament >
<1772.50,1772.63,on >
<1772.63,1773.02,abans >
<1773.23,1773.29,es >
<1773.29,1773.54,donava >
<1773.54,1773.75,més >
<1773.75,1774.31,Adopció >
<1774.69,1774.72,ha >
<1775.18,1775.40,anat >
<1775.40,1775.83,millorant >
<1775.83,1775.88,i >
<1775.88,1776.24,bastant >
<1776.24,1776.37,els >
<1776.37,1776.67,últims >
<1776.67,1776.97,anys >
<1777.33,1777.42,i >
<1777.42,1777.53,que >
<1777.53,1777.82,l'últim >
<1777.82,1777.90,que >
<1777.90,1778.16,volen >
<1778.16,1778.35,fer >
<1778.35,1778.51,els >
<1778.51,1778.74,pares >
<1778.74,1778.82,en >
<1778.82,1779.01,aquests >
<1779.01,1779.42,països >
<1779.43,1779.55,és >
<1779.55,1779.96,desprendre's >
<1779.96,1780.11,dels >
<1780.11,1780.28,seus >
<1780.28,1780.57,fills >
<1796.23,1796.72,l'estat >
<1797.91,1798.00,ha >
<1798.00,1798.09,de >
<1798.09,1798.39,pensar >
<1798.39,1798.46,en >
<1798.46,1799.03,col·lectiu >
<1799.53,1799.67,ha >
<1799.67,1799.76,de >
<1799.76,1800.16,protegir >
<1800.16,1800.20,a >
<1800.20,1800.33,les >
<1800.33,1800.77,dones >
<1801.72,1802.18,l'estat >
<1802.25,1802.37,ha >
<1802.37,1802.47,de >
<1802.47,1802.84,protegir >
<1802.84,1802.92,el >
<1802.92,1803.28,feble >
<1804.18,1804.77,l'estat >
<1805.12,1805.28,a >
<1805.28,1805.39,de >
<1806.36,1807.12,controlar >
<1807.14,1807.38,les >
<1807.38,1808.20,llibertats >
<1808.43,1808.55,de >
<1808.55,1808.70,les >
<1808.70,1809.30,persones >
<1812.59,1812.73,la >
<1812.73,1813.04,nostra >
<1813.04,1813.74,llibertat >
<1813.99,1814.86,acaba >
<1814.88,1815.06,on >
<1815.06,1815.61,comença >
<1815.73,1815.87,la >
<1815.87,1815.95,de >
<1815.95,1816.29,l'altre >
<1818.07,1818.30,la >
<1818.30,1818.78,llibertat >
<1818.78,1818.86,de >
<1818.86,1819.00,les >
<1819.00,1819.43,dones >
<1821.64,1821.77,És >
<1821.77,1821.86,la >
<1821.86,1822.24,llibertat >
<1822.24,1822.34,de >
<1822.34,1822.76,triar >
<1823.27,1823.56,quan >
<1823.56,1823.73,una >
<1823.73,1824.22,dona >
<1824.33,1825.13,econòmicament >
<1825.13,1825.28,no >
<1825.28,1825.49,pot >
<1825.49,1825.84,triar >
<1826.73,1826.96,perquè >
<1826.96,1827.06,no >
<1827.06,1827.19,té >
<1827.19,1827.42,cap >
<1827.42,1827.64,altra >
<1827.64,1828.31,alternativa >
<1828.64,1828.75,no >
<1828.75,1828.83,és >
<1828.83,1829.19,lliure >
<1835.21,1835.48,aquest >
<1835.48,1836.15,neoliberalisme >
<1836.15,1836.68,brutal >
<1836.98,1837.12,que >
<1837.12,1837.45,promou >
<1837.45,1837.55,la >
<1837.55,1838.14,llibertat >
<1838.15,1838.33,com >
<1838.33,1838.45,que >
<1838.45,1838.89,nosaltres >
<1838.89,1839.05,fem >
<1839.05,1839.14,el >
<1839.14,1839.23,que >
<1839.23,1839.62,volem >
<1840.23,1840.34,no >
<1840.34,1840.47,és >
<1840.47,1840.85,així >
<1845.53,1845.98,l'estat >
<1845.98,1846.07,per >
<1846.07,1846.53,això >
<1846.60,1847.03,posa >
<1847.22,1847.82,límits >
<1848.92,1849.09,no >
<1849.09,1849.28,tot >
<1849.28,1849.38,és >
<1849.38,1849.48,un >
<1849.48,1849.96,producte >
<1852.07,1852.22,no >
<1852.22,1852.40,tot >
<1852.40,1852.51,es >
<1852.51,1852.69,pot >
<1852.69,1853.02,comprar >
<1853.02,1853.07,i >
<1853.07,1853.44,vendre >
<1855.79,1856.54,l'ètica >
<1859.69,1859.78,de >
<1859.78,1859.84,la >
<1859.84,1860.79,investigació >
<1861.04,1861.13,ha >
<1861.13,1861.36,creat >
<1861.36,1861.74,diferents >
<1861.74,1862.04,tipus >
<1862.04,1862.26,de >
<1862.66,1862.83,de >
<1863.01,1863.64,comitès >
<1864.48,1864.62,que >
<1864.62,1865.20,prohibeixen >
<1865.50,1865.97,aquestes >
<1866.77,1867.21,pràctiques >
<1869.96,1870.11,que >
<1870.11,1870.65,posen >
<1870.66,1871.41,límits >
<1872.36,1872.50,per >
<1872.50,1873.15,garantir >
<1873.39,1873.59,els >
<1873.59,1873.96,drets >
<1874.15,1874.47,dels >
<1874.47,1875.00,humans >
<1875.21,1875.31,i >
<1875.31,1875.49,els >
<1875.49,1876.19,principis >
<1876.36,1877.07,bàsics >
<1881.35,1881.75,la >
<1882.04,1882.58,adopció >
<1882.58,1882.75,com >
<1882.75,1882.81,a >
<1882.81,1883.58,solució >
<1887.59,1887.82,són >
<1887.82,1888.04,nens >
<1888.04,1888.15,que >
<1888.15,1888.25,ja >
<1888.25,1888.52,estan >
<1888.52,1889.23,desemparats >
<1890.04,1890.26,són >
<1890.26,1890.51,nens >
<1890.51,1890.60,que >
<1890.60,1891.10,necessiten >
<1891.10,1891.55,família >
<1892.19,1892.34,de >
<1892.34,1892.60,fet >
<1893.60,1893.88,són >
<1893.88,1894.16,nens >
<1894.16,1894.32,que >
<1894.32,1894.61,tenen >
<1894.61,1894.78,el >
<1894.78,1895.06,dret >
<1895.53,1895.65,a >
<1895.65,1896.04,tenir >
<1896.11,1896.60,pares >
<1898.65,1899.08,l'adopció >
<1899.08,1899.17,és >
<1899.17,1899.29,un >
<1899.29,1899.46,gest >
<1899.46,1899.54,de >
<1899.54,1900.26,generositat >
<1901.74,1903.20,l'adopció >
<1903.71,1903.86,és >
<1903.86,1904.00,una >
<1904.00,1904.68,solució >
<1904.69,1904.82,a >
<1904.82,1905.49,problemes >
<1906.01,1906.15,no >
<1906.15,1906.28,és >
<1906.28,1906.37,la >
<1906.37,1906.79,creació >
<1906.79,1906.88,de >
<1906.88,1907.51,problemes >
<1908.60,1908.79,és >
<1908.79,1908.89,la >
<1908.89,1909.23,solució >
<1909.23,1909.26,a >
<1909.26,1909.63,problemes >
<1909.63,1909.74,que >
<1909.74,1909.85,ja >
<1909.85,1910.57,existeixen >
<1917.11,1917.20,la >
<1917.20,1917.59,gestació >
<1917.59,1918.01,subrogada >
<1918.01,1918.10,és >
<1918.10,1918.35,crear >
<1918.35,1918.48,un >
<1918.48,1918.64,nen >
<1918.64,1918.69,a >
<1918.69,1918.99,mida >
<1920.00,1920.18,és >
<1920.18,1920.45,crear >
<1920.45,1920.56,un >
<1920.56,1920.90,fill >
<1920.95,1921.07,a >
<1921.07,1921.38,mida >
<1921.39,1921.81,sense >
<1921.81,1922.40,problemes >
<1923.97,1924.30,això >
<1924.30,1924.46,no >
<1924.46,1924.63,és >
<1924.63,1924.74,un >
<1924.74,1924.93,gest >
<1924.93,1925.55,d'amor >
<1925.57,1925.86,això >
<1925.86,1926.20,és >
<1926.85,1926.98,un >
<1926.98,1927.48,caprici >
<1961.30,1961.64,la >
<1970.50,1971.20,situació >
<1971.49,1971.64,de >
<1971.64,1971.75,la >
<1971.75,1971.95,dona >
<1971.95,1972.39,gestant >
<1972.39,1972.61,durant >
<1972.61,1973.06,l'embaràs >
<1974.69,1974.80,hi >
<1974.80,1974.89,ha >
<1974.89,1975.24,canvis >
<1975.24,1975.74,hormonals >
<1975.74,1976.17,en >
<1976.20,1976.32,el >
<1976.32,1976.53,cos >
<1976.53,1976.61,de >
<1976.61,1976.71,la >
<1976.71,1977.00,dona >
<1981.07,1981.26,el >
<1982.06,1982.37,model >
<1982.37,1982.45,de >
<1982.45,1982.99,gestació >
<1985.80,1985.94,té >
<1985.94,1986.34,diversos >
<1986.34,1986.92,requisits >
<1987.86,1987.96,el >
<1987.96,1988.40,primer >
<1989.03,1989.21,és >
<1989.21,1989.49,que >
<1989.53,1989.68,la >
<1989.68,1989.92,mare >
<1989.92,1990.15,tingui >
<1990.15,1990.31,més >
<1990.31,1990.39,de >
<1990.39,1990.83,vint-i-cinc >
<1990.83,1991.10,anys >
<1991.11,1991.22,i >
<1991.22,1991.34,ja >
<1991.34,1991.64,hagi >
<1991.77,1992.14,gestat >
<1992.14,1992.25,un >
<1992.25,1992.61,fill >
<1992.96,1993.07,el >
<1993.07,1993.47,segon >
<1993.48,1993.61,és >
<1993.61,1993.71,que >
<1993.71,1993.89,sigui >
<1993.89,1994.44,altruista >
<1994.97,1995.16,per >
<1995.16,1995.51,tant >
<1995.52,1995.69,la >
<1995.69,1996.05,mare >
<1996.09,1996.30,al >
<1996.30,1996.47,haver >
<1996.47,1996.53,ja >
<1996.53,1996.82,gestat >
<1996.82,1996.93,un >
<1996.93,1997.29,fill >
<1997.46,1997.72,ja >
<1997.72,1998.11,coneix >
<1998.11,1998.33,quins >
<1998.33,1998.58,són >
<1998.62,1998.95,els >
<1998.95,1999.58,canvis >
<1999.98,2000.71,hormonals >
<2000.91,2001.02,que >
<2001.02,2001.10,el >
<2001.10,2001.29,cos >
<2001.29,2001.81,patirà >
<2001.87,2001.96,i >
<2001.97,2002.45,sap >
<2002.45,2002.57,si >
<2002.57,2002.68,es >
<2002.68,2002.89,pot >
<2002.89,2003.44,afrontar >
<2003.45,2003.56,o >
<2003.56,2003.83,no >
<2004.21,2004.47,per >
<2004.47,2004.78,tant >
<2004.96,2005.16,ja >
<2005.16,2005.46,sap >
<2005.47,2005.72,si >
<2005.72,2005.88,la >
<2005.88,2006.16,seua >
<2006.16,2006.54,salut >
<2007.07,2007.43,patirà >
<2007.43,2007.66,greus >
<2007.66,2008.04,riscos >
<2010.68,2011.29,o >
<2011.54,2011.95,no >
<2017.03,2017.52,aquesta >
<2018.03,2018.61,gestació >
<2018.61,2019.00,seria >
<2019.09,2019.61,única >
<2019.69,2019.77,i >
<2019.77,2020.58,exclusivament >
<2020.80,2021.47,altruista >
<2021.63,2021.75,per >
<2021.75,2021.85,la >
<2021.85,2022.05,qual >
<2022.05,2022.49,cosa >
<2022.70,2022.87,no >
<2022.87,2023.30,rebria >
<2023.47,2023.77,cap >
<2023.84,2024.52,remuneració >
<2028.07,2028.45,és >
<2039.04,2039.91,èticament >
<2040.83,2041.36,bo >
<2046.62,2046.87,perquè >
<2046.87,2047.16,molta >
<2047.16,2047.52,gent >
<2047.78,2047.91,en >
<2047.91,2047.98,la >
<2047.98,2048.46,societat >
<2048.46,2048.59,que >
<2048.59,2048.73,no >
<2048.73,2048.82,se >
<2048.82,2048.92,li >
<2048.92,2049.31,permet >
<2049.67,2050.06,tenir >
<2050.06,2050.15,un >
<2050.15,2050.43,fill >
<2050.43,2050.60,per >
<2050.60,2050.90,qüestions >
<2050.90,2051.55,d'esterilitat >
<2051.55,2051.93,perquè >
<2051.94,2052.16,són >
<2052.16,2052.85,homosexuals >
<2053.01,2053.29,nous >
<2053.29,2053.57,models >
<2053.57,2053.67,de >
<2053.67,2054.08,família >
<2054.08,2054.16,que >
<2054.16,2054.31,s'han >
<2054.31,2054.55,creat >
<2054.55,2054.62,en >
<2054.62,2054.94,l'últim >
<2054.94,2055.29,segle >
<2057.96,2058.15,és >
<2058.15,2058.58,èticament >
<2058.58,2059.04,correcte >
<2059.89,2060.24,fer-ho >
<2060.24,2060.44,d'una >
<2060.44,2060.69,manera >
<2060.69,2061.21,altruista >
<2062.43,2063.19,perquè >
<2063.40,2063.52,el >
<2063.52,2064.21,nadó >
<2064.30,2064.46,si >
<2064.46,2064.61,se'l >
<2064.61,2064.97,separa >
<2064.97,2065.05,de >
<2065.05,2065.16,la >
<2065.16,2065.37,mare >
<2065.37,2065.58,sols >
<2065.58,2066.05,nàixer >
<2066.75,2066.91,no >
<2066.91,2067.41,tindrà >
<2067.52,2067.70,cap >
<2067.70,2068.19,problema >
<2068.50,2068.66,ni >
<2068.94,2069.17,de >
<2069.17,2069.54,salut >
<2069.55,2069.71,ni >
<2069.71,2070.11,físic >
<2070.11,2070.21,ni >
<2070.22,2070.84,psicològic >
<2072.35,2072.54,la >
<2073.81,2074.38,història >
<2074.38,2074.41,ha >
<2074.41,2074.64,hagut >
<2074.64,2074.95,mares >
<2074.95,2075.07,que >
<2075.07,2075.23,des >
<2075.23,2075.41,del >
<2075.41,2075.77,primer >
<2075.77,2076.04,dia >
<2076.04,2076.21,des >
<2076.21,2076.36,dels >
<2076.36,2076.92,primers >
<2077.27,2077.74,avanços >
<2077.74,2077.81,de >
<2077.81,2077.90,la >
<2077.90,2078.46,societat >
<2078.48,2079.10,han >
<2079.11,2079.61,deixat >
<2079.79,2079.95,el >
<2079.95,2080.08,seu >
<2080.08,2080.29,fill >
<2080.29,2080.35,i >
<2080.35,2080.51,s'han >
<2080.51,2080.89,desentès >
<2080.89,2081.20,d'ell >
<2081.33,2081.86,aquells >
<2081.95,2082.58,nadons >
<2082.91,2083.06,han >
<2083.06,2083.54,continuat >
<2083.54,2084.52,desenvolupant-se >
<2084.56,2084.74,per >
<2084.74,2084.93,les >
<2085.03,2085.43,gràcies >
<2085.43,2085.61,les >
<2085.61,2085.91,cures >
<2085.91,2086.20,d'altres >
<2086.20,2086.75,persones >
<2088.08,2088.44,segle >
<2088.44,2088.87,passat >
<2089.07,2089.22,en >
<2089.22,2089.32,el >
<2089.32,2089.85,naixement >
<2089.85,2089.93,de >
<2089.93,2090.67,molts >
<2090.86,2091.25,nens >
<2091.25,2091.94,prematurs >
<2093.22,2093.42,no >
<2093.42,2093.55,és >
<2093.55,2093.64,que >
<2093.64,2093.73,el >
<2093.73,2093.99,fet >
<2094.00,2094.15,que >
<2094.15,2094.27,se >
<2094.27,2094.55,l'hagués >
<2094.55,2095.04,separat >
<2095.12,2095.30,a >
<2095.30,2095.40,la >
<2095.40,2095.75,mare >
<2095.76,2095.92,al >
<2095.92,2096.29,nadó >
<2096.34,2096.61,durant >
<2096.61,2096.74,les >
<2096.74,2097.11,primeres >
<2097.11,2097.59,setmanes >
<2097.80,2098.04,durant >
<2098.04,2098.13,els >
<2098.13,2098.41,primers >
<2098.41,2098.69,mesos >
<2098.69,2098.80,del >
<2098.80,2099.01,nadó >
<2099.01,2099.14,l'ha >
<2099.20,2099.86,perjudicat >
<2100.12,2100.34,és >
<2100.34,2100.60,que >
<2100.61,2100.84,l'ha >
<2100.84,2101.62,beneficiat >
<2102.02,2102.15,La >
<2102.15,2102.60,majoria >
<2102.60,2102.76,dels >
<2102.76,2102.94,nens >
<2102.94,2103.47,incubadora >
<2103.47,2103.58,no >
<2103.58,2104.32,tirarien >
<2104.33,2104.91,endavant >
<2105.06,2105.23,si >
<2105.23,2105.35,no >
<2105.35,2105.66,fos >
<2105.88,2106.43,perquè >
<2106.62,2106.84,han >
<2106.84,2107.18,estat >
<2107.18,2107.28,en >
<2107.28,2107.44,una >
<2107.44,2108.00,incubadora >
<2114.11,2114.59,el >
<2126.60,2126.86,cos >
<2126.86,2126.93,de >
<2126.93,2127.02,la >
<2127.02,2127.29,mare >
<2127.29,2127.64,després >
<2127.64,2127.72,de >
<2127.72,2128.27,l'adopció >
<2129.11,2129.26,de >
<2129.26,2129.34,la >
<2129.34,2129.56,mare >
<2129.56,2130.11,gestant >
<2130.12,2130.34,s'ha >
<2130.34,2130.77,preparat >
<2130.77,2131.36,internament >
<2131.36,2131.44,de >
<2131.44,2131.72,manera >
<2131.72,2132.22,hormonal >
<2132.51,2132.64,per >
<2132.64,2132.74,als >
<2132.74,2133.04,primers >
<2133.04,2133.26,dies >
<2133.26,2133.34,de >
<2133.34,2133.78,naixement >
<2133.78,2134.05,del >
<2134.06,2134.36,nadó >
<2135.29,2135.68,aquesta >
<2135.68,2136.08,dona >
<2138.40,2138.92,ja >
<2139.17,2139.34,ha >
<2139.34,2139.80,passat >
<2139.89,2140.07,un >
<2140.07,2140.47,procés >
<2140.47,2140.57,de >
<2140.57,2140.87,gestar >
<2140.87,2140.96,un >
<2140.96,2141.17,fill >
<2141.17,2141.57,abans >
<2141.77,2141.96,per >
<2141.96,2142.28,tant >
<2143.03,2143.25,té >
<2143.25,2143.55,clar >
<2143.55,2143.77,que >
<2144.19,2144.54,aquest >
<2144.54,2144.99,vincle >
<2145.00,2145.13,no >
<2145.13,2145.21,li >
<2145.21,2145.68,afectarà >
<2145.68,2145.82,ni >
<2145.82,2145.91,de >
<2145.91,2146.21,manera >
<2146.22,2147.00,psicològica >
<2147.37,2147.57,ni >
<2147.57,2147.63,a >
<2147.63,2147.73,la >
<2147.73,2147.97,seua >
<2147.97,2148.38,salut >
<2148.39,2148.64,perquè >
<2148.64,2148.77,si >
<2148.77,2148.98,no >
<2148.99,2149.15,no >
<2149.15,2149.34,haguera >
<2149.34,2149.70,accedit >
<2149.71,2149.84,a >
<2149.84,2150.12,fer-ho >
<2150.12,2150.22,de >
<2150.22,2150.46,manera >
<2150.46,2150.97,altruista >
<2167.78,2167.93,al >
<2167.93,2168.15,ser >
<2168.15,2168.23,de >
<2168.23,2168.43,manera >
<2168.43,2168.90,altruista >
<2168.90,2168.98,la >
<2168.98,2169.42,majoria >
<2169.42,2169.49,de >
<2169.49,2169.88,vegades >
<2169.88,2169.95,es >
<2169.95,2170.53,tractaria >
<2170.76,2171.00,d'una >
<2171.00,2171.51,persona >
<2171.87,2172.03,o >
<2172.03,2172.78,propera >
<2172.80,2172.93,o >
<2172.93,2173.23,sinó >
<2173.23,2173.32,de >
<2173.32,2173.42,la >
<2173.42,2173.80,mateixa >
<2173.80,2174.33,família >
<2174.58,2174.81,la >
<2174.81,2175.21,que >
<2175.40,2175.55,ha >
<2175.55,2175.85,gestat >
<2175.85,2175.95,el >
<2175.95,2176.24,nadó >
<2176.25,2176.37,i >
<2176.37,2176.53,per >
<2176.53,2176.85,tant >
<2176.85,2177.07,durant >
<2177.07,2177.16,els >
<2177.16,2177.45,primers >
<2177.45,2177.73,dies >
<2177.73,2178.04,podria >
<2178.04,2178.43,continuar >
<2178.43,2178.82,tenint >
<2178.82,2179.20,contacte >
<2179.20,2179.30,amb >
<2179.30,2179.37,el >
<2179.37,2179.63,nadó >
<2182.97,2183.06,ha >
<2183.06,2183.22,dit >
<2183.22,2183.28,que >
<2183.28,2183.39,els >
<2183.39,2184.13,homosexuals >
<2184.13,2184.21,i >
<2184.21,2184.40,les >
<2184.55,2184.86,les >
<2184.86,2185.26,persones >
<2185.26,2185.87,solteres >
<2186.08,2186.19,no >
<2186.19,2186.40,poden >
<2186.40,2186.61,tenir >
<2186.61,2186.93,fills >
<2188.00,2188.24,a >
<2188.25,2188.66,espanya >
<2188.66,2188.89,la >
<2188.94,2189.54,adopció >
<2189.63,2189.81,és >
<2189.81,2190.46,gratuïta >
<2190.91,2191.11,les >
<2191.11,2191.49,persones >
<2191.49,2192.02,homosexuals >
<2192.02,2192.27,poden >
<2192.27,2192.81,adoptar >
<2192.90,2192.99,i >
<2192.99,2193.14,les >
<2193.14,2193.55,dones >
<2193.81,2194.32,solteres >
<2194.32,2194.58,poden >
<2194.58,2194.81,tenir >
<2194.81,2195.22,fills >
<2198.01,2198.54,problemes >
<2198.54,2198.95,de >
<2198.96,2199.71,l'adopció >
<2202.11,2202.88,s'adopten >
<2202.93,2203.42,nens >
<2203.42,2203.59,que >
<2203.59,2204.13,pateixen >
<2204.14,2204.84,malalties >
<2205.12,2205.28,que >
<2205.28,2205.37,no >
<2205.37,2205.54,són >
<2205.54,2206.08,conegudes >
<2206.08,2206.54,abans >
<2207.41,2207.68,aquells >
<2207.68,2207.86,nens >
<2207.86,2207.94,no >
<2207.94,2208.12,tenen >
<2208.12,2208.20,la >
<2208.20,2208.48,culpa >
<2208.48,2208.56,de >
<2208.56,2208.80,patir >
<2208.80,2209.09,aquesta >
<2209.09,2209.64,malaltia >
<2218.78,2219.04,molts >
<2219.04,2219.69,homosexuals >
<2219.69,2219.97,quan >
<2220.10,2220.40,busquen >
<2220.40,2220.48,la >
<2220.48,2220.81,gestació >
<2220.81,2221.32,subrogada >
<2221.32,2221.71,busquen >
<2221.71,2221.94,això >
<2221.94,2222.26,busquen >
<2222.26,2222.36,un >
<2222.36,2222.56,fill >
<2222.56,2222.69,del >
<2222.69,2222.79,que >
<2222.79,2223.12,poder >
<2223.30,2223.60,fer-se >
<2223.60,2223.91,càrrec >
<2223.91,2224.18,busquen >
<2224.18,2224.28,un >
<2224.28,2224.73,fill >
<2224.82,2225.03,de >
<2225.03,2225.17,què >
<2225.17,2225.43,poder >
<2225.43,2225.94,educar-lo >
<2225.94,2226.56,correctament >
<2226.56,2226.73,sense >
<2226.73,2226.79,que >
<2226.79,2226.96,aquest >
<2226.96,2227.28,fill >
<2227.29,2227.53,tingué >
<2227.53,2228.05,problemes >
<2232.75,2233.10,durant >
<2233.10,2233.21,els >
<2233.22,2233.70,últims >
<2233.70,2233.83,anys >
<2233.83,2233.90,de >
<2233.90,2234.55,franquisme >
<2234.56,2234.81,durant >
<2234.81,2234.90,els >
<2234.90,2235.25,primers >
<2235.25,2235.52,anys >
<2235.52,2235.60,de >
<2235.60,2235.69,la >
<2235.69,2236.29,transició >
<2236.49,2236.70,quan >
<2236.70,2236.94,aquí >
<2236.94,2237.02,no >
<2237.02,2237.16,se >
<2237.16,2237.41,podia >
<2237.41,2237.89,avortar >
<2238.72,2238.92,si >
<2238.92,2239.03,tu >
<2239.03,2239.11,et >
<2239.11,2239.47,quedaves >
<2239.47,2240.03,embarassada >
<2240.03,2240.32,tenies >
<2240.32,2240.55,dues >
<2240.55,2241.10,opcions >
<2241.69,2241.89,si >
<2241.89,2242.11,eres >
<2242.11,2242.30,una >
<2242.30,2242.74,persona >
<2242.74,2243.14,rica >
<2243.23,2243.60,podries >
<2243.60,2243.83,anar >
<2243.83,2243.86,a >
<2243.86,2244.36,londres >
<2244.36,2244.39,a >
<2244.40,2244.90,avortar >
<2248.02,2248.46,ara >
<2248.78,2248.94,quan >
<2248.94,2249.27,fores >
<2249.27,2249.48,una >
<2249.48,2249.97,dona >
<2250.07,2250.53,pobre >
<2251.13,2251.66,havies >
<2251.67,2252.06,de >
<2252.15,2252.63,recórrer >
<2252.63,2252.69,a >
<2252.69,2252.82,dues >
<2252.82,2253.26,coses >
<2253.57,2253.71,la >
<2253.71,2254.10,primera >
<2254.10,2254.47,posar >
<2254.47,2254.58,en >
<2254.58,2254.87,risc >
<2254.87,2254.99,la >
<2254.99,2255.21,teva >
<2255.21,2255.68,salut >
<2257.45,2257.68,en >
<2258.29,2258.45,un >
<2258.45,2258.89,avortament >
<2258.89,2259.46,clandestí >
<2259.76,2260.05,o >
<2260.05,2260.32,tindre >
<2260.32,2260.42,un >
<2260.42,2260.66,fill >
<2260.66,2260.77,no >
<2260.77,2261.32,desitjat >
<2262.52,2262.74,quan >
<2262.74,2263.02,parlem >
<2263.02,2263.08,de >
<2263.08,2263.51,gestació >
<2263.51,2263.99,subrogada >
<2263.99,2264.22,estem >
<2264.22,2264.51,parlant >
<2264.51,2264.97,exactament >
<2264.97,2265.07,del >
<2265.07,2265.53,mateix >
<2271.73,2272.34,bé >
<2357.95,2358.17,bona >
<2358.17,2358.65,tarda >
<2358.80,2358.94,el >
<2358.94,2359.05,meu >
<2359.05,2359.22,nom >
<2359.22,2359.34,és >
<2359.34,2359.54,laia >
<2359.54,2360.03,cunillera >
<2360.03,2360.32,moltes >
<2360.32,2360.65,gràcies >
<2360.65,2360.75,al >
<2360.75,2361.04,públic >
<2361.04,2361.61,assistent >
<2361.61,2361.73,al >
<2361.73,2362.23,jurat >
<2362.24,2362.35,i >
<2362.35,2362.45,a >
<2362.45,2362.83,l'equip >
<2362.83,2363.43,contrincant >
<2363.43,2363.54,per >
<2363.54,2363.76,aquest >
<2363.76,2364.07,debat >
<2364.07,2364.22,tan >
<2364.22,2364.69,intens >
<2364.69,2364.78,que >
<2364.78,2364.86,hem >
<2364.86,2365.42,mantingut >
<2365.95,2366.21,així >
<2366.21,2366.49,doncs >
<2366.49,2366.60,ve >
<2366.60,2366.67,a >
<2366.67,2367.15,concloure >
<2367.15,2367.23,la >
<2367.23,2367.59,nostra >
<2367.59,2367.87,tesi >
<2367.87,2367.97,la >
<2367.97,2368.28,nostra >
<2368.28,2368.91,proposta >
<2370.32,2370.53,és >
<2370.53,2370.65,un >
<2370.65,2371.05,model >
<2371.06,2371.21,on >
<2371.21,2371.30,no >
<2371.30,2371.39,hi >
<2371.39,2371.64,hagi >
<2371.64,2371.91,cap >
<2371.91,2372.30,tipus >
<2372.30,2372.43,de >
<2372.43,2373.18,compensació >
<2373.18,2373.81,econòmica >
<2373.81,2373.99,pel >
<2373.99,2374.32,mig >
<2374.50,2374.66,és >
<2374.66,2374.78,un >
<2374.78,2375.16,model >
<2375.16,2375.38,com >
<2375.38,2375.50,bé >
<2375.50,2375.59,hem >
<2375.59,2376.22,esmentat >
<2376.23,2376.53,on >
<2376.54,2376.69,la >
<2376.69,2377.31,gestant >
<2377.46,2377.99,compleixi >
<2377.99,2378.15,una >
<2378.15,2378.43,sèrie >
<2378.43,2378.49,de >
<2378.49,2379.09,requisits >
<2379.09,2379.26,com >
<2379.26,2379.39,per >
<2379.39,2379.93,exemple >
<2379.95,2380.22,ser >
<2380.22,2380.52,major >
<2380.52,2380.60,de >
<2380.60,2381.13,vint-i-cinc >
<2381.13,2381.45,anys >
<2381.46,2381.56,i >
<2381.56,2381.88,menor >
<2381.88,2381.97,de >
<2381.97,2382.78,quaranta-cinc >
<2383.11,2383.33,ja >
<2383.33,2383.60,hagi >
<2383.60,2383.91,sigut >
<2383.91,2384.16,mare >
<2384.16,2384.85,anteriorment >
<2384.86,2384.98,i >
<2384.98,2385.19,hagi >
<2385.19,2385.78,complert >
<2385.79,2385.94,el >
<2385.94,2386.16,seu >
<2386.16,2386.59,desig >
<2386.59,2386.76,de >
<2386.76,2387.02,tenir >
<2387.02,2387.59,fills >
<2388.65,2388.91,també >
<2388.91,2389.37,defensem >
<2389.37,2389.49,un >
<2389.49,2389.90,model >
<2391.03,2391.31,on >
<2391.53,2392.04,aquesta >
<2392.04,2392.39,dona >
<2392.39,2393.03,gestant >
<2393.28,2393.53,tingui >
<2393.53,2393.72,una >
<2394.40,2395.27,estabilitat >
<2395.35,2396.10,econòmica >
<2396.55,2396.73,com >
<2396.73,2397.30,social >
<2397.93,2398.19,també >
<2398.19,2398.42,volem >
<2398.42,2399.06,recalcar >
<2399.06,2399.21,que >
<2399.21,2399.75,considerem >
<2399.75,2400.43,important >
<2400.62,2400.76,que >
<2400.76,2401.27,l'òvul >
<2401.28,2401.47,en >
<2401.47,2401.70,cap >
<2401.71,2402.14,cas >
<2402.15,2402.68,sigui >
<2402.68,2402.78,de >
<2402.78,2402.88,la >
<2402.88,2403.24,mateixa >
<2403.24,2403.70,persona >
<2403.70,2403.81,que >
<2403.81,2404.05,està >
<2404.05,2404.59,gestant >
<2404.60,2404.71,i >
<2404.71,2404.90,per >
<2404.90,2405.22,tant >
<2405.45,2405.59,la >
<2405.59,2405.91,donant >
<2405.91,2405.99,de >
<2405.99,2406.40,l'òvul >
<2406.41,2406.50,i >
<2406.50,2406.65,la >
<2406.65,2406.90,donant >
<2406.90,2407.39,d'embrió >
<2407.40,2407.79,haurien >
<2407.79,2407.88,de >
<2407.88,2408.03,ser >
<2408.03,2408.76,diferents >
<2409.96,2410.32,i >
<2410.33,2410.48,com >
<2410.48,2410.54,a >
<2410.54,2410.91,requisit >
<2410.91,2411.58,fonamental >
<2411.60,2412.41,considerem >
<2412.44,2412.89,que >
<2413.24,2414.27,la >
<2414.54,2414.99,parella >
<2414.99,2415.09,que >
<2415.09,2415.81,sol·liciti >
<2416.51,2416.65,la >
<2416.65,2417.05,gestació >
<2417.05,2417.65,subrogada >
<2417.66,2417.77,ha >
<2417.77,2418.02,d'haver >
<2418.02,2418.56,exhaurit >
<2418.63,2418.86,tots >
<2418.86,2419.03,els >
<2419.03,2419.50,mètodes >
<2419.50,2420.15,possibles >
<2420.17,2421.01,anteriorment >
<2422.62,2422.81,és >
<2422.81,2422.98,ben >
<2422.98,2423.23,clar >
<2423.23,2423.33,que >
<2423.33,2423.49,com >
<2423.49,2423.62,en >
<2423.62,2424.08,qualsevol >
<2424.08,2424.35,altra >
<2424.35,2424.78,llei >
<2424.94,2425.11,si >
<2425.11,2425.43,alguna >
<2425.43,2425.83,persona >
<2425.83,2426.19,intenta >
<2426.19,2426.84,estimular-la >
<2426.85,2427.13,o >
<2427.16,2427.62,intenta >
<2427.62,2427.72,fer >
<2427.72,2427.81,un >
<2427.81,2428.16,frau >
<2428.17,2428.48,serà >
<2428.48,2429.05,sancionada >
<2429.05,2429.70,degudament >
<2430.95,2431.69,considerem >
<2432.23,2432.63,que >
<2432.71,2432.92,en >
<2432.92,2433.12,cap >
<2433.12,2433.46,cas >
<2433.48,2433.65,el >
<2433.65,2434.31,contracte >
<2434.46,2434.93,podrà >
<2434.95,2435.39,ser >
<2435.40,2436.11,revocat >
<2437.42,2437.48,la >
<2437.48,2437.87,gestació >
<2437.87,2438.39,subrogada >
<2438.39,2438.42,ha >
<2438.42,2439.09,augmentat >
<2439.09,2439.19,la >
<2439.19,2439.44,seva >
<2439.44,2439.88,pràctica >
<2439.88,2439.96,en >
<2439.96,2440.10,els >
<2440.10,2440.41,darrers >
<2440.41,2440.86,anys >
<2441.14,2441.27,no >
<2441.27,2441.56,obstant >
<2441.56,2441.99,això >
<2442.00,2442.15,és >
<2442.15,2442.70,quelcom >
<2442.86,2442.99,que >
<2442.99,2443.10,ve >
<2443.10,2443.22,de >
<2443.22,2443.52,molt >
<2443.52,2443.69,més >
<2443.69,2444.18,enrere >
<2444.82,2445.05,fins >
<2445.05,2445.13,i >
<2445.13,2445.44,tot >
<2445.45,2445.59,en >
<2445.59,2445.90,l'antic >
<2445.90,2446.56,testament >
<2446.76,2446.87,hi >
<2446.87,2447.21,trobem >
<2447.21,2447.97,referències >
<2447.97,2448.76,concretament >
<2448.80,2448.97,en >
<2448.97,2449.04,el >
<2449.04,2449.29,llibre >
<2449.29,2449.41,de >
<2449.41,2450.00,gènesi >
<2450.10,2450.60,trenta >
<2450.91,2451.05,que >
<2451.05,2451.18,ens >
<2451.18,2451.46,narra >
<2451.46,2451.55,la >
<2451.55,2451.90,història >
<2451.90,2451.99,de >
<2451.99,2452.32,raquel >
<2452.32,2452.37,i >
<2452.37,2452.86,jacob >
<2453.27,2453.85,raquel >
<2454.47,2454.65,era >
<2454.65,2455.31,infèrtil >
<2455.74,2455.87,no >
<2455.87,2455.98,li >
<2455.98,2456.30,podia >
<2456.30,2456.53,donar >
<2456.53,2457.01,fills >
<2457.31,2457.43,i >
<2457.43,2457.57,li >
<2457.57,2458.11,digué >
<2458.17,2458.34,pren >
<2458.34,2458.42,la >
<2458.42,2458.67,meva >
<2458.67,2459.19,serventa >
<2459.19,2459.61,vila >
<2459.62,2459.73,i >
<2459.73,2459.98,així >
<2459.98,2460.26,tindré >
<2460.26,2460.53,fills >
<2460.53,2460.96,gràcies >
<2460.96,2461.03,a >
<2461.03,2461.44,ella >
<2462.17,2462.33,no >
<2462.33,2462.40,en >
<2462.40,2462.79,tingueren >
<2462.79,2462.96,ni >
<2462.96,2463.07,un >
<2463.07,2463.22,ni >
<2463.22,2463.55,dos >
<2463.58,2463.72,en >
<2463.72,2464.28,tingueren >
<2464.32,2464.81,dotze >
<2464.96,2465.13,com >
<2465.13,2465.22,bé >
<2465.22,2465.71,sabrem >
<2466.95,2467.10,per >
<2467.10,2467.49,tant >
<2467.52,2467.82,això >
<2467.82,2467.91,no >
<2467.91,2468.05,és >
<2468.05,2468.35,res >
<2468.36,2468.51,del >
<2468.51,2468.97,present >
<2468.97,2469.19,sino >
<2469.19,2469.32,que >
<2469.32,2469.65,ve >
<2469.67,2469.87,de >
<2469.87,2470.12,més >
<2470.12,2470.59,enrere >
<2471.35,2471.60,és >
<2471.60,2471.98,cert >
<2471.98,2472.10,que >
<2472.10,2472.21,la >
<2472.21,2472.74,ciència >
<2472.74,2473.17,avança >
<2473.17,2473.25,i >
<2473.25,2473.54,així >
<2473.54,2473.64,es >
<2473.64,2474.41,desenvolupen >
<2474.41,2474.72,nous >
<2474.72,2475.14,métodes >
<2475.14,2475.22,de >
<2475.22,2475.80,reproducció >
<2475.80,2476.32,assistida >
<2476.33,2476.36,i >
<2476.70,2476.90,els >
<2476.90,2477.14,qulas >
<2477.14,2477.28,no >
<2477.28,2477.57,poden >
<2477.57,2477.85,ser >
<2477.97,2478.56,ignorats >
<2478.62,2478.88,per >
<2478.88,2478.98,la >
<2478.98,2479.67,societat >
<2479.86,2480.02,ni >
<2480.02,2480.21,per >
<2480.21,2480.38,les >
<2480.38,2480.82,lleis >
<2482.53,2482.77,no >
<2482.77,2482.95,ens >
<2482.95,2483.32,podem >
<2483.32,2483.75,negar >
<2483.92,2484.08,el >
<2484.08,2484.79,procés >
<2485.18,2485.36,al >
<2485.36,2485.67,dret >
<2485.68,2485.85,en >
<2485.85,2486.06,cap >
<2486.06,2486.34,cas >
<2486.35,2486.51,es >
<2486.51,2486.69,pot >
<2486.69,2487.28,desentedre >
<2487.28,2487.49,d'un >
<2487.49,2487.70,tema >
<2487.70,2487.78,en >
<2487.78,2488.23,qüestió >
<2488.23,2488.45,com >
<2488.51,2488.73,ens >
<2488.73,2489.16,ocupa >
<2489.35,2489.46,i >
<2489.46,2489.84,menys >
<2489.85,2489.95,ho >
<2489.95,2490.16,pot >
<2490.16,2490.44,fer >
<2490.45,2490.67,si >
<2490.67,2490.78,hi >
<2490.78,2490.94,ha >
<2490.95,2491.10,en >
<2491.10,2491.56,qüestió >
<2491.57,2491.76,un >
<2491.76,2491.96,dret >
<2491.96,2492.46,fonamental >
<2492.46,2492.52,a >
<2492.52,2492.65,la >
<2492.65,2492.99,vida >
<2493.16,2493.32,el >
<2493.32,2493.53,dret >
<2493.54,2494.28,fonamental >
<2494.33,2494.80,emparat >
<2494.80,2494.93,per >
<2494.93,2495.42,l'article >
<2495.42,2495.78,quinze >
<2495.78,2495.88,de >
<2495.88,2495.97,la >
<2495.97,2496.32,nostra >
<2496.32,2497.09,constitució >
<2498.00,2498.19,és >
<2498.19,2498.47,més >
<2498.47,2499.08,considerem >
<2499.08,2499.16,que >
<2499.16,2499.30,els >
<2499.30,2499.78,possibles >
<2499.78,2500.06,fraus >
<2500.06,2500.17,de >
<2500.17,2500.49,llei >
<2500.61,2500.70,i >
<2500.70,2500.87,les >
<2500.87,2501.31,possibles >
<2501.31,2502.05,conseqüències >
<2502.05,2502.13,que >
<2502.13,2502.46,algunes >
<2502.46,2502.95,persones >
<2502.95,2503.38,poguessin >
<2503.38,2503.62,donar >
<2503.62,2503.65,a >
<2503.66,2504.08,aquesta >
<2504.08,2504.39,llei >
<2504.55,2504.68,no >
<2504.68,2504.76,és >
<2504.76,2504.86,un >
<2504.86,2505.33,argument >
<2505.33,2505.43,de >
<2505.43,2505.81,pes >
<2505.81,2505.98,com >
<2505.98,2506.12,per >
<2506.12,2506.23,no >
<2506.23,2506.64,fer-ho >
<2506.86,2507.01,ja >
<2507.01,2507.11,que >
<2507.11,2507.21,si >
<2507.21,2507.34,els >
<2507.34,2507.95,parlaments >
<2507.95,2508.01,a >
<2508.01,2508.22,l'hora >
<2508.22,2508.62,d'aprovar >
<2508.62,2508.76,una >
<2508.76,2509.11,llei >
<2509.21,2509.48,només >
<2509.48,2509.59,es >
<2509.59,2510.18,fixéssim >
<2510.19,2510.33,en >
<2510.33,2510.58,les >
<2510.58,2511.02,possibles >
<2511.02,2511.26,fraus >
<2511.26,2511.36,de >
<2511.36,2511.53,llei >
<2511.53,2511.63,que >
<2511.63,2511.82,se'n >
<2511.82,2512.18,podrien >
<2512.18,2512.83,derivar >
<2513.17,2513.34,no >
<2513.34,2514.00,legislaren >
<2514.00,2514.32,res >
<2514.32,2514.77,tindríem >
<2514.77,2515.31,ordenaments >
<2515.31,2515.78,jurídics >
<2515.78,2516.20,rígids >
<2516.21,2516.29,i >
<2516.29,2517.05,constitucions >
<2517.05,2517.16,que >
<2517.16,2517.32,mai >
<2517.32,2517.69,serien >
<2517.69,2518.51,reformades >
<2519.98,2520.30,d'altra >
<2520.30,2520.55,banda >
<2520.55,2520.82,volem >
<2520.82,2520.93,fer >
<2520.93,2521.46,referència >
<2521.46,2521.52,que >
<2521.52,2521.60,el >
<2521.60,2522.08,concepte >
<2522.08,2522.19,de >
<2522.19,2523.04,maternitat >
<2523.67,2524.58,avançat >
<2525.70,2525.85,en >
<2525.85,2526.00,els >
<2526.00,2526.37,últims >
<2526.37,2526.78,anys >
<2527.43,2527.57,la >
<2527.57,2528.27,maternitat >
<2528.28,2528.42,en >
<2528.42,2528.56,els >
<2528.56,2528.81,temps >
<2528.81,2528.96,més >
<2528.96,2529.81,ancestrals >
<2529.94,2530.50,s'atorgava >
<2530.50,2530.67,per >
<2530.67,2530.78,la >
<2530.78,2531.08,regla >
<2531.08,2531.59,romana >
<2531.60,2532.07,mater >
<2532.07,2532.57,semper >
<2532.57,2532.95,carta >
<2532.95,2533.33,est >
<2533.71,2533.87,la >
<2533.87,2534.15,mare >
<2534.15,2534.54,sempre >
<2534.54,2535.05,certa >
<2535.27,2535.56,mentre >
<2535.56,2535.65,que >
<2535.65,2535.75,la >
<2535.75,2536.60,paternitat >
<2536.61,2537.34,s'atorgava >
<2537.40,2537.55,per >
<2537.55,2538.42,presumpcions >
<2538.68,2539.22,això >
<2539.23,2539.63,avui >
<2539.64,2539.98,segle >
<2539.98,2540.38,vint-i-u >
<2540.38,2540.54,dos >
<2540.54,2540.83,mil >
<2540.83,2541.18,nou >
<2541.30,2541.48,ja >
<2541.48,2541.57,no >
<2541.57,2541.65,és >
<2541.65,2541.98,així >
<2541.98,2542.20,això >
<2542.20,2542.24,ha >
<2542.24,2542.69,canviat >
<2542.92,2543.15,fins >
<2543.15,2543.22,i >
<2543.22,2543.39,tot >
<2543.39,2543.54,ara >
<2543.54,2543.68,ens >
<2543.68,2544.08,podríem >
<2544.08,2544.60,plantejar >
<2544.60,2544.70,si >
<2544.70,2545.33,existeixen >
<2545.33,2545.78,diferents >
<2545.78,2546.28,tipus >
<2546.31,2546.45,de >
<2546.45,2547.14,maternitat >
<2548.34,2548.41,la >
<2548.41,2549.04,gestació >
<2549.05,2549.46,ajuda >
<2549.47,2549.56,a >
<2549.56,2549.78,tots >
<2549.78,2550.07,aquests >
<2550.07,2550.92,col·lectius >
<2551.41,2551.54,a >
<2551.54,2551.77,tenir >
<2551.77,2552.28,fills >
<2552.52,2552.55,i >
<2552.67,2552.78,a >
<2552.78,2553.03,poder >
<2553.03,2553.18,ser >
<2553.18,2553.65,pares >
<2554.01,2554.12,a >
<2554.12,2554.31,poder >
<2554.31,2554.88,experimentar >
<2554.88,2555.15,aquesta >
<2555.15,2555.69,sensació >
<2555.70,2556.09,estic >
<2556.10,2556.28,ben >
<2556.28,2556.83,segura >
<2557.14,2557.26,que >
<2557.26,2557.50,tots >
<2557.50,2557.66,els >
<2557.66,2557.80,que >
<2558.39,2558.75,l'haureu >
<2558.75,2559.27,passat >
<2559.45,2559.62,és >
<2559.62,2559.74,la >
<2559.74,2559.98,millor >
<2559.98,2560.20,cosa >
<2560.20,2560.28,que >
<2560.28,2560.37,us >
<2560.37,2560.44,ha >
<2560.44,2560.69,passat >
<2560.69,2560.74,a >
<2560.74,2560.84,la >
<2560.84,2561.16,vostra >
<2561.16,2561.47,vida >
<2562.53,2562.64,no >
<2562.64,2562.71,hi >
<2562.71,2562.78,ha >
<2562.78,2563.02,dret >
<2563.02,2563.08,que >
<2563.08,2563.24,una >
<2563.24,2563.84,persona >
<2564.06,2564.30,hagi >
<2564.30,2564.41,de >
<2564.41,2564.90,gastar-se >
<2564.90,2565.21,milers >
<2565.21,2565.27,i >
<2565.27,2565.53,milers >
<2565.53,2565.63,de >
<2565.63,2566.00,dòlars >
<2566.01,2566.10,i >
<2566.10,2566.54,viatjar >
<2566.55,2566.65,a >
<2566.65,2566.90,l'altra >
<2566.90,2567.21,punta >
<2567.21,2567.38,del >
<2567.38,2567.65,món >
<2567.66,2567.82,per >
<2567.82,2568.08,poder >
<2568.08,2568.24,ser >
<2568.24,2568.80,pares >
<2569.81,2570.00,amb >
<2570.00,2570.18,quina >
<2570.18,2570.72,autoritat >
<2570.72,2571.18,moral >
<2571.19,2571.34,es >
<2571.34,2571.53,pot >
<2571.53,2572.03,evitar >
<2572.07,2572.16,que >
<2572.16,2572.25,un >
<2572.25,2572.50,nucli >
<2572.50,2573.08,familiar >
<2573.08,2573.28,ple >
<2573.28,2573.71,d'amor >
<2573.96,2574.34,ompli >
<2574.34,2574.43,la >
<2574.43,2574.65,llar >
<2574.65,2574.77,amb >
<2574.77,2574.90,els >
<2574.90,2575.09,seus >
<2575.09,2575.39,fruits >
<2575.39,2575.57,tan >
<2575.57,2576.35,desitjats >
<2576.85,2577.14,quina >
<2577.14,2577.59,llei >
<2577.63,2577.86,ens >
<2577.86,2578.14,pot >
<2578.17,2578.84,prohibir >
<2579.12,2579.82,acaronar >
<2580.07,2580.21,el >
<2580.21,2580.52,nostre >
<2580.52,2580.88,nadó >
<2581.13,2581.25,i >
<2581.25,2581.62,menys >
<2581.63,2581.77,si >
<2581.77,2582.18,aquesta >
<2582.18,2582.55,llei >
<2582.62,2582.90,és >
<2583.12,2583.76,segura >
<2583.97,2584.67,altruista >
<2584.93,2585.02,i >
<2585.02,2585.59,seriosa >
<2585.90,2586.22,moltes >
<2586.22,2586.70,gràcies >
<2634.96,2636.22,l'equip >
<2636.22,2636.72,contrari >
<2636.72,2636.78,ha >
<2636.78,2637.66,començat >
<2637.70,2637.94,la >
<2637.94,2638.17,seva >
<2638.17,2639.01,exposició >
<2639.21,2639.72,dient >
<2639.72,2639.93,no >
<2639.93,2640.64,d'entrada >
<2640.93,2641.04,a >
<2641.04,2641.80,la >
<2641.99,2642.56,gestació >
<2642.56,2643.07,subrogada >
<2643.07,2643.71,lucrativa >
<2644.81,2644.92,i >
<2644.92,2645.07,és >
<2645.07,2645.49,cert >
<2646.30,2646.48,tant >
<2646.48,2646.69,ells >
<2646.69,2646.85,com >
<2646.85,2647.50,nosaltres >
<2647.97,2648.28,són >
<2648.28,2648.51,ben >
<2648.51,2649.28,conscients >
<2649.65,2650.17,dels >
<2650.17,2650.59,efectes >
<2650.59,2651.32,perniciosos >
<2651.32,2651.46,que >
<2651.46,2651.89,genera >
<2651.89,2652.05,la >
<2652.06,2652.71,legalització >
<2652.71,2653.07,d'aquesta >
<2653.07,2653.76,pràctica >
<2654.39,2654.54,de >
<2654.54,2654.99,qualsevol >
<2654.99,2655.46,manera >
<2656.95,2657.10,pèro >
<2657.10,2657.20,és >
<2657.20,2657.40,que >
<2657.89,2658.04,hem >
<2658.04,2658.38,vingut >
<2658.38,2658.57,aquí >
<2658.57,2658.65,a >
<2658.65,2659.35,parlar >
<2659.38,2659.53,de >
<2659.53,2659.81,quina >
<2659.81,2660.33,manera >
<2661.15,2662.12,perquè >
<2662.71,2663.13,quan >
<2663.50,2664.18,diuen >
<2664.19,2664.36,de >
<2664.36,2664.89,crear >
<2664.95,2665.12,un >
<2665.12,2665.82,sistema >
<2666.62,2666.75,que >
<2666.75,2667.20,serveixi >
<2667.20,2667.33,de >
<2667.33,2668.11,protecció >
<2668.82,2668.96,no >
<2668.96,2669.10,ens >
<2669.10,2669.48,diuen >
<2669.78,2669.92,a >
<2669.92,2670.28,qui >
<2670.29,2670.60,volen >
<2670.60,2671.23,protegir >
<2671.69,2671.89,perquè >
<2671.89,2671.97,en >
<2671.97,2672.55,veritat >
<2672.76,2673.08,estan >
<2673.08,2673.58,amagant >
<2673.60,2673.63,a >
<2673.68,2673.90,qui >
<2673.90,2674.26,estan >
<2674.26,2674.92,protegint >
<2678.35,2679.15,nosaltres >
<2679.54,2679.67,us >
<2679.67,2679.81,hem >
<2679.81,2680.33,explicat >
<2680.34,2680.67,com >
<2680.88,2681.06,la >
<2681.06,2681.53,gestació >
<2681.53,2682.27,subrogada >
<2682.77,2683.35,situa >
<2683.36,2683.87,l'oferta >
<2683.87,2683.95,al >
<2683.95,2684.29,tercer >
<2684.29,2684.62,món >
<2684.98,2685.07,i >
<2685.07,2685.20,la >
<2685.20,2685.56,demanda >
<2685.56,2685.68,el >
<2685.68,2686.01,primer >
<2686.01,2686.34,món >
<2687.26,2687.38,i >
<2687.38,2687.85,com >
<2688.05,2688.27,als >
<2688.27,2688.59,països >
<2688.59,2688.81,del >
<2688.91,2689.20,primer >
<2689.20,2689.66,món >
<2690.97,2691.29,aquest >
<2691.29,2691.82,sistema >
<2692.09,2692.31,també >
<2692.31,2692.39,es >
<2692.39,2692.93,replica >
<2693.18,2693.27,i >
<2693.27,2693.39,es >
<2693.39,2693.83,replica >
<2693.83,2693.99,per >
<2693.99,2694.49,mitjà >
<2694.81,2695.27,d'aquesta >
<2695.27,2696.09,confrontació >
<2696.09,2696.34,entre >
<2696.34,2696.51,les >
<2696.51,2696.84,classes >
<2696.84,2697.24,d'aquesta >
<2697.24,2697.57,lluita >
<2697.57,2697.69,de >
<2697.69,2698.24,classes >
<2698.85,2699.23,on >
<2699.53,2699.77,la >
<2699.77,2700.04,dona >
<2700.04,2700.89,treballadora >
<2700.92,2701.18,dels >
<2701.18,2701.55,estats >
<2701.55,2702.05,units >
<2702.60,2702.93,pateix >
<2702.93,2703.36,igual >
<2703.54,2703.65,que >
<2703.65,2703.74,la >
<2703.74,2704.03,dona >
<2704.03,2704.76,ucraniana >
<2705.66,2705.75,i >
<2705.75,2705.91,és >
<2705.91,2706.10,que >
<2706.11,2706.35,s'hi >
<2706.35,2706.71,veuen >
<2706.71,2707.44,abocades >
<2707.93,2708.10,si >
<2708.10,2708.32,veuen >
<2708.32,2708.80,abocades >
<2708.80,2709.06,perquè >
<2709.06,2709.21,com >
<2709.21,2709.29,ha >
<2709.29,2709.44,dit >
<2709.44,2709.52,la >
<2709.52,2709.75,meva >
<2709.75,2710.41,companya >
<2711.64,2712.02,qui >
<2712.36,2712.80,no >
<2712.88,2713.26,té >
<2713.57,2713.73,la >
<2713.73,2714.41,capacitat >
<2714.41,2715.06,d'escollir >
<2715.22,2715.38,no >
<2715.38,2715.50,és >
<2715.50,2715.90,lliure >
<2717.87,2717.98,i >
<2717.98,2718.13,és >
<2718.13,2718.65,que >
<2719.82,2720.10,també >
<2720.10,2720.23,ens >
<2720.23,2720.37,hem >
<2720.37,2721.08,plantejat >
<2721.43,2721.56,que >
<2721.56,2722.34,l'adopció >
<2722.48,2722.69,ja >
<2722.69,2722.79,no >
<2722.79,2722.88,és >
<2722.88,2723.05,una >
<2723.05,2723.76,solució >
<2724.82,2724.92,i >
<2724.92,2725.12,per >
<2725.12,2725.21,què >
<2725.21,2725.31,no >
<2725.31,2725.40,és >
<2725.40,2725.57,una >
<2725.57,2726.25,solució >
<2726.90,2727.10,perquè >
<2727.10,2727.17,ja >
<2727.17,2727.27,no >
<2727.27,2727.59,queden >
<2727.59,2727.88,nens >
<2727.88,2728.21,sans >
<2728.21,2728.32,al >
<2728.32,2728.64,món >
<2730.62,2731.03,aquest >
<2731.06,2731.64,sistema >
<2731.64,2731.74,que >
<2731.74,2732.13,vostés >
<2732.13,2732.62,volen >
<2732.87,2733.02,qui >
<2733.02,2733.31,vol >
<2733.31,2733.97,protegir >
<2735.14,2735.52,perquè >
<2735.55,2736.23,l'estat >
<2736.47,2736.57,ha >
<2736.57,2736.67,de >
<2736.67,2737.17,protegir >
<2737.17,2737.36,els >
<2737.36,2738.03,febles >
<2739.59,2740.47,l'estat >
<2740.66,2740.75,ha >
<2740.75,2740.85,de >
<2740.85,2741.41,protegir >
<2741.70,2741.89,els >
<2741.89,2742.80,desemparats >
<2743.89,2744.62,vostes >
<2744.90,2745.04,el >
<2745.04,2745.15,que >
<2745.15,2745.62,volen >
<2745.63,2745.78,és >
<2745.78,2746.02,donar >
<2746.02,2746.72,facilitats >
<2746.75,2746.92,als >
<2746.92,2747.46,adquirents >
<2747.46,2747.65,del >
<2747.65,2747.97,primer >
<2747.97,2748.31,món >
<2750.00,2750.15,la >
<2750.15,2750.44,nostra >
<2750.44,2751.16,companya >
<2751.45,2751.61,ens >
<2751.61,2751.64,ha >
<2751.64,2752.08,explicat >
<2752.08,2752.23,les >
<2752.23,2753.09,conseqüències >
<2753.34,2753.80,d'aquesta >
<2753.80,2754.49,pràctica >
<2754.51,2754.87,sobre >
<2754.87,2755.04,les >
<2755.04,2755.52,dones >
<2755.75,2755.83,i >
<2755.83,2756.10,sobre >
<2756.10,2756.21,els >
<2756.21,2756.75,nens >
<2757.25,2757.37,i >
<2757.37,2758.05,vostés >
<2758.10,2758.37,les >
<2758.37,2758.52,han >
<2758.52,2759.52,menystingudes >
<2761.22,2761.34,el >
<2761.34,2761.47,seu >
<2761.47,2761.95,sistema >
<2761.95,2762.36,diuen >
<2762.65,2762.82,és >
<2762.82,2762.99,una >
<2762.99,2763.58,resposta >
<2763.59,2763.70,a >
<2763.70,2763.82,la >
<2763.82,2764.53,necessitat >
<2764.80,2764.95,de >
<2764.95,2765.64,generar >
<2765.67,2766.00,nens >
<2766.00,2766.55,sans >
<2768.50,2768.59,i >
<2768.59,2768.77,al >
<2769.64,2769.93,nostre >
<2769.93,2770.37,país >
<2770.56,2770.67,que >
<2770.67,2770.76,no >
<2770.76,2770.84,en >
<2770.84,2771.34,queden >
<2771.35,2771.52,de >
<2771.52,2771.82,nens >
<2771.82,2772.36,sants >
<2772.88,2773.00,que >
<2773.00,2773.13,no >
<2773.13,2773.20,hi >
<2773.20,2773.54,poden >
<2773.54,2773.92,adoptar >
<2773.92,2774.05,els >
<2774.05,2774.99,homosexuals >
<2775.63,2775.73,a >
<2775.73,2775.86,qui >
<2775.86,2776.16,volen >
<2776.16,2776.71,protegir >
<2779.49,2780.01,aquests >
<2780.02,2780.18,han >
<2780.18,2780.63,estat >
<2780.64,2780.86,els >
<2780.86,2781.25,pilars >
<2781.25,2781.46,de >
<2781.46,2781.57,la >
<2781.57,2781.92,nostra >
<2781.92,2782.33,tesi >
<2783.28,2783.63,parlem >
<2783.63,2783.89,d'una >
<2783.89,2784.59,pràctica >
<2785.07,2785.20,que >
<2785.20,2785.86,s'aprofita >
<2785.86,2785.97,de >
<2785.98,2786.11,les >
<2786.11,2786.75,desigualtats >
<2786.75,2787.20,creades >
<2787.20,2787.53,durant >
<2787.53,2788.04,segles >
<2788.15,2788.25,i >
<2788.25,2788.96,mil·lennis >
<2789.08,2789.86,d'explotació >
<2789.86,2789.97,de >
<2789.97,2790.46,dones >
<2790.91,2791.01,i >
<2791.01,2791.65,d'infants >
<2791.99,2792.07,i >
<2792.07,2792.18,de >
<2792.18,2792.34,qui >
<2792.34,2792.61,menys >
<2792.61,2793.02,recursos >
<2793.02,2793.58,tenen >
<2796.48,2796.69,la >
<2796.69,2797.39,legalització >
<2797.39,2797.46,de >
<2797.46,2797.53,la >
<2797.53,2797.96,gestació >
<2797.96,2798.91,subrogada >
<2798.96,2799.12,pot >
<2799.12,2799.44,tenir >
<2799.44,2800.01,d'entrada >
<2800.02,2800.35,bones >
<2800.35,2801.13,intencions >
<2801.40,2801.49,i >
<2801.49,2802.18,vostès >
<2802.29,2802.49,ens >
<2802.49,2802.67,les >
<2802.67,2803.18,han >
<2803.19,2804.05,demostrades >
<2805.02,2805.19,però >
<2805.19,2805.37,per >
<2805.37,2805.63,molt >
<2805.63,2805.93,bones >
<2805.93,2806.05,que >
<2806.05,2806.62,siguin >
<2806.96,2807.45,obliden >
<2807.45,2807.51,i >
<2807.51,2808.19,obvien >
<2808.86,2809.08,les >
<2809.08,2809.76,conseqüències >
<2809.76,2810.67,indesitjables >
<2810.67,2810.70,i >
<2810.70,2811.49,indestriables >
<2811.49,2811.59,que >
<2811.59,2812.18,comportaria >
<2812.18,2812.26,la >
<2812.26,2812.49,seva >
<2812.49,2813.37,legalització >
<2816.51,2816.69,en >
<2816.69,2817.01,primer >
<2817.01,2817.39,lloc >
<2817.87,2818.04,hem >
<2818.04,2818.41,parlat >
<2818.41,2818.50,de >
<2818.50,2818.68,com >
<2818.68,2819.06,aquesta >
<2819.06,2819.79,pràctica >
<2820.46,2821.05,explota >
<2821.05,2821.26,les >
<2821.26,2821.75,dones >
<2821.98,2822.24,del >
<2822.24,2822.66,primer >
<2822.66,2823.19,món >
<2823.21,2823.39,del >
<2823.39,2823.78,segon >
<2823.78,2824.20,món >
<2824.21,2824.38,del >
<2824.38,2824.73,tercer >
<2824.73,2825.07,món >
<2825.47,2825.86,perquè >
<2825.87,2826.20,són >
<2826.20,2826.67,dones >
<2827.07,2827.27,de >
<2827.27,2827.79,classe >
<2827.79,2828.35,baixa >
<2828.97,2829.60,després >
<2829.81,2829.98,hem >
<2829.98,2830.31,parlat >
<2830.31,2830.41,de >
<2830.41,2830.64,com >
<2830.64,2830.86,les >
<2830.86,2831.56,clíniques >
<2832.00,2832.36,del >
<2832.36,2832.72,primer >
<2832.72,2833.05,món >
<2833.18,2833.99,repliquen >
<2834.01,2834.16,i >
<2834.16,2834.43,el >
<2834.43,2834.88,sistema >
<2834.88,2834.98,que >
<2834.98,2835.46,nosaltres >
<2835.46,2835.78,volem >
<2835.78,2836.43,crear >
<2836.62,2836.76,és >
<2836.76,2836.86,un >
<2836.86,2837.33,sistema >
<2837.33,2837.47,que >
<2837.47,2837.90,doni >
<2838.27,2838.75,ales >
<2838.77,2838.80,a >
<2838.84,2839.33,aquestes >
<2839.33,2840.01,clíniques >
<2840.29,2840.47,de >
<2840.47,2841.05,reproducció >
<2841.05,2841.69,assistida >
<2841.94,2842.44,crear-lis >
<2842.82,2843.03,un >
<2843.03,2843.24,nou >
<2843.24,2843.84,negoci >
<2845.09,2845.19,i >
<2845.19,2845.84,finalment >
<2846.21,2846.39,hem >
<2846.39,2846.73,parlat >
<2846.73,2846.93,dels >
<2846.93,2847.59,efectes >
<2847.97,2848.11,que >
<2848.11,2848.68,té >
<2848.69,2849.15,sobre >
<2849.15,2849.28,la >
<2849.28,2849.69,dona >
<2850.08,2850.18,i >
<2850.18,2850.54,sobre >
<2850.54,2850.74,els >
<2850.74,2851.24,nens >
<2851.78,2852.50,aquesta >
<2852.83,2853.58,pràctica >
<2861.03,2861.32,aquest >
<2861.32,2861.82,debat >
<2862.19,2862.35,com >
<2862.35,2862.54,els >
<2862.54,2862.61,hi >
<2862.61,2862.72,hem >
<2862.72,2863.04,dit >
<2863.58,2863.76,és >
<2863.76,2863.89,un >
<2863.89,2864.26,debat >
<2864.83,2865.21,que >
<2865.32,2865.49,ha >
<2865.49,2865.76,de >
<2866.07,2866.75,obviar >
<2867.06,2867.31,el >
<2867.31,2867.82,model >
<2867.94,2868.03,que >
<2868.03,2868.13,es >
<2868.13,2868.32,vol >
<2868.32,2868.93,imposar >
<2868.94,2869.33,aquest >
<2869.33,2869.66,debat >
<2869.66,2869.78,s'ha >
<2869.78,2869.85,de >
<2869.85,2870.26,centrar >
<2870.26,2870.86,sobretot >
<2871.23,2871.38,en >
<2871.38,2871.47,la >
<2871.47,2872.18,viabilitat >
<2872.21,2872.38,de >
<2872.38,2872.52,la >
<2872.52,2873.09,gestació >
<2873.09,2873.80,subrogada >
<2874.40,2874.63,moltes >
<2874.63,2875.00,gràcies 
>
