<201.97,202.22,no>
<202.22,202.57,és>
<202.58,203.30,desacceleració>
<203.30,203.83,econòmica>
<204.30,204.49,és>
<204.49,204.90,crisi>
<205.91,206.05,no>
<206.05,206.15,hi>
<206.15,206.22,ha>
<206.22,206.58,reducció>
<206.58,206.65,de>
<206.65,207.20,plantilla>
<207.65,207.90,hi>
<207.90,207.96,ha>
<207.96,208.54,acomiadament>
<209.63,209.76,no>
<209.76,209.84,es>
<209.84,210.38,produeixen>
<210.38,210.54,danys>
<210.54,211.23,col·laterals>
<211.62,211.74,hi>
<211.74,211.83,han>
<211.83,212.26,víctimes>
<212.26,212.74,civils>
<213.58,213.76,no>
<213.76,213.91,és>
<213.91,214.27,gestació>
<214.27,214.86,subrogada>
<215.24,215.45,són>
<215.45,215.77,ventres>
<215.77,215.85,de>
<215.85,216.31,lloguers>
<219.71,219.85,amb>
<219.85,219.96,les>
<219.96,220.47,paraules>
<220.52,220.98,intentem>
<220.98,221.59,naturalitzar>
<221.64,221.86,una>
<221.86,222.23,realitat>
<222.23,222.29,que>
<222.29,222.44,ens>
<222.44,222.68,neguem>
<222.68,223.15,anomenar>
<227.76,227.88,la>
<227.88,228.20,gestació>
<228.20,228.74,subrogada>
<228.75,228.90,o>
<228.90,229.04,els>
<229.04,229.34,ventres>
<229.34,229.44,de>
<229.44,229.78,lloguer>
<230.10,230.60,impliquen>
<230.64,230.91,una>
<230.99,231.23,clara>
<231.23,231.76,vulneració>
<231.76,231.98,dels>
<231.98,232.22,drets>
<232.23,232.33,i>
<232.33,232.79,llibertats>
<232.86,233.56,fonamentals>
<233.75,233.81,no>
<233.82,234.13,només>
<234.13,234.23,de>
<234.23,234.31,la>
<234.31,234.48,mare>
<234.48,234.96,gestant>
<235.11,235.35,sinó>
<235.35,235.58,també>
<235.58,235.69,del>
<235.69,236.00,menor>
<250.44,250.72,tres>
<250.93,251.46,arguments>
<252.46,252.59,la>
<252.59,253.27,mercantilització>
<253.27,253.37,del>
<253.37,253.77,menor>
<254.69,255.64,l'objectivització>
<255.65,255.77,de>
<255.77,255.84,la>
<255.84,256.02,mare>
<256.02,256.50,gestant>
<257.28,257.72,l'argument>
<258.61,258.87,cavall>
<258.87,258.97,de>
<258.97,259.38,troia>
<260.47,260.59,que>
<260.59,261.00,entenem>
<261.00,261.12,per>
<261.12,261.45,gestació>
<261.45,262.06,subrogada>
<262.54,262.98,l'informe>
<262.98,263.53,warnock>
<263.69,264.20,determina>
<264.21,264.38,la>
<264.38,264.64,gestació>
<264.64,265.06,subrogada>
<265.06,265.24,com>
<265.24,265.40,una>
<265.40,265.94,pràctica>
<266.18,266.65,mitjançant>
<266.65,266.73,la>
<266.73,267.07,qual>
<267.56,267.79,una>
<267.79,268.06,dona>
<268.06,268.45,gesta>
<268.46,268.62,o>
<268.62,268.99,porta>
<269.00,269.14,al>
<269.14,269.34,seu>
<269.34,269.74,ventre>
<270.07,270.31,un>
<270.31,270.49,nen>
<270.49,270.62,per>
<270.62,270.66,a>
<270.66,270.76,una>
<270.76,270.96,altra>
<270.96,271.26,dona>
<271.29,271.46,amb>
<271.46,271.52,la>
<271.52,271.82,intenció>
<271.82,272.23,d'entregar-li>
<272.23,272.54,després>
<272.54,272.64,de>
<272.64,272.72,que>
<272.72,273.07,neixi>
<273.08,273.22,és>
<273.22,273.27,a>
<273.27,273.51,dir>
<273.52,273.65,que>
<273.65,273.75,la>
<273.75,274.08,dona>
<274.10,274.35,està>
<274.35,274.67,llogant>
<274.67,274.75,el>
<274.75,274.90,seu>
<274.90,275.31,ventre>
<277.59,277.77,que>
<277.77,278.08,entenem>
<278.08,278.22,per>
<278.22,278.75,legalitzar>
<278.75,279.22,legalitzar>
<279.22,279.67,significa>
<279.68,280.04,donar>
<280.05,280.35,estat>
<280.35,280.62,legal>
<280.63,280.74,a>
<280.74,280.91,una>
<280.91,281.23,cosa>
<285.61,285.87,el>
<289.14,289.44,nostre>
<289.44,289.81,país>
<290.39,290.69,d'acord>
<290.69,290.79,amb>
<290.79,290.85,la>
<290.85,291.01,llei>
<291.01,291.45,catorze>
<291.91,292.12,dos>
<292.12,292.29,mil>
<292.29,292.67,sis>
<292.82,292.93,del>
<292.93,293.28,vint-i-sis>
<293.28,293.35,de>
<293.35,293.71,maig>
<294.15,294.34,en>
<294.34,294.74,l'article>
<294.74,294.90,deu>
<294.90,295.09,punt>
<295.09,295.27,u>
<295.42,295.87,declara>
<295.88,296.29,nuls>
<296.30,296.48,de>
<296.48,296.68,ple>
<296.68,297.09,drets>
<297.43,298.17,tots>
<298.17,298.26,els>
<298.26,298.82,contractes>
<298.83,299.14,de>
<299.15,299.54,gestació>
<299.54,300.09,subrogada>
<301.02,301.44,perquè>
<301.97,302.26,aquests>
<302.26,302.82,contractes>
<302.94,303.45,vulneren>
<303.45,303.91,clarament>
<303.92,304.09,els>
<304.09,304.33,drets>
<304.34,304.42,i>
<304.42,304.80,llibertats>
<304.80,305.34,fonamentals>
<305.34,305.42,no>
<305.42,305.71,només>
<305.71,305.79,de>
<305.79,305.87,la>
<305.87,306.05,dona>
<306.05,306.52,gestant>
<306.73,306.97,sinó>
<306.97,307.19,també>
<307.19,307.33,del>
<307.33,307.71,menor>
<307.89,308.03,en>
<308.03,308.22,tant>
<308.22,308.28,que>
<308.28,308.36,es>
<308.36,308.93,cosifiquen>
<308.95,309.79,s'objectivitzen>
<310.86,310.98,i>
<310.98,311.10,es>
<311.10,311.75,quantifiquen>
<312.05,312.14,a>
<312.14,312.30,les>
<312.30,312.83,persones>
<313.14,313.27,es>
<313.27,313.56,troben>
<313.57,313.65,a>
<313.65,313.81,les>
<313.81,314.23,persones>
<314.24,314.44,un>
<314.44,314.68,ús>
<315.89,316.12,obre>
<316.12,316.25,les>
<316.25,316.65,portes>
<316.66,316.78,a>
<316.78,316.89,un>
<316.89,317.22,context>
<317.22,317.31,que>
<317.31,317.55,permet>
<317.55,317.61,que>
<317.61,317.91,aquestes>
<317.91,318.29,persones>
<318.29,318.52,siguin>
<318.52,318.99,utilitzades>
<318.99,319.16,per>
<319.16,319.38,fins>
<319.38,319.87,il·lícits>
<328.35,328.52,per>
<328.52,328.61,què>
<328.61,328.83,diem>
<328.83,328.94,que>
<328.94,328.97,hi>
<328.97,329.03,ha>
<329.03,329.14,una>
<329.14,329.79,mercantilització>
<329.79,329.88,del>
<329.88,330.18,menor>
<330.37,330.68,perquè>
<330.87,331.02,la>
<331.02,331.31,gestació>
<331.31,331.87,subrogada>
<332.03,332.46,utilitza>
<332.46,332.53,el>
<332.53,332.85,menor>
<332.86,333.05,com>
<333.05,333.19,un>
<333.19,333.58,objecte>
<333.58,333.64,de>
<333.64,334.32,compravenda>
<334.60,334.72,i>
<334.72,335.07,s'està>
<335.56,335.87,està>
<335.88,336.68,mercantilitzant>
<336.72,336.98,una>
<336.98,337.20,vida>
<337.20,337.56,humana>
<338.28,338.40,es>
<338.40,338.98,quantifiquen>
<338.98,339.04,i>
<339.04,339.48,estableixen>
<339.48,339.63,uns>
<339.63,340.12,criteris>
<340.13,340.45,sobre>
<340.45,340.52,el>
<340.52,340.81,nen>
<341.19,341.32,no>
<341.32,341.58,només>
<341.58,341.66,es>
<341.66,342.08,destrueix>
<342.09,342.54,l'interés>
<342.54,342.93,superior>
<342.93,343.05,del>
<343.05,343.35,menor>
<343.36,343.62,sinó>
<343.62,343.73,que>
<343.73,344.07,també>
<344.08,344.60,atempta>
<344.62,345.06,clarament>
<345.06,345.27,contra>
<345.27,345.33,la>
<345.33,345.61,seva>
<345.62,346.14,dignitat>
<349.16,349.34,per>
<349.34,349.42,què>
<349.42,349.64,diem>
<349.64,349.74,que>
<349.74,349.82,hi>
<349.82,349.92,ha>
<350.32,350.60,una>
<350.60,351.22,objectivització>
<351.22,351.28,de>
<351.28,351.34,la>
<351.34,351.51,mare>
<351.51,351.94,gestant>
<352.11,352.48,perquè>
<352.49,352.65,la>
<352.65,352.83,mare>
<352.83,353.17,gestant>
<353.18,353.29,és>
<353.29,353.71,utilitzada>
<353.71,353.85,com>
<353.85,353.89,a>
<353.89,354.31,objecte>
<354.31,354.42,per>
<354.42,354.77,aconseguir>
<354.77,354.83,el>
<354.83,354.94,fi>
<354.94,355.07,del>
<355.07,355.63,contracte>
<356.19,356.48,perquè>
<356.49,356.81,aquesta>
<356.81,357.12,dona>
<357.30,357.55,durant>
<357.55,357.65,nou>
<357.65,358.02,mesos>
<358.03,358.39,estarà>
<358.40,358.55,a>
<358.55,358.86,dintre>
<358.91,359.05,d'un>
<359.05,359.52,contracte>
<359.52,359.74,sense>
<359.74,359.82,la>
<359.82,360.26,possibilitat>
<360.26,360.34,de>
<360.34,360.79,sortida>
<361.00,361.18,on>
<361.18,361.52,estarà>
<361.53,362.09,obligada>
<362.12,362.25,a>
<362.25,362.46,una>
<362.46,362.69,sèrie>
<362.69,362.78,de>
<362.78,363.54,condicions>
<363.77,364.41,obligant-la>
<364.42,365.06,anticipadament>
<365.06,365.09,a>
<365.09,365.54,renunciar>
<365.54,365.57,a>
<365.58,365.82,aquest>
<365.82,366.16,fill>
<366.91,367.40,d'aquesta>
<367.40,367.66,forma>
<367.66,367.74,no>
<367.74,367.96,només>
<367.96,368.31,serà>
<368.32,368.45,la>
<368.45,368.78,voluntat>
<368.78,368.86,de>
<368.86,368.94,la>
<368.94,369.19,Dona>
<369.19,369.40,sinó>
<369.40,369.48,que>
<369.48,369.67,també>
<369.67,369.73,es>
<369.73,370.07,vulnera>
<370.07,370.57,greument>
<370.57,370.66,la>
<370.66,370.89,seva>
<370.89,371.37,dignitat>
<371.64,371.78,es>
<371.78,372.21,tracta>
<372.23,372.59,d'una>
<372.60,373.24,esclavitud>
<373.25,373.99,encoberta>
<374.35,374.58,i>
<374.59,374.81,d'un>
<374.81,375.36,contracte>
<375.43,375.79,sense>
<375.79,376.29,sortida>
<378.61,378.84,per>
<378.84,378.91,què>
<378.91,379.03,hem>
<379.04,379.44,volgut>
<379.44,379.81,utilitzar>
<379.81,380.07,aquesta>
<380.07,380.57,metàfora>
<380.81,381.06,perquè>
<381.06,381.29,la>
<381.31,381.88,legalització>
<381.88,381.94,de>
<381.94,382.00,la>
<382.00,382.35,indústria>
<382.35,382.48,dels>
<382.48,382.73,ventres>
<382.73,382.84,de>
<382.84,383.17,lloguer>
<383.41,383.56,no>
<383.56,384.00,facilita>
<384.00,384.06,el>
<384.06,384.19,seu>
<384.19,384.52,Control>
<384.52,384.77,sinó>
<384.77,385.00,tot>
<385.00,385.09,el>
<385.09,385.60,contrari>
<385.76,386.31,expandeix>
<386.31,386.41,la>
<386.41,386.93,introducció>
<386.93,387.01,de>
<387.01,387.44,màfies>
<387.66,387.78,que>
<387.78,388.38,s'aprofitarien>
<388.38,388.81,d'aquesta>
<388.87,389.32,cobertura>
<389.32,389.53,legal>
<389.53,389.60,i>
<389.60,389.69,la>
<389.69,389.91,manca>
<389.91,389.99,de>
<389.99,390.38,recursos>
<390.38,390.45,de>
<390.45,391.29,l'administració>
<391.81,392.00,per>
<392.00,392.40,perpetrar>
<392.40,392.49,les>
<392.49,393.14,vulneracions>
<393.15,393.30,de>
<393.30,393.55,drets>
<393.55,394.00,inherents>
<394.24,394.41,als>
<394.41,394.73,ventres>
<394.73,394.84,de>
<394.84,395.16,lloguer>
<425.77,426.01,el>
<460.42,461.15,capitalisme>
<461.54,461.65,és>
<461.65,461.74,un>
<461.74,462.03,sistema>
<462.03,462.43,econòmic>
<462.43,462.55,que>
<463.89,464.09,Està>
<464.09,464.16,en>
<464.16,464.57,constant>
<464.57,465.01,moviment>
<465.40,465.54,el>
<467.40,467.55,que>
<467.55,467.71,vol>
<467.71,467.92,dir>
<467.92,468.06,és>
<468.06,468.20,que>
<469.95,470.61,s'adequa>
<470.62,470.75,a>
<470.75,470.90,les>
<470.90,471.40,demandes>
<471.40,471.55,que>
<471.55,471.74,van>
<471.74,472.11,sorgint>
<472.11,472.14,a>
<472.14,472.40,l'ésser>
<472.40,472.60,humà>
<472.61,472.72,a>
<472.72,473.06,mesura>
<473.06,473.13,que>
<473.13,473.22,el>
<473.22,473.80,context>
<473.96,474.04,i>
<474.04,474.13,la>
<474.13,474.52,societat>
<474.52,474.62,en>
<474.62,474.71,la>
<474.71,474.83,que>
<474.83,475.13,viu>
<475.33,475.45,va>
<475.45,476.05,evolucionant>
<476.68,476.79,al>
<476.79,477.06,segle>
<477.06,477.50,dinou>
<477.51,477.61,el>
<477.61,478.21,vuitanta-quatre>
<478.21,478.36,per>
<478.36,478.60,cent>
<478.60,478.67,de>
<478.67,478.82,les>
<478.82,479.36,persones>
<479.51,479.98,vivien>
<480.04,480.50,sota>
<480.78,480.90,el>
<480.90,481.31,llindar>
<481.32,481.42,de>
<481.42,481.51,la>
<481.51,481.91,pobresa>
<481.91,482.41,extrema>
<482.80,483.04,avui>
<483.04,483.18,en>
<483.18,483.43,dia>
<483.47,483.74,aquest>
<483.74,484.35,vuitanta-quatre>
<484.35,484.49,per>
<484.49,484.78,cent>
<484.78,484.90,s'ha>
<484.90,485.05,vist>
<485.05,485.54,reduït>
<485.70,486.46,considerablement>
<486.46,486.58,per>
<486.58,486.79,sota>
<486.79,486.90,del>
<486.90,487.38,trenta>
<488.74,488.95,l'hem>
<488.95,489.36,reduït>
<489.38,489.71,més>
<489.72,489.85,de>
<489.85,490.04,tres>
<490.04,490.62,Vegades>
<490.69,490.80,a>
<490.80,490.88,la>
<490.88,491.20,vegada>
<491.20,491.28,que>
<491.28,491.34,hem>
<491.34,491.48,anat>
<491.48,491.88,guanyant>
<492.12,492.27,en>
<492.27,492.49,poder>
<492.49,493.15,adquisitiu>
<493.76,494.00,també>
<494.00,494.07,ho>
<494.07,494.19,hem>
<494.19,494.48,fet>
<494.69,494.82,pel>
<494.82,494.93,que>
<494.93,495.11,fa>
<495.12,495.22,a>
<495.22,495.47,temps>
<495.47,495.78,lliure>
<496.41,496.51,al>
<496.51,496.64,mil>
<496.64,496.90,nou-cents>
<496.90,497.41,cinquanta>
<498.80,498.92,un>
<498.92,499.39,treballador>
<499.39,499.46,al>
<499.46,499.73,final>
<499.73,499.97,d'any>
<500.05,500.19,la>
<500.19,500.39,seva>
<500.39,500.74,jornada>
<500.74,501.14,laboral>
<501.14,501.87,computava>
<502.06,502.30,més>
<502.30,502.37,de>
<502.37,502.53,dos>
<502.53,502.69,mil>
<502.69,503.04,dos-cents>
<503.04,503.44,cinquanta>
<503.44,503.87,hores>
<504.16,504.91,actualment>
<505.07,505.53,ronda>
<505.65,505.83,les>
<505.83,505.98,mil>
<505.98,506.63,vuit-centes>
<507.93,508.10,hem>
<508.10,508.51,guanyat>
<508.52,508.73,més>
<508.73,508.81,de>
<508.81,509.32,quatre-cents>
<509.33,509.90,cinquanta>
<509.90,510.27,hores>
<510.36,510.61,en>
<510.92,511.22,menys>
<511.22,511.36,d'un>
<511.36,511.76,segle>
<513.58,513.74,una>
<513.74,513.80,de>
<513.80,513.94,les>
<513.94,514.12,tres>
<514.12,514.51,necessitats>
<514.51,514.86,bàsiques>
<514.86,515.03,dels>
<515.03,515.25,éssers>
<515.25,515.62,vius>
<515.68,516.08,és>
<516.55,516.83,formar>
<516.83,516.94,una>
<516.94,517.46,família>
<524.34,524.68,la>
<524.68,524.95,millor>
<524.95,525.33,situació>
<525.33,525.40,de>
<525.40,525.47,la>
<525.47,525.91,història>
<525.91,526.09,pel>
<526.09,526.20,que>
<526.20,526.41,fa>
<526.72,526.84,a>
<526.84,527.07,poder>
<527.07,527.70,adquisitiu>
<528.05,528.19,i>
<528.19,528.57,també>
<528.58,528.75,ens>
<528.75,529.05,trobem>
<529.59,529.71,en>
<529.71,529.79,el>
<529.79,530.04,millor>
<530.04,530.46,moment>
<530.60,530.75,pel>
<530.75,530.86,que>
<530.86,531.12,fa>
<531.14,531.24,a>
<531.24,531.66,qualitat>
<531.66,531.74,de>
<531.74,532.01,vida>
<532.02,532.13,i>
<532.13,532.51,temps>
<532.51,532.66,per>
<532.66,533.07,dedicar>
<533.28,533.38,a>
<533.38,533.50,un>
<533.50,534.04,mateix>
<536.82,537.10,és>
<537.33,537.47,la>
<537.47,537.79,millor>
<537.79,538.19,situació>
<538.19,538.25,de>
<538.25,538.33,la>
<538.33,538.80,història>
<538.80,538.96,pel>
<538.96,539.06,que>
<539.06,539.18,fa>
<539.18,539.22,a>
<539.22,539.31,la>
<539.31,540.11,predisposició>
<540.11,540.24,de>
<540.24,540.61,formar>
<540.64,540.86,una>
<540.86,541.37,família>
<543.00,543.18,el>
<559.23,559.65,següent>
<559.65,559.91,pas>
<559.91,560.05,pel>
<560.05,560.16,que>
<560.16,560.38,fa>
<560.39,560.50,a>
<560.50,560.93,l'evolució>
<560.93,561.19,humana>
<561.19,561.27,en>
<561.27,561.62,matèria>
<561.62,562.35,reproductiva>
<562.55,562.82,és>
<562.83,563.02,una>
<563.02,563.56,regulació>
<563.56,563.64,de>
<563.64,563.73,la>
<563.73,564.11,gestació>
<564.11,564.74,subrogada>
<565.97,566.12,de>
<566.12,566.21,la>
<566.21,566.33,mà>
<566.33,566.42,de>
<566.42,566.92,l'estat>
<568.95,569.11,una>
<569.11,569.44,gestació>
<569.44,570.02,subrogada>
<570.18,571.04,intervencionista>
<572.20,572.32,és>
<572.32,572.43,una>
<572.43,572.75,pràctica>
<572.75,573.35,complexa>
<573.47,573.57,que>
<573.57,573.95,requereix>
<573.95,574.03,de>
<574.03,574.46,temps>
<574.76,574.85,i>
<574.85,574.94,de>
<574.94,575.50,mitjans>
<576.03,576.18,una>
<576.18,576.63,intervenció>
<576.63,576.70,de>
<576.70,577.18,l'estat>
<577.21,577.72,imposant>
<577.82,578.08,certs>
<578.08,578.58,criteris>
<578.76,578.85,i>
<578.85,579.64,controlant-los>
<579.75,579.89,el>
<579.89,580.00,que>
<580.00,580.32,faria>
<580.32,580.57,és>
<580.78,581.22,allunyar>
<581.44,581.62,una>
<581.62,582.14,pràctica>
<582.50,582.59,que>
<582.59,582.67,en>
<582.67,582.96,altres>
<582.96,583.35,països>
<583.35,583.70,està>
<583.76,583.93,en>
<583.93,584.05,mà>
<584.05,584.15,de>
<584.15,584.29,les>
<584.29,584.76,màfies>
<584.76,584.90,que>
<584.90,585.17,cau>
<585.17,585.30,en>
<585.30,585.50,mala>
<585.50,586.03,praxis>
<586.26,586.55,o>
<586.64,586.84,que>
<586.88,587.03,es>
<587.03,587.50,converteix>
<587.50,587.58,en>
<587.58,587.70,una>
<587.70,588.31,situació>
<588.31,588.69,d'abús>
<589.00,589.19,tant>
<589.19,589.33,per>
<589.33,589.42,la>
<589.42,589.72,dona>
<589.75,589.97,com>
<589.97,590.11,pel>
<590.11,590.46,nadó>
<594.13,594.26,els>
<594.26,594.81,requisits>
<595.18,595.35,que>
<595.35,595.49,un>
<595.49,595.87,estat>
<595.88,596.11,hauria>
<596.11,596.47,d'imposar>
<596.47,596.70,aquesta>
<596.70,597.15,pràctica>
<597.16,597.34,és>
<597.34,597.45,que>
<597.45,597.53,la>
<597.53,597.78,dona>
<597.78,598.19,tingui>
<598.20,598.47,entre>
<598.47,599.05,vint-i-cinc>
<599.06,599.18,i>
<599.18,599.66,trenta-vuit>
<599.66,600.00,anys>
<600.71,600.88,tant>
<600.88,600.94,en>
<600.94,601.04,el>
<601.04,601.43,context>
<601.43,601.85,biològic>
<601.85,601.99,com>
<601.99,602.46,social>
<602.47,602.61,és>
<602.61,602.91,l'edat>
<602.91,603.00,que>
<603.00,603.39,millor>
<603.70,603.82,es>
<603.82,604.35,considera>
<604.35,604.64,per>
<605.33,605.73,tenir>
<606.18,606.36,un>
<606.36,606.98,embaràs>
<607.53,607.94,també>
<607.95,608.19,haurà>
<608.19,608.38,d'haver>
<608.38,608.65,tingut>
<608.65,608.76,un>
<608.76,609.09,fill>
<609.33,609.49,per>
<609.49,609.74,saber>
<609.74,609.85,el>
<609.85,609.99,que>
<609.99,610.42,és>
<611.32,611.67,portar>
<611.68,611.98,nou>
<611.98,612.53,mesos>
<612.55,612.73,un>
<612.73,613.06,nadó>
<613.15,613.23,a>
<613.23,613.34,la>
<613.34,613.53,seva>
<613.53,613.91,panxa>
<613.91,614.08,dia>
<614.08,614.35,darrere>
<614.35,614.51,dia>
<614.51,614.64,les>
<614.64,615.10,vint-i-quatre>
<615.10,615.50,hores>
<615.87,615.98,i>
<615.98,616.41,també>
<617.01,617.64,limitar>
<617.67,618.05,aquesta>
<618.05,618.78,col·laboració>
<618.78,618.86,en>
<618.86,618.95,el>
<618.95,619.35,sistema>
<619.35,619.89,estatal>
<619.90,619.99,de>
<619.99,620.32,gestació>
<620.32,620.84,subrogada>
<620.85,620.95,a>
<620.95,621.12,tan>
<621.12,621.50,sols>
<621.52,621.76,una>
<621.76,622.20,vegada>
<623.12,623.24,la>
<623.24,623.67,família>
<623.67,623.75,que>
<623.75,623.91,vol>
<623.91,624.09,tenir>
<624.09,624.15,un>
<624.15,624.63,fill>
<624.65,625.30,l'individu>
<625.35,625.45,que>
<625.45,625.60,vol>
<625.60,625.76,tenir>
<625.76,625.82,un>
<625.82,626.11,fill>
<626.23,626.51,també>
<626.51,626.55,ha>
<626.55,626.63,de>
<626.63,627.05,complir>
<627.24,627.38,uns>
<627.38,628.03,requisits>
<628.32,628.41,ha>
<628.41,628.50,de>
<628.50,628.71,tenir>
<628.71,628.90,entre>
<628.90,629.25,vint-i-cinc>
<629.25,629.30,i>
<629.30,629.64,quaranta>
<629.64,629.87,anys>
<629.92,630.13,tal>
<630.13,630.28,com>
<630.28,630.79,determina>
<631.07,631.21,la>
<631.21,631.48,llei>
<631.49,631.60,de>
<631.60,632.14,l'adopció>
<632.40,632.94,l'adopció>
<632.95,633.07,és>
<633.07,633.16,un>
<633.16,633.53,sistema>
<633.53,633.59,que>
<633.59,633.99,creiem>
<634.31,634.86,obsolet>
<634.97,635.28,però>
<635.45,635.53,que>
<635.53,635.61,hem>
<635.61,636.11,d'acceptar>
<636.12,636.23,que>
<636.23,636.70,encerta>
<636.71,636.81,a>
<636.81,637.02,l'hora>
<637.02,637.11,de>
<637.11,637.58,determinar>
<637.58,637.71,les>
<637.71,638.10,edats>
<638.32,638.43,de>
<638.43,638.51,la>
<638.51,638.90,família>
<638.90,638.96,que>
<638.96,639.39,aspira>
<639.66,639.77,a>
<639.77,639.98,tenir>
<639.98,640.04,un>
<640.04,640.34,fill>
<640.74,640.87,i>
<640.88,641.23,així>
<641.23,641.63,evitem>
<641.63,641.72,que>
<641.72,641.75,hi>
<641.75,641.97,hagi>
<642.12,642.28,una>
<642.28,642.79,diferència>
<642.85,643.11,massa>
<643.11,643.38,gran>
<643.59,643.73,o>
<643.73,643.95,massa>
<643.95,644.41,petita>
<644.47,644.82,entre>
<645.06,645.36,pares>
<645.36,645.41,i>
<645.41,645.80,fills>
<646.53,646.96,també>
<646.97,647.21,haurà>
<647.21,647.27,de>
<647.27,647.75,demostrar>
<647.75,648.24,disposar>
<648.35,648.53,dels>
<648.53,648.78,quinze>
<648.78,648.93,mil>
<648.93,649.31,euros>
<649.57,649.73,que>
<649.73,650.23,regula>
<650.70,650.90,La>
<650.90,651.06,llei>
<651.06,651.20,del>
<651.20,651.57,canadà>
<651.58,651.79,com>
<651.79,651.84,a>
<651.84,652.17,màxim>
<652.17,652.51,gasto>
<652.51,652.61,que>
<652.61,652.78,pot>
<652.78,653.11,haver-hi>
<653.13,653.50,en>
<653.83,654.04,una>
<654.04,654.61,gestació>
<654.97,655.29,per>
<655.32,655.87,gestació>
<655.97,656.60,subrogada>
<658.70,658.87,és>
<658.87,659.00,que>
<659.81,660.05,les>
<660.05,660.31,dues>
<660.31,660.54,parts>
<660.54,661.06,comparteixin>
<661.06,661.64,nacionalitat>
<661.64,661.68,i>
<661.68,662.29,residència>
<662.34,662.77,així>
<662.88,663.23,podrem>
<663.23,663.38,dur>
<663.38,663.41,a>
<663.41,663.72,terme>
<663.73,663.92,un>
<663.92,664.32,procés>
<664.32,664.48,d'un>
<664.48,664.61,any>
<664.61,664.94,sencer>
<664.94,665.48,d'avaluació>
<665.67,666.41,psicològica>
<666.62,666.78,de>
<666.78,667.18,salut>
<667.19,667.25,i>
<667.25,667.37,que>
<669.02,669.42,ambdues>
<669.42,669.77,parts>
<670.02,670.16,es>
<670.16,670.61,coneguin>
<670.83,670.89,i>
<670.89,671.04,així>
<671.04,671.48,estableixin>
<671.48,671.60,un>
<671.60,671.97,vincle>
<679.76,680.01,deia>
<680.01,680.26,thomas>
<680.27,680.54,jobs>
<680.54,680.61,en>
<680.61,680.72,el>
<680.72,680.86,seu>
<680.86,681.13,dia>
<681.50,681.63,un>
<681.63,681.81,home>
<681.81,682.08,lliure>
<682.08,682.17,es>
<682.17,682.28,el>
<682.28,682.41,que>
<682.41,682.49,la>
<682.49,682.66,seva>
<682.66,683.09,força>
<683.10,683.19,i>
<683.19,683.60,talent>
<683.63,683.79,no>
<683.79,684.03,troba>
<684.03,684.44,traves>
<684.47,684.55,a>
<684.55,684.62,la>
<684.62,684.78,seva>
<684.78,685.34,voluntat>
<685.57,685.77,som>
<685.77,685.90,una>
<685.90,686.30,societat>
<686.30,686.70,forta>
<686.85,686.94,i>
<686.94,687.62,talentosa>
<687.66,688.24,convertir-nos>
<688.24,688.36,en>
<688.36,688.77,lliures>
<748.00,748.09,el>
<748.09,748.35,nen>
<751.06,751.36,serà>
<751.36,751.77,l'objecte>
<751.77,751.88,del>
<751.88,752.45,contracte>
<752.59,752.67,i>
<752.67,752.87,serà>
<752.87,753.29,utilitzat>
<753.29,753.40,com>
<753.40,753.46,a>
<753.46,753.76,moneda>
<753.76,753.85,de>
<753.85,754.31,canvi>
<754.57,754.70,I>
<754.98,755.25,serà>
<755.25,755.98,objectivitzat>
<755.99,756.08,i>
<756.08,756.22,no>
<756.27,756.42,se>
<756.42,757.06,respectaran>
<757.09,757.23,els>
<757.23,757.40,seus>
<757.40,757.76,drets>
<757.91,758.01,ni>
<758.01,758.11,la>
<758.11,758.28,seva>
<758.28,758.73,dignitat>
<761.99,762.14,la>
<762.14,762.43,dona>
<762.49,762.70,tindrà>
<762.70,762.79,una>
<762.79,763.21,esclavitud>
<763.21,763.83,encoberta>
<764.00,764.08,i>
<764.08,764.35,també>
<764.35,764.86,s'utilitzarà>
<764.86,765.03,com>
<765.03,765.13,un>
<765.14,765.55,objecte>
<765.57,765.71,en>
<765.71,765.88,tant>
<765.88,765.96,que>
<765.96,766.43,s'utilitzarà>
<766.43,766.51,el>
<766.51,766.64,seu>
<766.64,767.06,ventre>
<767.12,767.19,i>
<767.19,767.32,no>
<767.32,767.42,la>
<767.42,767.65,seva>
<767.65,768.33,personalitat>
<768.51,768.61,i>
<768.61,768.78,per>
<768.78,769.06,tant>
<769.76,770.02,també>
<770.02,770.27,afecta>
<770.27,770.34,la>
<770.34,770.52,seva>
<770.52,770.97,dignitat>
<770.98,771.05,i>
<771.05,771.11,a>
<771.11,771.17,la>
<771.17,771.33,seva>
<771.48,771.90,llibertat>
<771.90,771.93,i>
<771.94,772.66,integritat>
<775.14,775.29,a>
<775.29,775.66,partir>
<775.66,775.74,de>
<775.74,775.80,la>
<775.80,776.46,introducció>
<776.61,777.18,d'aquesta>
<777.18,777.55,gestació>
<777.55,778.14,subrogada>
<782.45,783.28,Importaria>
<784.57,784.64,a>
<784.64,784.78,les>
<784.78,785.13,màfies>
<785.13,785.28,dins>
<785.28,785.37,del>
<785.37,785.60,nostre>
<785.63,786.00,país>
<786.10,786.25,i>
<786.25,786.78,perjudicaria>
<786.78,786.98,tant>
<786.98,787.04,la>
<787.04,787.24,mare>
<787.25,787.38,com>
<787.38,787.47,el>
<787.47,787.68,pare>
<787.69,787.87,com>
<787.87,788.00,els>
<788.00,788.27,nens>
<789.60,789.72,ha>
<789.72,789.97,dit>
<790.00,790.10,que>
<790.10,790.21,el>
<790.21,790.46,nen>
<790.64,790.81,era>
<790.81,790.89,la>
<790.89,791.21,moneda>
<791.21,791.30,de>
<791.30,791.72,canvi>
<792.09,792.19,que>
<792.19,792.34,es>
<792.34,792.74,canvia>
<792.74,792.83,el>
<792.83,793.11,nen>
<793.12,793.39,per>
<794.12,794.43,pot>
<794.43,794.66,ser>
<794.68,795.00,canvi>
<795.00,795.24,per>
<795.25,795.71,diners>
<795.72,795.82,o>
<795.82,796.06,per>
<796.23,796.78,altruisme>
<797.09,797.22,la>
<797.22,797.58,voluntat>
<797.58,797.85,d'alguna>
<797.85,798.13,persona>
<798.37,798.55,dins>
<798.55,798.66,d'un>
<798.66,799.23,contracte>
<800.48,800.61,el>
<800.61,800.92,nen>
<801.00,801.46,seria>
<801.47,801.70,el>
<801.71,802.04,canvi>
<802.04,802.14,que>
<802.14,802.21,es>
<802.21,802.61,faria>
<802.62,802.72,a>
<802.72,803.20,partir>
<803.21,803.37,de>
<803.46,803.67,ja>
<803.67,804.02,sigui>
<804.09,804.39,simple>
<804.39,804.87,altruisme>
<804.88,804.97,o>
<804.97,805.12,una>
<805.12,805.42,moneda>
<805.56,805.92,o>
<806.65,807.05,diners>
<810.65,811.15,formar>
<820.42,820.77,una>
<831.02,831.84,família>
<832.94,833.07,és>
<833.07,833.60,important>
<833.82,834.10,però>
<834.23,834.53,creiem>
<834.53,834.62,que>
<834.62,834.67,hi>
<834.67,834.70,ha>
<834.70,834.91,altres>
<834.91,835.21,mètodes>
<835.21,835.34,com>
<835.34,835.74,l'adopció>
<835.74,835.83,I>
<837.24,837.49,ser>
<837.49,837.74,pare>
<838.09,838.22,no>
<838.22,838.29,és>
<838.29,838.54,cap>
<838.54,838.92,dret>
<839.14,839.28,és>
<839.28,839.38,un>
<839.38,839.77,desig>
<844.55,844.72,heu>
<844.84,845.20,parlat>
<845.20,845.30,del>
<845.30,845.87,capitalisme>
<845.87,845.94,en>
<845.94,846.20,relació>
<846.20,846.26,al>
<846.26,846.79,moviment>
<846.98,847.10,i>
<847.10,847.62,que>
<847.94,848.35,s'adequa>
<848.35,848.38,a>
<848.38,848.51,les>
<848.51,848.98,demandes>
<849.12,849.26,però>
<849.26,849.34,no>
<849.34,849.42,han>
<849.42,849.74,portat>
<849.74,849.86,cap>
<849.86,850.47,evidència>
<850.61,850.74,que>
<852.36,853.05,actualment>
<853.05,853.15,és>
<853.15,853.27,una>
<853.27,853.84,necessitat>
<859.18,859.65,això>
<860.36,860.51,no>
<860.51,860.79,s'hauria>
<860.79,860.86,de>
<860.86,861.24,regular>
<867.40,867.76,és>
<867.77,867.92,una>
<867.92,868.28,gestació>
<868.28,868.86,subrogada>
<868.86,869.27,completament>
<869.27,869.89,altruista>
<871.33,871.93,l'altruisme>
<872.15,872.51,és>
<872.53,872.68,no>
<872.68,873.18,diners>
<876.11,876.46,però>
<877.16,877.26,el>
<877.26,877.57,nen>
<877.58,877.84,serà>
<877.84,878.25,l'objecte>
<878.25,878.37,del>
<878.37,878.99,contracte>
<879.34,879.89,dintre>
<879.89,880.00,la>
<880.00,880.28,relació>
<880.28,881.05,contractual>
<881.19,881.30,el>
<881.30,881.54,nen>
<881.54,881.75,serà>
<881.75,881.82,la>
<881.82,882.66,contraprestació>
<883.33,883.45,per>
<883.45,883.61,tant>
<883.61,883.83,serà>
<884.36,884.96,objectivitzat>
<886.65,886.75,i>
<886.75,886.86,al>
<886.86,887.11,nen>
<887.31,887.42,no>
<887.42,887.52,se>
<887.52,887.61,li>
<887.61,888.11,respectaran>
<888.11,888.19,la>
<888.19,888.38,seva>
<888.38,888.83,dignitat>
<890.63,890.91,el>
<893.19,893.59,nen>
<893.93,894.41,és>
<894.41,894.52,el>
<894.52,895.04,perjudicat>
<895.04,895.11,en>
<895.11,895.31,aquest>
<895.31,895.80,contracte>
<895.97,896.48,perquè>
<897.23,897.40,És>
<897.40,897.90,considerat>
<897.91,898.10,com>
<898.10,898.17,un>
<898.17,898.62,objecte>
<900.97,901.64,atemptarà>
<901.64,901.88,contra>
<901.88,902.06,seva>
<902.06,902.53,dignitat>
<902.54,902.67,en>
<902.67,902.92,tant>
<902.92,903.02,que>
<903.02,903.33,serà>
<903.34,903.80,altra>
<903.80,904.70,contraprestació>
<906.66,906.83,i>
<906.83,907.13,això>
<907.85,907.99,va>
<907.99,908.09,en>
<908.09,908.44,contra>
<908.44,909.00,totalment>
<909.15,909.39,dels>
<909.39,909.64,drets>
<909.64,909.78,del>
<909.78,910.09,nen>
<910.17,910.29,en>
<910.29,910.38,el>
<910.38,910.49,que>
<910.49,910.62,diu>
<910.62,910.70,que>
<910.70,910.78,el>
<910.78,911.00,nen>
<911.00,911.10,no>
<911.10,911.22,pot>
<911.22,911.31,ser>
<911.31,911.86,utilitzat>
<912.12,912.65,com>
<912.66,912.93,un>
<912.94,913.46,objecte>
<913.46,913.56,o>
<913.56,913.71,en>
<913.85,914.21,ningu>
<914.21,914.56,tipus>
<914.56,914.65,de>
<914.65,914.97,tracte>
<917.59,917.98,el>
<923.23,923.62,nen>
<923.74,924.01,serà>
<924.01,924.32,objecte>
<925.18,925.32,d'un>
<925.76,926.31,control>
<926.72,926.80,de>
<926.80,927.30,qualitat>
<931.57,931.81,una>
<931.81,932.10,parella>
<932.10,932.60,australiana>
<932.60,932.71,per>
<932.71,933.12,exemple>
<933.34,933.89,rebutja>
<933.90,934.01,el>
<934.01,934.16,seu>
<934.16,934.45,fill>
<934.45,934.62,per>
<934.62,934.81,tenir>
<934.81,935.13,síndrome>
<935.13,935.24,de>
<935.24,935.57,down>
<935.77,935.96,això>
<935.96,936.02,no>
<936.02,936.06,ho>
<936.06,936.27,podem>
<936.27,936.65,permetre>
<938.36,938.80,això>
<938.84,938.98,és>
<938.98,939.56,l'eugenèsia>
<954.92,955.74,l'objectivització>
<955.74,955.82,de>
<955.82,955.91,la>
<955.91,956.22,dona>
<956.44,956.67,la>
<956.67,956.93,dona>
<956.94,957.08,és>
<957.08,957.16,la>
<957.16,957.77,responsable>
<957.77,957.85,de>
<957.85,958.11,portar>
<958.11,958.17,el>
<958.17,958.48,nadó>
<959.52,959.63,i>
<959.63,959.82,per>
<959.82,960.15,tant>
<960.40,960.52,hi>
<960.52,960.63,ha>
<961.15,961.30,en>
<961.30,961.42,el>
<961.78,962.13,moment>
<962.13,962.20,en>
<962.21,962.33,què>
<962.33,962.62,signa>
<962.62,962.81,aquest>
<962.81,963.21,contracte>
<963.21,963.33,no>
<963.33,963.60,tindrà>
<963.60,963.68,la>
<963.68,964.25,possibilitat>
<964.25,964.33,de>
<964.33,964.67,sortir>
<965.89,966.08,la>
<966.08,966.34,dona>
<966.34,966.68,quedarà>
<966.71,967.47,esclavitzada>
<976.02,976.18,la>
<976.18,976.42,mare>
<976.56,976.68,en>
<976.68,976.76,el>
<976.76,976.89,cas>
<976.90,977.02,que>
<977.02,977.20,vulgui>
<977.20,977.46,sortir>
<977.46,977.67,haurà>
<977.89,978.37,d'avortar>
<978.55,978.68,és>
<978.68,978.90,posar>
<978.90,978.97,en>
<978.97,979.13,risc>
<979.13,979.19,la>
<979.19,979.38,seva>
<979.38,979.65,vida>
<979.77,979.87,a>
<979.87,980.14,més>
<980.25,980.39,de>
<980.55,981.01,matar>
<981.03,981.16,el>
<981.16,981.33,nen>
<981.33,981.43,no>
<981.43,981.83,nascut>
<982.07,982.31,més>
<983.39,983.62,la>
<985.43,985.74,mare>
<985.74,986.19,gestant>
<986.37,986.64,pot>
<986.65,987.11,tenir>
<987.21,987.50,una>
<987.50,987.89,relació>
<987.90,988.51,psicològica>
<988.51,988.60,amb>
<988.60,988.69,el>
<988.69,988.93,nen>
<990.64,990.74,en>
<990.74,991.00,aquesta>
<991.00,991.37,evidència>
<991.37,991.60,d'aquest>
<991.60,991.96,estudi>
<991.96,992.24,podem>
<992.24,992.51,veure>
<992.51,992.68,com>
<992.68,992.78,la>
<992.78,993.07,mare>
<993.50,993.72,pot>
<993.72,993.98,tenir>
<993.98,994.39,relacions>
<994.39,995.05,psicològiques>
<995.05,995.17,amb>
<995.17,995.23,el>
<995.23,995.47,nen>
<996.36,996.45,hi>
<996.45,996.89,hauria>
<996.99,997.27,una>
<997.87,998.44,voluntat>
<998.53,998.66,em>
<998.66,998.85,vull>
<998.85,999.04,quedar>
<999.04,999.10,el>
<999.10,999.21,meu>
<999.21,999.56,fill>
<1002.29,1002.70,aquesta>
<1002.70,1003.02,notícia>
<1003.02,1003.15,del>
<1003.15,1003.43,mundo>
<1003.44,1003.63,on>
<1003.75,1003.95,una>
<1003.95,1004.24,mare>
<1004.53,1004.83,vol>
<1004.83,1005.22,quedar-se>
<1005.22,1005.29,el>
<1005.29,1005.52,nen>
<1006.55,1006.67,el>
<1006.67,1006.94,propi>
<1006.94,1007.22,control>
<1007.22,1007.79,judicial>
<1007.94,1008.11,li>
<1008.11,1008.31,dóna>
<1008.31,1008.41,el>
<1008.41,1008.62,nen>
<1008.62,1008.98,perquè>
<1009.62,1010.14,considera>
<1010.14,1010.24,que>
<1010.24,1010.40,és>
<1010.40,1010.67,seu>
<1030.74,1031.16,la>
<1033.32,1033.78,dignitat>
<1033.78,1033.85,de>
<1033.85,1033.93,la>
<1033.93,1034.16,mare>
<1034.17,1034.30,en>
<1034.30,1034.46,tant>
<1034.46,1034.56,que>
<1034.56,1034.83,serà>
<1034.83,1035.26,reduïda>
<1035.26,1035.44,com>
<1035.44,1035.57,un>
<1035.57,1036.05,objecte>
<1037.61,1037.88,només>
<1037.88,1037.98,es>
<1037.98,1038.29,buscarà>
<1038.29,1038.35,el>
<1038.35,1038.55,seu>
<1038.55,1038.97,ventre>
<1042.53,1042.70,la>
<1053.80,1054.23,gestació>
<1054.23,1054.72,subrogada>
<1055.11,1055.95,perjudicaria>
<1056.85,1056.93,en>
<1056.93,1057.05,el>
<1057.05,1057.46,context>
<1057.51,1057.69,que>
<1057.69,1057.81,ens>
<1057.81,1058.19,trobem>
<1059.49,1059.61,la>
<1059.70,1060.68,introducció>
<1061.58,1061.74,del>
<1061.74,1061.96,cavall>
<1061.96,1062.06,de>
<1062.06,1062.46,troia>
<1062.55,1062.98,dins>
<1063.01,1063.16,el>
<1063.16,1063.45,nostre>
<1063.45,1063.80,país>
<1063.97,1064.56,comportaria>
<1064.56,1064.62,la>
<1064.62,1065.03,introducció>
<1065.03,1065.09,de>
<1065.09,1065.38,moltes>
<1065.38,1065.79,màfies>
<1067.63,1067.72,a>
<1067.72,1068.21,ucrania>
<1069.22,1069.47,han>
<1069.47,1069.75,hagut>
<1069.90,1070.39,aparicions>
<1070.39,1070.45,de>
<1070.45,1070.88,màfies>
<1070.89,1070.98,en>
<1070.98,1071.11,les>
<1071.11,1071.17,que>
<1071.17,1071.24,han>
<1071.24,1071.55,afectat>
<1071.55,1071.60,a>
<1071.60,1071.92,famílies>
<1071.92,1072.50,espanyoles>
<1072.65,1072.74,i>
<1072.74,1072.87,el>
<1072.87,1073.04,fet>
<1073.04,1073.49,d'introduir>
<1073.49,1073.57,la>
<1073.57,1073.90,gestació>
<1073.90,1074.29,subrogada>
<1074.29,1074.32,a>
<1074.47,1074.94,espanya>
<1075.07,1075.80,afectarà>
<1076.66,1076.78,A>
<1076.78,1076.86,la>
<1076.86,1077.27,nostra>
<1077.28,1077.94,situació>
<1078.03,1078.11,i>
<1078.11,1078.20,el>
<1078.20,1078.43,nostre>
<1078.43,1078.76,ordenament>
<1078.76,1079.13,jurídic>
<1137.67,1137.87,com>
<1137.87,1137.97,va>
<1137.97,1138.10,dir>
<1138.10,1138.21,el>
<1138.62,1139.00,famós>
<1139.59,1140.20,filòsof>
<1140.20,1140.52,romà>
<1140.52,1141.17,sèneca>
<1141.94,1142.06,no>
<1142.06,1142.16,és>
<1142.16,1142.45,perquè>
<1142.45,1142.63,les>
<1142.63,1142.96,coses>
<1142.96,1143.14,són>
<1143.14,1143.69,difícils>
<1143.69,1143.81,que>
<1143.81,1143.94,no>
<1143.94,1144.40,gosem>
<1144.99,1145.24,sinó>
<1145.24,1145.31,que>
<1145.31,1145.40,és>
<1145.40,1145.67,perquè>
<1145.67,1145.86,no>
<1145.86,1146.42,gosem>
<1146.92,1147.02,que>
<1147.02,1147.26,són>
<1147.26,1147.97,difícils>
<1148.47,1148.62,és>
<1148.62,1148.90,perquè>
<1148.90,1149.64,creiem>
<1150.03,1150.14,que>
<1150.14,1150.35,són>
<1150.35,1151.08,difícils>
<1152.66,1152.89,les>
<1152.89,1153.35,creences>
<1153.35,1154.19,limitadores>
<1155.39,1155.50,hi>
<1155.50,1155.58,ha>
<1155.58,1155.75,quí>
<1155.75,1156.13,diu>
<1156.63,1156.83,que>
<1157.84,1158.20,totes>
<1158.20,1158.38,les>
<1158.38,1158.87,dones>
<1159.02,1159.48,pateixen>
<1159.48,1159.56,el>
<1159.56,1159.86,moment>
<1159.86,1160.25,d'entregar>
<1160.25,1160.32,el>
<1160.32,1160.66,nadó>
<1174.39,1174.60,una>
<1174.60,1174.98,creença>
<1174.98,1175.64,limitadora>
<1178.91,1179.11,es>
<1179.11,1179.63,creu>
<1179.92,1180.59,universalment>
<1180.59,1181.21,establert>
<1181.28,1181.43,un>
<1181.43,1181.68,amor>
<1181.68,1182.16,maternal>
<1182.99,1183.40,delphine>
<1183.41,1183.83,noos>
<1184.43,1184.49,qui>
<1184.53,1184.71,va>
<1184.71,1185.01,estudiar>
<1185.01,1185.82,antropologia>
<1186.16,1186.61,explica>
<1186.61,1186.69,en>
<1186.69,1186.78,el>
<1186.78,1187.01,seu>
<1187.01,1187.41,llibre>
<1187.69,1187.81,que>
<1187.81,1188.07,és>
<1188.07,1188.17,la>
<1188.17,1188.98,maternitat>
<1189.45,1189.72,que>
<1190.26,1190.40,per>
<1190.40,1190.43,a>
<1190.43,1190.78,ella>
<1192.22,1192.68,l'amor>
<1192.68,1193.26,maternal>
<1193.89,1194.04,no>
<1194.04,1194.19,és>
<1194.19,1194.40,algú>
<1194.40,1194.95,innat>
<1195.55,1195.86,sinó>
<1195.86,1196.32,fruit>
<1196.51,1196.66,de>
<1196.66,1196.77,la>
<1196.77,1197.38,societat>
<1197.95,1198.05,i>
<1198.05,1198.21,si>
<1198.21,1198.28,hi>
<1198.28,1198.40,ha>
<1198.40,1198.76,dones>
<1198.76,1198.89,que>
<1198.89,1199.44,creuen>
<1199.54,1199.65,que>
<1199.65,1199.78,no>
<1199.78,1199.96,és>
<1199.96,1200.44,innat>
<1200.78,1201.30,poden>
<1201.31,1202.19,desenvolupar>
<1203.66,1203.83,un>
<1203.83,1204.26,amor>
<1213.50,1214.14,diferent>
<1215.27,1215.53,si>
<1215.53,1215.91,creiem>
<1215.91,1215.98,que>
<1215.98,1216.08,és>
<1216.08,1216.50,innat>
<1217.15,1217.53,hauríem>
<1217.53,1217.64,de>
<1217.64,1218.03,tancar>
<1218.03,1218.21,les>
<1218.21,1218.42,llars>
<1218.42,1218.99,d'infants>
<1219.05,1219.67,aquestes>
<1219.74,1220.19,dones>
<1220.19,1220.28,que>
<1220.47,1221.02,passen>
<1221.30,1221.68,vuit>
<1221.68,1222.01,hores>
<1222.01,1222.18,amb>
<1222.18,1222.43,tants>
<1222.43,1222.97,infants>
<1223.51,1223.72,com>
<1223.72,1223.85,em>
<1223.85,1224.16,podeu>
<1224.16,1224.44,dir>
<1224.44,1224.54,que>
<1224.54,1224.98,no>
<1225.36,1226.05,desenvolupa>
<1226.05,1226.17,un>
<1226.17,1226.77,amor>
<1227.12,1227.27,de>
<1227.27,1227.69,mare>
<1227.75,1227.95,cap>
<1227.95,1227.99,a>
<1227.99,1228.48,aquests>
<1228.49,1229.10,infants>
<1230.92,1231.02,hi>
<1231.02,1231.11,ha>
<1231.11,1231.28,qui>
<1231.28,1231.75,diu>
<1231.82,1231.92,que>
<1231.92,1232.05,les>
<1232.05,1232.41,dones>
<1232.41,1232.69,que>
<1232.70,1233.02,duen>
<1233.02,1233.09,a>
<1233.09,1233.35,terme>
<1233.35,1233.50,una>
<1233.50,1233.95,gestació>
<1233.95,1234.68,subrogada>
<1234.89,1235.10,no>
<1236.17,1236.36,ho>
<1236.36,1236.67,trien>
<1236.67,1236.75,de>
<1236.75,1237.09,manera>
<1237.09,1237.54,lliure>
<1238.15,1238.47,sinó>
<1238.47,1238.60,que>
<1238.60,1239.09,depenen>
<1239.09,1239.18,de>
<1239.18,1239.31,les>
<1239.31,1239.57,seves>
<1239.57,1240.60,circumstàncies>
<1243.22,1243.32,de>
<1243.32,1243.61,quines>
<1243.61,1244.38,circumstàncies>
<1244.38,1244.87,parlen>
<1253.90,1254.06,el>
<1254.06,1254.47,paper>
<1254.62,1254.77,de>
<1254.77,1254.90,la>
<1254.90,1255.31,dona>
<1255.52,1255.64,ha>
<1255.64,1256.36,evolucionat>
<1256.66,1257.05,gràcies>
<1257.05,1257.12,a>
<1257.12,1257.31,les>
<1257.31,1257.67,Lleis>
<1257.81,1258.34,tenim>
<1258.35,1258.91,dret>
<1258.92,1259.00,a>
<1259.00,1259.48,decidir>
<1259.49,1259.78,quants>
<1259.78,1259.98,fills>
<1259.98,1260.43,volem>
<1267.36,1267.52,no>
<1267.52,1267.62,hi>
<1267.62,1267.69,ha>
<1267.69,1268.18,llibertat>
<1268.18,1268.50,sense>
<1268.50,1268.86,norma>
<1268.94,1269.04,per>
<1269.04,1269.25,això>
<1269.25,1269.35,té>
<1269.35,1269.56,tot>
<1269.56,1269.66,el>
<1269.66,1269.82,seu>
<1269.82,1270.25,sentit>
<1271.10,1271.58,parlar>
<1271.69,1271.83,de>
<1271.83,1272.57,regulació>
<1272.67,1272.74,de>
<1272.74,1272.83,la>
<1272.83,1273.25,gestació>
<1273.25,1273.85,subrogada>
<1277.08,1277.22,no>
<1277.22,1277.31,és>
<1277.31,1277.43,una>
<1277.43,1277.85,realitat>
<1277.85,1278.34,actual>
<1278.34,1278.43,la>
<1278.43,1278.84,creació>
<1278.84,1278.95,de>
<1278.95,1279.31,màfia>
<1279.31,1279.72,respecte>
<1279.72,1279.75,a>
<1279.75,1279.83,la>
<1279.83,1280.18,gestació>
<1280.18,1280.83,subrogada>
<1285.25,1286.11,condicionarem>
<1286.11,1286.27,una>
<1286.27,1286.79,regulació>
<1286.79,1286.89,de>
<1286.89,1287.45,l'estat>
<1287.79,1287.95,no>
<1287.95,1288.05,hi>
<1288.05,1288.48,hauria>
<1288.48,1289.03,màfies>
<1289.24,1289.35,per>
<1289.35,1289.72,això>
<1289.73,1289.79,la>
<1289.80,1290.61,importància>
<1290.70,1290.84,de>
<1290.84,1290.96,la>
<1290.96,1291.67,regulació>
<1303.67,1304.25,l'evolució>
<1304.25,1304.34,de>
<1304.34,1304.40,la>
<1304.40,1304.98,mentalitat>
<1304.98,1305.07,de>
<1305.07,1305.15,la>
<1305.15,1305.50,nostra>
<1305.50,1306.02,societat>
<1308.65,1309.17,abans>
<1309.61,1309.81,una>
<1309.81,1310.24,dona>
<1310.57,1311.04,només>
<1312.43,1312.59,es>
<1312.59,1312.94,casava>
<1312.94,1313.11,amb>
<1313.11,1313.26,un>
<1313.26,1313.56,home>
<1313.56,1313.67,i>
<1313.67,1314.01,tenia>
<1314.01,1314.40,fills>
<1314.41,1314.49,i>
<1314.49,1314.74,així>
<1314.74,1314.90,per>
<1314.90,1315.14,tota>
<1315.14,1315.24,la>
<1315.24,1315.56,vida>
<1317.02,1317.18,hem>
<1317.18,1317.66,acceptat>
<1317.66,1317.76,el>
<1317.76,1318.27,divorci>
<1318.94,1319.15,una>
<1319.15,1319.33,dona>
<1319.33,1319.43,es>
<1319.43,1319.81,podia>
<1319.81,1320.06,casar>
<1320.07,1320.23,amb>
<1320.23,1320.34,un>
<1320.34,1320.64,home>
<1321.01,1321.24,tenir>
<1321.24,1321.67,fills>
<1322.43,1322.86,decidir>
<1322.86,1323.41,divorciar>
<1323.96,1324.06,i>
<1324.06,1324.50,aspirar>
<1324.51,1324.57,a>
<1324.57,1324.84,tenir>
<1324.84,1325.07,fills>
<1325.07,1325.25,amb>
<1325.25,1325.36,un>
<1325.36,1325.67,altre>
<1325.67,1326.00,home>
<1333.38,1333.79,avui>
<1334.00,1334.21,una>
<1334.21,1334.45,dona>
<1334.45,1334.59,pot>
<1334.59,1335.09,decidir>
<1335.13,1335.67,quants>
<1336.43,1336.96,quan>
<1337.63,1337.73,i>
<1337.73,1337.92,amb>
<1337.92,1338.20,qui>
<1338.21,1338.38,vol>
<1338.38,1338.63,tenir>
<1338.63,1339.03,fills>
<1339.95,1340.12,que>
<1340.12,1340.55,demà>
<1340.76,1340.98,pugui>
<1340.98,1341.43,decidir>
<1341.43,1341.86,quan>
<1342.24,1342.83,quants>
<1343.42,1343.60,amb>
<1343.60,1344.00,qui>
<1344.25,1344.41,però>
<1344.41,1344.58,per>
<1344.58,1344.84,qui>
<1345.08,1345.26,vol>
<1345.26,1345.52,tenir>
<1345.52,1345.90,fills>
<1346.57,1346.78,ja>
<1346.78,1347.05,que>
<1347.98,1348.35,podrà>
<1348.35,1348.72,decidir>
<1348.72,1349.36,lliurement>
<1350.24,1350.32,i>
<1350.32,1350.48,amb>
<1350.48,1351.16,consciència>
<1352.18,1352.38,si>
<1352.38,1352.59,vol>
<1352.59,1352.74,dur>
<1352.74,1352.78,a>
<1352.78,1353.04,terme>
<1353.04,1353.17,una>
<1353.17,1353.63,gestació>
<1353.63,1354.19,subrogada>
<1358.22,1358.44,i>
<1358.44,1358.58,el>
<1358.58,1358.80,fet>
<1358.81,1358.93,que>
<1358.93,1359.18,pugui>
<1359.18,1359.83,decidir>
<1361.39,1362.40,inclús>
<1362.43,1362.69,quan>
<1362.69,1363.26,afecti>
<1363.53,1363.74,els>
<1363.74,1363.91,seus>
<1363.91,1364.12,drets>
<1364.12,1364.16,i>
<1364.16,1364.77,llibertats>
<1364.78,1364.89,és>
<1364.89,1364.99,una>
<1364.99,1365.14,bona>
<1365.14,1365.46,manera>
<1365.46,1365.92,decidir>
<1367.74,1367.88,no>
<1367.88,1368.31,afectarà>
<1368.31,1368.42,els>
<1368.42,1368.63,seus>
<1368.63,1369.15,drets>
<1369.63,1369.82,ja>
<1369.82,1369.98,que>
<1370.02,1370.23,una>
<1370.23,1370.51,bona>
<1370.51,1371.33,regulació>
<1371.34,1371.95,garantiria>
<1371.95,1372.05,el>
<1372.05,1372.29,seu>
<1372.29,1372.90,benestar>
<1374.90,1375.18,tant>
<1375.18,1375.26,de>
<1375.26,1375.38,la>
<1375.38,1375.89,gestant>
<1375.93,1376.15,com>
<1376.15,1376.26,de>
<1376.26,1376.48,les>
<1376.48,1377.03,parts>
<1377.28,1378.02,implicades>
<1378.02,1378.15,en>
<1378.15,1378.66,aquesta>
<1378.67,1379.35,gestació>
<1382.79,1383.42,quines>
<1383.42,1383.77,serien>
<1383.77,1383.90,les>
<1383.90,1384.40,propostes>
<1384.40,1384.74,d'aquesta>
<1384.74,1384.94,nova>
<1384.94,1385.40,regulació>
<1385.40,1385.55,que>
<1386.34,1387.25,garantitzarien>
<1387.72,1387.93,la>
<1387.93,1388.43,dignitat>
<1388.43,1388.96,integritat>
<1388.96,1389.04,de>
<1389.04,1389.11,la>
<1389.11,1389.34,dona>
<1389.34,1389.47,i>
<1389.47,1389.57,el>
<1389.57,1389.93,nen>
<1395.77,1396.05,que>
<1398.98,1399.18,es>
<1399.18,1399.48,faci>
<1399.48,1399.55,a>
<1399.55,1399.84,nivell>
<1399.84,1400.53,nacional>
<1416.86,1417.50,parla>
<1417.65,1417.87,del>
<1417.87,1418.32,perill>
<1419.28,1419.44,de>
<1419.44,1419.53,la>
<1419.53,1420.57,mercantilització>
<1422.82,1423.22,estem>
<1423.22,1423.61,davant>
<1423.61,1423.89,d'un>
<1424.04,1424.61,sistema>
<1424.61,1425.07,social>
<1425.07,1425.17,de>
<1425.17,1425.96,reproducció>
<1427.27,1427.49,no>
<1427.49,1427.92,parlem>
<1427.92,1428.68,d'objectes>
<1429.19,1429.43,sinó>
<1429.43,1429.53,de>
<1429.53,1430.31,persones>
<1439.59,1439.72,i>
<1439.72,1439.86,per>
<1439.86,1440.26,això>
<1440.65,1440.86,les>
<1440.86,1441.23,dones>
<1441.25,1441.46,han>
<1441.46,1441.56,de>
<1441.56,1442.12,regular>
<1460.64,1460.88,la>
<1490.20,1491.21,gestació>
<1491.21,1491.84,subrogada>
<1536.10,1536.36,avui>
<1536.36,1536.63,dia>
<1536.64,1537.12,existeix>
<1537.13,1537.26,el>
<1537.26,1537.68,context>
<1537.69,1538.10,adequat>
<1538.20,1538.41,per>
<1538.41,1538.81,poder>
<1539.45,1539.68,portar>
<1539.68,1539.71,a>
<1539.71,1539.99,terme>
<1540.00,1540.30,aquest>
<1540.30,1540.61,tipus>
<1540.61,1540.80,de>
<1541.10,1541.61,pràctica>
<1542.84,1543.02,ens>
<1543.02,1543.10,han>
<1543.10,1543.37,parlat>
<1543.37,1543.44,de>
<1543.44,1543.52,la>
<1543.52,1543.86,societat>
<1543.86,1544.56,capitalista>
<1544.66,1544.75,i>
<1544.75,1544.85,de>
<1544.85,1544.95,que>
<1544.95,1545.29,estem>
<1545.30,1545.41,en>
<1545.41,1545.55,una>
<1545.55,1545.92,època>
<1545.97,1546.13,de>
<1546.13,1546.43,millor>
<1546.43,1547.29,predisposició>
<1551.33,1551.63,per>
<1551.63,1551.81,una>
<1551.81,1552.36,vulneració>
<1552.36,1552.44,de>
<1552.44,1552.73,drets>
<1552.73,1553.08,humans>
<1555.71,1555.86,en>
<1555.86,1555.94,la>
<1555.94,1556.29,societat>
<1556.29,1556.98,capitalista>
<1557.41,1557.58,el>
<1557.58,1557.66,que>
<1557.66,1557.75,es>
<1557.75,1558.25,caracteritza>
<1558.25,1558.57,més>
<1558.64,1558.78,és>
<1558.78,1558.86,el>
<1558.86,1559.40,capital>
<1560.66,1561.03,quin>
<1561.03,1561.41,tipus>
<1561.41,1561.49,de>
<1561.49,1561.90,capital>
<1561.90,1562.02,és>
<1562.02,1562.37,aquest>
<1562.64,1562.91,la>
<1562.91,1563.17,dona>
<1563.17,1563.22,i>
<1563.22,1563.34,el>
<1563.34,1563.50,nen>
<1563.51,1563.60,quin>
<1563.60,1563.75,tipus>
<1563.76,1563.82,de>
<1563.88,1564.09,capital>
<1564.09,1564.15,és>
<1564.16,1564.35,aquest>
<1564.35,1564.42,el>
<1564.42,1564.66,nen>
<1564.67,1564.82,perquè>
<1564.83,1564.89,el>
<1564.92,1565.01,nen>
<1565.02,1565.24,s'està>
<1565.24,1565.62,utilitzant>
<1565.62,1565.74,com>
<1565.74,1565.82,a>
<1565.82,1566.69,contraprestació>
<1566.78,1567.03,s'està>
<1567.03,1567.36,utilitzant>
<1567.36,1567.47,per>
<1567.47,1567.62,tant>
<1567.62,1567.73,com>
<1567.73,1567.76,a>
<1567.76,1568.20,objecte>
<1568.52,1568.82,ja>
<1568.82,1569.14,sigui>
<1569.14,1569.27,de>
<1569.27,1569.69,forma>
<1569.69,1570.37,altruista>
<1570.67,1570.87,o>
<1570.87,1571.47,sigui>
<1571.55,1572.23,mitjançant>
<1572.46,1573.87,uns>
<1573.87,1574.41,diners>
<1577.30,1577.41,el>
<1577.41,1577.55,nen>
<1577.55,1577.88,continúa>
<1577.88,1578.06,essent>
<1578.06,1578.13,un>
<1578.13,1578.59,objecte>
<1584.08,1585.07,aportarien>
<1587.36,1587.71,un>
<1587.71,1588.11,conjunt>
<1588.11,1588.20,de>
<1588.20,1588.94,garanties>
<1589.27,1589.45,que>
<1589.45,1589.92,respectarien>
<1589.95,1590.08,els>
<1590.08,1590.26,drets>
<1590.26,1590.87,fonamentals>
<1592.78,1593.08,com>
<1593.37,1593.83,tindrien>
<1593.84,1594.11,cabuda>
<1594.68,1594.95,aquest>
<1595.21,1595.46,conjunt>
<1595.46,1595.54,de>
<1595.55,1595.82,garanties>
<1596.12,1596.35,dins>
<1596.35,1596.45,de>
<1596.46,1597.28,l'ordenament>
<1597.28,1597.77,jurídic>
<1597.98,1598.09,el>
<1598.09,1598.32,nostre>
<1598.33,1598.96,ordenament>
<1598.96,1599.36,jurídic>
<1605.93,1606.17,no>
<1606.17,1606.62,permet>
<1606.62,1607.03,aixó>
<1607.45,1607.75,No>
<1607.75,1608.18,existeix>
<1608.18,1608.68,adequació>
<1608.68,1609.27,a>
<1609.77,1609.96,la>
<1609.96,1610.31,norma>
<1613.72,1613.86,el>
<1613.86,1614.09,fet>
<1614.10,1614.26,que>
<1614.26,1614.35,un>
<1614.35,1614.71,nadó>
<1614.71,1614.82,és>
<1614.82,1615.34,gesti>
<1616.04,1616.42,fora>
<1616.42,1616.62,d'un>
<1616.62,1617.19,ventre>
<1617.44,1617.58,de>
<1617.58,1617.66,la>
<1617.66,1617.86,seva>
<1617.86,1618.24,mare>
<1618.66,1619.42,biològica>
<1619.53,1619.65,no>
<1619.65,1619.72,el>
<1619.72,1620.12,converteix>
<1620.12,1620.20,en>
<1620.20,1620.30,un>
<1620.30,1620.81,objecte>
<1625.36,1625.54,la>
<1625.54,1625.95,gestació>
<1625.95,1626.62,subrogada>
<1626.80,1626.97,és>
<1626.97,1627.08,una>
<1627.08,1627.53,tècnica>
<1627.74,1627.88,per>
<1627.88,1627.96,la>
<1627.96,1628.29,qual>
<1628.46,1628.70,la>
<1628.70,1629.05,mare>
<1629.12,1629.74,gestant>
<1629.86,1629.98,que>
<1629.98,1630.08,és>
<1630.08,1630.16,la>
<1630.16,1630.26,que>
<1630.26,1630.35,té>
<1630.35,1630.42,la>
<1630.42,1630.83,capacitat>
<1630.83,1630.94,per>
<1630.94,1631.18,quedar-se>
<1631.18,1631.71,embarassada>
<1632.26,1632.66,gesta>
<1632.66,1632.75,el>
<1632.75,1633.10,nen>
<1633.53,1633.86,dins>
<1633.86,1633.96,del>
<1633.96,1634.11,seu>
<1634.11,1634.52,ventre>
<1634.65,1634.81,per>
<1634.81,1635.04,tant>
<1635.05,1635.29,no>
<1635.29,1635.61,s'està>
<1635.61,1635.97,buscant>
<1635.97,1636.01,a>
<1636.01,1636.10,la>
<1636.10,1636.28,mare>
<1636.28,1636.62,gestant>
<1636.62,1636.80,sinó>
<1636.80,1636.89,que>
<1636.89,1637.08,s'està>
<1637.08,1637.38,buscant>
<1637.40,1637.54,el>
<1637.54,1637.80,ventre>
<1637.80,1637.86,de>
<1637.86,1637.97,la>
<1637.97,1638.45,Gestant>
<1638.65,1638.80,hi>
<1638.80,1638.96,ha>
<1639.35,1640.16,diferència>
<1640.33,1640.65,entre>
<1640.65,1640.87,fer>
<1640.88,1641.15,l'ús>
<1641.15,1641.30,del>
<1641.30,1641.59,cos>
<1641.60,1641.68,i>
<1641.68,1641.78,la>
<1641.78,1642.64,cosificació>
<1642.77,1643.00,perquè>
<1643.00,1643.06,en>
<1643.06,1643.29,aquest>
<1643.29,1643.53,cas>
<1643.62,1643.77,la>
<1643.77,1644.00,mare>
<1644.00,1644.61,gestant>
<1644.78,1645.20,s'està>
<1645.21,1646.08,anul·lant>
<1646.14,1646.33,tota>
<1646.33,1646.54,aquesta>
<1646.54,1646.93,dimensió>
<1646.94,1647.66,psicològica>
<1647.66,1647.69,i>
<1647.69,1648.26,racional>
<1648.32,1648.75,perquè>
<1649.14,1649.70,només>
<1649.70,1650.19,interessa>
<1651.90,1652.02,el>
<1652.02,1652.39,ventre>
<1652.55,1652.88,estem>
<1652.88,1653.12,fent>
<1653.13,1653.40,un>
<1653.40,1653.57,ús>
<1653.57,1653.71,del>
<1653.71,1654.01,cos>
<1654.09,1654.30,com>
<1654.30,1654.40,si>
<1654.40,1654.48,es>
<1654.48,1654.78,tractés>
<1654.78,1654.89,d'un>
<1654.89,1655.33,objecte>
<1655.46,1655.66,per>
<1655.66,1655.85,tant>
<1655.99,1656.22,en>
<1656.22,1656.52,quin>
<1656.52,1656.95,moment>
<1657.40,1657.76,s'està>
<1657.76,1658.23,respectant>
<1658.23,1658.29,la>
<1658.29,1658.85,integritat>
<1658.86,1658.95,i>
<1658.95,1659.05,la>
<1659.05,1659.62,dignitat>
<1659.71,1659.86,de>
<1659.86,1659.96,la>
<1659.96,1660.26,dona>
<1664.13,1664.30,tot>
<1664.30,1664.64,això>
<1664.74,1664.90,de>
<1664.90,1664.98,la>
<1664.98,1665.36,societat>
<1665.36,1665.94,econòmica>
<1666.01,1666.15,que>
<1666.15,1666.31,havien>
<1666.31,1666.90,explicat>
<1667.02,1667.24,cau>
<1667.24,1667.42,pel>
<1667.42,1667.59,seu>
<1667.59,1667.91,propi>
<1667.91,1668.26,pes>
<1668.35,1668.61,perquè>
<1668.61,1668.74,no>
<1668.74,1669.23,respecta>
<1669.65,1669.91,els>
<1669.91,1670.17,drets>
<1670.17,1670.58,humans>
<1670.94,1671.14,han>
<1676.33,1676.72,parlat>
<1676.72,1676.94,sobre>
<1676.94,1677.00,el>
<1677.00,1677.19,tema>
<1677.19,1677.27,de>
<1677.27,1677.35,la>
<1677.35,1677.65,dona>
<1677.78,1677.89,i>
<1677.89,1677.96,de>
<1677.96,1678.05,què>
<1678.05,1678.11,se>
<1678.11,1678.17,li>
<1678.17,1678.34,està>
<1678.34,1678.63,donant>
<1678.69,1678.96,una>
<1678.96,1679.57,possible>
<1679.57,1680.03,elecció>
<1680.96,1681.47,perquè>
<1681.95,1682.47,s'estigui>
<1682.47,1683.22,mercantilitzant>
<1683.22,1683.28,el>
<1683.28,1683.42,seu>
<1683.42,1683.68,cos>
<1688.04,1688.50,s'està>
<1688.50,1689.06,utilitzant>
<1689.07,1689.15,a>
<1689.15,1689.24,la>
<1689.24,1689.61,dona>
<1692.94,1693.71,utilitzar>
<1693.72,1693.86,el>
<1693.86,1694.05,seu>
<1694.05,1694.46,ventre>
<1694.59,1694.82,com>
<1694.82,1694.96,si>
<1694.96,1695.23,fos>
<1695.24,1695.62,un>
<1695.73,1696.31,objecte>
<1698.53,1698.81,no>
<1698.81,1699.22,existeix>
<1699.22,1699.60,adequació>
<1699.60,1699.87,a>
<1702.87,1703.28,norma>
<1707.24,1707.56,el>
<1707.57,1707.89,sistema>
<1707.89,1708.20,legal>
<1708.21,1708.37,és>
<1708.37,1708.53,com>
<1708.53,1708.64,un>
<1708.64,1709.56,trencaclosques>
<1709.70,1709.96,i>
<1710.36,1710.47,en>
<1710.47,1710.54,la>
<1710.54,1710.96,mesura>
<1711.12,1711.29,en>
<1711.30,1711.41,què>
<1711.41,1711.80,enganxem>
<1711.80,1711.93,una>
<1711.93,1712.29,peça>
<1712.39,1712.57,que>
<1712.57,1712.68,no>
<1712.68,1713.10,encaixa>
<1713.93,1714.31,tot>
<1714.32,1714.43,es>
<1714.43,1714.78,cau>
<1727.37,1727.52,es>
<1727.52,1727.83,tracta>
<1729.83,1730.10,d'una>
<1730.10,1730.87,falsedat>
<1731.16,1731.53,perquè>
<1731.53,1731.64,en>
<1731.64,1731.73,la>
<1731.73,1732.13,mesura>
<1732.13,1732.22,en>
<1732.22,1732.31,la>
<1732.31,1732.40,què>
<1732.40,1732.61,això>
<1732.61,1732.77,no>
<1732.77,1732.89,és>
<1732.89,1733.64,llibertat>
<1735.76,1735.92,és>
<1735.92,1736.45,caos>
<1736.83,1737.29,l'estat>
<1737.29,1737.42,no>
<1737.42,1737.63,pot>
<1737.63,1738.17,permetre>
<1738.17,1738.29,que>
<1738.29,1738.48,dins>
<1738.48,1738.54,de>
<1738.54,1738.96,l'ordenament>
<1738.96,1739.37,jurídic>
<1739.37,1739.50,hi>
<1739.50,1739.73,hagi>
<1739.73,1740.26,caos>
<1742.24,1742.63,abans>
<1742.63,1742.95,deia>
<1742.95,1743.11,que>
<1743.11,1743.53,quan>
<1744.49,1744.69,ens>
<1744.69,1745.18,interessem>
<1745.18,1745.30,la>
<1745.30,1745.74,gestació>
<1745.74,1746.49,subrogada>
<1747.10,1747.34,és>
<1747.35,1747.81,només>
<1747.86,1748.12,pel>
<1748.12,1748.52,ventre>
<1748.52,1748.62,de>
<1748.62,1748.71,la>
<1748.71,1749.03,mare>
<1749.77,1749.90,Però>
<1749.90,1750.13,si>
<1750.33,1750.56,ens>
<1750.56,1750.94,fixem>
<1750.94,1751.19,sobre>
<1751.19,1751.27,el>
<1751.27,1751.59,model>
<1751.59,1751.69,de>
<1751.69,1752.02,regne>
<1752.02,1752.56,unit>
<1752.93,1753.36,abans>
<1753.36,1753.46,de>
<1753.46,1753.60,dur>
<1753.60,1753.64,a>
<1753.64,1753.88,terme>
<1753.88,1754.02,una>
<1754.02,1754.42,gestació>
<1754.42,1755.02,subrogada>
<1755.03,1755.23,tan>
<1755.23,1755.91,comitents>
<1755.91,1756.12,com>
<1756.12,1756.27,la>
<1756.27,1756.54,dona>
<1756.54,1756.63,que>
<1756.63,1756.77,vol>
<1756.77,1756.91,dur>
<1756.91,1756.94,a>
<1756.94,1757.18,terme>
<1757.18,1757.30,una>
<1757.30,1757.71,gestació>
<1757.71,1758.28,subrogada>
<1758.46,1758.61,es>
<1758.61,1758.90,passen>
<1758.90,1759.29,mesos>
<1759.29,1759.77,parlant>
<1759.78,1760.06,i>
<1760.18,1760.86,reflexionant>
<1760.87,1761.09,aquí>
<1761.09,1761.19,jo>
<1761.19,1761.42,veig>
<1761.42,1762.09,persones>
<1762.31,1762.41,i>
<1762.41,1762.55,no>
<1762.55,1763.31,objectes>
<1763.36,1763.71,on>
<1769.60,1769.91,està>
<1769.91,1770.32,l'interés>
<1770.32,1770.75,superior>
<1770.75,1770.90,del>
<1770.90,1771.26,menor>
<1771.27,1771.42,en>
<1771.42,1771.65,quant>
<1771.65,1771.71,que>
<1771.71,1772.04,aquest>
<1772.04,1772.23,sí>
<1772.23,1772.36,que>
<1772.36,1772.84,s'utilitza>
<1772.84,1773.00,com>
<1773.00,1773.46,objecte>
<1775.90,1776.19,totes>
<1776.19,1776.55,aquestes>
<1776.55,1776.89,màfies>
<1776.89,1776.99,que>
<1776.99,1777.78,s'aprofitarien>
<1777.79,1777.89,i>
<1777.89,1778.53,utilitzarien>
<1778.53,1778.99,precisament>
<1778.99,1779.19,aquest>
<1779.19,1779.41,cavall>
<1779.41,1779.48,de>
<1779.48,1779.81,troia>
<1783.96,1784.18,on>
<1784.18,1784.29,es>
<1784.29,1784.71,trobaria>
<1784.71,1785.00,aquesta>
<1785.00,1785.43,protecció>
<1785.43,1785.57,cap>
<1785.57,1785.62,a>
<1785.62,1785.70,la>
<1785.70,1785.92,dona>
<1786.09,1786.21,en>
<1786.21,1786.29,la>
<1786.29,1786.59,mesura>
<1808.78,1809.01,s'ha>
<1809.01,1809.29,parlat>
<1809.29,1809.48,molt>
<1809.48,1809.55,de>
<1809.55,1810.16,l'altruisme>
<1810.46,1810.61,però>
<1810.61,1810.71,és>
<1810.71,1810.90,que>
<1810.91,1811.80,l'altruisme>
<1812.59,1812.73,en>
<1812.73,1812.96,aquest>
<1812.96,1813.34,tipus>
<1813.34,1813.47,de>
<1814.65,1815.45,contractes>
<1815.78,1816.04,no>
<1816.04,1816.19,es>
<1816.19,1816.55,pot>
<1816.72,1817.07,dur>
<1817.08,1817.19,a>
<1817.19,1817.60,terme>
<1818.11,1818.39,aquest>
<1818.39,1818.69,tipus>
<1818.69,1818.77,de>
<1818.77,1819.37,limitació>
<1819.52,1819.64,i>
<1819.64,1819.75,és>
<1819.75,1819.81,que>
<1819.81,1819.87,el>
<1819.87,1820.22,altruisme>
<1820.22,1820.29,no>
<1820.29,1820.38,és>
<1820.38,1820.48,una>
<1820.48,1820.97,garantia>
<1821.09,1821.49,perquè>
<1821.69,1821.78,el>
<1821.78,1821.99,dia>
<1821.99,1822.10,de>
<1822.10,1822.39,demà>
<1822.65,1822.94,porto>
<1822.94,1822.99,a>
<1822.99,1823.26,terme>
<1823.27,1823.50,un>
<1823.50,1824.07,contracte>
<1824.09,1824.31,de>
<1824.31,1824.78,gestació>
<1824.78,1825.40,subrogada>
<1826.63,1826.80,el>
<1826.80,1826.97,dia>
<1826.97,1827.41,següent>
<1827.42,1827.52,el>
<1827.52,1827.59,que>
<1827.59,1827.82,estic>
<1827.82,1828.16,fent>
<1828.28,1828.48,és>
<1828.60,1829.03,passar>
<1829.08,1829.30,uns>
<1829.30,1829.65,diners>
<1829.66,1829.80,en>
<1829.80,1830.13,negre>
<1830.14,1830.46,aquella>
<1830.46,1830.90,persona>
<1847.57,1847.84,al>
<1910.18,1910.41,meu>
<1910.41,1910.67,país>
<1910.67,1911.19,d'origen>
<1911.94,1912.25,trobem>
<1912.25,1912.60,nadons>
<1912.60,1913.27,desprotegits>
<1913.27,1913.41,per>
<1913.41,1913.50,la>
<1913.50,1913.85,llei>
<1914.10,1914.21,a>
<1914.21,1914.68,frança>
<1916.97,1917.07,A>
<1917.07,1917.48,gestació>
<1917.48,1918.02,subrogada>
<1918.02,1918.13,no>
<1918.13,1918.29,és>
<1918.29,1918.72,legal>
<1919.32,1920.05,famílies>
<1920.28,1920.51,se'n>
<1920.51,1920.93,van>
<1920.96,1921.18,a>
<1921.63,1922.06,kíev>
<1922.10,1922.26,per>
<1922.26,1922.52,poder>
<1922.52,1922.77,tenir>
<1922.77,1923.12,fills>
<1923.13,1923.23,a>
<1923.23,1923.50,través>
<1923.50,1923.58,de>
<1923.58,1923.66,la>
<1923.66,1924.14,gestació>
<1924.14,1924.74,subrogada>
<1925.38,1925.79,quan>
<1925.79,1926.27,tornen>
<1926.49,1926.81,aquests>
<1926.81,1927.26,nens>
<1927.31,1927.45,no>
<1927.45,1927.64,són>
<1927.64,1928.13,protegits>
<1928.13,1928.27,no>
<1928.27,1928.46,són>
<1928.46,1929.29,reconeguts>
<1929.38,1929.54,per>
<1929.54,1929.64,la>
<1929.64,1929.97,llei>
<1931.34,1931.42,no>
<1931.42,1931.77,tindran>
<1931.77,1932.27,accés>
<1932.39,1932.48,a>
<1932.48,1932.56,la>
<1932.56,1933.07,seguretat>
<1933.07,1933.59,social>
<1933.86,1933.95,a>
<1933.95,1934.67,l'educació>
<1935.11,1935.29,és>
<1935.29,1935.44,una>
<1935.44,1936.12,problemàtica>
<1940.28,1940.40,hi>
<1940.40,1940.50,ha>
<1940.50,1941.05,registres>
<1941.05,1941.21,en>
<1941.21,1941.85,països>
<1944.00,1944.55,que>
<1944.56,1944.70,el>
<1944.70,1944.99,nadó>
<1945.17,1945.31,no>
<1945.31,1945.66,podrà>
<1945.66,1946.02,conèixer>
<1946.02,1946.12,els>
<1946.12,1946.31,seus>
<1946.31,1946.88,orígens>
<1954.32,1954.51,una>
<1954.51,1955.05,situació>
<1955.05,1955.65,caòtica>
<1958.79,1958.92,per>
<1958.92,1959.15,això>
<1959.15,1959.32,té>
<1959.43,1960.08,sentit>
<1960.08,1960.30,parlar>
<1960.30,1960.52,d'una>
<1960.52,1961.24,regulació>
<1961.63,1962.02,avui>
<1968.52,1969.01,com>
<1969.02,1969.61,aconseguirem>
<1969.61,1969.98,aquesta>
<1969.98,1970.62,regulació>
<1971.46,1971.62,el>
<1971.62,1971.91,millor>
<1971.91,1972.41,mètode>
<1972.95,1973.12,és>
<1973.12,1973.22,el>
<1973.22,1973.78,d'observar>
<1974.60,1975.00,triar>
<1975.89,1976.04,i>
<1976.04,1976.40,crear>
<1977.18,1977.70,observar>
<1977.70,1977.97,aquests>
<1977.97,1978.41,països>
<1978.41,1978.51,en>
<1978.51,1978.60,la>
<1978.60,1979.04,gestació>
<1979.04,1979.56,subrogada>
<1979.56,1979.67,és>
<1979.67,1980.17,legal>
<1980.78,1981.08,triar>
<1981.08,1981.46,aquests>
<1981.47,1982.14,aspectes>
<1982.14,1982.75,positius>
<1982.75,1982.81,que>
<1982.81,1982.90,han>
<1982.90,1983.52,aconseguit>
<1984.23,1984.37,i>
<1984.37,1984.67,crear>
<1984.67,1984.73,el>
<1984.73,1985.05,nostre>
<1985.05,1985.48,propi>
<1985.49,1985.81,model>
<1985.81,1985.91,de>
<1985.91,1986.55,regulació>
<2003.70,2003.97,un>
<2005.41,2006.22,reportatge>
<2006.45,2006.78,basat>
<2006.78,2006.88,en>
<2006.88,2006.99,els>
<2006.99,2007.48,estudis>
<2007.48,2007.58,de>
<2007.58,2007.99,delphine>
<2008.00,2008.36,noos>
<2009.34,2009.50,que>
<2009.50,2009.63,va>
<2009.63,2009.80,dur>
<2009.80,2009.83,a>
<2009.83,2010.15,terme>
<2010.15,2010.46,estats>
<2010.46,2010.96,units>
<2011.52,2011.90,que>
<2012.04,2012.23,on>
<2012.23,2012.30,hi>
<2012.30,2012.59,veiem>
<2012.59,2013.21,testimonis>
<2013.21,2013.60,dones>
<2013.60,2013.67,que>
<2013.67,2013.74,han>
<2013.74,2013.89,dut>
<2013.89,2013.96,a>
<2013.96,2014.20,terme>
<2014.20,2014.34,una>
<2014.34,2014.76,gestació>
<2014.76,2015.56,subrogada>
<2015.88,2015.94,de>
<2015.94,2016.52,motivació>
<2016.52,2017.13,econòmica>
<2021.38,2021.59,és>
<2021.59,2021.69,que>
<2021.69,2021.77,hi>
<2021.77,2021.84,ha>
<2021.84,2021.98,una>
<2021.98,2022.49,motivació>
<2022.49,2023.03,econòmica>
<2023.03,2023.39,però>
<2025.25,2025.53,també>
<2025.53,2025.63,hi>
<2025.63,2025.87,havia>
<2025.87,2026.59,solidaritat>
<2027.69,2027.80,hi>
<2027.80,2027.89,ha>
<2027.89,2028.68,solidaritat>
<2028.98,2029.12,per>
<2029.12,2029.26,la>
<2029.26,2029.81,religió>
<2032.10,2032.23,El>
<2032.23,2032.88,cristianisme>
<2032.88,2032.96,és>
<2032.96,2033.14,molt>
<2033.14,2033.75,establert>
<2034.97,2035.89,i>
<2036.59,2036.79,la>
<2036.79,2037.05,bona>
<2037.05,2037.51,acció>
<2037.62,2037.78,és>
<2037.78,2038.30,valorada>
<2038.30,2038.45,pel>
<2038.45,2039.24,cristianisme>
<2039.49,2039.56,hi>
<2039.56,2039.79,havia>
<2039.79,2039.97,una>
<2039.97,2040.24,dona>
<2040.24,2040.43,que>
<2040.87,2041.23,volia>
<2041.62,2041.83,dur>
<2041.83,2041.87,a>
<2041.87,2042.09,terme>
<2042.09,2042.21,una>
<2042.21,2042.62,gestació>
<2042.62,2043.31,subrogada>
<2043.67,2043.80,però>
<2043.80,2043.93,no>
<2043.93,2044.22,volien>
<2044.22,2044.35,en>
<2044.35,2044.67,contra>
<2044.67,2044.78,de>
<2044.78,2045.01,seva>
<2045.01,2045.43,religió>
<2045.59,2045.70,ho>
<2045.70,2045.90,van>
<2045.90,2045.95,a>
<2045.95,2046.69,consultar>
<2046.70,2047.00,i>
<2047.00,2047.71,simplement>
<2047.72,2047.87,li>
<2047.87,2048.07,van>
<2048.07,2048.41,dir>
<2048.76,2049.14,que>
<2049.53,2049.66,la>
<2049.66,2049.96,verge>
<2049.96,2050.39,maria>
<2051.29,2051.45,li>
<2051.45,2051.62,van>
<2051.62,2051.75,fer>
<2051.75,2052.24,l'analogia>
<2052.24,2052.34,que>
<2052.34,2052.41,la>
<2052.41,2052.66,verge>
<2052.66,2052.93,maria>
<2052.93,2053.00,ho>
<2053.00,2053.25,havia>
<2053.25,2053.49,fet>
<2053.50,2053.71,ella>
<2053.71,2054.18,mateixa>
<2059.40,2059.55,no>
<2059.55,2059.72,és>
<2059.72,2060.12,l'única>
<2060.12,2060.44,raó>
<2062.87,2063.36,l'índia>
<2063.37,2063.48,el>
<2063.48,2063.63,dos>
<2063.63,2063.79,mil>
<2063.79,2064.09,quinze>
<2064.09,2064.25,van>
<2064.25,2064.61,decidir>
<2064.61,2064.93,tancar>
<2064.93,2065.02,la>
<2065.02,2065.44,gestació>
<2065.44,2065.94,subrogada>
<2065.94,2065.97,a>
<2065.97,2066.41,nivell>
<2066.77,2067.45,Nacional>
<2072.30,2072.67,també>
<2072.67,2072.81,que>
<2072.81,2073.29,siguin>
<2073.91,2074.04,de>
<2074.04,2074.72,nacionalitat>
<2074.72,2075.26,espanyola>
<2093.50,2093.67,com>
<2093.67,2093.78,és>
<2093.78,2094.30,possible>
<2094.55,2094.68,que>
<2094.68,2094.77,si>
<2094.77,2094.99,está>
<2094.99,2095.31,regulat>
<2095.80,2096.00,per>
<2096.00,2096.52,altruisme>
<2096.53,2096.69,no>
<2096.69,2096.94,s'està>
<2096.94,2097.37,respectant>
<2097.37,2097.44,la>
<2097.44,2097.87,dignitat>
<2097.87,2097.99,del>
<2097.99,2098.26,menor>
<2101.29,2101.56,si>
<2101.56,2102.18,l'estat>
<2102.30,2103.03,intervé>
<2103.40,2103.58,és>
<2103.58,2103.76,com>
<2103.76,2103.88,va>
<2103.88,2104.32,passar>
<2104.34,2104.86,amb>
<2105.04,2105.21,la>
<2105.21,2105.46,llei>
<2105.46,2105.59,de>
<2105.59,2106.01,donació>
<2106.01,2106.56,d'òrgans>
<2106.70,2106.85,un>
<2106.85,2107.24,cop>
<2107.26,2107.40,ho>
<2107.40,2107.60,van>
<2107.60,2108.17,regular>
<2108.50,2108.61,la>
<2108.61,2109.15,situació>
<2109.15,2109.27,es>
<2109.27,2109.40,va>
<2109.40,2109.82,millorar>
<2110.03,2110.15,ja>
<2110.15,2110.25,no>
<2110.25,2110.58,podem>
<2110.58,2110.87,parlar>
<2110.87,2110.95,de>
<2110.95,2111.41,màfies>
<2111.41,2111.63,aquí>
<2111.63,2111.67,a>
<2111.67,2112.10,espanya>
<2116.18,2116.88,finlàndia>
<2116.88,2117.11,on>
<2117.11,2117.75,l'altruisme>
<2117.75,2118.33,funciona>
<2118.33,2118.42,i>
<2118.42,2118.57,hi>
<2118.57,2118.94,ha>
<2118.95,2119.34,dones>
<2119.34,2119.43,que>
<2119.43,2119.51,ho>
<2119.51,2119.81,volen>
<2119.81,2120.24,fer>
<2121.09,2121.38,i>
<2121.39,2121.83,on>
<2121.92,2122.44,nosaltres>
<2122.44,2123.11,considerem>
<2123.12,2123.23,que>
<2123.24,2123.38,el>
<2123.38,2123.67,drets>
<2123.67,2123.93,dels>
<2123.93,2124.51,nadons>
<2124.54,2124.70,no>
<2124.70,2124.90,són>
<2124.90,2125.61,vulnerat>
<2128.73,2128.92,hi>
<2128.92,2129.02,ha>
<2129.02,2129.75,solidaritat>
<2129.75,2129.89,ja>
<2129.89,2130.23,que>
<2130.91,2131.15,una>
<2131.15,2131.55,dona>
<2132.90,2133.07,és>
<2133.07,2133.17,la>
<2133.17,2133.27,que>
<2133.27,2133.92,entendrà>
<2134.50,2134.59,i>
<2134.59,2134.73,no>
<2134.73,2134.89,un>
<2134.89,2135.25,home>
<2135.69,2135.92,perquè>
<2135.92,2136.06,no>
<2136.06,2136.23,pot>
<2136.23,2136.47,tenir>
<2136.47,2137.15,l'experiència>
<2137.15,2137.25,de>
<2137.25,2137.78,gestar>
<2138.70,2138.87,què>
<2138.87,2139.43,implica>
<2139.43,2139.60,una>
<2139.60,2140.24,gestació>
<2140.55,2140.67,que>
<2140.67,2141.13,implica>
<2141.13,2141.26,no>
<2141.26,2141.55,poder>
<2141.55,2141.79,tenir>
<2141.79,2142.18,fills>
<2142.48,2142.58,per>
<2142.58,2142.92,això>
<2143.05,2143.14,hi>
<2143.14,2143.36,haurà>
<2143.36,2143.68,sempre>
<2143.68,2144.39,solidaritat>
<2145.99,2146.12,ho>
<2146.12,2146.42,volem>
<2146.42,2146.87,limitar>
<2146.87,2147.40,a>
<2148.91,2149.72,nivell>
<2149.72,2150.30,nacional>
<2150.61,2150.82,perquè>
<2150.82,2150.94,no>
<2151.22,2151.63,passi>
<2151.63,2151.79,com>
<2151.79,2151.88,a>
<2151.88,2152.31,frança>
<2153.17,2153.27,ho>
<2153.27,2153.76,volem>
<2154.34,2154.47,per>
<2154.47,2155.13,nacionalitat>
<2155.17,2155.80,espanyola>
<2156.29,2156.51,perquè>
<2156.51,2156.63,no>
<2156.63,2157.18,volem>
<2157.19,2157.50,crear>
<2157.51,2157.67,un>
<2157.67,2158.11,turisme>
<2158.11,2158.94,reproductiu>
<2160.46,2160.79,perquè>
<2160.79,2160.99,creu>
<2161.43,2161.56,que>
<2161.56,2161.67,si>
<2161.67,2161.70,a>
<2161.70,2162.15,espanya>
<2162.16,2162.79,existeixen>
<2162.79,2163.20,màfies>
<2163.20,2163.34,com>
<2163.34,2163.45,per>
<2163.45,2163.84,exemple>
<2163.84,2163.92,de>
<2163.92,2164.02,la>
<2164.02,2164.36,droga>
<2164.36,2164.41,o>
<2164.41,2164.50,de>
<2164.50,2164.58,la>
<2164.58,2165.36,prostitució>
<2165.69,2165.89,la>
<2165.89,2166.27,gestació>
<2166.27,2166.76,subrogada>
<2166.76,2166.96,seria>
<2166.96,2167.05,un>
<2167.05,2167.22,cas>
<2167.22,2167.29,a>
<2167.29,2167.67,part>
<2169.01,2169.28,però>
<2169.41,2169.72,les>
<2169.73,2170.48,drogues>
<2171.61,2171.80,no>
<2171.80,2172.22,són>
<2172.30,2173.11,legals>
<2177.63,2177.97,això>
<2177.97,2178.63,afavoreix>
<2178.84,2179.09,un>
<2179.09,2179.45,mercat>
<2179.45,2179.83,negre>
<2181.46,2181.72,en>
<2181.72,2181.85,la>
<2181.86,2182.32,nostra>
<2182.36,2183.63,regulació>
<2185.45,2185.67,un>
<2185.67,2186.00,rang>
<2186.00,2186.48,d'edat>
<2187.36,2187.96,l'informe>
<2188.20,2188.33,que>
<2188.33,2188.63,va>
<2189.79,2190.46,emetre>
<2190.66,2190.81,el>
<2190.81,2191.50,departament>
<2191.50,2191.82,de>
<2191.83,2192.33,salut>
<2192.52,2192.68,de>
<2192.68,2193.34,catalunya>
<2194.15,2194.29,que>
<2194.29,2194.51,diu>
<2194.51,2195.01,protocol>
<2195.01,2195.12,de>
<2195.12,2195.55,seguiment>
<2195.55,2195.63,de>
<2195.63,2196.05,l'embaràs>
<2196.05,2196.11,a>
<2196.11,2196.69,catalunya>
<2197.87,2198.57,explica>
<2198.64,2198.79,que>
<2198.80,2199.06,una>
<2199.06,2199.32,dona>
<2199.32,2199.45,que>
<2199.45,2199.81,gesta>
<2199.81,2199.91,amb>
<2199.91,2200.10,menys>
<2200.10,2200.16,de>
<2200.16,2200.58,disset>
<2200.58,2200.99,anys>
<2201.14,2201.23,i>
<2201.23,2201.42,més>
<2201.42,2201.51,de>
<2201.51,2202.06,trenta-vuit>
<2202.06,2202.36,anys>
<2202.89,2203.06,és>
<2203.06,2203.85,considerada>
<2203.86,2204.06,una>
<2204.06,2204.61,gestació>
<2204.62,2204.77,de>
<2204.77,2205.08,risc>
<2205.08,2205.45,mitjà>
<2205.88,2205.99,per>
<2205.99,2206.15,això>
<2206.15,2206.25,en>
<2206.25,2206.57,primer>
<2206.57,2207.03,termini>
<2207.03,2207.43,vam>
<2207.75,2208.08,posar>
<2208.08,2208.18,el>
<2208.18,2208.49,rang>
<2208.49,2208.75,entre>
<2208.75,2209.19,disset>
<2209.28,2209.54,i>
<2209.55,2210.12,trenta-vuit>
<2210.12,2210.42,anys>
<2211.33,2211.46,però>
<2211.46,2211.85,després>
<2211.85,2212.15,vam>
<2212.73,2213.27,augmentar>
<2213.27,2213.37,el>
<2213.37,2213.86,mínim>
<2214.20,2214.42,vam>
<2214.42,2214.66,passar>
<2214.66,2214.75,de>
<2214.75,2215.26,disset>
<2215.34,2215.44,a>
<2215.44,2216.07,vint-i-cinc>
<2216.52,2216.78,perquè>
<2216.78,2217.21,creiem>
<2217.21,2217.52,que>
<2217.55,2217.64,a>
<2217.64,2218.16,vint-i-cinc>
<2218.16,2218.59,anys>
<2218.75,2218.96,una>
<2218.96,2219.37,dona>
<2219.38,2219.65,haurà>
<2219.65,2219.83,dut>
<2219.83,2219.90,a>
<2219.90,2220.34,terme>
<2220.40,2220.83,estudis>
<2220.83,2221.42,superiors>
<2221.72,2221.87,o>
<2221.87,2222.19,haurà>
<2222.19,2222.60,estat>
<2222.61,2222.75,en>
<2222.75,2222.84,el>
<2222.84,2223.02,món>
<2223.02,2223.51,laboral>
<2224.70,2224.99,això>
<2224.99,2225.64,ajudarà>
<2225.66,2225.77,a>
<2225.77,2225.92,les>
<2225.92,2226.31,dones>
<2226.32,2226.42,a>
<2226.42,2226.85,prendre>
<2226.85,2227.41,decisions>
<2227.41,2227.67,amb>
<2227.77,2228.11,més>
<2228.11,2228.74,consciència>
<2229.31,2229.50,una>
<2229.50,2230.18,experiència>
<2230.18,2230.33,que>
<2230.33,2230.65,creiem>
<2230.65,2231.33,necessària>
<2233.62,2234.16,limitar>
<2234.16,2234.59,intents>
<2234.68,2235.63,d'inseminació>
<2236.26,2236.73,perquè>
<2237.12,2237.31,com>
<2237.31,2237.48,més>
<2237.49,2238.29,intens>
<2238.29,2238.94,inseminació>
<2238.94,2239.12,més>
<2239.12,2239.66,probabilitat>
<2239.66,2239.79,que>
<2239.79,2239.88,la>
<2239.88,2240.15,dona>
<2240.15,2240.53,gesti>
<2240.53,2241.08,bessons>
<2241.12,2241.20,i>
<2241.20,2241.49,aquest>
<2241.49,2242.03,informe>
<2242.42,2242.69,ens>
<2242.69,2243.01,diu>
<2243.36,2243.43,que>
<2245.73,2245.89,la>
<2245.89,2246.67,gestació>
<2247.05,2247.20,de>
<2247.20,2247.70,bessons>
<2247.72,2247.89,és>
<2247.89,2248.05,una>
<2248.05,2248.53,gestació>
<2248.53,2248.63,de>
<2248.63,2248.99,risc>
<2249.08,2249.34,alt>
<2251.21,2251.33,i>
<2251.33,2251.80,finalment>
<2251.80,2251.88,que>
<2251.88,2252.20,només>
<2252.20,2252.27,ho>
<2252.27,2252.51,faci>
<2252.51,2252.63,un>
<2252.63,2252.88,cop>
<2253.14,2253.29,ja>
<2253.29,2253.37,que>
<2253.37,2253.58,aquest>
<2253.58,2254.07,informe>
<2254.11,2254.26,ens>
<2254.26,2254.64,explica>
<2254.64,2254.75,que>
<2254.75,2254.83,la>
<2254.83,2255.28,gestació>
<2255.28,2255.88,múltiple>
<2256.61,2256.72,a>
<2256.72,2257.10,partir>
<2257.27,2257.41,de>
<2257.41,2257.86,quatre>
<2257.87,2257.98,i>
<2257.98,2258.28,més>
<2258.28,2259.06,gestacions>
<2259.60,2259.79,és>
<2259.79,2260.37,considerat>
<2260.37,2260.55,una>
<2260.55,2261.13,gestació>
<2261.13,2261.27,de>
<2261.27,2261.58,risc>
<2261.65,2262.25,molt>
<2262.28,2262.66,alt>
<2336.09,2336.34,bona>
<2336.34,2336.70,tarda>
<2337.06,2337.31,sóc>
<2337.31,2337.52,l'eloi>
<2337.52,2337.84,blanes>
<2337.84,2337.90,de>
<2337.90,2337.96,la>
<2337.96,2338.43,universitat>
<2338.43,2338.50,de>
<2338.50,2338.82,vic>
<2339.07,2339.13,i>
<2339.13,2339.31,avui>
<2339.31,2339.51,tindré>
<2339.51,2339.58,el>
<2339.58,2339.99,plaer>
<2340.01,2340.12,de>
<2340.12,2340.63,concloure>
<2340.84,2341.12,aquest>
<2341.12,2341.43,debat>
<2341.90,2342.15,primer>
<2342.15,2342.23,de>
<2342.23,2342.45,tot>
<2342.45,2342.77,voldria>
<2342.77,2342.98,donar>
<2342.98,2343.12,les>
<2343.12,2343.63,gràcies>
<2343.65,2344.29,als>
<2344.41,2345.00,nostres>
<2345.00,2345.49,companys>
<2345.49,2345.62,de>
<2345.63,2345.75,l>
<2345.75,2345.96,abat>
<2345.96,2346.31,oliva>
<2346.59,2346.69,per>
<2346.69,2346.84,haver>
<2346.84,2347.00,fet>
<2347.00,2347.36,possible>
<2347.36,2347.54,aquest>
<2347.54,2347.88,debat>
<2348.31,2348.39,i>
<2348.39,2348.79,sobretot>
<2348.79,2348.90,per>
<2348.90,2348.98,la>
<2348.98,2349.21,vostra>
<2349.21,2349.65,actitud>
<2349.67,2350.01,perquè>
<2350.37,2350.72,pensem>
<2350.72,2350.82,que>
<2350.82,2350.91,és>
<2350.91,2351.26,d'aquesta>
<2351.26,2351.51,manera>
<2351.51,2351.61,amb>
<2351.61,2351.67,la>
<2351.67,2351.82,qual>
<2351.82,2351.90,es>
<2351.90,2352.28,poden>
<2352.55,2352.92,elaborar>
<2352.92,2353.16,debats>
<2353.16,2353.26,que>
<2353.26,2353.62,siguin>
<2353.70,2354.13,enriquidors>
<2354.13,2354.28,per>
<2354.28,2354.60,tots>
<2357.17,2357.42,primer>
<2357.42,2357.50,de>
<2357.50,2358.03,tot>
<2358.04,2358.15,en>
<2358.15,2358.37,aquest>
<2358.37,2358.61,debat>
<2358.61,2358.72,el>
<2358.72,2358.81,que>
<2358.81,2358.90,hem>
<2358.90,2359.21,vist>
<2359.37,2359.76,ha>
<2359.77,2360.15,sigut>
<2360.15,2360.21,que>
<2360.21,2360.72,existeixen>
<2360.72,2361.08,posicions>
<2361.08,2361.79,confrontades>
<2364.01,2364.27,com>
<2364.27,2364.47,passa>
<2364.47,2364.50,a>
<2364.50,2364.58,la>
<2364.58,2365.01,societat>
<2365.01,2365.28,no>
<2365.67,2365.80,però>
<2365.80,2365.91,sí>
<2365.91,2366.01,que>
<2366.01,2366.41,coincidim>
<2366.41,2366.64,tots>
<2366.64,2366.71,en>
<2366.71,2366.81,un>
<2366.81,2367.10,punt>
<2367.52,2367.60,i>
<2367.60,2367.89,aquest>
<2367.89,2368.22,punt>
<2368.67,2368.88,és>
<2368.88,2369.12,que>
<2369.95,2370.32,veiem>
<2370.32,2370.41,que>
<2370.41,2370.49,la>
<2370.49,2370.81,gestació>
<2370.81,2371.43,subrogada>
<2371.75,2371.89,s'ha>
<2371.89,2372.30,convertit>
<2372.30,2372.38,en>
<2372.38,2372.47,un>
<2372.47,2372.81,problema>
<2373.51,2373.67,un>
<2373.67,2374.12,problema>
<2374.12,2374.28,com>
<2374.28,2374.34,a>
<2374.34,2374.54,tota>
<2374.54,2375.21,problemàtica>
<2375.23,2375.40,cal>
<2375.40,2375.64,trobar>
<2375.64,2375.78,una>
<2375.78,2376.26,solució>
<2377.68,2377.88,la>
<2377.88,2378.31,veritat>
<2378.32,2378.50,és>
<2378.50,2378.66,que>
<2378.93,2379.05,en>
<2379.05,2379.27,aquest>
<2379.27,2379.50,debat>
<2379.50,2379.72,només>
<2379.72,2379.75,hi>
<2379.75,2379.78,ha>
<2379.78,2380.08,hagut>
<2380.10,2380.23,un>
<2380.23,2380.56,equip>
<2380.71,2380.79,que>
<2380.79,2380.85,ha>
<2380.85,2381.20,portat>
<2381.24,2381.42,una>
<2381.42,2381.86,possible>
<2381.86,2382.23,solució>
<2382.23,2382.62,viable>
<2383.65,2383.93,llavors>
<2383.93,2384.00,jo>
<2384.00,2384.06,em>
<2384.06,2384.42,pregunto>
<2384.42,2384.87,companys>
<2385.13,2385.36,si>
<2385.36,2385.82,veieu>
<2386.78,2386.86,que>
<2386.86,2387.48,existeix>
<2387.50,2387.71,una>
<2387.71,2388.38,problemàtica>
<2388.39,2388.62,com>
<2388.62,2388.86,pot>
<2388.86,2389.15,ser>
<2389.44,2389.55,que>
<2389.55,2389.90,vingueu>
<2389.90,2390.16,sense>
<2390.16,2390.33,cap>
<2390.33,2390.99,alternativa>
<2391.00,2391.37,sinó>
<2391.38,2391.58,amb>
<2391.58,2391.77,un>
<2391.88,2392.11,no>
<2392.11,2392.65,absolut>
<2393.02,2393.16,la>
<2393.16,2393.62,negació>
<2393.62,2394.21,absoluta>
<2395.37,2395.54,em>
<2395.54,2395.81,costa>
<2395.81,2396.41,d'entendre-ho>
<2396.76,2397.01,perquè>
<2397.01,2397.38,sempre>
<2398.19,2398.51,aquesta>
<2398.51,2398.87,postura>
<2398.87,2398.96,de>
<2398.96,2399.32,negació>
<2399.32,2399.74,absoluta>
<2400.85,2401.26,perquè>
<2401.36,2401.54,al>
<2401.54,2401.70,cap>
<2401.70,2401.74,i>
<2401.74,2401.78,a>
<2401.78,2401.86,la>
<2401.86,2402.15,fi>
<2402.24,2402.53,aquest>
<2402.53,2402.61,és>
<2402.61,2402.68,un>
<2402.68,2402.80,dels>
<2402.80,2403.10,problemes>
<2403.10,2403.20,que>
<2403.20,2403.47,tenim>
<2403.90,2403.97,en>
<2403.97,2404.23,aquest>
<2404.23,2404.60,país>
<2404.81,2404.95,que>
<2405.30,2405.81,existeixen>
<2405.81,2406.14,problemes>
<2406.14,2406.27,però>
<2406.27,2406.31,hi>
<2406.31,2406.36,ha>
<2406.36,2406.58,poca>
<2406.58,2406.82,gent>
<2406.82,2406.93,que>
<2407.32,2407.66,aporta>
<2407.66,2408.24,solucions>
<2408.75,2409.18,nosaltres>
<2409.18,2409.40,durant>
<2409.40,2409.61,totes>
<2409.61,2409.91,aquestes>
<2409.91,2410.41,setmanes>
<2410.41,2410.52,hem>
<2410.52,2411.10,empapat>
<2412.11,2412.36,sobre>
<2412.36,2412.46,la>
<2412.46,2412.79,gestació>
<2412.79,2413.29,subrogada>
<2414.28,2414.73,i>
<2414.74,2414.97,és>
<2415.08,2415.23,per>
<2415.23,2415.48,això>
<2415.48,2416.03,justament>
<2416.42,2416.59,que>
<2416.75,2416.82,la>
<2416.82,2417.24,meva>
<2417.27,2417.75,companya>
<2417.76,2417.86,ha>
<2417.86,2418.18,parlat>
<2418.18,2418.26,de>
<2418.26,2418.93,testimonis>
<2419.32,2419.49,un>
<2419.49,2419.75,d'aquests>
<2419.75,2420.39,testimonis>
<2420.51,2420.58,és>
<2420.58,2420.66,el>
<2420.66,2420.92,voldria>
<2420.92,2421.33,ensenyar>
<2421.36,2421.56,és>
<2421.56,2421.67,la>
<2421.67,2421.99,iolanda>
<2421.99,2422.41,angles>
<2423.11,2423.38,aquest>
<2423.38,2423.46,és>
<2423.46,2423.54,un>
<2423.54,2424.11,testimoni>
<2426.53,2426.70,d'una>
<2426.70,2427.06,mare>
<2427.22,2427.84,catalana>
<2428.52,2428.70,que>
<2428.86,2429.01,va>
<2429.01,2429.19,tenir>
<2429.19,2429.26,un>
<2429.26,2429.42,fill>
<2429.42,2429.63,per>
<2429.71,2429.90,una>
<2429.90,2430.14,filla>
<2430.14,2430.25,per>
<2430.25,2430.81,subrogació>
<2430.81,2430.90,que>
<2430.90,2430.97,es>
<2430.97,2431.11,diu>
<2431.11,2431.46,estel>
<2432.38,2432.64,doncs>
<2432.64,2433.01,bé>
<2433.96,2434.50,amb>
<2434.50,2434.89,aquest>
<2435.24,2435.96,testimoni>
<2436.40,2436.68,podem>
<2436.68,2437.02,veure>
<2437.05,2437.69,algunes>
<2438.37,2438.77,algunes>
<2438.77,2439.07,coses>
<2439.07,2439.16,que>
<2439.16,2439.42,són>
<2439.43,2439.66,molt>
<2439.66,2440.18,interessants>
<2440.18,2440.23,i>
<2440.23,2440.58,sobretot>
<2440.58,2440.64,que>
<2440.64,2440.71,es>
<2440.71,2440.94,poden>
<2440.94,2441.48,extrapolar>
<2441.89,2442.05,a>
<2442.05,2442.56,altres>
<2444.13,2444.80,situacions>
<2444.80,2444.94,amb>
<2444.94,2445.18,altres>
<2445.18,2445.42,dones>
<2445.42,2445.61,de>
<2445.83,2446.17,d'aquest>
<2446.17,2446.53,país>
<2447.11,2447.30,ens>
<2447.30,2447.38,heu>
<2447.38,2447.77,parlat>
<2447.77,2448.80,d'alternatives>
<2448.80,2448.94,per>
<2448.94,2449.29,exemple>
<2449.52,2449.68,les>
<2449.68,2450.24,alternatives>
<2450.24,2450.35,que>
<2450.35,2450.44,ja>
<2450.44,2451.19,existeixen>
<2451.69,2451.88,doncs>
<2451.88,2452.14,bé>
<2452.61,2452.76,la>
<2452.76,2453.11,iolanda>
<2453.11,2453.23,per>
<2453.23,2453.75,exemple>
<2454.89,2455.05,va>
<2455.05,2455.59,recórrer>
<2456.01,2456.37,aquelles>
<2456.37,2456.94,alternatives>
<2456.94,2457.02,que>
<2457.02,2457.60,vosaltres>
<2458.07,2458.29,heu>
<2458.29,2458.88,esmentat>
<2459.99,2460.19,una>
<2460.19,2460.48,d'elles>
<2460.48,2460.60,per>
<2460.60,2460.87,exemple>
<2460.87,2460.96,va>
<2460.96,2461.06,ser>
<2461.06,2461.13,la>
<2461.13,2461.57,fecundació>
<2461.57,2461.68,in>
<2461.68,2462.06,vitro>
<2462.96,2463.10,però>
<2463.10,2463.22,per>
<2463.22,2463.70,exemple>
<2463.89,2463.98,hi>
<2463.98,2464.18,ha>
<2464.22,2464.67,dones>
<2464.67,2464.87,que>
<2464.87,2465.01,per>
<2465.01,2465.13,una>
<2465.13,2465.42,qüestió>
<2465.42,2465.89,biològica>
<2467.18,2467.35,no>
<2467.35,2467.78,funciona>
<2467.78,2467.88,la>
<2467.88,2468.25,fecundació>
<2468.25,2468.34,in>
<2468.34,2468.65,vitro>
<2469.17,2469.28,per>
<2469.28,2469.78,exemple>
<2470.71,2470.88,va>
<2470.88,2471.38,recórrer>
<2471.61,2471.70,a>
<2471.70,2472.30,l'adopció>
<2473.21,2474.13,bé>
<2474.23,2474.71,l'adopció>
<2474.71,2474.97,tots>
<2474.97,2475.40,sabem>
<2475.83,2475.96,en>
<2475.96,2476.13,quin>
<2476.13,2476.40,moment>
<2476.40,2476.51,es>
<2476.51,2476.84,troba>
<2477.12,2477.23,ha>
<2477.23,2477.53,baixat>
<2477.53,2477.72,més>
<2477.72,2477.86,d'un>
<2477.86,2478.22,noranta>
<2478.22,2478.37,per>
<2478.37,2478.72,cent>
<2479.78,2481.45,en>
<2484.61,2485.03,l'última>
<2485.03,2485.41,dècada>
<2486.46,2486.59,de>
<2486.59,2486.79,fet>
<2486.79,2486.89,jo>
<2486.89,2487.15,mateix>
<2487.15,2487.29,tinc>
<2487.29,2487.43,una>
<2487.43,2487.88,germana>
<2488.53,2488.61,que>
<2488.61,2488.70,és>
<2488.70,2489.53,adoptada>
<2489.75,2489.84,i>
<2489.84,2490.04,vam>
<2490.15,2490.35,vam>
<2490.35,2490.52,haver>
<2490.52,2490.99,d'esperar>
<2490.99,2491.32,durant>
<2491.32,2491.66,més>
<2492.23,2492.38,de>
<2492.38,2492.67,vuit>
<2492.67,2492.92,anys>
<2492.92,2493.09,per>
<2493.09,2493.23,una>
<2493.23,2493.69,resolució>
<2493.69,2494.09,final>
<2494.25,2494.44,és>
<2494.44,2494.76,aquí>
<2496.57,2496.76,on>
<2496.76,2496.88,hem>
<2496.88,2496.97,de>
<2496.97,2497.21,veure>
<2497.21,2497.53,com>
<2497.56,2497.73,no>
<2497.73,2497.92,és>
<2497.92,2498.09,una>
<2498.09,2498.52,solució>
<2498.52,2499.00,possible>
<2499.29,2499.37,i>
<2499.37,2499.85,així>
<2500.19,2500.33,li>
<2500.33,2500.42,va>
<2500.42,2500.65,passar>
<2500.65,2500.73,la>
<2500.73,2501.06,iolanda>
<2501.06,2501.36,com>
<2501.42,2501.55,li>
<2501.55,2501.86,passa>
<2501.88,2501.95,a>
<2501.95,2502.27,moltes>
<2502.27,2502.55,dones>
<2502.77,2502.87,que>
<2502.87,2502.97,va>
<2502.97,2503.14,passar>
<2503.14,2503.20,al>
<2503.20,2503.45,final>
<2503.45,2503.61,dels>
<2503.61,2503.69,que>
<2503.69,2503.79,va>
<2503.79,2504.00,trobar>
<2504.00,2504.07,la>
<2504.07,2504.26,seva>
<2504.26,2504.62,solució>
<2504.62,2504.89,on>
<2504.92,2505.03,en>
<2505.03,2505.14,la>
<2505.14,2505.49,gestació>
<2505.49,2505.96,subrogada>
<2506.47,2506.56,i>
<2506.56,2506.69,és>
<2506.69,2506.85,per>
<2506.85,2507.14,això>
<2507.14,2507.28,que>
<2507.28,2507.78,creiem>
<2508.52,2508.64,que>
<2508.64,2508.83,hem>
<2508.83,2508.94,de>
<2509.25,2509.80,aportar>
<2509.81,2510.04,una>
<2510.04,2510.60,solució>
<2510.61,2510.73,a>
<2510.73,2511.01,totes>
<2511.01,2511.38,aquestes>
<2511.38,2511.75,dones>
<2513.01,2513.15,no>
<2513.15,2513.35,val>
<2513.35,2513.70,tampoc>
<2513.70,2514.14,qualsevol>
<2514.14,2514.55,solució>
<2514.55,2514.74,sinó>
<2514.74,2514.88,una>
<2514.88,2515.38,solució>
<2515.71,2515.89,amb>
<2515.89,2516.00,un>
<2516.00,2516.41,model>
<2516.72,2516.82,que>
<2516.82,2517.02,sigui>
<2517.02,2517.42,totalment>
<2517.42,2518.07,garantista>
<2518.44,2518.53,i>
<2518.53,2518.65,que>
<2518.65,2519.26,sobretot>
<2520.71,2521.29,ajudi>
<2521.40,2521.73,i>
<2521.75,2522.25,a>
<2522.26,2522.64,complir>
<2522.64,2522.72,la>
<2522.72,2523.18,dignitat>
<2523.18,2523.26,de>
<2523.26,2523.47,totes>
<2523.47,2523.57,les>
<2523.57,2523.86,dones>
<2523.87,2523.96,i>
<2523.96,2524.13,els>
<2524.13,2524.33,seus>
<2524.33,2524.69,drets>
<2525.74,2525.90,hem>
<2525.90,2526.17,parlat>
<2526.17,2526.39,també>
<2526.39,2526.49,per>
<2526.49,2526.79,exemple>
<2526.79,2526.86,de>
<2526.86,2526.96,la>
<2526.96,2527.56,regulació>
<2527.57,2527.64,de>
<2527.64,2527.72,la>
<2527.72,2527.88,llei>
<2527.88,2528.21,d'òrgans>
<2528.21,2528.48,veureu>
<2528.48,2528.55,en>
<2528.55,2528.78,aquest>
<2528.78,2529.17,país>
<2530.89,2531.08,ja>
<2531.08,2531.19,va>
<2531.19,2531.45,passar>
<2531.45,2531.95,això>
<2532.12,2532.19,hi>
<2532.19,2532.36,havia>
<2532.36,2532.54,una>
<2532.54,2532.78,part>
<2532.78,2532.88,que>
<2532.88,2533.03,per>
<2533.03,2533.40,temor>
<2533.40,2533.53,per>
<2533.53,2534.27,prejudicis>
<2534.70,2534.86,per>
<2534.86,2535.24,por>
<2542.44,2542.70,però>
<2542.71,2542.88,una>
<2542.88,2543.07,altra>
<2543.07,2543.42,part>
<2543.43,2543.63,sí>
<2543.63,2543.72,que>
<2543.72,2544.10,volia>
<2544.46,2544.56,i>
<2544.56,2544.79,avui>
<2544.79,2545.00,tenim>
<2545.00,2545.08,el>
<2545.08,2545.69,resultat>
<2546.37,2546.78,aquesta>
<2546.78,2547.19,llei>
<2547.27,2547.43,és>
<2547.43,2547.96,pionera>
<2549.00,2549.10,i>
<2549.10,2549.30,fins>
<2549.30,2549.36,i>
<2549.36,2549.50,tot>
<2549.50,2549.59,no>
<2549.59,2550.10,sabien>
<2550.13,2550.37,si>
<2550.37,2550.45,hi>
<2550.45,2550.66,hauria>
<2550.66,2550.85,algú>
<2550.85,2551.23,disposat>
<2551.23,2551.27,a>
<2551.27,2551.42,donar>
<2551.42,2551.83,els>
<2551.97,2552.26,seus>
<2552.26,2552.57,òrgans>
<2552.57,2553.29,voluntàriament>
<2553.50,2553.62,però>
<2553.62,2553.69,es>
<2553.69,2553.81,va>
<2553.81,2554.03,fer>
<2554.58,2554.65,i>
<2554.65,2555.27,ara>
<2555.33,2555.42,ha>
<2555.42,2555.75,servit>
<2556.98,2557.12,de>
<2557.12,2557.42,model>
<2557.42,2557.55,per>
<2557.55,2557.79,molts>
<2557.79,2558.08,altres>
<2558.08,2558.61,països>
<2559.31,2559.45,com>
<2559.45,2559.57,va>
<2559.57,2559.68,dir>
<2559.68,2559.74,en>
<2559.74,2559.80,el>
<2559.80,2559.95,seu>
<2559.95,2560.36,moment>
<2560.64,2561.04,benjamin>
<2561.04,2561.55,franklin>
<2561.87,2562.05,els>
<2562.05,2562.15,qui>
<2562.15,2562.35,són>
<2562.35,2563.00,capaços>
<2563.33,2563.44,de>
<2563.44,2564.03,renunciar>
<2564.10,2564.21,a>
<2564.21,2564.31,la>
<2564.31,2565.20,llibertat>
<2565.45,2566.06,essencial>
<2566.07,2566.17,a>
<2566.17,2566.53,canvi>
<2566.75,2566.92,d'una>
<2566.92,2567.40,seguretat>
<2567.40,2568.06,transitòria>
<2568.40,2568.55,no>
<2568.55,2568.77,són>
<2568.77,2569.32,mereixedors>
<2569.35,2569.49,ni>
<2569.49,2569.58,de>
<2569.58,2569.67,la>
<2569.67,2570.30,llibertat>
<2570.99,2571.10,ni>
<2571.10,2571.18,de>
<2571.18,2571.26,la>
<2571.26,2571.81,seguretat>
<2571.81,2571.94,però>
<2571.94,2572.01,no>
<2572.01,2572.10,us>
<2572.10,2572.63,preocupeu>
<2572.98,2573.35,no>
<2573.35,2573.50,us>
<2573.50,2573.99,traurem>
<2574.83,2574.94,la>
<2574.94,2575.21,vostra>
<2575.21,2575.72,llibertat>
<2575.75,2575.91,però>
<2575.91,2575.99,si>
<2575.99,2576.07,us>
<2576.07,2576.28,plau>
<2576.28,2576.37,no>
<2576.37,2576.48,ens>
<2576.48,2576.57,la>
<2576.57,2576.78,tragueu>
<2576.78,2577.15,vosaltres>
<2577.15,2577.20,a>
<2577.20,2577.72,nosaltres>
<2578.09,2578.27,així>
<2578.27,2578.36,que>
<2578.36,2578.82,sisplau>
<2578.83,2579.15,siguem>
<2579.15,2579.54,valents>
<2579.63,2579.69,i>
<2579.69,2580.14,regulem>
<2580.31,2580.69,Gràcies>
<2645.66,2645.92,bona>
<2645.92,2646.30,tarda>
<2646.68,2646.81,en>
<2646.81,2647.07,primer>
<2647.07,2647.39,lloc>
<2647.57,2648.01,m'agradaria>
<2648.01,2648.34,agrair>
<2648.53,2648.63,la>
<2648.63,2649.39,participació>
<2649.51,2649.58,de>
<2649.58,2649.83,l'equip>
<2649.83,2650.19,rival>
<2650.43,2650.60,amb>
<2650.60,2650.80,aquest>
<2650.80,2651.10,intens>
<2651.10,2651.43,debat>
<2651.91,2652.06,en>
<2652.06,2652.34,segon>
<2652.34,2652.62,lloc>
<2652.67,2653.17,m'agradaria>
<2653.17,2653.53,agrair>
<2653.88,2653.96,la>
<2653.96,2654.34,presència>
<2654.34,2654.56,d'aquest>
<2654.56,2655.08,meravellós>
<2655.14,2655.57,jurat>
<2655.77,2655.85,i>
<2655.85,2656.22,públic>
<2656.57,2657.14,assistent>
<2657.51,2657.57,i>
<2657.57,2657.69,en>
<2657.69,2657.97,tercer>
<2657.97,2658.30,lloc>
<2658.45,2658.96,m'agradaria>
<2658.96,2659.39,agrair>
<2659.65,2659.73,a>
<2659.73,2659.82,la>
<2659.82,2660.17,xarxa>
<2660.17,2660.54,vives>
<2660.82,2660.89,que>
<2660.89,2660.93,ha>
<2660.93,2661.10,fet>
<2661.10,2661.58,possible>
<2661.76,2661.96,tot>
<2661.96,2662.20,aquest>
<2662.20,2662.60,debat>
<2663.22,2663.61,avui>
<2664.03,2664.32,se'ns>
<2664.32,2664.38,ha>
<2664.38,2664.98,plantejat>
<2665.41,2665.58,una>
<2665.58,2666.24,pregunta>
<2666.44,2666.78,molt>
<2666.78,2667.18,clara>
<2667.86,2668.12,s'ha>
<2668.12,2668.22,de>
<2668.22,2669.13,legalitzar>
<2669.16,2669.25,la>
<2669.25,2669.65,gestació>
<2669.65,2670.28,subrogada>
<2671.14,2671.85,nosaltres>
<2672.18,2672.38,hem>
<2672.38,2672.90,respost>
<2673.25,2673.41,amb>
<2673.41,2673.49,un>
<2673.49,2674.15,contundent>
<2674.28,2674.64,no>
<2675.18,2675.43,no>
<2675.43,2675.57,s'ha>
<2675.57,2675.65,de>
<2675.65,2676.15,legalitzar>
<2676.16,2676.35,la>
<2676.43,2676.86,gestació>
<2676.86,2677.50,subrogada>
<2677.76,2677.95,per>
<2677.95,2678.20,què>
<2678.64,2679.12,nosaltres>
<2679.12,2679.43,avui>
<2679.47,2679.63,hem>
<2679.63,2680.05,portat>
<2680.45,2680.77,tres>
<2681.03,2681.47,sòlids>
<2682.78,2682.98,el>
<2682.98,2683.38,primer>
<2683.76,2683.90,la>
<2683.90,2684.69,materialització>
<2684.69,2684.82,del>
<2684.82,2685.04,nen>
<2685.74,2685.88,el>
<2685.88,2686.31,segon>
<2686.65,2687.08,lloc>
<2687.23,2688.24,l'objectivització>
<2688.44,2688.57,de>
<2688.57,2688.69,la>
<2688.69,2689.06,dona>
<2689.35,2689.42,i>
<2689.42,2689.53,el>
<2689.53,2690.00,tercer>
<2690.52,2690.65,el>
<2690.65,2690.93,cavall>
<2690.93,2691.04,de>
<2691.04,2691.54,troia>
<2691.93,2692.09,però>
<2692.09,2692.32,abans>
<2692.32,2693.12,d'explicar>
<2693.14,2693.23,i>
<2693.23,2693.57,veure>
<2693.69,2693.86,els>
<2693.86,2694.12,nostres>
<2694.12,2694.74,arguments>
<2695.18,2695.39,anem>
<2695.39,2695.45,a>
<2695.45,2695.80,veure>
<2696.02,2696.10,què>
<2696.10,2696.23,ens>
<2696.23,2696.31,ha>
<2696.31,2696.74,portat>
<2696.83,2697.16,l'equip>
<2697.17,2697.71,contrari>
<2698.43,2698.81,avui>
<2699.27,2699.58,l'equip>
<2699.58,2700.10,contrari>
<2700.38,2700.55,ens>
<2700.55,2700.63,ha>
<2700.63,2701.04,portat>
<2701.45,2701.69,tres>
<2701.69,2701.96,punts>
<2701.96,2702.51,claus>
<2703.10,2703.33,tres>
<2703.33,2703.59,punts>
<2703.59,2703.94,claus>
<2705.28,2705.41,què>
<2705.41,2705.99,demostraré>
<2706.00,2706.17,ara>
<2706.17,2706.59,mateix>
<2706.76,2706.87,que>
<2706.87,2707.01,han>
<2707.01,2707.19,dit>
<2707.66,2707.81,el>
<2707.81,2708.20,primer>
<2708.60,2708.77,ens>
<2708.77,2708.91,han>
<2708.91,2709.16,dit>
<2710.16,2710.47,formar>
<2710.47,2710.59,una>
<2710.59,2711.24,família>
<2711.34,2711.48,és>
<2711.48,2711.64,una>
<2712.08,2712.86,necessitat>
<2712.94,2714.07,bàsica>
<2715.01,2715.18,però>
<2715.18,2715.34,hem>
<2715.34,2715.61,dit>
<2716.55,2716.69,però>
<2716.69,2717.33,nosaltres>
<2717.66,2717.78,en>
<2717.78,2717.97,cap>
<2717.97,2718.34,moment>
<2719.10,2719.26,hem>
<2719.26,2719.63,dit>
<2719.81,2720.12,que>
<2720.12,2720.18,no>
<2720.18,2720.30,és>
<2720.40,2720.51,que>
<2720.51,2720.57,no>
<2720.57,2720.66,es>
<2720.66,2721.06,pugui>
<2721.36,2721.47,que>
<2721.47,2721.55,no>
<2721.55,2721.81,puguin>
<2721.81,2722.03,formar>
<2722.03,2722.13,una>
<2722.13,2722.60,família>
<2722.74,2723.21,nosaltres>
<2723.27,2723.46,hem>
<2723.46,2723.73,dit>
<2723.85,2723.99,en>
<2723.99,2724.19,tot>
<2724.19,2724.64,moment>
<2724.83,2724.94,que>
<2724.94,2725.03,hi>
<2725.03,2725.12,ha>
<2725.12,2725.54,altres>
<2725.54,2726.08,mètodes>
<2726.22,2726.38,per>
<2726.38,2726.70,poder>
<2726.83,2727.12,formar>
<2727.12,2727.23,una>
<2727.23,2727.73,família>
<2727.89,2727.96,i>
<2727.96,2728.05,hem>
<2728.06,2728.30,posat>
<2728.30,2728.82,l'exemple>
<2729.11,2729.22,de>
<2729.22,2729.71,l'adopció>
<2731.09,2731.67,després>
<2731.75,2731.88,en>
<2731.88,2732.18,segon>
<2732.18,2732.60,lloc>
<2732.99,2733.16,ens>
<2733.16,2733.31,han>
<2733.31,2733.55,dit>
<2734.60,2734.91,la>
<2735.84,2736.47,regulació>
<2736.47,2736.56,de>
<2736.56,2736.66,la>
<2736.66,2737.09,gestació>
<2737.09,2737.80,subrogada>
<2738.14,2738.30,té>
<2738.30,2738.67,que>
<2738.87,2739.44,fer-la>
<2739.50,2740.35,l'estat>
<2741.08,2742.10,però>
<2742.13,2742.23,què>
<2742.23,2742.32,hem>
<2742.32,2742.67,respost>
<2742.67,2743.19,nosaltres>
<2743.29,2743.69,amb>
<2743.70,2743.99,aquest>
<2743.99,2744.71,debat>
<2745.30,2745.51,que>
<2745.54,2745.73,en>
<2745.73,2746.01,cap>
<2746.02,2746.68,moment>
<2747.03,2747.80,han>
<2747.81,2748.53,demostrat>
<2748.74,2748.89,com>
<2748.89,2749.00,la>
<2749.00,2749.22,seva>
<2749.22,2749.98,proposta>
<2750.57,2750.96,cabria>
<2750.96,2751.26,dintre>
<2751.26,2751.40,del>
<2751.40,2751.70,nostre>
<2751.70,2752.14,ordenament>
<2752.14,2752.57,jurídic>
<2753.57,2753.66,i>
<2753.66,2753.79,en>
<2753.79,2754.12,tercer>
<2754.12,2754.51,lloc>
<2755.11,2755.41,l'equip>
<2755.41,2755.80,rival>
<2757.82,2757.99,ens>
<2757.99,2758.06,ha>
<2758.06,2758.28,dit>
<2758.68,2759.59,l'evolució>
<2759.66,2759.75,hi>
<2759.75,2759.81,ha>
<2759.81,2759.96,una>
<2760.63,2761.12,evolució>
<2761.12,2761.25,de>
<2761.25,2761.32,la>
<2761.32,2762.02,mentalitat>
<2762.76,2762.83,i>
<2762.83,2763.02,ens>
<2763.02,2763.42,ha>
<2763.43,2763.60,dit>
<2763.61,2763.95,coses>
<2763.95,2764.22,com>
<2764.62,2765.22,avui>
<2765.22,2765.33,en>
<2765.33,2765.49,dia>
<2765.49,2765.57,la>
<2765.57,2765.78,dona>
<2765.78,2765.95,pot>
<2765.95,2766.65,divorciar-se>
<2766.65,2766.74,a>
<2766.74,2767.47,casar-se>
<2768.12,2768.56,què>
<2768.86,2769.08,pot>
<2769.08,2769.42,decidir>
<2769.42,2769.53,si>
<2769.53,2769.69,vol>
<2769.69,2769.97,tindre>
<2769.97,2770.22,fills>
<2770.22,2770.31,o>
<2770.31,2770.62,no>
<2770.63,2770.71,i>
<2770.71,2771.08,nosaltres>
<2771.08,2771.20,hem>
<2771.20,2771.78,respost>
<2772.18,2772.56,mai>
<2773.02,2773.23,hem>
<2773.23,2773.52,dit>
<2773.75,2773.87,que>
<2773.87,2773.97,no>
<2773.97,2774.22,puguin>
<2774.22,2774.49,tindre>
<2774.49,2774.80,fills>
<2775.01,2775.19,hem>
<2775.19,2775.44,dit>
<2775.44,2775.53,que>
<2775.53,2775.58,hi>
<2775.58,2775.73,ha>
<2775.74,2775.99,altres>
<2775.99,2776.31,mètodes>
<2776.31,2776.45,per>
<2776.45,2776.89,aconseguir>
<2778.19,2778.71,després>
<2780.61,2780.73,per>
<2780.73,2781.69,això>
<2782.37,2782.50,que>
<2782.50,2782.77,queda>
<2782.77,2782.88,de>
<2782.88,2782.95,la>
<2782.95,2783.17,línia>
<2783.17,2783.72,argumental>
<2783.98,2784.05,de>
<2784.05,2784.30,l'equip>
<2784.30,2784.60,rival>
<2785.10,2785.30,no>
<2785.30,2785.53,queda>
<2785.53,2785.92,res>
<2786.33,2786.79,nosaltres>
<2787.10,2787.26,hem>
<2787.26,2787.65,portat>
<2787.78,2788.01,tres>
<2788.01,2788.39,sòlids>
<2788.39,2788.95,arguments>
<2789.14,2789.69,demostrant>
<2789.69,2789.81,que>
<2789.81,2790.14,no>
<2790.47,2790.69,s'ha>
<2790.69,2790.77,de>
<2790.77,2791.46,legalitzar>
<2791.48,2791.54,la>
<2791.54,2791.91,gestació>
<2791.91,2792.50,subrogada>
<2792.96,2793.23,primer>
<2793.23,2793.62,argument>
<2793.79,2793.88,que>
<2793.88,2793.95,hem>
<2793.95,2794.25,portat>
<2794.25,2794.83,nosaltres>
<2795.06,2795.18,la>
<2795.18,2796.16,materialització>
<2796.95,2797.17,del>
<2797.17,2797.40,nen>
<2798.09,2798.30,hem>
<2798.30,2798.60,dit>
<2799.18,2799.63,clar>
<2799.98,2800.14,si>
<2800.14,2800.87,legalitzen>
<2801.33,2801.74,la>
<2802.69,2803.14,gestació>
<2803.14,2804.25,subrogada>
<2804.28,2804.38,es>
<2804.38,2804.82,tractaria>
<2804.82,2804.89,el>
<2804.89,2805.10,nen>
<2805.11,2805.27,com>
<2805.27,2805.43,un>
<2805.44,2805.91,objecte>
<2806.14,2806.41,seria>
<2806.41,2806.52,una>
<2806.52,2806.92,moneda>
<2806.92,2807.08,de>
<2807.08,2807.42,canvi>
<2807.92,2808.45,llavors>
<2808.52,2808.87,ells>
<2809.12,2809.25,en>
<2809.25,2809.44,cap>
<2809.44,2809.90,moment>
<2810.58,2810.75,ens>
<2810.75,2810.87,han>
<2810.87,2811.04,dit>
<2811.26,2811.33,el>
<2811.33,2811.75,contrari>
<2812.34,2812.48,en>
<2812.48,2812.79,segon>
<2812.79,2813.11,lloc>
<2813.46,2813.94,nosaltres>
<2814.17,2814.35,hem>
<2814.35,2814.81,parlat>
<2815.18,2815.63,sobre>
<2815.63,2816.07,la>
<2816.99,2818.03,l'objectivització>
<2818.22,2818.38,de>
<2818.38,2818.50,la>
<2818.50,2818.84,dona>
<2819.21,2819.31,i>
<2819.31,2820.59,hem>
<2820.78,2821.05,dit>
<2821.05,2821.32,clar>
<2821.66,2821.88,si>
<2821.88,2821.97,es>
<2821.97,2822.59,legalitzés>
<2822.79,2822.96,la>
<2822.96,2823.23,dona>
<2823.23,2823.43,mai>
<2823.43,2823.80,podria>
<2823.80,2824.12,sortir>
<2824.12,2824.29,del>
<2825.01,2825.58,contracte>
<2825.76,2826.26,llavors>
<2826.27,2826.77,això>
<2827.00,2827.14,en>
<2827.14,2827.33,cap>
<2827.33,2827.62,moment>
<2827.62,2827.84,seria>
<2827.84,2828.35,llibertat>
<2828.49,2828.75,sinó>
<2828.75,2828.86,que>
<2828.86,2829.25,seria>
<2829.28,2830.14,esclavitud>
<2830.54,2830.64,a>
<2830.64,2830.83,més>
<2830.83,2830.88,a>
<2830.88,2831.16,més>
<2831.68,2832.08,també>
<2832.09,2832.23,hem>
<2832.23,2832.52,dit>
<2832.55,2832.61,que>
<2832.61,2832.66,hi>
<2832.66,2832.96,hauria>
<2833.00,2833.21,unes>
<2833.21,2833.87,conseqüències>
<2834.01,2834.26,molt>
<2834.26,2834.90,negatives>
<2835.11,2835.38,perquè>
<2835.38,2835.89,clar>
<2836.35,2836.51,com>
<2836.51,2836.62,hem>
<2836.62,2836.96,portat>
<2836.97,2837.07,a>
<2837.08,2837.21,les>
<2837.21,2837.57,nostres>
<2837.76,2838.46,evidències>
<2839.15,2839.28,què>
<2839.28,2839.81,passaria>
<2839.93,2840.07,si>
<2840.07,2840.15,de>
<2840.15,2840.33,cop>
<2840.33,2840.39,i>
<2840.39,2840.82,volta>
<2840.83,2841.03,uns>
<2841.03,2841.32,pares>
<2841.32,2841.55,diuen>
<2841.55,2841.67,que>
<2841.67,2841.83,ja>
<2842.10,2842.24,que>
<2842.47,2842.64,ja>
<2842.64,2842.73,no>
<2842.73,2843.07,volen>
<2843.87,2844.00,al>
<2844.00,2844.29,fill>
<2844.56,2844.68,de>
<2844.68,2844.77,la>
<2844.77,2844.97,dona>
<2844.97,2845.50,gestant>
<2845.87,2846.28,llavors>
<2846.28,2846.32,hi>
<2846.32,2846.49,haurà>
<2846.49,2847.15,conseqüències>
<2847.50,2847.75,molt>
<2847.75,2848.14,dolentes>
<2848.14,2848.37,com>
<2849.78,2851.56,avortar>
<2852.52,2853.20,després>
<2853.43,2853.77,també>
<2853.77,2853.86,hem>
<2853.86,2854.07,dit>
<2854.07,2854.13,que>
<2854.13,2854.18,hi>
<2854.18,2854.26,ha>
<2854.26,2854.73,problemes>
<2854.73,2854.82,amb>
<2854.82,2855.02,aquest>
<2855.08,2855.56,contracte>
<2855.56,2855.77,si>
<2856.47,2856.63,els>
<2856.63,2857.21,problemes>
<2858.05,2858.20,com>
<2858.20,2858.35,hem>
<2858.35,2858.63,vist>
<2858.63,2858.86,que>
<2859.40,2859.54,en>
<2859.54,2859.64,el>
<2859.64,2860.01,cas>
<2860.16,2860.35,que>
<2860.35,2860.44,hi>
<2860.44,2860.78,hagin>
<2861.27,2861.94,disputes>
<2861.94,2862.14,entre>
<2862.14,2862.29,els>
<2862.29,2862.58,pares>
<2862.58,2862.63,i>
<2862.63,2862.71,la>
<2862.71,2862.89,dona>
<2862.89,2863.41,gestant>
<2863.75,2863.83,i>
<2863.83,2864.12,després>
<2864.12,2864.21,hem>
<2864.21,2864.71,portat>
<2864.73,2864.84,el>
<2864.84,2865.07,nostre>
<2865.07,2865.30,tercer>
<2865.30,2865.75,argument>
<2865.82,2865.94,el>
<2865.94,2866.21,cavall>
<2866.21,2866.30,de>
<2866.30,2866.65,troia>
<2866.84,2866.93,que>
<2866.93,2867.03,hem>
<2867.03,2867.27,dit>
<2867.31,2867.46,si>
<2867.46,2867.51,ho>
<2867.51,2868.18,legalitzem>
<2868.58,2869.07,deixaríem>
<2869.07,2869.52,entrar>
<2869.53,2869.66,a>
<2869.66,2870.30,màfies>
<2870.51,2870.82,aquí>
<2870.83,2871.04,al>
<2871.04,2871.50,nostre>
<2871.50,2871.99,país>
<2872.28,2872.48,perquè>
<2872.48,2872.71,encara>
<2872.71,2872.83,es>
<2872.89,2873.25,poguessin>
<2873.25,2873.65,lucrar>
<2873.65,2873.91,més>
<2874.73,2874.88,de>
<2874.88,2875.12,tota>
<2875.12,2875.51,aquesta>
<2875.52,2875.97,gestació>
<2875.97,2876.38,subrogada>
<2876.38,2876.47,i>
<2876.47,2876.51,a>
<2876.51,2876.66,més>
<2876.66,2876.71,a>
<2876.71,2876.90,més>
<2877.11,2877.25,hem>
<2877.25,2877.62,posat>
<2877.76,2878.06,altres>
<2878.24,2878.93,exemples>
<2880.68,2881.14,d'economia>
<2881.14,2881.57,submergida>
<2881.57,2881.65,és>
<2881.65,2881.77,que>
<2881.77,2881.83,hi>
<2881.83,2881.99,ha>
<2882.00,2882.26,avui>
<2882.26,2882.41,en>
<2882.41,2882.70,dia>
<2883.00,2883.17,i>
<2883.20,2883.37,és>
<2883.37,2883.51,per>
<2883.51,2883.88,això>
<2884.05,2884.17,que>
<2884.17,2884.24,no>
<2884.24,2884.33,hem>
<2884.33,2884.44,de>
<2884.44,2884.66,viure>
<2884.66,2884.74,en>
<2884.74,2884.89,un>
<2884.89,2885.08,món>
<2885.08,2885.60,maquillat>
<2885.83,2885.89,i>
<2885.89,2886.27,així>
<2886.28,2886.38,ho>
<2886.38,2886.49,hem>
<2886.49,2887.14,demostrat>
<2887.33,2887.69,no>
<2887.70,2887.85,hem>
<2887.85,2887.94,de>
<2887.94,2888.48,legalitzar-lo>
<2888.50,2888.79,moltes>
<2888.79,2889.14,gràcies>
