<75.72,76.21,la >
<226.24,226.56,ceci >
<227.84,228.56,edge >
<228.59,228.72,és >
<228.72,228.86,una >
<228.86,229.41,ciutadana >
<229.41,229.49,de >
<229.49,229.85,l'estat >
<229.85,230.51,nord-americana >
<230.51,231.05,nebraska >
<231.74,231.86,la >
<231.86,232.41,qual >
<232.42,232.55,és >
<232.55,232.65,en >
<232.65,233.27,l'actualitat >
<233.64,233.83,mare >
<233.83,233.89,de >
<233.89,234.07,dos >
<234.07,234.41,fills >
<234.84,234.98,un >
<234.98,235.32,d'ells >
<235.75,235.88,el >
<235.88,236.25,matthew >
<236.60,236.69,que >
<236.69,236.88,és >
<236.88,237.15,gai >
<238.37,238.48,un >
<238.48,238.64,bon >
<238.64,238.91,dia >
<239.38,239.50,el >
<239.50,239.99,matthew >
<240.10,240.36,parlant >
<240.36,240.45,amb >
<240.45,240.52,la >
<240.52,240.72,seva >
<240.72,241.01,mare >
<241.53,241.64,li >
<241.64,241.74,va >
<241.74,242.29,plantejar >
<242.30,242.45,els >
<242.45,242.62,seus >
<242.62,242.98,plans >
<243.15,243.33,per >
<243.33,243.47,ser >
<243.47,243.71,pare >
<244.15,244.53,i >
<244.66,244.84,per >
<244.84,245.13,ser-ho >
<245.25,245.67,potser >
<246.26,246.41,per >
<246.41,246.77,mitjà >
<246.77,246.92,de >
<246.92,247.01,la >
<247.01,247.42,gestació >
<247.42,247.94,subrogada >
<249.59,249.73,amb >
<249.73,249.83,les >
<249.83,250.11,bones >
<250.11,250.68,intencions >
<250.68,250.81,que >
<250.81,251.15,només >
<251.20,251.34,pot >
<251.34,251.63,mostrar >
<251.63,251.76,una >
<251.76,252.06,mare >
<252.12,252.19,i >
<252.19,252.32,amb >
<252.32,252.42,un >
<252.42,252.82,somriure >
<252.82,252.94,als >
<252.94,253.38,llavis >
<253.70,253.79,la >
<253.79,254.25,cecil >
<254.53,254.66,es >
<254.66,254.96,va >
<254.97,255.40,oferir >
<255.49,255.61,per >
<255.61,255.86,ajudar >
<255.86,255.92,el >
<255.92,256.08,seu >
<256.08,256.37,fill >
<257.46,257.81,també >
<257.81,257.95,amb >
<257.95,258.02,la >
<258.02,258.59,inestimable >
<258.59,258.99,ajuda >
<259.04,259.19,de >
<259.19,259.56,la >
<259.80,260.35,germana >
<260.37,260.51,de >
<260.51,260.85,l'eliot >
<260.95,261.10,la >
<261.10,261.35,parella >
<261.35,261.48,del >
<261.48,261.89,mateu >
<262.61,262.71,que >
<262.71,262.81,va >
<262.81,263.45,aconseguir >
<264.07,264.23,que >
<264.23,264.65,tinguessin >
<264.65,264.77,un >
<264.77,265.08,òvul >
<265.09,265.22,en >
<265.22,265.42,aquell >
<265.42,265.81,moment >
<266.73,266.87,un >
<266.87,267.06,cop >
<267.06,267.24,havent >
<267.24,267.72,examinat >
<267.91,268.01,i >
<268.01,268.47,garantit >
<268.47,268.60,la >
<268.60,268.89,salut >
<268.89,268.97,de >
<268.97,269.07,la >
<269.07,269.53,cecil >
<269.97,270.13,tot >
<270.13,270.25,era >
<270.25,270.63,preparat >
<273.01,273.32,avui >
<273.80,273.94,la >
<273.94,274.30,cecile >
<274.87,275.00,és >
<275.00,275.31,àvia >
<276.55,276.68,és >
<276.68,277.00,àvia >
<277.16,277.34,del >
<277.34,277.63,fill >
<277.64,277.80,del >
<277.80,277.96,seu >
<277.96,278.18,fill >
<279.17,279.32,pot >
<279.32,279.57,semblar >
<279.57,279.91,estrany >
<280.24,280.38,però >
<280.38,280.44,en >
<280.44,280.84,qualsevol >
<280.84,281.11,cas >
<281.12,281.26,el >
<281.26,281.33,que >
<281.33,281.41,és >
<281.41,281.90,important >
<282.19,282.33,és >
<282.33,282.49,com >
<282.49,282.90,matthew >
<282.94,283.02,i >
<283.02,283.36,l'eliott >
<283.76,283.86,han >
<283.86,284.15,format >
<284.15,284.27,una >
<284.27,284.65,família >
<287.70,287.86,patt >
<287.86,288.26,anthoni >
<288.87,289.34,ciutadana >
<289.34,290.00,sud-africana >
<290.00,290.15,de >
<290.15,290.70,quaranta-huit >
<290.70,291.03,anys >
<291.54,291.65,que >
<291.66,291.86,va >
<291.86,292.41,ajudar >
<292.42,292.58,els >
<292.58,292.79,seus >
<292.79,293.11,fills >
<293.16,293.27,a >
<293.27,293.56,tindre >
<293.56,293.63,un >
<293.63,293.90,fill >
<294.76,295.33,l'anastasia >
<295.33,295.76,ontou >
<296.12,296.25,de >
<296.25,296.44,fins >
<296.44,296.49,a >
<296.49,297.12,seixanta-set >
<297.12,297.43,anys >
<298.57,298.77,ella >
<298.77,299.00,també >
<299.00,299.07,va >
<299.07,299.32,ajudar >
<299.32,299.42,els >
<299.42,299.57,seus >
<299.57,299.75,fills >
<299.75,299.86,de >
<299.86,300.17,tindre >
<300.32,300.50,una >
<300.50,300.86,família >
<301.63,301.71,i >
<301.71,302.09,és >
<303.64,303.83,que >
<303.84,304.22,formar >
<304.28,304.46,una >
<304.46,304.86,família >
<304.87,305.02,és >
<305.02,305.39,alhora >
<305.46,305.64,un >
<305.64,306.09,desig >
<306.10,306.19,i >
<306.19,306.32,una >
<306.32,306.79,necessitat >
<321.13,321.50,article >
<321.51,321.83,setze >
<321.83,322.00,de >
<322.00,322.17,la >
<322.29,322.85,declaració >
<322.85,323.30,universal >
<323.30,323.39,de >
<323.39,323.62,drets >
<323.62,323.91,humans >
<323.91,323.98,de >
<323.98,324.12,mil >
<324.12,324.43,nou-cents >
<324.43,324.99,quaranta-huit >
<325.83,326.14,totes >
<326.14,326.28,les >
<326.28,326.73,persones >
<326.73,327.05,tenen >
<327.05,327.38,dret >
<327.58,327.82,homes >
<327.82,327.89,i >
<327.89,328.21,dones >
<328.22,328.31,a >
<328.31,328.73,casar-se >
<328.74,328.77,i >
<328.80,328.90,a >
<328.90,329.18,fundar >
<329.18,329.30,una >
<329.30,329.76,família >
<330.52,330.63,i >
<330.63,331.00,cito >
<332.42,332.56,la >
<332.56,333.04,família >
<333.08,333.23,és >
<333.23,333.73,l'element >
<333.82,334.43,natural >
<334.44,334.54,i >
<334.54,335.29,fonamental >
<335.30,335.43,de >
<335.43,335.50,la >
<335.50,335.82,nostra >
<335.82,336.34,societat >
<337.12,337.22,i >
<337.22,337.59,té >
<337.65,337.99,dret >
<338.00,338.09,a >
<338.09,338.18,la >
<338.18,338.62,protecció >
<338.62,338.68,de >
<338.68,338.79,la >
<338.79,339.34,societat >
<339.52,339.62,i >
<339.62,339.72,de >
<339.72,340.18,l'estat >
<341.13,341.60,aquest >
<342.68,343.03,és >
<343.05,343.21,el >
<343.21,343.67,motiu >
<343.74,344.10,és >
<344.32,345.07,l'obligació >
<345.07,345.23,que >
<345.23,345.62,tenim >
<345.72,345.88,de >
<345.88,346.49,legislar >
<346.97,347.16,de >
<347.16,347.33,fer >
<347.33,347.70,front >
<347.70,347.79,de >
<347.79,348.07,donar >
<348.07,348.15,la >
<348.15,348.47,cara >
<348.48,348.63,al >
<348.63,348.98,progrés >
<348.98,349.64,tecnològic >
<349.89,350.08,amb >
<350.08,350.75,regulació >
<350.85,351.04,amb >
<351.04,351.71,garanties >
<351.99,352.62,impulsant >
<352.63,352.77,un >
<352.77,352.97,valor >
<352.97,353.13,tan >
<353.13,353.78,fonamental >
<353.92,354.09,com >
<354.09,354.19,la >
<354.19,354.81,solidaritat >
<355.13,355.50,perquè >
<357.17,357.57,aquestes >
<357.57,358.17,necessitats >
<358.17,358.31,no >
<358.31,358.53,tenen >
<358.53,358.91,solució >
<358.91,358.97,en >
<358.97,359.43,excuses >
<359.43,359.65,com >
<359.65,360.10,processos >
<360.10,360.71,d'adopció >
<360.93,361.17,cada >
<361.17,361.32,cop >
<361.32,361.49,més >
<361.49,361.81,llargs >
<361.81,362.06,cada >
<362.06,362.20,cop >
<362.20,362.33,més >
<362.33,362.72,insegurs >
<362.72,362.77,i >
<362.77,362.88,amb >
<362.88,363.45,resultat >
<363.72,363.97,molts >
<363.97,364.28,cops >
<365.49,366.23,dramàtics >
<367.49,367.86,tot >
<367.86,367.99,per >
<367.99,368.08,no >
<368.08,368.19,fer >
<368.19,368.38,entrar >
<368.38,368.46,el >
<368.46,368.93,progrés >
<369.56,369.92,barrant >
<369.92,370.02,el >
<370.02,370.30,pas >
<370.31,370.40,a >
<370.40,370.92,persones >
<370.92,371.03,que >
<371.03,371.18,per >
<371.18,371.69,orientació >
<371.69,372.24,sexual >
<372.60,372.73,que >
<372.73,372.99,per >
<372.99,373.42,malalties >
<373.42,374.00,congènites >
<374.00,374.47,tristament >
<374.47,374.53,no >
<374.54,374.79,tenen >
<374.79,374.97,cap >
<374.97,375.23,culpa >
<375.23,375.31,de >
<375.31,375.41,no >
<375.41,375.62,poder >
<375.62,375.81,tenir >
<375.81,376.10,fills >
<377.82,378.34,col·laborar >
<378.34,378.41,en >
<378.41,378.82,processos >
<378.82,378.97,com >
<378.97,379.43,l'adopció >
<379.86,380.01,però >
<380.01,380.41,això >
<380.49,380.75,avui >
<380.75,381.00,dia >
<381.49,381.73,ni >
<381.73,381.87,té >
<381.87,382.33,futur >
<382.34,382.49,ni >
<382.49,382.59,és >
<382.59,383.02,viable >
<383.31,383.47,ni >
<383.47,383.56,és >
<383.56,384.17,acceptable >
<386.04,386.70,vehicular >
<386.70,386.78,la >
<386.78,387.08,nostra >
<387.39,387.98,proposta >
<388.06,388.21,per >
<388.21,388.47,mitjà >
<388.47,388.63,d'un >
<388.63,389.09,sistema >
<389.37,389.78,públic >
<389.91,390.47,excloent >
<390.48,390.63,el >
<390.63,390.99,lucre >
<391.00,391.53,excloent >
<391.54,391.66,el >
<391.66,392.12,benefici >
<392.12,392.51,propi >
<392.85,393.00,de >
<393.00,393.28,totes >
<393.28,393.64,aquestes >
<393.64,394.22,gestions >
<394.62,394.74,per >
<394.74,394.79,a >
<394.79,395.15,satisfer >
<395.15,395.25,les >
<395.25,395.62,necessitats >
<395.62,395.68,de >
<395.68,395.81,les >
<395.81,396.36,persones >
<397.49,397.65,per >
<397.65,398.04,exemple >
<398.04,398.13,els >
<398.13,398.43,nostres >
<398.43,398.82,sistemes >
<398.82,398.89,de >
<398.89,399.53,trasplantament >
<399.53,399.99,d'òrgans >
<400.27,400.41,o >
<400.41,400.49,de >
<400.49,400.85,donació >
<400.85,400.93,de >
<400.93,401.21,sang >
<401.45,401.99,basats >
<402.06,402.21,en >
<402.21,402.33,el >
<402.33,402.69,valor >
<402.70,403.39,fonamental >
<403.74,404.08,la >
<404.27,405.01,solidaritat >
<405.71,405.95,aquest >
<405.95,406.36,sistema >
<406.36,406.69,podrem >
<406.69,406.98,veure >
<407.05,407.11,que >
<407.11,407.20,el >
<407.20,407.63,trobem >
<407.88,408.04,en >
<408.04,408.42,països >
<408.42,408.77,com >
<408.91,409.03,el >
<409.03,409.26,regne >
<409.26,409.54,unit >
<409.85,410.29,o >
<410.73,410.90,si >
<410.90,410.99,bé >
<410.99,411.09,s'ha >
<411.09,411.61,intentat >
<411.63,411.73,a >
<411.73,412.27,portugal >
<412.43,412.94,països >
<412.94,413.42,lliures >
<413.43,413.52,i >
<413.52,414.14,democràtics >
<414.14,414.26,del >
<414.26,414.55,nostre >
<414.55,414.82,món >
<474.62,475.33,això >
<475.73,475.87,és >
<475.87,475.98,un >
<475.98,476.65,catàleg >
<477.83,478.65,d'infants >
<479.04,479.15,i >
<479.15,479.27,un >
<479.27,479.97,catàleg >
<480.42,480.56,de >
<480.56,480.83,mares >
<480.83,480.92,de >
<480.92,481.39,lloguer >
<482.67,482.85,no >
<482.85,483.02,cal >
<483.02,483.12,que >
<483.12,483.18,hi >
<483.18,483.59,hagi >
<483.60,483.87,diners >
<483.87,484.04,per >
<484.04,484.53,mig >
<491.43,492.04,aquí >
<492.46,493.01,algú >
<493.39,493.96,escull >
<494.52,494.59,i >
<494.59,495.07,algú >
<503.10,503.55,és >
<505.37,506.19,escollit >
<533.58,534.23,definir >
<534.24,534.46,els >
<534.46,534.81,tres >
<534.81,535.46,conceptes >
<535.46,536.05,clau >
<542.16,542.43,una >
<542.43,542.79,gestació >
<542.79,543.51,subrogada >
<543.54,543.82,és >
<543.93,544.15,una >
<544.15,544.50,manera >
<544.50,544.57,de >
<544.57,544.99,accedir >
<545.00,545.10,a >
<545.10,545.18,la >
<545.18,546.30,maternitat >
<546.31,546.41,a >
<546.41,546.76,través >
<546.76,546.84,de >
<546.84,546.94,la >
<546.94,547.50,qual >
<547.61,548.43,s'utilitza >
<548.56,548.74,un >
<548.74,549.18,ventre >
<549.18,549.77,extern >
<553.83,554.19,entenem >
<554.19,554.31,per >
<554.31,555.24,legalització >
<555.49,556.27,dotar >
<556.28,556.45,de >
<556.45,556.97,context >
<556.97,557.01,i >
<557.01,557.43,validesa >
<557.43,558.09,jurídica >
<558.17,558.38,per >
<558.38,558.74,permetre >
<558.74,558.81,el >
<558.81,559.64,desenvolupament >
<559.67,559.94,d'una >
<559.94,560.39,acció >
<568.33,568.51,la >
<568.51,569.42,maternitat >
<569.79,569.87,que >
<569.87,569.94,és >
<569.94,570.44,exercir >
<570.44,570.53,de >
<570.53,570.91,mare >
<571.46,572.10,acompanyar >
<572.13,572.37,els >
<572.37,572.81,fills >
<572.84,573.09,des >
<573.09,573.25,del >
<573.25,573.87,naixement >
<573.99,574.09,per >
<574.09,574.17,al >
<574.17,574.36,seu >
<574.36,574.74,correcte >
<574.74,575.64,desenvolupament >
<576.48,577.29,comporta >
<577.59,577.83,un >
<577.83,578.31,deure >
<578.46,578.64,no >
<578.64,579.46,comporta >
<579.58,579.77,un >
<579.77,580.16,dret >
<580.52,580.67,és >
<580.67,580.84,un >
<580.84,582.00,compromís >
<582.30,582.50,amb >
<582.50,582.58,el >
<582.58,582.87,nostre >
<582.87,583.24,fill >
<583.57,583.60,hi >
<586.89,588.86,ha >
<590.52,591.17,tres >
<591.75,592.43,Agents >
<596.01,596.24,han >
<596.24,596.33,de >
<596.33,596.44,ser >
<596.44,596.55,els >
<596.55,597.07,fills >
<597.94,598.43,i >
<598.44,598.54,a >
<598.54,598.68,les >
<598.68,598.90,dues >
<598.90,599.44,bandes >
<599.48,599.59,hi >
<599.59,599.89,ha >
<600.17,600.30,la >
<600.30,600.50,mare >
<600.50,601.10,gestant >
<601.34,601.47,i >
<601.47,601.56,la >
<601.56,601.77,mare >
<601.77,602.45,sol·licitant >
<619.72,619.89,la >
<619.89,620.27,gestació >
<620.27,621.26,subrogada >
<621.28,621.77,genera >
<621.80,622.00,una >
<622.00,622.98,incoherència >
<622.98,623.52,moral >
<623.78,623.95,en >
<623.95,624.08,el >
<624.08,624.19,que >
<624.19,624.46,és >
<624.54,624.74,el >
<624.74,624.98,sí >
<624.98,625.07,de >
<625.07,625.16,la >
<625.16,625.98,maternitat >
<626.23,626.32,que >
<626.32,626.40,és >
<626.40,626.51,la >
<626.51,626.96,cosa >
<627.21,627.58,més >
<627.58,628.31,generosa >
<628.32,628.43,i >
<628.43,628.63,més >
<628.63,629.27,altruista >
<629.27,629.38,que >
<629.38,629.60,pot >
<629.60,630.04,haver >
<637.73,637.90,els >
<637.90,638.21,nostres >
<638.21,638.74,pares >
<641.81,642.30,encara >
<642.30,642.56,tenen >
<642.56,642.80,cura >
<642.80,642.88,de >
<642.88,643.69,nosaltres >
<645.05,645.20,i >
<646.42,647.31,reben >
<647.63,648.00,poques >
<648.00,648.28,coses >
<648.28,648.80,materials >
<648.80,648.87,a >
<648.87,649.32,canvi >
<650.31,650.56,és >
<650.69,650.94,un >
<650.94,651.29,gran >
<651.30,651.63,acte >
<651.63,651.73,de >
<651.73,652.58,generositat >
<653.99,654.52,esdevenir >
<654.54,654.79,pare >
<654.80,654.96,o >
<654.96,655.29,mare >
<659.64,659.83,ser >
<659.83,660.02,pare >
<660.02,660.08,o >
<660.08,660.40,mare >
<660.41,660.51,a >
<660.51,660.88,través >
<660.88,661.00,de >
<661.00,661.10,la >
<661.10,661.47,gestació >
<661.47,662.33,subrogada >
<662.38,662.48,que >
<662.48,662.58,és >
<662.58,663.35,canalitzar >
<663.36,663.59,una >
<663.59,664.28,frustració >
<664.28,664.85,pròpia >
<665.97,666.11,un >
<666.11,666.72,caprici >
<667.70,667.86,la >
<667.86,668.44,maternitat >
<668.45,668.62,no >
<668.62,668.71,és >
<668.71,668.85,un >
<668.85,669.23,dret >
<669.47,669.82,sinó >
<669.82,669.93,que >
<669.93,670.17,és >
<670.28,670.48,un >
<670.48,670.85,deure >
<670.85,671.00,que >
<671.00,671.09,es >
<671.09,671.68,contrau >
<671.69,671.91,amb >
<671.91,672.73,el >
<673.10,673.59,fill >
<676.66,676.92,no >
<676.92,677.09,s'ha >
<677.09,678.15,d'explotar >
<678.16,678.34,la >
<678.34,678.58,dona >
<678.58,678.73,amb >
<678.73,678.91,una >
<678.91,679.35,feina >
<679.63,679.86,que >
<679.87,680.57,l'ocuparia >
<680.57,681.23,vint-i-quatre >
<681.23,681.42,hores >
<681.42,681.56,al >
<681.56,681.96,dia >
<684.20,684.93,una >
<684.93,685.55,figura >
<685.70,685.84,que >
<685.84,686.02,fa >
<686.02,686.13,que >
<686.13,686.76,s'identifiqui >
<686.76,686.89,la >
<686.89,687.21,dona >
<687.22,687.41,amb >
<687.41,687.58,el >
<687.58,687.72,que >
<687.72,688.03,fa >
<688.04,688.14,i >
<688.14,688.24,no >
<688.24,688.33,amb >
<688.33,688.44,el >
<688.44,688.53,que >
<688.53,688.92,és >
<694.10,694.29,el >
<695.02,695.45,lligam >
<695.45,695.88,natural >
<695.88,695.96,que >
<695.96,696.18,es >
<696.32,696.82,genera >
<696.82,697.22,entre >
<698.84,699.50,la >
<699.50,699.76,mare >
<699.88,700.23,en >
<701.05,701.86,biològica >
<701.97,702.05,i >
<702.05,702.58,l'infant >
<702.87,703.03,és >
<703.03,703.29,massa >
<703.29,703.61,fort >
<703.62,703.77,com >
<703.77,703.92,per >
<703.92,704.58,desfer-lo >
<704.92,705.40,a >
<705.41,705.99,causa >
<706.08,706.77,d'un >
<706.78,707.16,tracte >
<707.16,707.86,comercial >
<754.89,755.25,se'ns >
<755.25,755.32,ha >
<755.32,755.57,dit >
<755.87,755.99,que >
<755.99,756.17,tenir >
<756.17,756.30,un >
<756.30,756.85,fill >
<756.88,756.99,no >
<756.99,757.10,és >
<757.10,757.23,un >
<757.23,757.53,dret >
<761.99,762.12,el >
<762.12,762.41,fet >
<762.41,762.47,que >
<762.48,762.63,de >
<762.63,762.74,no >
<762.74,763.17,poder-lo >
<763.17,763.47,tenir >
<763.47,764.19,mitjançant >
<764.25,764.69,processos >
<764.69,765.47,biològics >
<765.67,766.26,naturals >
<766.88,767.08,És >
<767.08,767.64,egoista >
<768.54,768.75,no >
<768.75,769.25,decantar-se >
<769.25,769.39,cap >
<769.39,769.43,a >
<769.43,769.96,l'adopció >
<773.66,773.78,la >
<773.78,774.05,base >
<774.05,774.14,de >
<774.14,774.26,les >
<774.26,774.81,gestacions >
<774.81,775.55,subrogades >
<775.98,776.35,és >
<776.36,777.08,aprofitar-se >
<777.08,777.23,de >
<777.23,777.52,dones >
<777.52,778.11,pobres >
<778.54,778.71,de >
<778.71,779.24,països >
<779.25,779.35,en >
<779.35,779.54,vies >
<779.54,779.63,de >
<779.63,780.47,desenvolupament >
<787.54,787.78,una >
<787.78,788.53,legalització >
<788.54,789.08,impediria >
<789.08,789.23,tot >
<789.23,789.55,això >
<790.71,791.14,una >
<791.53,792.48,canalització >
<792.49,792.82,d'aquest >
<792.82,793.42,procés >
<793.43,793.65,cap >
<793.65,793.69,a >
<793.69,793.91,una >
<793.91,794.33,llei >
<794.69,795.05,que >
<795.06,795.76,evités >
<796.14,796.62,que >
<796.69,796.92,les >
<796.92,797.65,màfies >
<798.51,798.84,que >
<798.85,799.69,s'alimenten >
<799.69,800.14,d'això >
<800.65,801.12,i >
<801.42,801.61,les >
<801.61,802.06,granges >
<802.06,802.16,de >
<802.16,802.62,dones >
<802.71,803.67,desapareguessin >
<809.34,810.32,existeix >
<810.54,810.73,el >
<810.73,811.15,procés >
<811.15,811.41,de >
<811.42,811.94,gestacions >
<811.94,812.63,subrogades >
<813.56,813.68,a >
<814.54,815.01,espanya >
<815.01,815.09,es >
<815.09,815.53,calcula >
<815.53,815.61,que >
<815.61,815.74,uns >
<815.74,815.96,mil >
<815.96,816.44,nadons >
<816.67,817.08,entren >
<817.08,817.16,a >
<817.16,817.68,l'estat >
<818.49,818.68,quan >
<818.68,818.83,han >
<818.83,819.15,estat >
<819.15,819.52,gestants >
<819.52,819.57,a >
<819.57,819.89,partir >
<819.89,820.16,d'aquest >
<820.16,820.60,mètode >
<824.40,824.67,s'ha >
<824.67,824.75,de >
<824.75,825.29,legislar >
<828.96,829.08,ha >
<829.08,829.18,de >
<829.18,829.38,ser >
<829.38,829.49,un >
<829.49,830.17,procediment >
<830.17,830.27,que >
<830.27,830.75,garanteixi >
<830.75,830.83,la >
<830.83,831.52,seguretat >
<831.65,832.14,tant >
<832.14,832.22,de >
<832.22,832.31,la >
<832.31,832.70,part >
<833.11,833.24,que >
<833.24,833.71,gesta >
<833.85,834.03,com >
<834.03,834.11,de >
<834.11,834.19,la >
<834.19,834.47,part >
<834.47,834.56,que >
<834.56,835.08,sol·licita >
<837.47,837.53,ha >
<837.53,837.64,de >
<837.64,837.88,ser >
<837.88,838.08,una >
<838.08,838.39,llei >
<839.22,839.30,que >
<839.30,839.41,ens >
<839.41,839.86,permeti >
<839.86,840.41,sancionar >
<841.13,841.27,el >
<841.27,841.37,que >
<841.37,841.90,coneixeríem >
<841.90,842.07,com >
<842.07,842.34,falsa >
<842.34,843.06,solidaritat >
<846.99,847.26,una >
<847.26,847.53,llei >
<847.53,847.63,que >
<847.63,848.45,s'inspiraria >
<848.48,848.62,en >
<848.62,849.00,l'actual >
<849.00,849.31,llei >
<849.31,849.46,del >
<849.46,849.70,regne >
<849.70,850.04,unit >
<850.43,850.66,una >
<850.66,851.09,llei >
<851.27,851.36,que >
<851.36,851.96,evités >
<852.14,852.21,que >
<852.21,852.28,es >
<852.28,853.09,converteixi >
<853.41,853.58,en >
<853.58,853.69,un >
<853.69,854.23,negoci >
<854.47,854.55,que >
<854.55,854.99,evités >
<854.99,855.08,que >
<855.08,855.11,hi >
<855.11,855.39,hagués >
<855.39,855.75,gent >
<855.75,855.82,que >
<855.82,855.91,es >
<855.91,856.31,lucren >
<856.33,856.50,amb >
<856.50,856.86,això >
<857.32,857.39,i >
<857.39,857.72,evites >
<857.72,857.94,fins >
<857.94,858.02,i >
<858.02,858.40,tot >
<858.51,858.69,en >
<858.69,859.10,casos >
<859.10,859.38,molt >
<860.36,861.02,concrets >
<861.48,861.79,que >
<861.80,862.03,se'n >
<862.03,862.29,pogués >
<862.29,862.44,fer >
<862.44,863.19,publicitat >
<863.57,863.71,per >
<863.71,863.93,tal >
<863.93,864.01,de >
<864.01,864.47,garantir >
<864.47,864.99,realment >
<865.00,865.19,una >
<865.19,865.81,seguretat >
<866.35,866.45,i >
<866.45,866.58,una >
<866.58,867.26,solidaritat >
<869.79,870.43,assegurar >
<870.68,870.78,que >
<870.78,870.91,les >
<870.91,871.14,dues >
<871.14,871.74,bandes >
<872.18,872.33,no >
<872.33,872.71,perden >
<872.71,872.79,la >
<872.79,873.24,dignitat >
<873.24,873.32,en >
<873.32,873.41,el >
<873.41,873.91,procés >
<877.41,877.59,un >
<877.59,878.16,procés >
<878.40,878.91,segur >
<879.25,879.89,seriós >
<880.14,880.24,i >
<880.24,880.87,altruista >
<885.19,885.36,un >
<885.36,885.96,sistema >
<886.55,886.69,de >
<886.69,887.31,gestió >
<887.32,887.49,com >
<887.49,887.62,si >
<887.62,888.08,fossin >
<888.12,888.46,unes >
<888.46,889.13,llistes >
<890.14,891.02,Concertades >
<891.03,891.33,unes >
<891.33,891.74,llistes >
<891.74,892.25,d'espera >
<892.26,892.50,com >
<892.50,893.02,actualment >
<893.02,893.67,existeix >
<893.92,894.14,amb >
<894.14,894.25,els >
<894.25,895.23,transplantaments >
<897.93,898.16,no >
<898.16,898.25,és >
<898.25,898.39,un >
<898.39,898.63,dret >
<898.63,898.81,tenir >
<898.81,898.89,un >
<898.89,899.22,fill >
<902.44,902.60,com >
<902.60,902.68,que >
<902.68,902.75,no >
<902.75,902.81,és >
<902.81,902.93,un >
<902.93,903.21,dret >
<903.24,903.32,hi >
<903.32,903.65,hauria >
<903.65,903.87,part >
<903.87,904.05,dels >
<904.05,904.47,costos >
<904.47,904.87,mèdics >
<904.87,905.01,els >
<905.01,905.34,hauria >
<905.34,905.89,d'assumir >
<906.19,906.34,la >
<906.34,906.66,part >
<906.66,906.76,que >
<906.76,906.91,vol >
<906.91,907.06,el >
<907.06,907.37,nadó >
<907.64,907.88,però >
<908.34,908.92,sabem >
<909.16,909.23,que >
<909.23,909.30,el >
<909.30,909.64,sistema >
<909.64,910.13,sanitari >
<910.13,910.61,públic >
<910.69,910.83,és >
<910.83,910.92,el >
<910.92,911.08,més >
<911.08,911.56,adequat >
<913.11,913.20,les >
<913.30,913.66,actes >
<914.62,915.24,d'anglaterra >
<915.88,916.16,diu >
<916.16,916.42,que >
<917.11,917.24,les >
<917.24,917.44,dones >
<917.44,917.95,gestants >
<918.11,918.26,no >
<918.26,918.48,poden >
<918.48,919.11,tenir >
<919.24,919.53,poden >
<919.53,919.73,tenir >
<919.73,920.15,antecedents >
<920.15,920.65,penals >
<920.87,921.44,però >
<921.62,921.97,els >
<922.48,922.77,futur >
<922.77,923.13,papas >
<923.13,923.36,sí >
<923.46,923.64,això >
<923.64,923.71,és >
<923.71,924.13,igualtat >
<924.13,924.22,per >
<924.22,924.33,les >
<924.33,924.46,dues >
<924.46,924.78,bandes >
<926.46,927.22,utilitzaríem >
<927.22,927.32,la >
<927.32,927.52,llei >
<927.52,927.66,del >
<927.66,927.83,regne >
<927.83,928.05,unit >
<928.05,928.20,com >
<928.20,928.28,a >
<928.28,928.60,base >
<929.33,929.40,hi >
<929.40,929.46,ha >
<929.46,929.77,coses >
<929.77,929.94,per >
<929.94,930.30,millorar >
<930.30,930.41,amb >
<930.41,930.71,aquesta >
<930.71,930.98,llei >
<936.71,936.92,quan >
<936.92,937.45,algú >
<937.88,938.06,va >
<938.06,938.28,donar >
<938.28,938.75,sang >
<938.75,938.87,no >
<938.87,939.23,espera >
<939.23,939.56,rebre >
<939.56,939.82,diners >
<939.82,939.90,a >
<939.90,940.35,canvi >
<940.81,940.99,quan >
<940.99,941.45,algú >
<941.91,942.40,dona >
<942.47,942.64,un >
<942.64,943.10,òrgan >
<943.60,943.71,ho >
<943.71,944.05,fa >
<944.76,944.93,per >
<944.93,945.08,la >
<945.19,945.91,solidaritat >
<945.91,945.98,que >
<945.98,946.68,existeix >
<946.71,947.05,entre >
<947.05,947.16,la >
<947.16,947.64,part >
<948.30,948.39,que >
<948.39,948.47,el >
<948.47,949.22,necessita >
<949.34,949.45,i >
<949.45,949.57,la >
<949.57,949.92,part >
<949.97,950.06,que >
<950.06,950.14,el >
<950.14,950.47,dóna >
<951.72,952.18,no >
<952.19,952.55,podem >
<952.55,952.74,dir >
<952.74,952.88,que >
<953.19,953.40,és >
<953.40,953.98,generaria >
<953.98,954.06,un >
<954.06,954.33,mercat >
<954.33,954.60,negre >
<954.60,954.69,de >
<954.69,955.23,nadons >
<956.04,956.59,perquè >
<956.60,957.10,existeix >
<957.10,957.18,un >
<957.18,957.46,mercat >
<957.46,957.73,negre >
<957.73,958.24,d'òrgans >
<960.87,961.02,el >
<961.02,961.34,mercat >
<961.34,961.78,negre >
<962.61,963.02,d'òrgans >
<963.02,963.11,és >
<963.11,963.63,pràcticament >
<963.63,964.20,residual >
<964.64,964.79,per >
<964.79,965.17,tant >
<965.59,965.78,que >
<965.78,966.18,seguiria >
<966.18,966.35,una >
<966.35,966.82,dinàmica >
<966.82,967.02,molt >
<967.02,967.53,similar >
<972.70,973.00,les >
<973.00,973.75,adopcions >
<976.48,976.67,no >
<976.67,977.01,són >
<977.01,977.66,realment >
<978.45,978.61,un >
<978.61,978.97,sistema >
<978.97,979.52,eficaç >
<979.80,979.97,ni >
<979.97,980.13,una >
<980.13,980.80,alternativa >
<985.30,985.60,se'ns >
<985.60,985.81,venen >
<985.81,985.92,les >
<985.92,986.69,adopcions >
<986.81,986.98,com >
<986.98,987.10,un >
<987.10,987.44,mètode >
<987.44,987.51,de >
<987.51,987.83,salvar >
<987.83,987.96,els >
<987.96,988.21,nens >
<988.21,988.60,orfes >
<988.60,988.80,els >
<988.80,989.11,nens >
<989.11,989.46,fruits >
<989.46,989.94,d'embarassos >
<989.94,990.04,no >
<990.04,990.67,desitjats >
<993.33,993.59,això >
<993.59,993.82,només >
<993.82,994.19,allarga >
<994.19,994.29,un >
<994.29,994.83,patiment >
<995.20,995.33,el >
<995.33,995.44,que >
<995.44,995.54,és >
<995.54,996.18,necessari >
<996.19,996.34,és >
<996.34,996.41,que >
<996.41,996.53,els >
<996.53,997.00,governs >
<997.00,997.23,dels >
<997.23,997.66,països >
<997.66,997.77,amb >
<997.77,998.03,aquests >
<998.03,998.50,nens >
<998.94,999.24,duguin >
<999.24,999.31,a >
<999.31,999.65,terme >
<999.65,1000.39,polítiques >
<1000.82,1000.98,per >
<1000.98,1001.48,tal >
<1001.57,1002.01,que >
<1002.18,1002.53,aquests >
<1002.53,1002.82,nens >
<1002.82,1002.93,es >
<1002.93,1003.20,puguin >
<1003.20,1003.79,desenvolupar >
<1003.79,1003.93,com >
<1003.93,1004.02,a >
<1004.02,1004.66,persones >
<1004.69,1004.81,i >
<1004.81,1004.99,com >
<1004.99,1005.06,a >
<1005.06,1005.85,professionals >
<1006.01,1006.10,i >
<1006.10,1006.27,com >
<1006.27,1006.32,a >
<1006.32,1006.61,futurs >
<1006.61,1007.14,ciutadans >
<1008.49,1008.63,en >
<1008.63,1008.80,el >
<1008.94,1009.34,país >
<1009.35,1009.48,en >
<1009.48,1009.57,què >
<1009.57,1009.67,han >
<1009.67,1010.13,nascut >
<1010.62,1010.76,el >
<1010.76,1010.86,que >
<1010.86,1011.02,no >
<1011.87,1012.30,és >
<1012.76,1012.86,que >
<1012.86,1013.00,els >
<1013.00,1013.48,governs >
<1013.49,1013.61,es >
<1013.61,1014.16,desfacin >
<1014.16,1014.48,d'aquests >
<1014.48,1014.86,nens >
<1015.13,1015.46,que >
<1015.48,1015.62,no >
<1015.62,1015.89,tenen >
<1015.89,1016.10,cap >
<1016.10,1016.53,culpa >
<1016.53,1016.62,que >
<1016.62,1016.74,els >
<1016.74,1017.06,pares >
<1017.06,1017.16,no >
<1017.16,1017.26,els >
<1017.26,1017.91,volguessin >
<1017.97,1018.28,o >
<1018.29,1018.89,morissin >
<1023.42,1023.58,no >
<1023.58,1023.67,es >
<1023.67,1024.11,tracta >
<1024.11,1024.26,ni >
<1024.26,1024.77,d'abolir >
<1024.78,1024.92,ni >
<1024.92,1025.00,de >
<1025.00,1025.51,restringir >
<1025.51,1025.63,les >
<1025.63,1026.47,adopcions >
<1034.52,1034.66,en >
<1034.66,1034.81,un >
<1034.81,1035.25,món >
<1035.69,1035.90,cada >
<1035.90,1036.16,vegada >
<1036.16,1036.39,més >
<1036.39,1036.72,just >
<1037.04,1037.23,cada >
<1037.23,1037.54,vegada >
<1037.54,1037.74,més >
<1037.74,1038.33,global >
<1038.82,1039.01,és >
<1039.01,1039.13,un >
<1039.13,1039.54,sistema >
<1039.54,1039.67,que >
<1039.67,1039.96,s'està >
<1039.96,1040.24,quedant >
<1040.24,1040.74,obsolet >
<1043.83,1043.99,en >
<1043.99,1044.11,un >
<1044.11,1044.43,embaràs >
<1044.43,1045.11,subrogat >
<1046.00,1046.61,existeixen >
<1046.61,1046.75,els >
<1046.75,1047.24,estudis >
<1047.24,1047.92,genètics >
<1048.07,1048.20,que >
<1048.96,1049.71,permetre >
<1049.71,1050.26,conèixer >
<1050.69,1050.86,si >
<1050.86,1050.99,el >
<1050.99,1051.59,nadó >
<1052.45,1052.99,tindrà >
<1053.01,1053.13,o >
<1053.13,1053.27,no >
<1053.27,1053.60,tindrà >
<1054.02,1054.90,predisposició >
<1054.90,1055.00,a >
<1055.00,1055.60,presentar >
<1055.86,1056.34,malalties >
<1056.34,1056.93,genètiques >
<1056.93,1057.03,i >
<1057.18,1057.60,actuar >
<1057.60,1057.89,sobre >
<1057.89,1058.40,elles >
<1061.95,1062.53,degut >
<1062.74,1062.94,als >
<1062.94,1063.44,casos >
<1063.44,1063.59,de >
<1063.59,1063.82,nens >
<1063.82,1064.41,adoptats >
<1064.41,1064.56,amb >
<1064.56,1065.02,síndrome >
<1065.02,1065.49,alcohòlic >
<1065.49,1066.08,fetal >
<1067.00,1067.14,la >
<1067.14,1067.56,confiança >
<1067.56,1067.62,en >
<1067.62,1067.74,les >
<1067.74,1068.25,adopcions >
<1068.25,1068.30,ha >
<1068.30,1068.77,baixat >
<1070.15,1070.63,degut >
<1070.97,1071.10,a >
<1071.10,1071.23,que >
<1071.23,1071.42,les >
<1071.42,1071.93,mares >
<1072.35,1072.78,bevien >
<1072.78,1073.03,durant >
<1073.03,1073.50,l'embaràs >
<1074.30,1074.42,la >
<1074.42,1074.59,gent >
<1074.59,1074.81,s'està >
<1074.81,1075.43,decantant >
<1075.43,1075.62,cap >
<1075.62,1075.70,a >
<1076.31,1076.64,la >
<1076.65,1077.47,subrogació >
<1078.72,1078.98,en >
<1079.85,1080.16,molts >
<1080.16,1080.70,casos >
<1081.22,1081.40,les >
<1081.40,1082.23,adopcions >
<1082.66,1082.84,no >
<1082.84,1083.36,són >
<1084.30,1084.59,una >
<1084.59,1085.42,opció >
<1085.80,1085.92,per >
<1085.92,1086.32,exemple >
<1086.32,1086.48,pel >
<1086.48,1086.93,col·lectiu >
<1086.93,1087.75,homosexual >
<1091.77,1092.28,una >
<1092.80,1093.50,adopció >
<1093.60,1093.71,no >
<1093.71,1093.84,és >
<1093.84,1094.45,gratuïta >
<1094.60,1094.74,no >
<1094.74,1095.00,podem >
<1095.00,1095.21,dir >
<1095.21,1095.35,per >
<1095.35,1095.59,tant >
<1095.59,1095.67,que >
<1095.67,1095.84,sigui >
<1095.84,1095.95,un >
<1095.95,1096.44,procés >
<1096.74,1097.19,altament >
<1097.19,1097.25,de >
<1097.25,1098.03,solidaritat >
<1098.54,1098.66,en >
<1098.66,1098.86,molts >
<1098.86,1099.23,casos >
<1099.23,1099.36,els >
<1099.36,1099.67,costos >
<1099.67,1100.20,secundaris >
<1100.20,1100.32,que >
<1100.32,1100.70,podia >
<1101.57,1101.95,tenir >
<1102.22,1102.77,degut >
<1104.87,1105.03,el >
<1105.03,1105.39,procés >
<1105.39,1105.95,d'integració >
<1105.95,1106.08,del >
<1106.08,1106.58,nadó >
<1107.05,1107.56,Seria >
<1108.59,1109.04,iguals >
<1109.04,1109.15,que >
<1109.15,1109.25,la >
<1109.25,1109.65,gestació >
<1109.65,1110.24,subrogada >
<1113.72,1114.29,[AUDIO >
<1167.38,1167.96,INCOMPRENSIBLE] >
<1176.53,1177.81,la >
<1536.15,1536.73,gestació >
<1536.73,1537.37,subrogada >
<1537.76,1537.94,com >
<1537.94,1538.01,a >
<1538.01,1538.12,un >
<1538.12,1538.51,sinònim >
<1538.51,1539.24,d'explotació >
<1544.06,1544.31,no >
<1545.59,1545.96,aquests >
<1545.96,1546.54,problemes >
<1546.54,1547.21,i >
<1547.31,1547.79,arguments >
<1547.79,1547.88,que >
<1547.88,1548.06,s'han >
<1548.06,1548.64,utilitzat >
<1548.64,1548.74,que >
<1548.74,1548.90,s'han >
<1548.90,1549.42,plantejat >
<1549.49,1549.74,no >
<1549.74,1549.95,són >
<1549.95,1550.50,inherents >
<1550.51,1550.76,d'una >
<1550.76,1551.14,gestació >
<1551.14,1551.73,subrogada >
<1552.11,1552.53,sinó >
<1552.54,1552.76,d'un >
<1552.76,1552.92,mal >
<1552.92,1553.08,ús >
<1553.08,1553.59,d'aquesta >
<1554.50,1554.56,ha >
<1554.56,1554.94,sigut >
<1554.94,1555.40,possible >
<1555.40,1556.17,Legislar >
<1556.72,1557.46,perquè >
<1557.86,1558.03,les >
<1558.03,1558.50,persones >
<1558.50,1558.78,tinguen >
<1558.78,1558.88,un >
<1558.88,1559.19,salari >
<1559.19,1559.59,digne >
<1560.08,1560.45,també >
<1560.45,1560.55,és >
<1560.55,1561.04,possible >
<1561.04,1561.59,legislar >
<1561.59,1561.83,perquè >
<1561.83,1561.97,les >
<1561.97,1562.23,mares >
<1562.42,1563.18,subrogades >
<1563.44,1563.74,tinguen >
<1563.74,1563.92,una >
<1563.92,1564.16,cosa >
<1564.20,1564.51,una >
<1564.51,1565.04,compensació >
<1565.04,1565.50,econòmica >
<1565.50,1565.81,digna >
<1569.46,1569.68,s'ha >
<1569.68,1569.96,pogut >
<1569.96,1570.57,legislar >
<1570.57,1570.85,perquè >
<1570.85,1571.13,quan >
<1571.13,1571.28,una >
<1571.28,1571.70,persona >
<1571.70,1571.80,té >
<1571.80,1571.89,un >
<1571.89,1572.21,problema >
<1572.21,1572.28,de >
<1572.28,1572.62,salut >
<1572.62,1572.98,derivat >
<1572.98,1573.11,d'un >
<1573.11,1573.46,accident >
<1573.46,1573.95,laboral >
<1574.16,1574.28,es >
<1574.28,1575.30,responsabilitzen >
<1575.87,1576.65,l'empresari >
<1576.74,1576.97,doncs >
<1576.97,1577.31,també >
<1577.59,1578.14,és >
<1578.21,1578.59,possible >
<1578.59,1579.13,legislar >
<1579.13,1579.56,perquè >
<1579.91,1580.04,la >
<1580.04,1580.75,responsabilitat >
<1580.75,1580.81,de >
<1580.81,1580.90,la >
<1580.90,1581.17,salut >
<1581.17,1581.24,de >
<1581.24,1581.37,la >
<1581.37,1581.57,dona >
<1581.57,1581.96,gestant >
<1581.96,1582.58,recaigui >
<1582.59,1583.05,en >
<1583.06,1583.29,els >
<1583.29,1583.71,pares >
<1584.41,1584.95,genètics >
<1584.95,1585.08,del >
<1585.08,1585.35,nadó >
<1594.58,1594.73,és >
<1594.73,1595.17,possible >
<1595.17,1595.64,realitzar >
<1595.64,1595.79,una >
<1595.79,1596.19,gestació >
<1596.19,1596.82,subrogada >
<1597.22,1597.58,sense >
<1597.58,1597.68,la >
<1597.68,1598.35,necessitat >
<1598.81,1599.40,de >
<1600.34,1600.84,vulnerar >
<1600.84,1600.94,els >
<1600.94,1601.14,drets >
<1601.14,1601.22,de >
<1601.22,1601.36,les >
<1601.36,1601.93,persones >
<1602.48,1602.77,no >
<1602.77,1602.91,té >
<1603.07,1603.62,sentit >
<1603.62,1604.05,qüestionar >
<1604.05,1605.01,l'existència >
<1605.12,1605.33,del >
<1605.33,1605.73,progrés >
<1605.73,1606.40,en >
<1606.61,1606.82,un >
<1606.82,1607.46,camp >
<1607.52,1608.10,perquè >
<1608.11,1608.23,hi >
<1608.23,1608.29,ha >
<1608.29,1608.37,un >
<1608.37,1608.57,grup >
<1608.57,1608.67,de >
<1608.67,1609.03,gent >
<1609.03,1609.13,que >
<1609.13,1609.36,està >
<1609.36,1609.62,fent >
<1611.01,1611.38,un >
<1611.94,1612.15,mal >
<1612.15,1612.39,ús >
<1613.12,1613.40,com >
<1613.40,1613.63,dir >
<1613.63,1613.70,que >
<1613.70,1613.78,hem >
<1613.78,1613.90,de >
<1613.90,1614.23,deixar >
<1614.23,1614.31,de >
<1614.31,1614.73,produir >
<1614.73,1615.27,morfina >
<1615.54,1615.70,per >
<1615.70,1615.74,a >
<1615.74,1615.88,les >
<1615.88,1616.14,cures >
<1616.14,1616.77,pal·liatives >
<1617.02,1617.36,perquè >
<1617.36,1617.41,hi >
<1617.41,1617.47,ha >
<1617.47,1617.53,un >
<1617.53,1617.69,grup >
<1617.69,1617.78,de >
<1617.78,1618.11,gent >
<1618.30,1618.41,que >
<1618.41,1618.61,està >
<1618.61,1619.31,dedicant >
<1619.31,1619.35,a >
<1619.36,1619.70,aquesta >
<1619.70,1620.21,morfina >
<1620.21,1620.37,per >
<1620.37,1620.44,a >
<1620.44,1620.53,un >
<1620.53,1620.66,ús >
<1620.66,1621.38,recreatiu >
<1621.79,1622.33,propi >
<1623.70,1624.17,no >
<1624.18,1624.67,diríem >
<1624.67,1624.75,que >
<1624.75,1624.81,es >
<1624.81,1625.02,deixa >
<1625.02,1625.10,de >
<1625.10,1625.44,produir >
<1625.44,1625.81,morfina >
<1626.97,1627.59,tampoc >
<1628.22,1628.54,hauríem >
<1628.54,1628.64,de >
<1628.64,1628.87,dir >
<1628.87,1629.18,que >
<1629.21,1629.36,no >
<1629.36,1629.48,s'ha >
<1629.48,1629.97,d'utilitzar >
<1629.97,1630.05,la >
<1630.05,1630.39,gestació >
<1630.39,1630.93,subrogada >
<1632.61,1632.71,el >
<1632.71,1632.83,teu >
<1632.83,1633.13,company >
<1633.13,1633.45,arnau >
<1633.45,1633.52,ha >
<1633.52,1633.99,comentat >
<1633.99,1634.08,que >
<1634.08,1634.34,seria >
<1634.34,1634.98,altruista >
<1635.23,1635.48,però >
<1635.48,1635.71,ara >
<1636.01,1636.11,has >
<1636.12,1636.44,comentat >
<1636.44,1636.52,que >
<1636.52,1636.74,tindria >
<1636.74,1637.20,compensació >
<1637.20,1637.68,econòmica >
<1640.70,1640.96,també >
<1640.96,1641.03,és >
<1641.03,1641.37,possible >
<1641.37,1641.96,legislar >
<1641.97,1642.13,en >
<1642.13,1642.33,tots >
<1642.33,1642.43,els >
<1642.43,1642.83,marcs >
<1643.05,1643.18,en >
<1643.18,1643.56,qualsevol >
<1643.56,1643.97,tipus >
<1643.97,1644.21,de >
<1644.22,1644.55,gestació >
<1650.74,1651.51,subrogada >
<1651.60,1651.74,el >
<1651.74,1651.89,que >
<1651.89,1652.29,sempre >
<1652.29,1652.71,implicarà >
<1652.71,1652.79,la >
<1652.79,1653.17,gestació >
<1653.17,1653.78,subrogada >
<1654.30,1654.53,és >
<1654.53,1654.66,la >
<1654.66,1655.37,possibilitat >
<1655.37,1655.45,de >
<1655.45,1655.60,les >
<1655.60,1656.12,parelles >
<1656.32,1657.07,homosexuals >
<1657.08,1657.22,o >
<1657.22,1657.60,parelles >
<1657.60,1658.41,heterosexuals >
<1658.60,1658.76,amb >
<1658.76,1659.16,problemes >
<1659.17,1660.15,d'esterilitat >
<1660.41,1660.54,a >
<1660.54,1660.81,tindre >
<1660.81,1660.91,un >
<1660.91,1661.24,fill >
<1669.44,1669.89,sabem >
<1669.89,1670.34,l'alegria >
<1670.34,1670.43,que >
<1670.43,1670.63,dóna >
<1670.63,1670.72,un >
<1670.72,1671.21,nouvingut >
<1671.21,1671.26,a >
<1671.26,1671.40,una >
<1671.40,1671.83,família >
<1673.79,1673.99,és >
<1673.99,1674.46,veritat >
<1674.46,1674.56,que >
<1674.56,1674.79,tindre >
<1674.79,1674.88,un >
<1674.88,1675.33,fill >
<1675.51,1675.68,no >
<1675.68,1675.76,és >
<1675.76,1675.88,un >
<1675.88,1676.14,dret >
<1676.14,1676.45,però >
<1676.93,1677.08,de >
<1677.08,1677.17,la >
<1677.17,1677.54,mateixa >
<1677.54,1677.93,manera >
<1677.93,1678.49,que >
<1678.85,1679.04,jo >
<1679.04,1679.15,li >
<1679.15,1679.31,puc >
<1679.31,1679.69,demanar >
<1679.69,1679.75,a >
<1679.75,1679.84,la >
<1679.84,1680.07,meva >
<1680.07,1680.62,germana >
<1681.10,1681.45,quedar-me >
<1681.45,1681.48,a >
<1681.48,1681.60,sa >
<1681.60,1681.84,casa >
<1681.84,1682.33,durant >
<1684.35,1684.53,un >
<1684.53,1684.93,temps >
<1686.63,1686.95,perquè >
<1686.95,1687.16,tinc >
<1687.16,1687.31,una >
<1687.31,1687.50,mala >
<1687.50,1687.93,època >
<1688.19,1688.35,per >
<1688.35,1688.43,què >
<1688.43,1688.51,no >
<1688.51,1688.62,li >
<1688.62,1688.79,puc >
<1688.79,1689.24,demanar >
<1689.26,1689.53,jo >
<1689.53,1689.72,que >
<1689.72,1690.10,faja >
<1690.15,1690.28,el >
<1690.28,1690.70,favor >
<1690.97,1691.12,de >
<1691.12,1691.72,gestar-me >
<1691.94,1692.06,a >
<1692.06,1692.28,mi >
<1692.58,1692.75,un >
<1692.75,1693.13,fill >
<1696.15,1696.37,per >
<1696.37,1696.57,què >
<1696.57,1697.17,quan >
<1697.17,1697.44,estem >
<1697.44,1697.51,a >
<1697.51,1697.70,casa >
<1697.70,1697.82,de >
<1697.82,1697.89,la >
<1697.89,1698.18,nostra >
<1698.18,1698.65,germana >
<1698.65,1698.76,no >
<1698.76,1698.93,se'ns >
<1698.93,1699.39,qüestiona >
<1699.39,1699.49,que >
<1699.49,1699.72,l'estem >
<1699.72,1700.34,utilitzant-la >
<1700.54,1700.72,com >
<1700.72,1700.83,un >
<1700.83,1701.31,objecte >
<1702.15,1702.35,però >
<1702.35,1702.52,si >
<1702.52,1702.60,que >
<1702.60,1702.73,ho >
<1702.73,1702.96,estem >
<1702.96,1703.18,fent >
<1703.18,1703.25,en >
<1703.25,1703.34,la >
<1703.34,1703.68,gestació >
<1703.68,1704.23,subrogada >
<1705.76,1706.14,perquè >
<1706.71,1706.85,hi >
<1706.85,1706.94,ha >
<1706.94,1707.11,por >
<1707.11,1707.21,el >
<1707.89,1708.72,progrés >
<1713.25,1713.50,durant >
<1713.50,1713.57,el >
<1713.57,1714.06,franquisme >
<1714.06,1714.10,hi >
<1714.10,1714.31,havia >
<1714.31,1714.89,detractors >
<1714.89,1714.99,de >
<1714.99,1715.14,les >
<1715.14,1715.46,mares >
<1715.46,1715.58,que >
<1715.58,1715.86,volien >
<1715.86,1716.07,ser >
<1716.08,1716.68,solteres >
<1718.98,1719.07,ha >
<1719.07,1719.29,hagut >
<1719.29,1719.96,detractors >
<1719.98,1720.16,quan >
<1720.16,1720.26,s'ha >
<1720.26,1720.62,intentat >
<1720.62,1720.88,fer >
<1721.05,1721.14,la >
<1721.14,1721.61,inseminació >
<1721.61,1721.67,en >
<1721.67,1722.05,vitro >
<1722.40,1722.69,també >
<1722.69,1722.92,tenim >
<1722.92,1723.34,detractors >
<1723.34,1723.40,de >
<1723.40,1723.49,la >
<1723.49,1723.85,gestació >
<1723.85,1724.37,subrogada >
<1724.76,1725.00,perquè >
<1725.51,1725.87,sempre >
<1725.87,1725.92,hi >
<1725.92,1726.20,haurà >
<1726.20,1726.76,detractors >
<1726.76,1726.88,del >
<1726.88,1727.32,progrés >
<1731.12,1731.35,la >
<1732.20,1732.96,cecile >
<1733.46,1733.88,edge >
<1734.06,1734.23,és >
<1734.23,1734.39,una >
<1734.39,1734.60,dona >
<1734.60,1734.77,entre >
<1734.77,1734.96,un >
<1734.99,1735.21,entre >
<1735.21,1735.84,mil >
<1737.60,1737.80,no >
<1737.80,1737.95,dic >
<1737.95,1738.02,que >
<1738.02,1738.11,és >
<1738.11,1738.28,una >
<1738.28,1738.47,sigui >
<1738.47,1738.63,una >
<1738.63,1738.81,dona >
<1738.86,1739.20,mil >
<1739.62,1739.82,és >
<1739.82,1740.30,possible >
<1740.30,1740.74,portar >
<1740.94,1741.19,una >
<1741.19,1741.57,gestació >
<1741.57,1742.13,subrogada >
<1742.14,1742.22,en >
<1742.22,1742.31,la >
<1742.31,1742.53,qual >
<1742.53,1742.60,no >
<1742.60,1742.67,es >
<1742.67,1743.04,vulnera >
<1743.04,1743.13,els >
<1743.13,1743.29,drets >
<1743.29,1743.36,de >
<1743.36,1743.48,les >
<1743.48,1743.99,persones >
<1757.66,1757.79,qui >
<1757.79,1757.96,som >
<1757.96,1758.54,nosaltres >
<1758.54,1758.71,per >
<1758.71,1758.77,a >
<1758.77,1759.26,dir-li >
<1759.38,1759.50,a >
<1759.50,1759.68,una >
<1759.68,1759.91,dona >
<1759.91,1759.99,què >
<1759.99,1760.03,ha >
<1760.03,1760.12,de >
<1760.12,1760.23,fer >
<1760.23,1760.32,amb >
<1760.32,1760.38,el >
<1760.38,1760.54,seu >
<1760.54,1760.89,cos >
<1761.22,1761.39,què >
<1761.39,1761.54,som >
<1761.54,1762.13,nosaltres >
<1762.13,1762.30,per >
<1762.30,1762.35,a >
<1762.35,1762.53,dir-li >
<1762.53,1762.68,una >
<1762.68,1763.03,dona >
<1763.21,1763.33,què >
<1763.33,1763.46,vol >
<1763.46,1763.64,fer >
<1763.64,1763.73,en >
<1763.73,1763.82,el >
<1763.82,1763.99,seu >
<1763.99,1764.40,temps >
<1764.66,1765.19,perquè >
<1765.20,1765.77,legislar >
<1765.77,1765.86,en >
<1765.86,1766.18,contra >
<1766.18,1766.26,de >
<1766.26,1766.35,la >
<1766.35,1766.71,gestació >
<1766.71,1767.35,subrogada >
<1767.75,1768.20,seria >
<1768.57,1768.79,com >
<1768.79,1769.29,legislar >
<1769.29,1769.47,en >
<1769.47,1769.94,contra >
<1769.94,1770.05,de >
<1770.05,1770.18,què >
<1770.18,1770.31,les >
<1770.31,1770.59,dones >
<1770.59,1771.18,decideixen >
<1771.19,1771.33,què >
<1771.33,1771.52,fer >
<1771.52,1771.61,en >
<1771.61,1771.67,el >
<1771.67,1771.83,seu >
<1771.83,1772.14,cos >
<1788.09,1788.36,tenen >
<1788.36,1788.95,evidències >
<1788.95,1789.07,de >
<1789.07,1789.22,que >
<1789.22,1789.58,cap >
<1789.62,1790.14,persona >
<1790.14,1790.62,d'aquesta >
<1790.62,1791.26,fotografia >
<1791.26,1791.72,tendrà >
<1791.72,1792.45,repercussions >
<1792.46,1793.53,psicològiques >
<1794.00,1794.12,en >
<1794.12,1794.21,el >
<1794.21,1794.63,futur >
<1796.33,1796.77,en >
<1796.78,1796.91,la >
<1796.91,1797.34,informació >
<1797.34,1797.41,que >
<1797.41,1797.48,hem >
<1797.48,1797.90,buscat >
<1797.96,1798.10,no >
<1798.10,1798.17,ha >
<1798.17,1798.50,parlat >
<1798.50,1798.92,ninguna >
<1798.92,1799.44,sobre >
<1799.44,1800.16,evidències >
<1800.41,1801.14,psicològiques >
<1801.14,1801.25,ni >
<1801.25,1801.69,problemes >
<1803.73,1804.33,en >
<1805.71,1806.12,aquesta >
<1806.12,1806.54,imatge >
<1806.73,1807.04,veieu >
<1807.04,1807.91,instrumentalització >
<1808.73,1809.13,veieu >
<1809.13,1809.23,que >
<1809.23,1809.54,s'estiga >
<1809.54,1809.96,explotant >
<1809.96,1810.27,alguna >
<1810.27,1810.56,dona >
<1811.07,1811.42,veieu >
<1811.42,1811.51,que >
<1811.51,1811.58,ja >
<1811.58,1811.87,estiga >
<1812.18,1812.85,mercantilitzat >
<1812.85,1813.15,alguna >
<1813.15,1813.35,dona >
<1814.15,1814.54,no >
<1826.91,1827.42,qui >
<1827.42,1827.58,som >
<1827.58,1828.23,nosaltres >
<1832.30,1832.78,per >
<1832.78,1832.83,a >
<1832.83,1833.39,legislar >
<1842.40,1842.57,en >
<1842.57,1842.91,contra >
<1842.91,1843.20,de >
<1847.69,1847.85,la >
<1847.85,1848.55,solidaritat >
<1920.58,1921.13,incoherència >
<1921.13,1921.56,moral >
<1925.70,1925.90,un >
<1925.90,1926.10,grup >
<1926.10,1926.98,minoritari >
<1927.05,1927.69,representi >
<1927.69,1927.77,un >
<1927.77,1928.03,petit >
<1928.03,1928.57,col·lectiu >
<1928.57,1928.66,que >
<1928.66,1928.84,tingui >
<1928.84,1929.14,molta >
<1929.14,1929.40,força >
<1929.40,1930.05,econòmica >
<1930.21,1930.28,i >
<1930.28,1930.34,que >
<1930.34,1930.59,aquesta >
<1930.59,1930.86,força >
<1931.00,1931.77,econòmica >
<1932.49,1932.70,tingui >
<1932.70,1932.88,una >
<1932.88,1933.83,repercussió >
<1933.83,1934.03,en >
<1934.03,1934.22,la >
<1934.22,1934.63,vida >
<1934.63,1935.60,sociopolítica >
<1935.60,1935.71,de >
<1935.71,1935.81,la >
<1935.81,1936.04,resta >
<1936.04,1936.16,dels >
<1936.16,1936.76,ciutadans >
<1937.10,1937.28,si >
<1937.28,1937.52,cinc >
<1937.52,1937.93,persones >
<1937.93,1938.11,tenen >
<1938.11,1938.31,molt >
<1938.31,1938.39,de >
<1938.39,1938.79,poder >
<1939.07,1939.22,en >
<1939.22,1939.31,un >
<1939.31,1939.46,món >
<1939.46,1939.55,de >
<1939.55,1940.22,cinquanta >
<1940.23,1940.61,aquestes >
<1940.62,1941.27,quaranta-cinc >
<1941.27,1941.66,persones >
<1941.66,1942.14,restants >
<1942.15,1942.71,hauran >
<1944.50,1945.79,d'aguantar >
<1945.87,1946.55,aquestes >
<1946.55,1946.97,lleis >
<1946.99,1947.09,a >
<1947.09,1947.38,favor >
<1947.38,1947.46,de >
<1947.46,1947.62,les >
<1947.62,1947.80,cinc >
<1947.80,1948.38,persones >
<1948.43,1948.66,quan >
<1948.66,1948.81,ells >
<1948.81,1948.98,són >
<1948.98,1949.06,la >
<1949.06,1949.68,majoria >
<1951.05,1951.27,mos >
<1951.27,1951.52,vénen >
<1951.52,1951.87,xerrant >
<1951.87,1952.06,d'una >
<1952.06,1952.31,cosa >
<1952.31,1953.01,altruista >
<1953.38,1953.62,amb >
<1953.62,1953.78,una >
<1953.78,1954.26,compensació >
<1954.26,1954.90,econòmica >
<1955.12,1955.28,per >
<1955.28,1955.91,definició >
<1955.91,1955.98,de >
<1955.98,1956.55,diccionari >
<1956.55,1956.90,això >
<1956.90,1957.39,no >
<1957.73,1957.96,no >
<1957.96,1958.18,té >
<1958.18,1958.40,un >
<1958.52,1958.70,una >
<1958.70,1959.52,congruència >
<1961.27,1961.68,aquestes >
<1961.68,1961.83,cinc >
<1961.83,1962.25,persona >
<1962.25,1962.42,no >
<1962.42,1962.80,poden >
<1962.80,1963.30,tenir >
<1963.49,1963.83,un >
<1963.89,1964.30,pes >
<1964.31,1965.27,sociopolític >
<1965.27,1965.35,a >
<1965.35,1965.44,la >
<1965.44,1966.12,legislació >
<1966.12,1966.86,superior >
<1967.06,1967.18,a >
<1967.18,1967.90,quaranta-cinc >
<1967.90,1968.51,persones >
<1968.51,1968.67,per >
<1968.67,1968.96,tant >
<1968.96,1969.17,això >
<1969.17,1969.30,no >
<1969.30,1969.36,és >
<1969.36,1969.50,ni >
<1969.50,1970.26,democràtic >
<1970.44,1970.59,no >
<1970.59,1970.66,és >
<1970.66,1970.82,ni >
<1970.82,1971.42,coherent >
<1981.51,1981.68,el >
<1981.68,1981.95,fet >
<1981.95,1982.38,d'aprovar >
<1982.38,1982.62,una >
<1982.62,1983.40,legislació >
<1983.40,1983.50,que >
<1983.50,1984.16,afavoreix >
<1984.76,1985.12,un >
<1985.14,1985.72,comerç >
<1985.85,1986.48,implicarà >
<1986.48,1986.56,que >
<1986.56,1986.78,hauran >
<1986.78,1986.93,més >
<1986.93,1987.30,empreses >
<1987.30,1987.53,aquí >
<1987.53,1987.64,de >
<1987.64,1987.93,nins >
<1987.96,1988.32,aquestes >
<1988.32,1988.75,empreses >
<1989.83,1989.99,si >
<1989.99,1990.34,volen >
<1990.34,1990.64,guanyar >
<1990.64,1990.93,més >
<1991.22,1991.35,el >
<1991.35,1991.41,que >
<1991.41,1991.52,han >
<1991.52,1991.62,de >
<1991.62,1991.78,fer >
<1991.78,1991.85,és >
<1991.85,1992.00,una >
<1992.00,1992.85,tecnologia >
<1993.18,1993.27,de >
<1993.27,1993.50,manera >
<1993.50,1993.63,més >
<1993.63,1993.98,barata >
<1993.98,1994.13,que >
<1994.13,1994.46,facin >
<1994.46,1994.57,els >
<1994.58,1994.80,fills >
<1994.80,1994.93,més >
<1994.93,1995.26,barats >
<1995.26,1995.46,perquè >
<1995.46,1995.64,són >
<1995.64,1995.92,cars >
<1996.60,1996.83,cap >
<1996.83,1996.90,de >
<1996.90,1997.03,ses >
<1997.15,1997.59,mostres >
<1997.59,1997.72,que >
<1998.16,1998.35,els >
<1998.87,1999.51,doctorats >
<1999.54,1999.93,d'estos >
<1999.93,2000.25,estudis >
<2000.76,2001.10,baixen >
<2001.10,2001.17,de >
<2001.17,2001.54,cinquanta >
<2001.54,2001.69,mil >
<2001.69,2002.05,euros >
<2008.39,2008.97,els >
<2009.19,2009.64,els >
<2009.95,2010.58,productes >
<2010.58,2010.71,que >
<2010.71,2010.98,són >
<2010.98,2011.15,més >
<2011.15,2011.47,barats >
<2011.47,2011.70,sempre >
<2011.70,2012.11,tenen >
<2012.56,2012.93,més >
<2012.97,2013.44,Errors >
<2013.79,2014.01,si >
<2014.01,2014.19,mos >
<2014.19,2014.54,surt >
<2014.55,2014.76,un >
<2014.76,2015.17,fill >
<2015.37,2015.69,de >
<2016.13,2016.59,gestació >
<2016.59,2017.22,subrogada >
<2017.28,2017.57,que >
<2018.28,2018.39,que >
<2018.39,2018.52,té >
<2018.52,2018.85,síndrome >
<2018.85,2018.93,de >
<2018.93,2019.25,down >
<2019.38,2019.55,que >
<2020.71,2021.03,té >
<2021.04,2021.26,una >
<2021.26,2022.11,deficiència >
<2022.80,2022.89,que >
<2022.89,2023.27,faríem >
<2023.76,2023.97,tu >
<2023.97,2024.37,pagues >
<2024.41,2024.69,aquesta >
<2024.69,2025.08,quantitat >
<2025.08,2025.19,per >
<2025.19,2025.40,tenir >
<2025.40,2025.46,un >
<2025.46,2025.61,fill >
<2025.61,2025.69,en >
<2025.69,2026.02,teoria >
<2026.02,2026.57,perfecte >
<2030.22,2030.59,tota >
<2030.60,2030.99,gestació >
<2030.99,2031.43,subrogada >
<2031.43,2031.49,que >
<2031.49,2031.58,es >
<2031.59,2031.80,durà >
<2031.80,2031.83,a >
<2031.83,2032.10,estats >
<2032.10,2032.40,units >
<2032.40,2032.43,i >
<2032.43,2032.68,altres >
<2032.68,2033.16,Països >
<2033.79,2034.21,els >
<2038.25,2038.73,volen >
<2038.82,2039.47,bessons >
<2039.89,2040.03,el >
<2040.03,2040.44,volen >
<2040.44,2040.88,rossos >
<2040.89,2041.04,el >
<2041.04,2041.33,volen >
<2041.33,2041.73,blancs >
<2042.12,2042.33,però >
<2042.33,2042.58,sempre >
<2042.58,2042.64,el >
<2042.64,2042.88,volen >
<2042.88,2043.07,d'una >
<2043.07,2043.70,característica >
<2043.70,2044.26,especial >
<2044.60,2044.73,per >
<2044.73,2045.21,això >
<2045.43,2045.55,en >
<2045.55,2045.83,molts >
<2045.83,2045.99,dels >
<2046.00,2046.43,casos >
<2046.43,2046.65,que >
<2047.32,2047.48,han >
<2047.48,2047.92,comentat >
<2047.92,2047.98,de >
<2047.98,2048.17,gran >
<2048.17,2048.74,bretanya >
<2049.81,2049.99,els >
<2049.99,2050.44,anglesos >
<2050.44,2050.64,van >
<2050.64,2050.69,a >
<2050.69,2051.20,l'índia >
<2051.20,2051.25,a >
<2051.25,2051.43,fer >
<2051.43,2051.69,aquesta >
<2051.69,2052.02,gestació >
<2052.02,2052.81,subrogada >
<2052.87,2053.26,escapen >
<2053.26,2053.52,d'aquest >
<2053.52,2053.97,sistema >
<2053.97,2054.08,que >
<2054.48,2054.69,no >
<2054.69,2055.07,funciona >
<2055.07,2055.45,d'aquesta >
<2055.45,2055.91,manera >
<2057.21,2057.40,Però >
<2057.40,2057.58,van >
<2057.59,2057.88,cercar >
<2057.88,2058.00,sa >
<2058.00,2058.44,òvul >
<2058.77,2058.94,a >
<2058.94,2059.77,ucrania >
<2059.77,2059.98,perquè >
<2059.98,2060.33,aquestes >
<2060.33,2060.62,dones >
<2060.62,2060.90,tenen >
<2060.90,2061.09,uns >
<2061.09,2061.43,rasgos >
<2061.43,2061.58,més >
<2061.58,2062.03,blancs >
<2063.39,2063.59,i >
<2063.72,2064.28,tornen >
<2064.28,2064.35,a >
<2064.35,2064.75,l'india >
<2064.75,2064.91,per >
<2064.91,2065.25,fer >
<2065.53,2066.06,la >
<2066.06,2066.50,resta >
<2066.50,2066.81,del >
<2068.00,2068.77,procediment >
<2069.95,2070.49,si >
<2072.48,2072.85,regne >
<2072.85,2073.17,unit >
<2073.70,2073.76,és >
<2073.90,2074.13,tant >
<2074.13,2074.56,perfecte >
<2074.57,2074.91,com >
<2074.91,2075.05,és >
<2075.05,2075.13,que >
<2075.13,2075.22,els >
<2075.23,2075.57,propis >
<2075.67,2076.05,anglèsos >
<2076.26,2076.41,se'n >
<2076.45,2076.69,van >
<2076.69,2076.75,a >
<2076.75,2077.16,l'india >
<2077.16,2077.20,hi >
<2078.70,2078.85,ha >
<2078.97,2079.22,tres >
<2083.06,2083.58,bandes >
<2083.95,2084.08,la >
<2085.57,2085.77,mare >
<2085.94,2086.01,la >
<2087.89,2088.23,empresa >
<2091.23,2091.64,i >
<2093.24,2093.83,s'aparella >
<2093.83,2094.42,interessada >
<2103.57,2104.03,legislar >
<2104.03,2104.19,una >
<2104.19,2104.34,llei >
<2104.34,2104.83,significa >
<2104.83,2105.12,que >
<2105.14,2105.24,a >
<2105.24,2106.05,posteriori >
<2106.15,2106.26,hi >
<2106.26,2106.37,ha >
<2106.37,2106.64,unes >
<2106.64,2107.74,interpretacions >
<2107.91,2108.63,diferents >
<2108.91,2109.04,per >
<2109.04,2109.31,tant >
<2109.31,2109.34,hi >
<2109.34,2110.16,haurà >
<2110.18,2110.77,buits >
<2111.24,2111.97,Legals >
<2112.05,2112.46,quan >
<2130.95,2131.28,diem >
<2131.28,2131.81,compensant >
<2131.81,2131.91,ens >
<2131.91,2132.36,referim >
<2132.70,2132.73,a >
<2132.74,2133.29,compensar >
<2133.29,2133.72,potser >
<2133.86,2134.20,els >
<2134.20,2134.41,nou >
<2134.41,2134.74,mesos >
<2134.74,2134.94,durant >
<2134.94,2135.05,els >
<2135.05,2135.32,quals >
<2135.32,2135.43,no >
<2135.43,2135.84,treballa >
<2137.43,2137.51,no >
<2137.51,2137.59,és >
<2137.59,2138.27,altruista >
<2139.72,2140.02,és >
<2140.02,2140.08,a >
<2140.08,2140.28,dir >
<2140.28,2140.42,que >
<2140.42,2140.71,jo >
<2141.59,2141.78,si >
<2141.78,2141.92,jo >
<2141.92,2142.18,vull >
<2142.19,2142.54,regalar >
<2142.54,2142.84,sa >
<2142.89,2143.31,bicicleta >
<2143.31,2143.34,a >
<2143.34,2143.42,sa >
<2143.43,2143.87,germana >
<2143.87,2143.98,què >
<2143.98,2144.35,faré >
<2144.35,2144.42,li >
<2144.42,2144.77,donaré >
<2147.38,2147.80,però >
<2147.83,2148.01,jo >
<2148.01,2148.08,no >
<2148.08,2148.13,he >
<2148.13,2148.21,de >
<2148.21,2148.46,rebre >
<2148.46,2148.55,una >
<2148.55,2148.94,compensació >
<2148.94,2149.49,econòmica >
<2155.42,2155.91,compensació >
<2155.91,2156.47,econòmica >
<2156.47,2156.61,per >
<2156.61,2156.82,tots >
<2156.82,2156.94,els >
<2156.94,2157.24,mals >
<2157.24,2157.47,que >
<2157.54,2157.89,puguin >
<2157.89,2158.36,tenir >
<2159.30,2159.38,el >
<2159.38,2159.70,parlament >
<2159.70,2160.05,britànic >
<2160.05,2160.11,va >
<2160.11,2160.33,aprovar >
<2160.33,2160.39,la >
<2160.39,2160.57,seua >
<2160.57,2160.76,llei >
<2160.76,2160.85,que >
<2160.85,2161.20,era >
<2161.40,2161.49,que >
<2161.49,2161.58,a >
<2161.58,2162.12,partir >
<2162.69,2163.11,de >
<2163.12,2163.26,del >
<2163.26,2163.55,pròxim >
<2163.55,2164.32,exercici >
<2164.70,2165.00,les >
<2165.00,2165.31,dones >
<2165.31,2165.37,de >
<2165.37,2165.43,la >
<2165.44,2165.76,gestació >
<2165.76,2166.24,subrogada >
<2166.24,2166.32,han >
<2166.32,2166.39,de >
<2166.39,2166.52,fer >
<2166.52,2166.61,la >
<2166.61,2166.96,següent >
<2166.96,2167.18,dur >
<2167.19,2167.32,els >
<2167.32,2167.85,tiquets >
<2167.85,2167.98,de >
<2167.98,2168.22,totes >
<2168.22,2168.31,les >
<2168.31,2168.64,despeses >
<2168.64,2168.72,que >
<2168.72,2169.00,tenen >
<2169.90,2170.06,per >
<2170.06,2170.52,totes >
<2170.54,2170.74,les >
<2170.75,2171.41,característiques >
<2171.41,2171.81,negatives >
<2172.46,2172.59,que >
<2172.59,2172.94,tinguin >
<2172.94,2173.27,davant >
<2173.34,2173.59,d'aquest >
<2173.59,2173.99,procés >
<2174.14,2174.33,però >
<2174.34,2174.53,això >
<2175.44,2175.67,ja >
<2179.46,2179.65,no >
<2179.65,2179.74,és >
<2179.74,2180.44,altruista >
<2180.67,2181.14,per >
<2182.36,2182.44,la >
<2182.64,2183.18,universitat >
<2185.49,2185.96,de >
<2189.65,2190.58,massachusetts >
<2192.12,2192.20,hi >
<2192.20,2192.32,ha >
<2192.32,2192.47,un >
<2192.47,2192.81,estudi >
<2192.81,2192.90,que >
<2192.90,2193.02,s'ha >
<2193.02,2193.19,fet >
<2193.20,2193.92,que >
<2194.89,2195.10,s'ha >
<2195.10,2195.24,fet >
<2195.25,2195.33,fa >
<2195.33,2195.78,poc >
<2196.10,2196.19,i >
<2196.19,2196.28,que >
<2196.28,2196.67,està >
<2196.68,2196.76,i >
<2196.76,2196.88,és >
<2196.88,2196.99,el >
<2196.99,2197.34,risc >
<2197.34,2197.43,de >
<2197.43,2197.55,ser >
<2197.55,2198.21,d'adopcions >
<2198.22,2198.33,és >
<2198.33,2198.39,a >
<2198.39,2198.66,dir >
<2199.14,2199.31,el >
<2199.31,2199.57,fet >
<2199.57,2199.65,de >
<2199.65,2199.78,no >
<2199.78,2200.12,poder >
<2200.59,2200.81,ser >
<2200.81,2201.48,adoptat >
<2201.49,2201.92,implica >
<2201.92,2202.08,unes >
<2202.08,2203.06,conseqüències >
<2203.07,2203.81,psicològiques >
<2204.27,2204.65,aquestes >
<2204.98,2205.51,conseqüències >
<2205.51,2206.40,psicològiques >
<2207.64,2207.91,pot >
<2207.91,2208.04,anar >
<2208.04,2208.75,empitjorant >
<2209.41,2209.52,a >
<2209.52,2209.63,la >
<2209.63,2209.97,llarga >
<2209.97,2210.10,del >
<2210.10,2210.34,temps >
<2210.35,2210.54,que >
<2210.54,2210.62,el >
<2210.62,2210.83,nin >
<2210.83,2210.94,no >
<2210.94,2211.05,es >
<2211.05,2211.58,vegi >
<2212.84,2213.28,que >
<2213.28,2213.37,és >
<2213.37,2213.91,estimat >
<2213.91,2214.01,que >
<2214.01,2214.09,el >
<2214.09,2214.27,nin >
<2214.27,2214.36,no >
<2214.36,2214.45,es >
<2214.45,2214.93,vegi >
<2215.20,2215.32,que >
<2215.32,2215.59,ningú >
<2215.59,2215.68,el >
<2215.68,2215.85,fa >
<2215.85,2216.20,cas >
<2216.20,2216.69,aleshores >
<2216.69,2217.06,acaben >
<2217.06,2217.13,en >
<2217.13,2217.69,suïcidi >
<2218.48,2218.80,mil >
<2218.81,2219.15,cent >
<2219.15,2220.09,seixanta-nou >
<2220.25,2220.81,centres >
<2220.81,2221.53,d'adopció >
<2221.69,2222.16,d'arreu >
<2222.16,2222.27,del >
<2222.27,2222.51,món >
<2222.51,2222.57,han >
<2222.57,2222.84,estat >
<2222.84,2223.32,investigats >
<2223.32,2223.46,per >
<2223.46,2223.88,aquests >
<2224.26,2225.10,psiquiatres >
<2226.36,2226.55,i >
<2226.55,2226.73,han >
<2226.73,2227.07,vist >
<2227.07,2227.13,que >
<2227.13,2227.16,a >
<2227.16,2227.24,la >
<2227.24,2227.49,llarga >
<2227.49,2227.64,dels >
<2227.66,2227.99,darrers >
<2227.99,2228.20,vint >
<2228.20,2228.48,anys >
<2228.48,2228.57,la >
<2228.57,2228.80,taxa >
<2228.80,2228.86,de >
<2228.86,2229.15,suïcidi >
<2229.15,2229.21,ha >
<2229.21,2229.75,augmentat >
<2229.75,2229.88,de >
<2230.53,2231.08,dos >
<2231.08,2231.30,coma >
<2231.30,2231.46,set >
<2231.46,2231.57,per >
<2231.57,2231.88,cent >
<2231.97,2232.08,a >
<2232.08,2232.21,un >
<2232.21,2232.50,sis >
<2232.50,2232.71,coma >
<2232.71,2232.88,tres >
<2232.88,2233.02,per >
<2233.02,2233.34,cent >
<2322.86,2323.22,bona >
<2323.22,2323.67,tarda >
<2323.82,2324.07,primer >
<2324.07,2324.14,de >
<2324.14,2324.43,tot >
<2324.75,2325.32,agrair >
<2325.96,2326.10,per >
<2326.10,2326.40,aquest >
<2326.40,2326.66,debat >
<2326.66,2326.78,tan >
<2326.78,2327.17,interessant >
<2327.17,2327.24,que >
<2327.24,2327.33,hem >
<2327.34,2327.74,tingut >
<2327.84,2328.13,gràcies >
<2328.13,2328.31,al >
<2328.31,2328.58,públic >
<2328.58,2328.64,que >
<2328.64,2328.76,ens >
<2328.76,2328.97,està >
<2328.97,2329.23,mirant >
<2329.23,2329.33,ara >
<2329.33,2329.71,mateix >
<2330.08,2330.15,i >
<2330.15,2330.27,els >
<2330.27,2330.50,nostres >
<2330.50,2331.00,contrincants >
<2331.00,2331.12,per >
<2331.12,2331.29,aquest >
<2331.29,2331.63,debat >
<2331.87,2332.01,tan >
<2332.01,2332.55,interessant >
<2332.62,2332.71,que >
<2332.71,2332.87,ens >
<2332.87,2333.00,han >
<2333.00,2333.30,dit >
<2333.90,2334.06,ens >
<2334.06,2334.16,han >
<2334.16,2334.59,començat >
<2334.59,2335.22,plantejant >
<2335.67,2336.03,aquesta >
<2336.03,2336.47,idea >
<2336.89,2337.00,de >
<2337.00,2337.17,ser >
<2337.17,2337.48,pare >
<2337.71,2337.85,com >
<2337.85,2337.91,a >
<2337.91,2338.41,desig >
<2338.41,2338.55,com >
<2338.55,2338.66,a >
<2338.66,2339.51,necessitat >
<2340.05,2340.23,no >
<2340.23,2340.51,dret >
<2340.54,2340.71,perquè >
<2340.71,2340.79,han >
<2340.79,2341.03,estat >
<2341.03,2341.38,d'acord >
<2341.40,2341.49,que >
<2341.49,2341.61,no >
<2341.61,2341.70,és >
<2341.70,2341.79,un >
<2341.79,2342.08,dret >
<2342.22,2342.34,però >
<2342.34,2342.62,bueno >
<2342.75,2342.97,han >
<2342.98,2343.54,justificat >
<2343.76,2343.91,o >
<2343.91,2344.34,intentat >
<2344.34,2344.84,justificat >
<2345.16,2345.26,que >
<2345.26,2345.37,és >
<2345.37,2345.65,una >
<2345.72,2346.20,necessitat >
<2346.46,2346.98,parlar-nos >
<2346.99,2347.54,d'aquests >
<2347.55,2348.22,exemples >
<2348.96,2349.33,de >
<2349.96,2350.33,mares >
<2350.33,2350.56,que >
<2350.92,2351.10,han >
<2351.10,2351.45,volgut >
<2351.45,2351.65,ser >
<2351.65,2351.83,mares >
<2351.83,2352.40,gestants >
<2352.82,2352.94,per >
<2352.94,2353.03,un >
<2353.03,2353.45,conegut >
<2354.24,2354.32,i >
<2354.32,2354.47,ens >
<2354.47,2354.61,han >
<2354.61,2354.92,dit >
<2355.58,2355.92,clar >
<2355.93,2356.07,la >
<2356.07,2356.44,soposada >
<2356.44,2357.01,evidència >
<2357.02,2357.25,és >
<2357.32,2357.52,el >
<2357.52,2357.95,dret >
<2359.22,2359.80,disset >
<2360.71,2360.94,dels >
<2360.94,2361.15,drets >
<2361.15,2361.52,humans >
<2361.88,2361.99,que >
<2361.99,2362.33,tothom >
<2362.33,2362.43,té >
<2362.43,2362.53,un >
<2362.53,2362.76,dret >
<2362.77,2362.86,a >
<2362.86,2363.44,casar-se >
<2363.70,2363.73,i >
<2363.83,2364.32,fundar >
<2364.32,2364.46,una >
<2364.46,2364.94,família >
<2365.17,2365.40,però >
<2365.41,2365.70,mai >
<2365.70,2365.84,ens >
<2365.84,2365.94,han >
<2365.94,2366.55,justificat >
<2366.85,2367.15,perquè >
<2367.15,2367.62,això >
<2367.94,2368.31,voldrà >
<2368.31,2368.60,dir >
<2368.82,2368.95,que >
<2368.95,2369.22,tenen >
<2369.22,2369.40,dret >
<2369.40,2369.44,a >
<2369.44,2369.95,escollir >
<2369.95,2370.14,quina >
<2370.14,2370.31,serà >
<2370.31,2370.41,la >
<2370.41,2370.60,seva >
<2370.60,2371.31,descendència >
<2371.31,2371.40,que >
<2371.55,2371.66,ha >
<2371.66,2371.79,de >
<2371.79,2372.06,ser >
<2372.26,2372.53,d'una >
<2372.53,2372.84,manera >
<2372.84,2372.91,i >
<2372.91,2373.05,no >
<2373.05,2373.20,d'un >
<2373.20,2373.59,altre >
<2373.59,2373.76,tot >
<2373.76,2374.06,això >
<2374.07,2374.25,no >
<2374.25,2374.31,ha >
<2374.31,2374.53,quedat >
<2374.53,2375.02,justificat >
<2375.02,2375.08,ha >
<2375.08,2375.44,quedat >
<2375.67,2375.75,a >
<2375.75,2376.01,l'aire >
<2376.68,2376.82,què >
<2376.82,2376.97,passa >
<2376.97,2377.06,amb >
<2377.06,2377.12,la >
<2377.12,2377.67,descendència >
<2378.13,2378.22,i >
<2378.22,2378.31,ens >
<2378.31,2378.41,han >
<2378.41,2378.52,dit >
<2378.52,2378.88,també >
<2379.29,2379.38,en >
<2379.38,2379.67,aquesta >
<2379.67,2380.35,realitat >
<2380.71,2380.84,en >
<2380.84,2381.06,aquest >
<2381.06,2381.22,món >
<2381.22,2381.30,en >
<2381.30,2381.41,què >
<2381.41,2381.65,cada >
<2381.65,2381.83,cop >
<2381.83,2382.20,més >
<2382.57,2382.69,es >
<2382.69,2382.98,recorre >
<2382.98,2383.01,a >
<2383.01,2383.12,la >
<2383.12,2383.47,gestació >
<2383.47,2384.17,subrogada >
<2384.32,2384.49,hem >
<2384.49,2384.58,de >
<2384.58,2384.76,fer >
<2384.76,2385.06,front >
<2385.06,2385.10,a >
<2385.10,2385.35,l'avanç >
<2385.67,2385.99,l'avanç >
<2385.99,2386.70,tecnològic >
<2386.83,2387.18,també >
<2387.18,2387.26,en >
<2387.26,2387.35,el >
<2387.35,2387.54,marc >
<2387.54,2387.86,legal >
<2388.30,2388.43,i >
<2388.43,2389.07,nosaltres >
<2389.28,2389.46,hem >
<2389.46,2389.81,estat >
<2389.82,2389.95,en >
<2389.95,2390.13,tot >
<2390.13,2390.42,moment >
<2390.65,2391.08,defensant >
<2391.08,2391.17,que >
<2391.17,2391.32,sí >
<2391.32,2391.45,que >
<2391.45,2391.69,farem >
<2391.69,2391.95,front >
<2391.95,2392.11,però >
<2392.11,2392.20,que >
<2392.20,2392.26,ho >
<2392.26,2392.51,farem >
<2392.51,2393.08,prohibint >
<2393.22,2393.32,la >
<2393.32,2393.71,gestació >
<2393.71,2394.19,subrogada >
<2395.63,2395.79,què >
<2395.79,2395.95,més >
<2395.95,2396.10,ens >
<2396.10,2396.22,han >
<2396.23,2396.83,plantejat >
<2397.16,2397.34,en >
<2397.34,2397.49,la >
<2397.49,2397.73,seva >
<2397.73,2398.29,proposta >
<2398.52,2398.89,era >
<2399.00,2399.28,fer >
<2399.28,2399.43,un >
<2399.43,2399.81,sistema >
<2399.81,2399.91,una >
<2399.91,2400.27,mica >
<2400.52,2400.61,més >
<2400.61,2400.64,o >
<2400.64,2400.84,menys >
<2400.84,2401.29,públic >
<2401.32,2401.47,una >
<2401.47,2401.74,llista >
<2401.74,2402.31,d'espera >
<2402.75,2402.96,que >
<2403.44,2403.86,una >
<2405.50,2406.14,relació >
<2406.15,2406.29,amb >
<2406.29,2406.39,el >
<2406.39,2406.94,sistema >
<2406.95,2407.01,de >
<2407.01,2407.42,sanitat >
<2407.48,2407.86,públic >
<2408.57,2408.79,que >
<2408.80,2409.14,fes >
<2409.14,2409.48,front >
<2409.49,2409.55,a >
<2409.55,2409.82,aquesta >
<2409.82,2410.22,gestació >
<2410.22,2410.68,subrogada >
<2411.21,2411.64,dirien >
<2411.86,2411.95,que >
<2411.95,2412.14,és >
<2412.17,2412.91,altruista >
<2413.59,2413.73,però >
<2413.73,2413.99,clar >
<2414.14,2414.28,ja >
<2414.28,2414.41,els >
<2414.41,2414.53,hem >
<2414.53,2415.00,contestat >
<2415.00,2415.11,que >
<2415.11,2415.39,mai >
<2415.39,2415.59,pot >
<2415.59,2415.70,ser >
<2415.70,2416.13,altruista >
<2416.13,2416.21,si >
<2416.21,2416.48,estem >
<2416.75,2417.35,compensant >
<2417.35,2417.93,econòmicament >
<2417.93,2418.08,com >
<2418.08,2418.23,ens >
<2418.23,2418.41,han >
<2418.69,2419.28,admés >
<2419.60,2420.11,el >
<2420.36,2420.69,temps >
<2420.69,2420.78,de >
<2420.78,2420.88,la >
<2420.88,2421.11,seva >
<2421.11,2421.47,feina >
<2421.47,2421.57,per >
<2421.57,2421.87,exemple >
<2421.87,2422.18,d'aquesta >
<2422.18,2422.46,dona >
<2422.66,2422.76,per >
<2422.76,2423.05,tant >
<2423.05,2423.35,seria >
<2423.36,2423.46,al >
<2423.46,2423.77,final >
<2423.87,2424.25,també >
<2424.25,2424.43,una >
<2424.43,2424.82,feina >
<2424.93,2425.16,durant >
<2425.16,2425.49,aquests >
<2425.50,2425.73,nou >
<2425.73,2426.17,mesos >
<2428.08,2428.19,i >
<2428.19,2428.29,que >
<2428.29,2428.65,més >
<2428.92,2429.11,han >
<2429.11,2429.38,parlat >
<2429.38,2429.55,molt >
<2429.55,2429.62,de >
<2429.62,2429.73,les >
<2429.73,2430.15,adopcions >
<2430.16,2430.23,i >
<2430.23,2430.32,de >
<2430.32,2430.49,per >
<2430.49,2430.72,què >
<2430.74,2430.91,no >
<2430.91,2431.14,són >
<2431.15,2431.70,suposadament >
<2432.00,2432.17,una >
<2432.17,2432.62,opció >
<2432.77,2432.89,ens >
<2432.89,2432.98,han >
<2432.98,2433.14,dit >
<2433.14,2433.21,no >
<2433.21,2433.29,és >
<2433.29,2433.85,eficaç >
<2434.17,2434.48,clar >
<2434.49,2434.62,els >
<2434.62,2434.72,hem >
<2434.72,2435.00,dit >
<2435.22,2435.34,si >
<2435.34,2435.40,no >
<2435.40,2435.47,és >
<2435.47,2435.83,eficaç >
<2435.83,2436.34,l'imperatiu >
<2436.34,2436.45,és >
<2436.45,2436.74,aquí >
<2437.04,2437.37,fer >
<2437.37,2437.49,les >
<2437.49,2438.00,adopcions >
<2438.04,2438.79,eficaç >
<2439.52,2439.78,fer >
<2439.79,2439.92,que >
<2439.92,2440.15,sigui >
<2440.15,2440.26,una >
<2440.26,2440.72,manera >
<2441.51,2441.88,més >
<2441.97,2442.38,ràpida >
<2442.38,2442.47,del >
<2442.47,2442.58,que >
<2442.58,2442.76,és >
<2442.76,2443.13,ara >
<2443.34,2443.43,i >
<2443.43,2443.61,que >
<2443.61,2444.02,realment >
<2444.02,2444.18,sigui >
<2444.18,2444.25,un >
<2444.25,2444.67,sistema >
<2444.67,2445.11,efectiu >
<2445.11,2445.25,per >
<2445.25,2445.48,donar >
<2445.48,2446.07,famílies >
<2446.07,2446.10,a >
<2446.10,2446.36,aquests >
<2446.36,2446.65,néts >
<2446.65,2446.78,que >
<2446.78,2446.96,sí >
<2446.96,2447.09,que >
<2447.09,2447.18,ho >
<2447.18,2447.75,necessiten >
<2447.99,2448.28,i >
<2448.31,2448.46,un >
<2448.46,2448.74,fill >
<2448.75,2449.08,aquestes >
<2449.08,2449.55,famílies >
<2449.64,2449.74,que >
<2449.74,2449.93,tenen >
<2449.93,2450.18,aquest >
<2450.18,2450.51,desig >
<2450.51,2450.62,de >
<2450.62,2450.88,tenir >
<2450.97,2451.08,un >
<2451.08,2451.34,fill >
<2452.95,2453.09,els >
<2453.09,2453.18,han >
<2453.18,2453.31,dit >
<2453.31,2453.39,que >
<2453.39,2453.82,no >
<2454.15,2454.30,ho >
<2454.30,2454.73,voldrien >
<2454.73,2454.81,que >
<2454.81,2454.88,no >
<2454.88,2454.95,ho >
<2454.95,2455.69,restringiríem >
<2455.72,2455.84,però >
<2455.84,2455.90,al >
<2455.90,2456.05,cap >
<2456.05,2456.08,i >
<2456.08,2456.12,a >
<2456.12,2456.19,la >
<2456.19,2456.32,fi >
<2456.32,2456.47,no >
<2456.47,2456.56,ho >
<2456.56,2456.79,estan >
<2456.79,2457.42,incentivant >
<2457.42,2457.58,per >
<2457.58,2457.90,tant >
<2458.54,2458.68,com >
<2458.68,2458.75,que >
<2458.75,2459.10,aquí >
<2459.10,2459.27,es >
<2459.27,2459.95,l'imperatiu >
<2460.17,2460.44,creiem >
<2460.44,2460.56,que >
<2460.56,2460.72,no >
<2460.72,2460.95,estan >
<2460.95,2461.34,defensant >
<2461.34,2461.41,el >
<2461.41,2461.48,que >
<2461.48,2461.56,és >
<2461.56,2462.01,important >
<2463.58,2463.71,que >
<2463.71,2463.90,més >
<2463.90,2464.02,han >
<2464.02,2464.18,dit >
<2464.18,2464.49,bueno >
<2464.96,2465.16,com >
<2465.16,2465.25,que >
<2465.25,2465.31,ho >
<2465.31,2465.95,localitzem >
<2466.49,2466.71,podem >
<2466.71,2467.17,evitar >
<2467.17,2467.42,les >
<2467.53,2468.07,experiències >
<2468.07,2468.52,dolentes >
<2468.52,2468.88,associades >
<2468.88,2468.93,a >
<2468.93,2469.03,la >
<2469.03,2469.39,gestació >
<2469.39,2470.07,subrogada >
<2470.48,2470.73,podem >
<2470.73,2471.29,permetre >
<2471.30,2471.52,les >
<2471.55,2471.85,bones >
<2471.85,2472.32,experiències >
<2472.32,2472.84,suposadament >
<2473.24,2473.36,però >
<2473.36,2473.42,és >
<2473.42,2473.60,que >
<2473.64,2473.81,hem >
<2473.81,2474.08,dit >
<2474.11,2474.44,que >
<2474.66,2474.84,els >
<2474.84,2475.23,problemes >
<2475.23,2475.34,que >
<2475.34,2475.87,plantegem >
<2476.17,2476.38,no >
<2476.38,2476.49,és >
<2476.49,2477.05,possible >
<2477.11,2477.64,evitar-los >
<2478.14,2478.37,amb >
<2479.14,2479.37,una >
<2479.37,2480.07,legalització >
<2481.37,2481.51,per >
<2481.51,2481.99,legalitzar-lo >
<2481.99,2482.13,per >
<2482.13,2482.29,tant >
<2482.30,2482.38,ha >
<2482.38,2482.48,de >
<2482.48,2482.59,ser >
<2482.59,2482.71,una >
<2482.71,2482.91,cosa >
<2482.91,2483.29,bona >
<2483.29,2484.02,presència >
<2484.38,2484.49,no >
<2484.49,2484.81,només >
<2485.23,2486.22,aprofitar >
<2486.31,2486.74,l'eina >
<2486.74,2486.82,de >
<2486.82,2487.23,legalitzar-lo >
<2487.23,2487.38,per >
<2487.38,2487.60,fer-ho >
<2487.60,2487.94,menys >
<2487.95,2488.30,dolent >
<2488.34,2488.46,per >
<2488.46,2488.68,tant >
<2488.70,2489.08,quines >
<2489.08,2489.35,són >
<2489.58,2489.93,aquestes >
<2489.93,2490.17,raons >
<2490.17,2490.42,pel >
<2490.72,2490.96,que >
<2490.97,2491.14,és >
<2491.14,2491.53,dolent >
<2491.53,2491.88,realment >
<2491.88,2491.97,en >
<2491.97,2492.50,essència >
<2492.85,2493.12,primer >
<2493.31,2493.46,una >
<2493.46,2493.87,incoherència >
<2493.87,2494.24,moral >
<2494.57,2494.72,hem >
<2494.72,2494.99,dit >
<2495.27,2495.48,ser >
<2495.48,2495.73,pare >
<2495.75,2495.94,ser >
<2495.94,2496.19,mare >
<2496.28,2496.43,és >
<2496.43,2496.52,un >
<2496.52,2496.71,acte >
<2496.71,2496.78,de >
<2496.78,2497.46,generositat >
<2497.78,2497.93,per >
<2497.93,2498.22,tant >
<2498.85,2499.09,havia >
<2499.09,2499.18,de >
<2499.18,2499.74,recórrer >
<2499.75,2499.85,a >
<2499.85,2499.96,la >
<2499.96,2500.30,gestació >
<2500.30,2500.85,subrogada >
<2500.90,2501.84,necessàriament >
<2502.04,2502.24,com >
<2502.24,2502.29,a >
<2502.29,2502.40,un >
<2502.40,2502.84,suposat >
<2502.84,2503.08,quasi >
<2503.09,2503.46,dret >
<2503.74,2504.07,és >
<2504.08,2504.53,incoherent >
<2504.53,2504.63,amb >
<2504.63,2505.13,l'essència >
<2505.13,2505.45,mateixa >
<2505.45,2505.52,de >
<2505.52,2505.59,la >
<2505.59,2506.04,maternitat >
<2506.04,2506.21,perquè >
<2506.21,2506.29,no >
<2506.29,2506.36,és >
<2506.36,2506.75,generós >
<2507.01,2507.12,és >
<2507.12,2507.34,avui >
<2507.72,2507.85,jo >
<2507.85,2508.13,només >
<2508.13,2508.32,vull >
<2508.32,2508.42,la >
<2508.42,2508.79,família >
<2508.79,2508.93,si >
<2508.93,2509.02,és >
<2509.02,2509.28,així >
<2509.60,2509.74,no >
<2509.74,2509.87,amb >
<2509.87,2510.29,l'adopció >
<2510.80,2510.90,i >
<2510.90,2511.02,per >
<2511.02,2511.22,tant >
<2511.50,2511.81,també >
<2511.81,2511.90,una >
<2511.90,2512.47,incoherència >
<2512.52,2512.75,quant >
<2512.75,2512.79,a >
<2512.79,2513.16,drets >
<2513.37,2513.50,té >
<2513.50,2513.66,més >
<2513.66,2514.06,drets >
<2514.74,2515.02,el >
<2515.03,2515.19,nen >
<2515.19,2515.25,que >
<2515.25,2515.45,està >
<2515.60,2515.94,esperant >
<2515.94,2516.30,opció >
<2516.30,2516.36,a >
<2516.36,2516.56,tenir >
<2516.56,2516.69,una >
<2516.69,2517.14,família >
<2517.40,2517.47,que >
<2517.47,2517.57,el >
<2517.57,2517.91,pare >
<2518.02,2518.12,que >
<2518.12,2518.38,vull >
<2518.49,2518.79,aquest >
<2518.79,2519.03,fill >
<2519.03,2519.53,concret >
<2520.76,2521.03,segon >
<2521.03,2521.27,lloc >
<2521.27,2521.35,un >
<2521.35,2521.66,impacte >
<2521.66,2522.07,social >
<2522.82,2522.90,és >
<2522.90,2522.95,a >
<2522.95,2523.17,dir >
<2523.69,2524.19,hem >
<2524.49,2524.72,hem >
<2524.73,2525.42,desenvolupat >
<2525.83,2525.99,un >
<2525.99,2526.34,raonament >
<2526.34,2526.42,que >
<2526.42,2526.49,no >
<2526.49,2526.61,ens >
<2526.61,2526.71,han >
<2526.71,2527.36,contestat >
<2527.53,2527.77,ens >
<2527.91,2528.26,han >
<2528.57,2528.86,dit >
<2528.86,2529.09,que >
<2529.10,2529.61,intentàvem >
<2529.61,2529.92,fer-ho >
<2530.16,2530.64,semblar >
<2530.64,2530.75,una >
<2530.75,2531.46,explotació >
<2531.46,2531.88,etcètera >
<2531.91,2532.16,mai >
<2532.16,2532.26,hem >
<2532.26,2532.53,parlat >
<2532.53,2532.97,d'això >
<2533.39,2534.16,i >
<2535.32,2535.47,i >
<2535.47,2535.67,bueno >
<2535.67,2535.81,ja >
<2535.81,2535.98,ens >
<2535.98,2536.08,han >
<2536.08,2536.28,dit >
<2536.42,2536.49,que >
<2536.49,2536.61,les >
<2536.61,2537.28,compensacions >
<2537.47,2537.76,les >
<2537.76,2537.81,ha >
<2537.81,2538.03,anat >
<2538.03,2538.35,més >
<2538.39,2538.72,perquè >
<2538.97,2539.29,podria >
<2539.29,2539.44,ser >
<2539.45,2539.64,cap >
<2539.64,2539.70,a >
<2539.70,2539.77,la >
<2539.77,2539.98,fi >
<2540.24,2540.43,una >
<2540.43,2540.67,feina >
<2540.83,2540.96,per >
<2540.96,2541.13,tant >
<2541.13,2541.41,aquestes >
<2541.41,2542.04,despeses >
<2542.63,2542.97,s'estan >
<2542.97,2543.32,cobrint >
<2543.33,2543.64,acaba >
<2543.64,2543.83,sent >
<2543.83,2543.97,una >
<2543.97,2544.28,feina >
<2544.28,2544.38,que >
<2544.38,2544.46,va >
<2544.46,2544.57,ser >
<2544.57,2544.66,una >
<2544.66,2545.14,explotació >
<2545.14,2545.51,també >
<2546.02,2546.11,i >
<2546.11,2546.15,a >
<2546.15,2546.28,més >
<2546.28,2546.34,a >
<2546.34,2546.62,més >
<2547.26,2547.61,seríem >
<2547.61,2547.72,una >
<2547.72,2548.16,societat >
<2548.16,2548.25,que >
<2548.25,2548.66,permet >
<2548.67,2548.80,una >
<2548.80,2549.27,cosificació >
<2549.27,2549.34,de >
<2549.34,2549.43,la >
<2549.43,2549.64,dona >
<2549.64,2549.81,per >
<2549.81,2550.02,tant >
<2550.09,2550.30,tot >
<2550.30,2550.64,això >
<2550.88,2551.09,també >
<2551.09,2551.16,és >
<2551.16,2551.22,un >
<2551.22,2551.56,impacte >
<2551.56,2551.92,social >
<2551.92,2552.04,com >
<2552.04,2552.13,hem >
<2552.13,2552.38,dit >
<2552.49,2552.74,tercer >
<2552.74,2552.97,lloc >
<2553.01,2553.36,l'argument >
<2553.36,2553.79,biològic >
<2554.14,2554.24,hem >
<2554.24,2554.90,demostrat >
<2554.91,2555.03,que >
<2555.03,2555.08,hi >
<2555.08,2555.13,ha >
<2555.13,2555.26,un >
<2555.26,2555.67,vincle >
<2556.02,2556.13,que >
<2556.13,2556.25,no >
<2556.25,2556.51,estem >
<2556.51,2556.72,tenint >
<2556.72,2556.83,en >
<2556.83,2557.22,compte >
<2557.22,2557.46,entre >
<2557.46,2557.60,la >
<2557.71,2557.91,mare >
<2557.91,2558.37,gestant >
<2558.61,2558.68,i >
<2558.68,2558.84,el >
<2558.85,2559.14,fill >
<2559.36,2559.49,per >
<2559.49,2559.72,tant >
<2559.80,2559.88,la >
<2559.88,2560.20,dona >
<2560.25,2560.66,d'abans >
<2560.70,2560.76,no >
<2560.76,2560.82,és >
<2560.82,2560.89,la >
<2560.89,2561.33,mateixa >
<2561.33,2561.47,que >
<2561.47,2561.51,ha >
<2561.51,2561.91,signat >
<2563.00,2563.14,que >
<2563.14,2563.33,l'ha >
<2563.33,2563.85,després >
<2563.94,2564.04,i >
<2564.04,2564.15,per >
<2564.15,2564.44,aquests >
<2564.44,2564.69,tres >
<2564.69,2565.16,arguments >
<2565.51,2565.71,no >
<2565.71,2566.02,creiem >
<2566.02,2566.11,que >
<2566.11,2566.29,sigui >
<2566.29,2566.62,possible >
<2566.62,2567.08,legalitzar >
<2567.15,2567.25,la >
<2567.25,2567.56,gestació >
<2567.56,2567.80,suposo >
<2584.13,2584.40,bé >
<2584.55,2584.76,bona >
<2584.76,2585.11,tarda >
<2585.11,2585.19,el >
<2585.19,2585.32,meu >
<2585.32,2585.54,nom >
<2585.54,2585.67,és >
<2585.67,2585.90,laia >
<2585.90,2586.48,cunillera >
<2586.48,2586.91,gràcies >
<2586.91,2587.03,al >
<2587.03,2587.43,jurat >
<2587.43,2587.53,al >
<2587.53,2587.83,públic >
<2587.83,2588.36,assistent >
<2588.36,2588.40,i >
<2588.40,2588.44,a >
<2588.44,2588.70,l'equip >
<2588.70,2589.36,contrincant >
<2589.36,2589.47,per >
<2589.47,2589.68,aquest >
<2589.68,2589.94,debat >
<2589.94,2590.21,tenim >
<2591.90,2592.13,així >
<2592.13,2592.43,doncs >
<2592.58,2592.70,va >
<2592.70,2592.82,fer >
<2592.82,2592.94,les >
<2592.94,2593.58,conclusions >
<2593.58,2593.65,i >
<2593.65,2594.30,reforçar >
<2594.31,2594.46,la >
<2594.46,2594.79,nostra >
<2594.79,2595.17,tesi >
<2596.25,2596.39,el >
<2596.39,2596.48,que >
<2596.48,2596.83,nosaltres >
<2596.83,2597.56,defensem >
<2597.57,2597.73,és >
<2597.73,2597.87,un >
<2597.87,2598.31,model >
<2598.51,2598.62,que >
<2598.62,2599.12,realment >
<2599.12,2599.61,solventa >
<2599.61,2599.73,els >
<2599.73,2600.27,problemes >
<2600.31,2600.46,un >
<2600.46,2600.78,model >
<2600.78,2600.96,com >
<2600.96,2601.11,hem >
<2601.11,2601.39,dit >
<2601.63,2602.23,semblant >
<2602.24,2602.41,al >
<2602.41,2602.55,del >
<2602.55,2602.81,regne >
<2602.81,2603.16,unit >
<2604.40,2604.59,un >
<2604.59,2605.07,model >
<2605.69,2606.13,segur >
<2606.87,2607.57,altruista >
<2608.11,2608.21,i >
<2608.21,2608.63,seriós >
<2609.80,2609.99,un >
<2609.99,2610.47,model >
<2610.48,2610.67,on >
<2610.67,2610.94,siguin >
<2610.94,2611.09,els >
<2611.09,2611.42,pares >
<2611.42,2611.58,els >
<2611.58,2611.67,que >
<2611.67,2611.75,es >
<2611.75,2612.10,facin >
<2612.10,2612.48,càrrec >
<2612.48,2612.58,de >
<2612.58,2612.74,les >
<2612.74,2613.25,despeses >
<2613.25,2613.83,produïdes >
<2613.83,2614.01,per >
<2614.01,2614.59,l'embaràs >
<2614.83,2614.94,i >
<2614.94,2615.02,un >
<2615.02,2615.36,model >
<2615.36,2615.49,on >
<2615.49,2615.72,fins >
<2615.72,2615.80,i >
<2615.80,2615.99,tot >
<2615.99,2616.52,l'estat >
<2616.71,2617.01,pogués >
<2617.01,2617.16,fer >
<2617.16,2617.61,càrrec >
<2617.75,2618.15,del >
<2618.20,2618.57,procés >
<2618.57,2619.22,judicial >
<2619.23,2619.32,i >
<2619.32,2619.50,dels >
<2619.50,2619.95,tràmits >
<2620.01,2620.62,judicials >
<2620.62,2620.70,que >
<2620.70,2620.91,aquest >
<2620.91,2621.43,procés >
<2621.93,2622.59,comportaria >
<2623.52,2623.78,bé >
<2624.09,2624.26,com >
<2624.26,2624.37,hem >
<2624.37,2624.95,reiterat >
<2625.15,2625.24,la >
<2625.24,2625.63,gestació >
<2625.63,2626.19,subrogada >
<2626.20,2626.34,és >
<2626.34,2626.72,quelcom >
<2626.72,2626.79,que >
<2626.79,2626.86,en >
<2626.86,2627.02,els >
<2627.02,2627.37,últims >
<2627.37,2627.76,anys >
<2628.16,2628.29,ha >
<2628.29,2628.67,tingut >
<2628.72,2628.90,més >
<2628.90,2629.66,transcendència >
<2629.66,2629.72,i >
<2629.72,2629.89,més >
<2629.89,2630.63,importància >
<2631.20,2631.36,no >
<2631.36,2631.62,obstant >
<2631.62,2632.07,això >
<2633.28,2633.42,la >
<2633.42,2633.81,gestació >
<2633.81,2634.36,subrogada >
<2634.36,2634.49,no >
<2634.49,2634.57,és >
<2634.57,2634.98,quelcom >
<2634.98,2635.23,només >
<2635.23,2635.35,del >
<2635.35,2635.80,present >
<2636.91,2637.03,de >
<2637.03,2637.32,fet >
<2637.43,2637.76,ja >
<2637.87,2638.03,en >
<2638.03,2638.36,l'antic >
<2638.36,2638.90,testament >
<2638.90,2639.52,concretament >
<2639.53,2639.69,en >
<2639.69,2639.79,el >
<2639.79,2640.06,llibre >
<2640.06,2640.16,de >
<2640.17,2640.81,gènesi >
<2640.81,2641.37,setze >
<2641.49,2641.78,u >
<2642.05,2642.48,setze >
<2642.50,2642.70,ja >
<2642.70,2642.83,n'hi >
<2642.83,2643.17,trobem >
<2643.17,2643.31,una >
<2643.31,2643.80,menció >
<2644.73,2645.31,saray >
<2645.80,2645.94,la >
<2645.94,2646.23,muller >
<2646.23,2646.29,de >
<2646.29,2646.75,abraham >
<2647.76,2647.89,no >
<2647.89,2648.00,li >
<2648.00,2648.30,podia >
<2648.30,2648.53,donar >
<2648.53,2649.05,fills >
<2649.37,2649.46,i >
<2649.46,2649.68,així >
<2649.68,2649.99,doncs >
<2649.99,2650.12,la >
<2650.12,2650.61,solució >
<2651.43,2651.75,fou >
<2651.75,2651.89,que >
<2651.89,2652.00,la >
<2652.00,2652.28,seva >
<2652.28,2652.88,criada >
<2652.93,2653.61,egípcia >
<2653.86,2654.30,agar >
<2654.60,2654.91,tingués >
<2654.91,2655.12,els >
<2655.12,2655.51,fills >
<2655.52,2655.66,en >
<2655.66,2655.84,nom >
<2655.84,2655.94,de >
<2655.94,2656.36,sarai >
<2656.47,2656.63,ja >
<2656.63,2656.74,que >
<2656.74,2657.02,ella >
<2657.07,2657.20,no >
<2657.20,2657.24,ho >
<2657.24,2657.53,podia >
<2657.53,2657.73,fer >
<2659.80,2659.89,i >
<2659.89,2660.07,per >
<2660.07,2660.44,tant >
<2660.64,2660.93,no >
<2660.93,2661.18,és >
<2661.19,2661.58,quelcom >
<2661.58,2661.88,només >
<2661.88,2662.03,del >
<2662.03,2662.51,present >
<2662.51,2662.73,sinó >
<2662.73,2662.88,que >
<2662.88,2663.14,fins >
<2663.14,2663.22,i >
<2663.22,2663.51,tot >
<2663.86,2664.18,ve >
<2664.29,2664.41,de >
<2664.41,2664.61,molt >
<2664.61,2664.76,més >
<2664.76,2665.17,enrere >
<2665.92,2666.09,és >
<2666.09,2666.43,cert >
<2666.44,2666.55,que >
<2666.55,2666.66,la >
<2666.66,2667.21,ciència >
<2667.22,2667.76,avança >
<2667.77,2667.88,i >
<2667.88,2668.07,per >
<2668.07,2668.35,tant >
<2668.54,2669.20,avancen >
<2669.21,2669.45,les >
<2669.45,2669.81,noves >
<2670.29,2670.81,tècniques >
<2670.81,2670.91,de >
<2670.91,2671.66,reproducció >
<2671.81,2672.53,assistida >
<2672.83,2673.00,les >
<2673.00,2673.29,quals >
<2673.29,2673.48,no >
<2673.48,2673.79,poden >
<2673.79,2673.94,ser >
<2673.94,2674.50,ignorades >
<2674.50,2674.66,ni >
<2674.66,2674.82,per >
<2674.82,2674.92,la >
<2674.92,2675.45,societat >
<2675.45,2675.56,ni >
<2675.56,2675.73,per >
<2675.73,2675.90,les >
<2675.90,2676.33,lleis >
<2676.68,2676.86,el >
<2676.86,2677.20,dret >
<2677.22,2677.49,està >
<2677.49,2677.92,format >
<2677.92,2678.08,per >
<2678.08,2678.17,un >
<2678.17,2678.52,conjunt >
<2678.52,2678.62,de >
<2678.62,2679.44,principis >
<2679.54,2679.57,i >
<2679.71,2680.43,valors >
<2681.54,2681.67,que >
<2681.67,2681.86,no >
<2681.86,2682.19,poden >
<2682.19,2682.39,ser >
<2682.39,2682.93,ignorats >
<2682.95,2683.06,i >
<2683.06,2683.21,es >
<2683.21,2684.00,positivitzan >
<2684.03,2684.11,i >
<2684.11,2684.30,es >
<2684.31,2684.84,plasmen >
<2684.85,2685.02,en >
<2685.02,2685.18,les >
<2685.18,2685.52,lleis >
<2685.76,2685.94,el >
<2685.94,2686.22,dret >
<2686.30,2686.43,té >
<2686.43,2687.27,l'obligació >
<2687.39,2687.76,sí >
<2687.82,2688.58,l'obligació >
<2688.78,2689.48,d'adaptar-se >
<2689.50,2689.65,a >
<2689.65,2689.77,la >
<2689.77,2690.06,nova >
<2690.06,2690.63,realitat >
<2690.86,2690.98,i >
<2690.98,2691.28,no >
<2691.31,2691.47,es >
<2691.47,2691.72,pot >
<2691.72,2692.46,desentendre >
<2692.46,2692.70,d'una >
<2692.70,2693.45,situació >
<2693.74,2694.10,tan >
<2694.11,2694.79,important >
<2695.11,2695.24,i >
<2695.24,2695.68,menys >
<2695.69,2695.79,ho >
<2695.79,2695.99,pot >
<2695.99,2696.31,fer >
<2696.56,2696.80,quan >
<2696.80,2697.42,entremig >
<2697.43,2697.48,hi >
<2697.48,2697.55,ha >
<2697.55,2697.67,un >
<2697.67,2697.86,dret >
<2697.86,2698.58,fonamental >
<2698.60,2698.74,el >
<2698.74,2698.92,dret >
<2698.92,2699.47,fonamental >
<2699.47,2699.92,emparat >
<2699.92,2700.07,per >
<2700.07,2700.59,l'article >
<2700.59,2701.06,quinze >
<2701.06,2701.17,de >
<2701.17,2701.26,la >
<2701.26,2701.58,nostra >
<2701.58,2702.25,constitució >
<2702.28,2702.44,el >
<2702.44,2702.63,dret >
<2702.63,2702.68,a >
<2702.68,2702.78,la >
<2702.78,2703.10,vida >
<2706.25,2706.40,per >
<2706.40,2706.79,tant >
<2707.16,2707.32,el >
<2707.32,2707.68,dret >
<2708.07,2708.26,s'ha >
<2708.26,2708.75,d'adaptar >
<2708.77,2708.92,a >
<2708.92,2708.99,la >
<2708.99,2709.24,nova >
<2709.25,2709.73,realitat >
<2711.13,2711.87,considerem >
<2712.52,2712.65,que >
<2712.65,2712.76,sí >
<2712.76,2712.81,a >
<2712.81,2712.98,l'hora >
<2712.98,2713.34,d'aprovar >
<2713.34,2713.48,una >
<2713.48,2713.85,llei >
<2714.88,2715.09,ens >
<2715.09,2715.69,fixéssim >
<2715.70,2715.83,en >
<2715.83,2715.97,els >
<2715.97,2716.43,possibles >
<2716.43,2716.69,fraus >
<2716.69,2716.79,de >
<2716.79,2716.98,llei >
<2716.98,2717.09,que >
<2717.09,2717.30,se'n >
<2717.30,2717.56,poden >
<2717.56,2717.94,derivar >
<2718.16,2718.34,quan >
<2718.34,2718.49,les >
<2718.49,2719.27,conseqüències >
<2719.40,2719.77,cert >
<2719.77,2719.87,que >
<2719.87,2719.99,no >
<2719.99,2720.14,del >
<2720.14,2720.31,tot >
<2720.31,2720.78,positiva >
<2720.78,2720.87,és >
<2720.87,2720.98,que >
<2720.98,2721.33,algunes >
<2721.33,2721.89,persones >
<2722.13,2722.30,és >
<2722.30,2722.82,possible >
<2722.82,2722.96,que >
<2722.96,2723.40,fessin >
<2723.41,2723.58,un >
<2723.58,2723.76,mal >
<2723.76,2724.08,ús >
<2724.38,2724.51,no >
<2724.51,2725.14,aprovaríem >
<2725.15,2725.34,cap >
<2725.34,2725.74,llei >
<2726.05,2726.36,l'únic >
<2726.36,2726.48,que >
<2726.48,2727.02,faríem >
<2727.06,2727.23,és >
<2727.23,2727.63,tenir >
<2727.68,2728.41,ordenaments >
<2728.43,2729.07,jurídics >
<2729.12,2729.60,rígids >
<2730.00,2730.20,amb >
<2730.20,2730.93,constitucions >
<2730.93,2731.06,que >
<2731.06,2731.31,mai >
<2731.31,2731.67,serien >
<2731.67,2732.31,reformada >
<2733.25,2733.58,d'altra >
<2733.58,2733.86,banda >
<2733.86,2734.17,volem >
<2734.17,2734.72,remarcar >
<2734.73,2734.89,el >
<2734.89,2735.52,concepte >
<2735.52,2735.64,de >
<2735.64,2736.45,maternitat >
<2737.40,2737.56,la >
<2737.56,2738.32,maternitat >
<2739.70,2740.14,també >
<2740.15,2740.37,a >
<2740.37,2740.64,tingut >
<2740.84,2741.40,canvis >
<2742.72,2742.92,des >
<2742.92,2743.11,dels >
<2743.11,2743.44,inicis >
<2743.44,2743.61,del >
<2743.61,2743.94,temps >
<2743.94,2744.51,s'atorgava >
<2744.51,2745.06,mitjançant >
<2745.06,2745.16,la >
<2745.16,2745.56,regla >
<2745.56,2746.11,romana >
<2746.37,2746.82,mater >
<2746.82,2747.46,semper >
<2747.58,2747.92,certa >
<2747.92,2748.23,es >
<2748.55,2748.72,la >
<2748.72,2749.06,mare >
<2749.07,2749.46,sempre >
<2749.46,2750.00,certa >
<2750.23,2750.75,això >
<2750.86,2751.02,com >
<2751.02,2751.15,bé >
<2751.15,2751.65,sabem >
<2752.61,2752.86,bé >
<2752.86,2753.25,perdó >
<2754.09,2754.80,mentrestant >
<2754.82,2755.33,la >
<2755.40,2756.12,paternitat >
<2756.21,2756.82,s'atorgava >
<2756.82,2757.37,mitjançant >
<2757.37,2757.98,presumpció >
<2759.41,2759.87,avui >
<2760.10,2760.27,dos >
<2760.27,2760.54,mil >
<2760.54,2760.88,nou >
<2760.92,2761.06,en >
<2761.06,2761.24,ple >
<2761.24,2761.46,segle >
<2761.46,2761.94,vint-i-u >
<2761.95,2762.19,això >
<2762.19,2762.23,ha >
<2762.23,2762.68,canviat >
<2762.85,2762.94,i >
<2762.94,2763.13,fins >
<2763.13,2763.20,i >
<2763.20,2763.40,tot >
<2763.40,2763.67,podem >
<2763.67,2763.95,parlar >
<2763.95,2764.02,de >
<2764.02,2764.40,diversos >
<2764.40,2764.71,tipus >
<2764.71,2764.79,de >
<2764.79,2765.41,maternitat >
<2766.91,2767.47,finalment >
<2767.96,2768.36,aquesta >
<2768.36,2768.92,tècnica >
<2769.01,2769.09,de >
<2769.09,2769.52,gestació >
<2769.52,2770.19,subrogada >
<2770.38,2770.54,és >
<2770.54,2770.71,una >
<2770.71,2770.96,eina >
<2770.96,2771.05,i >
<2771.05,2771.12,un >
<2771.12,2771.69,mecanisme >
<2771.69,2771.89,per >
<2771.89,2772.24,donar >
<2772.27,2772.41,a >
<2772.41,2772.59,les >
<2772.59,2773.23,famílies >
<2773.24,2773.35,que >
<2773.35,2773.51,no >
<2773.51,2773.92,poden >
<2774.36,2775.11,formar-la >
<2775.86,2776.60,mitjançant >
<2776.61,2776.98,altres >
<2776.98,2777.69,tècniques >
<2777.94,2778.18,una >
<2778.18,2778.72,forma >
<2778.80,2778.97,de >
<2779.13,2779.50,formar >
<2779.50,2779.77,aquesta >
<2779.77,2780.32,família >
<2781.01,2781.08,no >
<2781.08,2781.14,hi >
<2781.14,2781.21,ha >
<2781.21,2781.46,dret >
<2781.46,2781.54,que >
<2781.54,2781.71,una >
<2781.71,2782.25,persona >
<2782.25,2782.49,s'hagi >
<2782.49,2782.58,de >
<2782.58,2782.94,gastar >
<2782.94,2783.29,milers >
<2783.29,2783.36,i >
<2783.36,2783.64,milers >
<2783.64,2783.76,de >
<2783.76,2784.26,dòlars >
<2784.50,2784.57,i >
<2784.57,2784.75,hagi >
<2784.75,2784.85,de >
<2784.85,2785.22,viatjar >
<2785.23,2785.38,a >
<2785.38,2785.71,l'altra >
<2785.71,2786.02,punta >
<2786.02,2786.17,del >
<2786.17,2786.56,país >
<2786.56,2786.67,ja >
<2786.67,2786.90,sigui >
<2786.90,2787.24,estats >
<2787.24,2787.52,units >
<2787.52,2787.56,o >
<2787.56,2787.79,sigui >
<2787.79,2787.87,a >
<2787.87,2788.24,l'europa >
<2788.24,2788.33,de >
<2788.33,2788.67,l'est >
<2790.44,2790.62,per >
<2790.62,2791.05,poder >
<2791.46,2791.83,ser >
<2792.18,2792.69,mares >
<2792.70,2792.81,o >
<2792.81,2793.40,pares >
<2793.97,2794.12,qui >
<2794.12,2794.31,som >
<2794.31,2795.01,nosaltres >
<2795.06,2795.20,per >
<2795.20,2795.68,impedir >
<2795.68,2795.79,que >
<2795.79,2796.17,aquestes >
<2796.17,2796.73,persones >
<2796.73,2797.07,puguin >
<2797.07,2797.22,ser >
<2797.22,2797.49,mares >
<2797.49,2797.58,o >
<2797.58,2797.99,pares >
<2798.20,2798.35,qui >
<2798.35,2798.52,som >
<2798.52,2799.00,nosaltres >
<2799.00,2799.18,per >
<2799.18,2799.71,impedir-ho >
<2799.71,2799.92,quan >
<2799.92,2800.04,al >
<2800.04,2800.52,darrere >
<2800.63,2800.75,hi >
<2800.75,2800.96,ha >
<2801.05,2801.30,una >
<2801.30,2801.73,llei >
<2802.07,2802.55,clara >
<2802.71,2802.81,i >
<2802.81,2803.38,concisa >
<2803.57,2803.64,que >
<2803.64,2803.68,ho >
<2803.68,2804.14,regula >
<2804.39,2804.55,però >
<2804.55,2805.14,sobretot >
<2805.60,2805.86,una >
<2805.86,2806.26,llei >
<2806.81,2807.39,segura >
<2808.12,2808.89,altruista >
<2809.30,2809.40,i >
<2809.40,2809.94,seriosa >
<2810.37,2810.65,moltes >
<2810.65,2811.09,gràcies 
>
