<219.39,219.74,saben>
<219.74,219.85,el>
<219.85,219.94,que>
<219.94,220.02,és>
<220.02,220.46,això>
<221.72,222.54,sí>
<225.00,225.31,un>
<225.31,225.96,catàleg>
<227.40,227.67,un>
<227.67,228.28,catàleg>
<228.38,228.49,de>
<228.49,228.91,dones>
<228.92,229.82,gestants>
<230.87,231.00,que>
<231.00,231.48,tenen>
<231.50,231.77,unes>
<231.77,232.38,determinades>
<232.38,233.14,característiques>
<233.14,234.05,genètiques>
<236.80,236.95,per>
<236.95,237.20,donar>
<237.20,237.40,aquest>
<237.40,237.82,fruit>
<238.75,239.57,infants>
<242.35,242.63,algú>
<242.63,242.70,de>
<242.70,243.52,vostès>
<244.39,245.14,agafaria>
<245.50,245.78,aquests>
<245.78,246.19,infants>
<246.19,246.63,triaria>
<246.63,246.97,aquestes>
<246.97,247.27,dones>
<247.27,247.35,en>
<247.35,247.46,un>
<247.46,248.09,catàleg>
<249.32,249.71,no>
<250.53,250.66,el>
<250.66,250.80,més>
<250.80,251.09,probable>
<251.09,251.16,és>
<251.16,251.27,que>
<251.27,251.59,no>
<252.70,253.45,primer>
<253.94,254.53,només>
<254.77,255.10,un>
<255.11,255.43,dos>
<255.43,255.70,coma>
<255.70,255.97,set>
<255.97,256.15,per>
<256.15,256.42,cent>
<256.42,256.51,de>
<256.51,257.10,persones>
<257.10,257.29,que>
<257.29,257.38,hi>
<257.38,257.54,ha>
<257.55,257.70,en>
<257.70,258.07,aquesta>
<258.07,258.60,sala>
<258.91,259.26,podria>
<259.26,259.90,permetre-s'ho>
<260.87,261.07,no>
<261.07,261.53,cal>
<261.92,262.04,que>
<262.04,262.15,li>
<262.15,262.44,pagues>
<262.44,262.50,a>
<262.50,262.98,ningú>
<263.22,263.28,ni>
<263.33,263.54,tan>
<263.54,263.93,sols>
<264.01,264.76,costejar-se>
<264.76,264.94,les>
<264.94,265.69,despeses>
<265.69,265.84,que>
<265.84,266.40,genera>
<266.81,266.97,la>
<266.97,267.41,gestació>
<267.41,268.09,subrogada>
<270.10,270.22,què>
<270.22,270.38,vol>
<270.38,270.50,dir>
<270.50,270.60,que>
<270.60,270.63,hi>
<270.63,270.76,hagi>
<270.76,270.84,un>
<270.84,271.54,catàleg>
<273.07,273.18,que>
<273.18,273.23,hi>
<273.23,273.32,ha>
<273.46,274.36,triats>
<274.96,275.07,i>
<275.07,275.37,gent>
<276.80,277.09,que>
<277.09,277.50,tria>
<280.37,280.57,per>
<280.57,280.68,què>
<280.68,281.23,trien>
<281.64,282.44,aquests>
<282.44,283.13,infants>
<283.59,283.71,per>
<283.71,284.55,ajudar-los>
<285.03,285.47,no>
<285.95,286.07,no>
<286.07,286.17,els>
<286.17,286.44,poden>
<286.44,286.84,ajudar>
<287.25,287.55,aquests>
<287.55,288.18,infants>
<288.51,289.05,encara>
<289.05,289.14,no>
<289.14,289.98,existeixen>
<291.05,291.20,els>
<291.20,291.91,infants>
<292.31,292.61,tenen>
<292.61,293.09,dret>
<293.30,293.38,a>
<293.38,293.51,ser>
<293.51,294.17,ajudats>
<294.64,294.73,i>
<294.73,294.79,a>
<294.79,295.24,tenir>
<295.32,295.69,una>
<295.70,296.54,infància>
<296.77,297.28,digna>
<301.50,301.70,de>
<301.70,302.37,veritat>
<304.09,304.52,volen>
<304.69,305.05,crear>
<305.06,305.27,un>
<305.27,305.58,marc>
<305.58,306.18,legal>
<306.41,306.55,que>
<306.55,306.96,doni>
<306.97,307.56,validesa>
<307.56,308.10,jurídica>
<308.10,308.26,per>
<308.26,308.32,a>
<308.32,308.75,permetre>
<308.75,308.82,el>
<308.82,309.55,desenvolupament>
<309.55,309.89,d'aquesta>
<309.89,310.57,activitat>
<310.79,310.95,és>
<310.95,311.01,a>
<311.01,311.30,dir>
<311.72,312.84,legalitzar-la>
<314.22,314.69,entenem>
<314.69,315.06,gestació>
<315.06,315.80,subrogada>
<315.81,316.01,com>
<316.01,316.07,a>
<316.07,316.41,manera>
<316.41,316.85,d'accedir>
<316.85,316.88,a>
<316.88,316.94,la>
<316.94,317.77,maternitat>
<318.08,318.22,a>
<318.22,318.60,través>
<318.60,318.70,de>
<318.70,318.81,la>
<318.81,319.37,qual>
<319.49,320.08,s'empra>
<320.08,320.20,un>
<320.20,320.54,ventre>
<320.54,321.08,extern>
<323.66,324.14,la>
<324.45,325.37,maternitat>
<325.68,325.95,serà>
<325.95,326.08,el>
<326.08,326.78,centre>
<326.83,327.23,d'aquest>
<327.23,327.72,debat>
<355.34,355.48,el>
<355.48,355.73,primer>
<355.73,356.27,argument>
<357.26,357.39,la>
<357.39,358.03,gestació>
<358.04,359.18,subrogada>
<359.32,359.99,contrau>
<360.14,360.45,una>
<360.45,361.21,profunda>
<361.22,362.12,incoherència>
<362.12,362.69,moral>
<363.26,363.48,amb>
<363.48,363.63,el>
<363.63,363.75,que>
<363.75,364.20,entenem>
<364.20,364.84,nosaltres>
<364.84,364.96,que>
<364.96,365.04,és>
<365.04,365.13,la>
<365.13,365.96,maternitat>
<366.78,366.90,la>
<366.90,367.74,maternitat>
<367.84,368.20,és>
<368.38,369.08,l'acte>
<369.11,369.81,segurament>
<369.94,370.53,més>
<370.55,371.35,extrem>
<371.56,372.49,d'altruisme>
<372.52,372.64,i>
<372.64,373.48,generositat>
<373.57,373.65,que>
<373.65,373.76,es>
<373.76,374.21,puguin>
<374.21,374.73,imaginar>
<377.38,377.63,quants>
<377.63,377.77,dels>
<377.77,377.85,que>
<377.85,378.07,estem>
<378.07,378.37,aquesta>
<378.37,378.96,sala>
<379.43,379.58,o>
<379.58,379.97,encara>
<379.97,380.31,vivim>
<380.31,380.44,amb>
<380.44,380.55,els>
<380.55,380.87,nostres>
<380.87,381.51,pares>
<381.82,381.98,o>
<381.98,382.32,encara>
<382.32,382.40,en>
<382.40,382.74,depenem>
<382.74,383.72,econòmicament>
<384.11,384.63,o>
<384.64,385.55,simplement>
<385.92,386.11,ens>
<386.11,386.57,ajuden>
<386.72,386.97,en>
<386.97,387.26,tot>
<387.26,387.81,moment>
<391.44,391.71,així>
<391.71,392.11,doncs>
<392.30,392.97,entenem>
<393.88,394.54,profundament>
<394.54,395.20,incoherent>
<395.22,395.32,que>
<395.32,395.49,un>
<395.49,396.36,caprici>
<396.76,397.02,d'uns>
<397.02,397.56,pares>
<397.61,397.72,que>
<397.72,397.97,volen>
<397.97,398.42,tenir>
<398.63,398.86,uns>
<398.86,399.35,fills>
<399.70,399.85,pel>
<399.85,400.21,simple>
<400.21,400.56,fet>
<400.82,400.96,de>
<400.96,401.50,compartir>
<401.50,401.92,genètica>
<401.92,402.01,amb>
<402.01,402.26,aquests>
<402.26,402.87,fills>
<404.41,404.66,està>
<404.66,405.30,totalment>
<406.24,406.41,en>
<406.41,407.05,contraposició>
<407.05,407.14,amb>
<407.14,407.21,la>
<407.21,407.78,generositat>
<407.78,407.86,que>
<407.86,408.63,representaria>
<408.66,409.40,adoptar>
<409.41,409.72,aquests>
<409.72,410.24,fills>
<411.70,412.12,tenim>
<412.22,412.41,un>
<412.41,413.08,segon>
<413.09,413.79,argument>
<413.87,413.97,que>
<413.97,414.06,és>
<414.06,414.13,un>
<414.13,414.67,argument>
<414.86,415.49,legal>
<424.54,424.74,per>
<424.74,424.98,què>
<424.99,425.58,legislem>
<425.58,425.75,per>
<425.75,425.90,les>
<425.90,426.46,elits>
<426.69,426.88,és>
<426.88,427.57,profundament>
<427.57,428.70,anticonstitucional>
<433.90,434.02,i>
<434.02,434.17,en>
<434.17,434.49,tercer>
<434.49,434.96,lloc>
<435.32,435.56,tenim>
<435.56,435.66,un>
<435.66,436.22,argument>
<437.57,437.67,que>
<437.67,438.31,l'anomenem>
<438.96,439.21,de>
<439.21,440.08,supremacisme>
<440.08,440.71,biològic>
<443.25,443.39,a>
<443.39,443.76,partir>
<443.76,443.90,del>
<443.90,444.39,moment>
<444.99,445.20,en>
<445.20,445.57,què>
<445.58,446.26,deixem>
<446.34,446.93,persones>
<446.93,447.30,triar>
<447.33,447.50,en>
<447.50,447.63,un>
<447.63,448.31,catàleg>
<448.55,449.36,característiques>
<449.36,450.13,genètiques>
<450.51,450.81,estem>
<450.81,451.23,anant>
<451.43,451.60,al>
<451.60,452.04,caprici>
<452.04,452.30,d'unes>
<452.30,453.01,persones>
<453.34,453.48,que>
<453.48,454.25,modelen>
<454.26,454.87,altres>
<454.88,455.75,genèticament>
<456.19,456.44,estem>
<456.44,456.93,accedint>
<456.94,457.05,a>
<457.05,457.23,una>
<457.23,457.97,maternitat>
<457.97,458.02,a>
<458.02,458.12,la>
<458.12,458.60,carta>
<487.09,487.87,gestació>
<488.03,488.93,subrogada>
<489.84,490.48,tècnica>
<490.75,490.86,per>
<490.86,490.97,la>
<490.97,491.52,qual>
<491.67,491.90,una>
<491.90,492.49,dona>
<492.81,493.33,accepta>
<493.33,493.57,donar>
<493.57,493.65,el>
<493.65,493.85,seu>
<493.85,494.79,consentiment>
<494.99,495.15,per>
<495.15,495.52,quedar-se>
<495.52,496.33,embarassada>
<496.72,496.75,i>
<496.99,497.94,posteriorment>
<497.99,498.44,parir>
<499.01,499.53,lliurar>
<499.54,499.81,aquest>
<499.81,500.21,nadó>
<500.84,500.98,en>
<500.98,501.15,una>
<501.15,501.54,família>
<501.54,502.21,comitent>
<502.53,502.56,o>
<502.56,502.59,a>
<502.59,502.78,un>
<502.78,503.26,tercer>
<504.50,505.19,aquesta>
<505.27,505.42,és>
<505.42,505.49,la>
<505.49,506.25,definició>
<506.53,506.73,és>
<506.73,506.95,el>
<507.06,507.52,punt>
<507.64,507.78,de>
<507.78,508.35,partida>
<509.29,509.42,no>
<509.42,510.18,obstant>
<510.24,510.63,d'aquest>
<510.69,510.96,punt>
<510.96,511.20,se'n>
<511.20,511.52,poden>
<511.52,512.24,derivar>
<512.34,512.84,molts>
<512.84,513.15,models>
<513.15,513.84,diferents>
<514.21,514.74,models>
<514.94,515.08,que>
<515.08,515.37,poden>
<515.37,515.71,tenir>
<517.27,517.49,una>
<517.49,518.51,transcendència>
<519.91,520.24,molt>
<520.24,521.03,important>
<521.03,521.22,cap>
<521.22,521.27,a>
<521.27,521.39,la>
<521.39,521.61,dona>
<521.61,522.26,gestant>
<522.80,523.00,cap>
<523.00,523.11,al>
<523.11,523.63,nounat>
<523.83,523.92,i>
<523.92,524.11,cap>
<524.11,524.16,a>
<524.16,524.26,la>
<524.26,524.68,família>
<524.68,525.28,comitent>
<530.51,531.14,sí>
<531.43,531.53,a>
<531.53,531.64,la>
<531.64,532.52,legalització>
<532.71,532.83,de>
<532.83,532.92,la>
<532.92,533.51,gestació>
<533.52,534.36,subrogada>
<535.18,535.64,perquè>
<535.65,536.22,és>
<536.24,537.48,necessària>
<541.33,541.46,per>
<541.46,541.56,la>
<541.56,542.46,reproducció>
<542.98,543.25,perquè>
<543.25,543.45,és>
<543.45,543.58,una>
<543.58,544.10,necessitat>
<544.10,544.50,humana>
<545.82,546.08,perquè>
<546.08,546.28,les>
<546.28,546.83,dones>
<546.95,547.28,puguin>
<547.28,547.59,ser>
<547.59,548.39,lliures>
<549.39,549.54,qui>
<549.54,549.73,som>
<549.73,550.57,nosaltres>
<550.95,551.19,per>
<551.19,551.68,dir>
<551.69,551.78,a>
<551.78,552.05,una>
<552.05,552.48,dona>
<552.53,552.69,què>
<552.69,553.04,fer>
<553.06,553.14,o>
<553.14,553.46,deixar>
<553.46,553.55,de>
<553.55,553.72,fer>
<553.72,553.83,amb>
<553.83,553.89,el>
<553.89,554.06,seu>
<554.06,554.35,propi>
<554.35,554.81,cos>
<555.93,556.14,perquè>
<556.14,556.48,aquelles>
<556.48,556.99,persones>
<556.99,557.12,que>
<557.12,557.75,físicament>
<557.75,557.85,no>
<557.85,558.17,puguin>
<558.17,558.44,tenir>
<558.44,558.86,fills>
<559.44,559.90,puguin>
<560.81,561.09,això>
<561.09,561.21,no>
<561.21,561.41,vol>
<561.41,561.75,dir>
<562.36,562.96,que>
<563.04,563.35,puguem>
<563.35,564.18,ignorar>
<564.19,564.31,que>
<564.31,564.90,podrien>
<564.91,565.72,adoptar>
<566.29,566.53,perquè>
<566.53,566.63,la>
<566.63,567.31,qüestió>
<567.35,567.96,rau>
<567.98,568.15,en>
<568.15,568.24,què>
<568.24,568.32,el>
<568.32,569.06,fonament>
<569.38,569.47,de>
<569.47,570.19,l'adopció>
<570.22,570.39,no>
<570.39,570.49,és>
<570.49,570.60,el>
<570.60,571.15,mateix>
<571.16,571.23,que>
<571.23,571.30,el>
<571.30,571.39,de>
<571.39,571.49,la>
<571.49,572.12,gestació>
<578.07,578.29,el>
<578.40,579.27,com>
<580.12,580.28,i>
<580.28,580.76,serà>
<580.78,581.39,evitant>
<581.54,581.94,tota>
<581.94,582.05,la>
<582.05,582.89,problemàtica>
<582.89,583.43,actual>
<583.43,583.63,dels>
<583.63,584.06,models>
<584.14,584.32,ja>
<584.32,585.25,existents>
<586.17,586.37,un>
<586.37,586.75,sí>
<586.94,587.05,a>
<587.05,587.17,la>
<587.17,588.18,legalització>
<588.24,588.32,de>
<588.32,588.41,la>
<588.41,589.05,gestació>
<589.05,589.85,subrogada>
<590.13,590.90,raonable>
<591.83,592.03,un>
<592.03,592.36,sí>
<592.55,593.53,sostenible>
<593.69,594.46,èticament>
<595.45,595.68,un>
<595.68,596.05,sí>
<596.23,597.24,altruista>
<597.33,598.19,protector>
<598.25,598.39,i>
<598.39,598.96,garant>
<599.15,599.47,amb>
<599.50,599.93,totes>
<599.93,600.18,les>
<600.19,600.70,parts>
<600.73,601.70,involucrades>
<602.53,602.68,qui>
<602.68,603.03,són>
<603.03,603.56,aquestes>
<603.58,604.11,parts>
<604.78,604.96,les>
<604.96,605.35,famílies>
<605.35,606.08,comitents>
<607.04,607.77,famílies>
<608.01,608.91,monoparentals>
<609.47,609.97,d'homes>
<610.71,611.09,i>
<611.12,611.67,parelles>
<611.72,612.08,gais>
<613.00,613.50,parelles>
<613.51,613.63,de>
<613.63,614.45,lesbianes>
<614.54,614.61,i>
<614.61,615.65,heterosexuals>
<616.47,616.69,o>
<616.69,617.65,monoparentals>
<617.68,617.85,de>
<617.85,618.44,dones>
<618.80,618.93,en>
<618.93,619.12,les>
<619.12,619.46,quals>
<619.49,620.33,aquestes>
<620.43,620.56,no>
<620.56,620.86,puguin>
<620.86,621.41,gestar>
<621.87,622.05,amb>
<622.05,622.11,el>
<622.11,622.31,seu>
<622.31,622.65,propi>
<622.65,623.00,úter>
<623.52,623.65,que>
<623.65,623.76,no>
<623.76,623.95,vol>
<623.95,624.29,dir>
<624.53,624.62,que>
<624.62,624.71,els>
<624.71,625.01,seus>
<625.01,625.52,òvuls>
<625.58,625.70,no>
<625.70,626.00,siguin>
<626.00,626.69,viables>
<630.47,631.31,paral·lelament>
<631.32,631.43,a>
<631.43,631.54,la>
<631.54,632.02,donació>
<632.02,632.59,d'òrgans>
<632.73,633.58,in>
<633.74,634.28,vivo>
<635.33,635.62,també>
<635.62,635.68,hi>
<635.68,635.82,ha>
<635.86,636.24,dones>
<636.27,636.43,que>
<636.43,636.73,volen>
<636.73,637.22,cedir>
<637.37,637.48,el>
<637.48,637.77,seu>
<637.77,638.31,ventre>
<638.35,638.48,de>
<638.48,639.02,manera>
<639.31,640.00,voluntària>
<640.14,640.22,i>
<640.22,640.94,altruista>
<641.80,641.90,i>
<641.90,642.12,per>
<642.12,642.62,últim>
<642.73,642.94,els>
<642.94,643.54,menors>
<643.65,644.25,gestats>
<644.27,644.40,a>
<644.40,645.02,l'estranger>
<645.60,646.19,donarem>
<646.32,647.21,resposta>
<647.23,647.37,a>
<647.37,647.63,què>
<647.65,648.09,passa>
<648.09,648.41,si>
<648.54,648.74,es>
<648.74,649.20,salten>
<649.20,649.28,el>
<649.28,649.64,nostre>
<649.64,650.00,model>
<652.53,654.50,desincentivem>
<654.65,654.81,la>
<654.81,655.32,gestació>
<655.32,655.35,a>
<655.35,656.02,l'estranger>
<669.10,669.56,aquest>
<669.85,670.22,és>
<670.29,670.43,el>
<670.43,670.78,nostre>
<670.78,671.13,model>
<671.16,672.20,altruista>
<672.21,672.57,sense>
<672.57,673.27,retribució>
<673.27,673.44,que>
<673.44,673.56,no>
<673.56,673.80,vol>
<673.80,674.03,dir>
<674.10,674.36,sense>
<674.36,675.01,compensació>
<675.01,675.50,econòmica>
<675.50,675.67,per>
<675.67,675.80,la>
<675.80,676.17,dona>
<677.82,678.49,perquè>
<678.52,679.01,sabem>
<679.02,679.13,que>
<679.13,679.67,l'embaràs>
<679.68,679.85,és>
<679.85,679.96,un>
<679.96,680.39,procés>
<680.49,681.43,molt>
<681.44,682.07,difícil>
<683.15,683.33,però>
<683.33,683.43,és>
<683.43,683.56,que>
<683.56,683.68,la>
<683.68,684.09,dona>
<684.32,684.44,ha>
<684.44,684.54,de>
<684.54,684.76,ser>
<684.76,685.26,lliure>
<685.44,686.02,d'elegir>
<686.17,686.28,què>
<686.28,686.34,ha>
<686.34,686.45,de>
<686.52,686.79,fer>
<687.20,687.36,amb>
<687.36,687.43,el>
<687.43,687.62,seu>
<687.62,687.92,propi>
<687.92,688.31,cos>
<688.55,688.66,i>
<688.66,688.98,com>
<689.04,689.25,va>
<689.25,689.46,dir>
<689.65,690.21,l'activista>
<690.21,690.96,estatunidenca>
<690.96,691.45,margaret>
<691.45,691.90,sanger>
<692.41,692.61,les>
<692.61,692.97,dones>
<693.04,693.34,no>
<693.34,693.73,podem>
<693.73,693.93,ser>
<693.93,694.33,lliures>
<694.33,694.75,sense>
<694.75,695.09,tenir>
<695.09,695.15,el>
<695.15,695.61,control>
<695.61,695.81,sobre>
<695.81,695.87,el>
<695.87,696.21,nostre>
<696.21,696.61,propi>
<696.61,696.98,cos>
<705.26,705.43,amb>
<705.43,705.51,el>
<705.51,706.03,nostre>
<706.10,706.79,model>
<706.95,707.77,evitarem>
<708.14,708.27,que>
<708.27,708.39,se>
<708.39,708.67,puguin>
<708.67,709.06,produir>
<709.06,709.85,problemàtiques>
<709.86,710.51,aplicant>
<710.68,710.81,el>
<710.81,711.32,sistema>
<711.32,711.42,de>
<711.42,711.56,la>
<711.56,712.16,donació>
<712.16,712.69,d'òrgans>
<712.70,712.83,i>
<712.83,712.94,de>
<712.94,713.65,l'adopció>
<714.56,714.68,un>
<714.68,715.01,model>
<715.12,715.64,públic>
<715.65,716.04,basat>
<716.04,716.11,en>
<716.11,716.22,la>
<716.54,717.35,solidaritat>
<717.36,717.45,i>
<717.45,717.56,la>
<717.56,718.21,voluntarietat>
<718.21,718.78,anònima>
<886.49,886.71,ens>
<1176.69,1177.50,centrarem>
<1177.52,1177.72,en>
<1177.72,1177.82,que>
<1177.82,1178.39,és>
<1178.40,1178.63,una>
<1178.63,1179.40,necessitat>
<1179.50,1180.38,humana>
<1180.93,1181.05,la>
<1181.05,1181.78,reproducció>
<1182.45,1182.61,en>
<1182.61,1182.90,segon>
<1182.90,1183.27,lloc>
<1183.34,1183.45,que>
<1183.45,1183.56,és>
<1183.56,1183.68,una>
<1183.68,1184.20,qüestió>
<1184.21,1184.38,de>
<1184.38,1185.11,llibertats>
<1185.51,1185.60,i>
<1185.60,1185.70,en>
<1185.70,1185.98,tercer>
<1185.98,1186.40,lloc>
<1186.97,1187.16,que>
<1188.03,1188.23,ens>
<1188.23,1188.66,trobem>
<1188.70,1188.89,amb>
<1188.89,1189.10,una>
<1189.10,1190.00,ineficàcia>
<1190.06,1190.19,de>
<1190.19,1190.28,la>
<1190.28,1191.10,prohibició>
<1191.11,1191.88,idealista>
<1192.34,1192.48,en>
<1192.48,1192.62,un>
<1192.62,1193.18,món>
<1193.20,1193.93,globalitzat>
<1199.11,1199.33,les>
<1199.33,1199.81,famílies>
<1199.81,1200.65,comitents>
<1200.98,1201.15,es>
<1201.15,1201.42,poden>
<1201.42,1201.77,aferrar>
<1201.77,1202.64,perfectament>
<1203.15,1203.37,amb>
<1203.37,1203.54,un>
<1203.54,1204.11,principi>
<1204.11,1204.59,rector>
<1204.59,1204.71,del>
<1204.71,1204.97,nostre>
<1204.97,1205.40,ordenament>
<1205.40,1205.69,jurídic>
<1205.69,1205.75,de>
<1205.75,1205.81,la>
<1205.81,1206.34,constitució>
<1206.34,1206.96,espanyola>
<1207.23,1207.47,com>
<1207.47,1207.73,és>
<1207.74,1207.93,el>
<1207.93,1208.08,de>
<1208.08,1208.18,que>
<1208.18,1208.38,els>
<1208.38,1208.82,poders>
<1208.82,1209.51,públics>
<1209.81,1210.20,han>
<1210.21,1210.87,d'assegurar>
<1210.87,1210.96,la>
<1210.96,1211.42,protecció>
<1211.42,1211.94,jurídica>
<1211.94,1212.53,econòmica>
<1212.53,1212.60,i>
<1212.60,1213.35,social>
<1213.76,1214.02,de>
<1214.02,1214.47,totes>
<1214.47,1214.81,les>
<1214.91,1215.55,famílies>
<1215.55,1215.67,que>
<1215.67,1215.99,vulguin>
<1215.99,1216.77,formar-les>
<1217.25,1217.44,una>
<1217.44,1217.90,família>
<1217.90,1218.03,al>
<1218.03,1218.60,trenta-nou>
<1218.73,1218.96,punt>
<1218.96,1219.02,de>
<1219.02,1219.11,la>
<1219.11,1219.59,constitució>
<1219.59,1219.98,espanyola>
<1219.98,1220.08,i>
<1220.08,1220.37,això>
<1220.37,1220.52,per>
<1220.52,1220.82,tant>
<1221.10,1221.44,obre>
<1221.44,1221.54,la>
<1221.54,1221.99,porta>
<1222.00,1222.12,a>
<1222.12,1222.54,legalitzar>
<1222.54,1222.62,la>
<1222.62,1222.99,gestació>
<1222.99,1223.66,subrogada>
<1223.71,1223.88,amb>
<1223.88,1223.95,la>
<1223.95,1224.21,lliure>
<1224.21,1224.70,elecció>
<1225.10,1225.23,de>
<1225.23,1225.36,les>
<1225.36,1225.80,famílies>
<1227.38,1227.94,cal>
<1228.92,1229.57,esgotar>
<1229.58,1229.86,les>
<1229.86,1230.14,vies>
<1230.14,1230.23,de>
<1230.23,1230.64,tècniques>
<1230.64,1230.71,de>
<1230.71,1231.35,reproducció>
<1231.35,1231.99,assistida>
<1232.39,1232.71,estem>
<1232.71,1233.07,d'acord>
<1233.07,1233.19,que>
<1233.19,1233.28,no>
<1233.28,1233.46,és>
<1233.46,1233.65,una>
<1233.65,1234.05,via>
<1234.29,1234.43,per>
<1234.43,1234.50,a>
<1234.50,1234.80,tothom>
<1234.81,1234.94,és>
<1234.94,1235.09,una>
<1235.09,1235.39,via>
<1235.40,1235.51,per>
<1235.51,1235.59,la>
<1235.59,1235.88,gent>
<1236.08,1236.19,que>
<1236.19,1236.29,ho>
<1236.29,1236.94,necessiti>
<1237.64,1238.28,i>
<1238.29,1238.87,dir-li>
<1238.88,1239.61,algun>
<1239.66,1239.87,dels>
<1239.87,1240.07,meus>
<1240.07,1240.60,companys>
<1240.60,1240.74,que>
<1240.74,1241.07,estan>
<1241.07,1241.22,al>
<1241.22,1241.75,públic>
<1242.08,1242.23,que>
<1242.23,1242.52,són>
<1242.52,1242.67,del>
<1242.67,1243.27,col·lectiu>
<1243.41,1244.16,lgtbi>
<1244.17,1244.37,o>
<1244.37,1244.50,els>
<1244.50,1244.58,que>
<1244.58,1244.69,ens>
<1244.69,1245.07,estiguin>
<1245.07,1245.31,mirant>
<1245.31,1245.51,per>
<1245.51,1246.05,streaming>
<1246.16,1246.40,si>
<1246.40,1247.19,realment>
<1247.33,1247.75,aquesta>
<1247.75,1247.93,gent>
<1247.93,1248.29,només>
<1248.29,1248.36,han>
<1248.36,1249.05,d'atenir-se>
<1249.22,1249.39,a>
<1249.39,1249.80,una>
<1249.80,1250.17,via>
<1250.17,1250.75,disponible>
<1250.75,1250.91,com>
<1250.91,1251.03,és>
<1251.03,1251.45,l'adopció>
<1251.45,1252.06,perquè>
<1252.09,1252.41,els>
<1252.56,1253.04,prenen>
<1253.05,1253.50,aquesta>
<1253.50,1254.13,llibertat>
<1255.10,1255.22,en>
<1255.22,1255.49,segon>
<1255.49,1255.75,lloc>
<1255.75,1256.04,també>
<1256.04,1256.57,dir-li>
<1258.06,1258.33,això>
<1258.33,1258.43,el>
<1258.43,1258.84,mateix>
<1258.84,1259.14,amb>
<1259.14,1259.66,aquelles>
<1259.91,1260.35,mares>
<1260.35,1260.46,que>
<1260.46,1260.56,es>
<1260.56,1260.87,troben>
<1260.87,1260.97,en>
<1260.97,1261.09,una>
<1261.09,1261.50,situació>
<1261.51,1261.64,que>
<1261.64,1261.72,el>
<1261.72,1261.97,seu>
<1261.98,1262.41,úter>
<1262.62,1262.77,ha>
<1262.77,1263.09,patit>
<1263.09,1263.19,una>
<1263.19,1264.01,malformació>
<1264.18,1264.28,i>
<1264.28,1264.42,no>
<1264.42,1264.78,poden>
<1264.78,1266.02,gestar>
<1268.58,1268.95,vostè>
<1268.95,1269.42,parlava>
<1269.42,1269.67,dels>
<1269.67,1271.15,costos>
<1274.56,1274.72,que>
<1274.89,1275.12,vol>
<1275.12,1275.65,privatitzar>
<1275.65,1275.78,la>
<1275.79,1276.23,sanitat>
<1276.23,1276.92,espanyola>
<1278.98,1279.05,i>
<1279.05,1279.28,està>
<1279.28,1279.46,fent>
<1279.46,1279.82,aquí>
<1279.96,1280.10,la>
<1280.10,1280.81,comptabilitat>
<1280.81,1280.89,de>
<1280.89,1280.98,la>
<1280.98,1281.46,sanitat>
<1282.88,1283.30,tenim>
<1283.30,1283.40,un>
<1283.40,1283.74,sistema>
<1283.74,1284.21,sanitari>
<1284.21,1284.72,públic>
<1284.72,1285.46,aprofitem-lo>
<1285.46,1285.59,que>
<1285.81,1286.09,tenim>
<1286.09,1286.28,unes>
<1286.28,1286.88,garanties>
<1286.88,1286.92,i>
<1286.92,1287.08,unes>
<1287.08,1287.69,infraestructures>
<1287.69,1288.43,privilegiades>
<1289.18,1289.32,no>
<1289.32,1289.48,anem>
<1289.48,1289.65,a>
<1289.65,1289.98,buscar>
<1289.98,1290.09,els>
<1290.09,1290.62,costos>
<1290.86,1290.99,que>
<1290.99,1291.46,suposa>
<1291.46,1291.59,la>
<1291.59,1291.90,nostra>
<1291.90,1292.58,sanitat>
<1297.30,1297.49,ens>
<1297.49,1297.79,basem>
<1297.79,1298.29,en>
<1298.44,1298.64,una>
<1298.64,1299.02,doctora>
<1299.02,1299.09,que>
<1299.09,1299.41,vostés>
<1299.41,1299.63,tenen>
<1299.63,1299.72,el>
<1299.72,1300.33,privilegi>
<1300.33,1300.44,de>
<1300.44,1300.71,tindre>
<1300.71,1300.80,la>
<1300.80,1301.28,universitat>
<1301.28,1301.35,de>
<1301.35,1301.88,barcelona>
<1302.17,1302.69,eleonora>
<1302.69,1303.03,lant>
<1304.23,1304.51,ella>
<1304.51,1304.76,diu>
<1304.76,1304.97,que>
<1304.97,1305.35,darrere>
<1305.35,1305.45,la>
<1305.45,1306.15,gestació>
<1306.30,1307.25,subrogada>
<1307.26,1307.37,i>
<1307.37,1307.49,el>
<1307.49,1307.73,lliure>
<1307.73,1308.35,desenvolupament>
<1308.35,1308.42,de>
<1308.42,1308.50,la>
<1308.50,1309.43,personalitat>
<1309.44,1309.59,la>
<1309.59,1310.49,capacitat>
<1310.50,1310.67,de>
<1310.67,1311.57,consentiment>
<1311.65,1311.79,de>
<1311.79,1311.90,la>
<1311.90,1312.22,dona>
<1312.44,1312.62,qui>
<1312.62,1312.93,som>
<1312.93,1313.66,nosaltres>
<1313.66,1313.83,per>
<1313.83,1313.97,dir>
<1313.97,1314.01,a>
<1314.01,1314.19,una>
<1314.19,1314.49,dona>
<1314.49,1314.61,que>
<1314.61,1314.68,és>
<1314.68,1314.80,el>
<1314.80,1314.92,que>
<1314.92,1315.14,pot>
<1315.14,1315.35,fer>
<1315.35,1315.43,o>
<1315.43,1315.74,deixar>
<1315.74,1315.84,de>
<1315.84,1316.16,fer>
<1316.24,1316.42,amb>
<1316.42,1316.49,el>
<1316.49,1316.68,seu>
<1316.68,1316.99,propi>
<1316.99,1317.41,cos>
<1318.07,1318.21,a>
<1318.21,1318.35,més>
<1318.35,1318.41,a>
<1318.41,1318.53,més>
<1318.53,1318.68,ens>
<1318.68,1318.88,trobem>
<1318.88,1319.01,amb>
<1319.01,1319.14,una>
<1319.14,1319.46,qüestió>
<1319.46,1319.63,de>
<1319.63,1320.44,solidaritat>
<1321.08,1321.98,solidaritat>
<1321.98,1322.06,que>
<1322.06,1322.15,es>
<1322.15,1322.40,basa>
<1322.40,1322.49,en>
<1322.49,1322.70,un>
<1322.70,1322.98,acte>
<1322.98,1323.85,altruista>
<1324.96,1325.05,que>
<1325.05,1325.22,això>
<1325.22,1325.28,és>
<1325.28,1325.37,el>
<1325.37,1325.47,que>
<1325.47,1325.74,evita>
<1325.74,1326.08,qualsevol>
<1326.08,1326.74,mercantilització>
<1334.14,1334.57,els>
<1335.04,1335.38,vostres>
<1335.38,1335.81,arguments>
<1335.93,1336.19,són>
<1336.19,1336.33,els>
<1336.33,1336.57,que>
<1337.31,1338.07,caracteritzen>
<1338.07,1338.14,el>
<1338.14,1338.37,nostre>
<1338.37,1338.73,model>
<1338.93,1339.41,sense>
<1339.41,1339.54,les>
<1339.54,1339.85,vostres>
<1339.85,1340.35,crítiques>
<1340.50,1340.62,el>
<1340.62,1340.87,nostre>
<1340.87,1341.15,model>
<1341.15,1341.27,no>
<1341.27,1341.70,seria>
<1341.92,1342.57,possible>
<1343.81,1344.09,i>
<1344.09,1344.29,com>
<1344.29,1344.40,és>
<1344.40,1345.03,altruista>
<1345.34,1345.51,no>
<1345.51,1345.90,atempta>
<1345.90,1346.06,per>
<1346.06,1346.41,tant>
<1346.55,1346.71,a>
<1346.71,1346.82,la>
<1346.82,1347.47,dignitat>
<1347.88,1348.04,de>
<1348.05,1348.15,la>
<1348.15,1348.60,persona>
<1350.98,1351.09,és>
<1351.09,1351.29,vostè>
<1351.29,1351.76,conscient>
<1351.76,1351.84,que>
<1351.84,1351.92,no>
<1351.92,1352.01,és>
<1352.01,1352.08,el>
<1352.08,1352.80,mateix>
<1352.81,1353.19,fundar>
<1353.19,1353.33,una>
<1353.33,1353.80,família>
<1353.80,1353.94,que>
<1353.94,1354.16,tenir>
<1354.16,1354.66,descendència>
<1354.66,1354.69,i>
<1354.69,1355.19,sobretot>
<1355.19,1355.63,escollir>
<1355.64,1355.90,com>
<1355.90,1356.11,serà>
<1356.11,1356.37,aquesta>
<1356.37,1357.00,descendència>
<1357.36,1357.96,totalment>
<1358.04,1358.18,però>
<1358.18,1358.24,és>
<1358.24,1358.33,que>
<1358.33,1358.73,vostès>
<1358.74,1359.12,s'estan>
<1359.12,1359.63,oposant>
<1359.64,1359.77,a>
<1359.77,1359.85,que>
<1359.85,1359.95,es>
<1359.95,1360.25,pugui>
<1360.25,1360.67,fundar>
<1360.67,1360.76,la>
<1360.76,1361.32,família>
<1361.32,1361.39,que>
<1361.39,1361.48,es>
<1361.48,1361.76,pugui>
<1361.76,1362.02,crear>
<1362.02,1362.11,la>
<1362.11,1362.62,família>
<1362.74,1362.87,a>
<1362.87,1363.14,través>
<1363.14,1363.31,d'una>
<1363.31,1363.54,altra>
<1363.54,1363.88,via>
<1364.03,1364.24,com>
<1364.24,1364.37,és>
<1364.37,1364.49,la>
<1364.49,1364.90,gestació>
<1364.90,1365.50,subrogada>
<1365.87,1366.54,s'oposen>
<1366.54,1366.61,a>
<1366.61,1366.79,la>
<1366.80,1367.64,llibertat>
<1368.68,1368.94,que>
<1369.13,1369.23,hi>
<1369.23,1369.54,hagi>
<1369.55,1369.78,una>
<1369.78,1369.96,via>
<1369.96,1370.51,disponible>
<1370.51,1370.80,més>
<1370.92,1371.04,per>
<1371.04,1371.10,al>
<1371.10,1371.60,col·lectiu>
<1371.60,1372.29,lgtbi>
<1372.43,1372.60,pel>
<1372.60,1373.14,col·lectiu>
<1373.14,1373.29,de>
<1373.29,1373.68,gent>
<1373.79,1373.95,que>
<1373.95,1374.35,no>
<1374.47,1374.73,tenen>
<1374.73,1374.81,la>
<1374.81,1375.42,possibilitat>
<1375.42,1375.49,de>
<1375.49,1375.81,tindre>
<1375.81,1376.27,fills>
<1387.14,1387.41,per>
<1387.41,1387.67,molt>
<1387.67,1387.77,que>
<1387.77,1388.32,prohibim>
<1388.44,1388.58,i>
<1388.58,1389.02,tanquem>
<1389.02,1389.17,els>
<1389.17,1389.40,ulls>
<1391.57,1391.79,no>
<1391.79,1392.12,podem>
<1392.12,1393.12,aturar>
<1393.20,1393.40,el>
<1393.40,1393.54,que>
<1393.54,1394.09,regulin>
<1394.22,1394.42,els>
<1394.42,1394.89,països>
<1394.89,1395.30,tercers>
<1395.44,1395.64,perquè>
<1395.64,1395.76,això>
<1395.76,1395.82,és>
<1395.82,1395.92,una>
<1395.92,1396.18,qüestió>
<1396.18,1396.27,de>
<1396.27,1396.46,dret>
<1396.46,1396.97,internacional>
<1396.97,1397.46,públic>
<1397.85,1398.01,què>
<1398.01,1398.32,podem>
<1398.32,1398.50,fer>
<1398.50,1398.86,nosaltres>
<1398.86,1398.93,la>
<1398.93,1399.55,sobirania>
<1399.55,1399.96,nacional>
<1399.96,1400.14,dels>
<1400.14,1400.49,països>
<1400.49,1400.89,tercers>
<1401.11,1401.63,res>
<1401.79,1402.01,perquè>
<1402.01,1402.10,no>
<1402.10,1402.20,hi>
<1402.20,1402.57,podem>
<1402.68,1403.37,interferir>
<1403.41,1403.50,i>
<1403.50,1404.10,nosaltres>
<1404.18,1404.42,també>
<1404.42,1404.62,estem>
<1404.62,1404.73,en>
<1404.73,1405.07,contra>
<1405.07,1405.13,de>
<1405.13,1405.27,les>
<1405.27,1405.49,males>
<1405.49,1405.92,pràctiques>
<1405.92,1406.10,dels>
<1406.10,1406.67,abusos>
<1406.85,1406.99,i>
<1406.99,1407.11,de>
<1407.11,1407.39,totes>
<1407.39,1407.57,les>
<1407.70,1408.21,condicions>
<1408.21,1408.80,paupèrrimes>
<1408.80,1408.84,i>
<1408.84,1409.37,misèrrimes>
<1409.37,1409.48,que>
<1409.48,1409.72,fan>
<1409.89,1410.51,pràctiques>
<1410.86,1411.49,vergonyoses>
<1411.49,1411.56,de>
<1411.56,1411.63,la>
<1411.63,1411.99,gestació>
<1411.99,1412.43,subrogada>
<1418.86,1419.00,la>
<1419.00,1419.65,legalització>
<1419.66,1419.81,és>
<1419.81,1420.34,garantia>
<1420.34,1420.42,de>
<1420.42,1421.36,seguretat>
<1421.37,1421.54,pel>
<1421.54,1421.67,que>
<1421.67,1422.14,podem>
<1422.15,1423.05,controlar>
<1423.06,1423.17,en>
<1423.17,1423.28,el>
<1423.28,1423.77,nostre>
<1423.87,1424.45,territori>
<1435.12,1435.25,què>
<1435.25,1435.49,diria>
<1435.49,1435.84,vostè>
<1435.84,1436.03,als>
<1436.03,1436.67,infants>
<1436.67,1436.88,que>
<1436.88,1437.83,potencialment>
<1437.83,1438.32,podrien>
<1438.32,1438.50,ser>
<1438.50,1438.94,adoptats>
<1438.94,1439.00,i>
<1439.00,1439.06,que>
<1439.06,1439.30,estan>
<1439.30,1439.40,en>
<1439.40,1439.75,espera>
<1439.75,1440.42,d'adopció>
<1440.88,1441.03,que>
<1441.80,1441.96,el>
<1441.96,1442.30,nostre>
<1442.30,1442.83,model>
<1444.85,1444.98,es>
<1444.98,1445.33,basa>
<1445.38,1445.66,en>
<1445.66,1446.09,dos>
<1446.34,1446.77,punts>
<1446.78,1447.41,essencials>
<1447.57,1448.39,l'altruisme>
<1448.50,1448.60,que>
<1448.60,1448.70,es>
<1448.70,1448.94,basa>
<1448.94,1449.00,en>
<1449.00,1449.09,la>
<1449.09,1449.74,donació>
<1449.75,1450.30,d'òrgans>
<1450.67,1450.79,i>
<1450.79,1450.97,els>
<1450.97,1451.55,requisits>
<1452.25,1453.14,d'idoneïtat>
<1453.28,1453.38,que>
<1453.38,1453.50,es>
<1453.50,1453.91,basa>
<1454.03,1454.23,amb>
<1454.23,1454.31,el>
<1454.31,1454.74,sistema>
<1454.74,1455.35,d'adopció>
<1455.77,1456.38,nosaltres>
<1456.48,1456.62,el>
<1456.62,1456.72,que>
<1456.72,1457.06,volem>
<1457.07,1457.21,és>
<1457.21,1457.51,vetllar>
<1457.51,1457.64,per>
<1457.64,1457.95,l'interés>
<1457.95,1458.33,superior>
<1458.33,1458.46,del>
<1458.46,1458.89,menor>
<1458.90,1459.41,d'aquesta>
<1459.41,1459.67,gent>
<1459.80,1459.94,que>
<1459.94,1460.17,també>
<1460.17,1460.32,està>
<1460.32,1460.75,esperant>
<1460.94,1461.11,que>
<1461.11,1461.39,una>
<1461.39,1461.91,família>
<1462.04,1462.18,la>
<1462.18,1462.68,adopti>
<1462.88,1463.15,perquè>
<1463.15,1463.31,tots>
<1463.31,1463.40,els>
<1463.40,1463.77,requisits>
<1465.17,1465.39,estan>
<1465.39,1465.92,basats>
<1466.14,1466.27,en>
<1466.27,1466.86,l'adopció>
<1467.61,1467.64,i>
<1467.65,1468.23,l'altruisme>
<1468.23,1468.31,al>
<1468.31,1468.87,final>
<1469.20,1469.78,implica>
<1469.78,1469.87,que>
<1469.87,1470.04,una>
<1470.04,1470.20,dona>
<1470.20,1470.70,gestant>
<1471.12,1471.44,gesta>
<1471.44,1471.52,el>
<1471.52,1471.82,fill>
<1471.82,1472.09,sense>
<1472.09,1472.35,rebre>
<1472.35,1472.55,diners>
<1472.55,1472.60,a>
<1472.60,1472.98,canvi>
<1473.65,1474.17,cap>
<1474.17,1474.47,ventre>
<1474.47,1474.71,pot>
<1474.71,1474.93,tenir>
<1474.93,1475.04,un>
<1475.04,1475.40,preu>
<1475.81,1475.94,per>
<1475.94,1476.27,tant>
<1476.28,1477.38,mercantilització>
<1477.39,1477.81,cap>
<1477.82,1478.00,ni>
<1478.00,1478.31,una>
<1480.30,1480.39,hi>
<1480.39,1480.59,hauria>
<1480.59,1480.71,una>
<1481.08,1481.65,compensació>
<1481.65,1482.26,rescabalament>
<1482.26,1482.38,però>
<1482.38,1482.83,bàsicament>
<1482.83,1483.02,per>
<1483.02,1483.51,protegir>
<1483.51,1483.55,a>
<1483.55,1483.65,la>
<1483.65,1483.94,dona>
<1483.94,1484.11,per>
<1484.11,1484.48,si>
<1484.57,1484.91,doncs>
<1485.07,1485.16,hi>
<1485.16,1485.26,ha>
<1485.26,1485.51,alguna>
<1485.51,1485.73,mena>
<1485.73,1485.84,de>
<1485.84,1486.29,danys>
<1486.47,1486.60,o>
<1486.60,1487.38,perjudicis>
<1487.98,1488.08,i>
<1488.08,1488.24,d'on>
<1488.24,1488.67,sortirien>
<1488.67,1488.80,les>
<1488.80,1489.26,dones>
<1490.10,1490.55,coneixen>
<1490.55,1490.63,el>
<1490.63,1490.71,que>
<1490.71,1490.78,és>
<1490.78,1490.87,la>
<1490.87,1491.19,donació>
<1491.19,1491.93,intervivos>
<1492.20,1492.34,és>
<1492.34,1492.46,el>
<1492.46,1492.73,fet>
<1493.00,1493.23,que>
<1493.23,1493.44,una>
<1493.44,1493.98,persona>
<1494.75,1495.16,viva>
<1495.52,1495.61,i>
<1495.61,1496.02,sana>
<1496.09,1496.38,dóna>
<1496.38,1496.52,un>
<1496.52,1496.78,òrgan>
<1496.78,1496.82,a>
<1496.82,1496.98,una>
<1496.98,1497.42,persona>
<1497.42,1498.04,desconeguda>
<1498.04,1498.21,per>
<1498.21,1498.47,tant>
<1498.62,1499.06,nosaltres>
<1499.06,1499.33,tenim>
<1499.33,1499.85,fe>
<1499.88,1500.00,i>
<1500.00,1500.39,creiem>
<1500.39,1500.47,en>
<1500.47,1501.05,l'altruisme>
<1501.61,1502.55,i>
<1505.76,1506.07,què>
<1512.61,1513.33,passaria>
<1513.62,1513.93,si>
<1513.93,1514.04,es>
<1514.04,1514.32,salten>
<1514.32,1514.51,aquest>
<1514.51,1514.94,sistema>
<1516.10,1516.35,doncs>
<1516.35,1516.45,que>
<1516.45,1516.61,poden>
<1516.61,1516.81,estar>
<1516.81,1516.90,en>
<1516.90,1517.35,contra>
<1517.35,1517.47,de>
<1517.47,1517.53,la>
<1517.53,1517.89,gestació>
<1517.89,1518.48,subrogada>
<1518.51,1518.65,però>
<1518.65,1518.74,que>
<1518.74,1518.84,no>
<1518.84,1519.07,poden>
<1519.07,1519.22,estar>
<1519.22,1519.28,en>
<1519.28,1519.59,contra>
<1519.59,1519.68,és>
<1519.68,1519.75,de>
<1519.75,1520.06,l'interés>
<1520.06,1520.46,superior>
<1520.46,1520.58,del>
<1520.58,1520.92,menor>
<1522.77,1522.92,la>
<1522.92,1523.22,direcció>
<1523.22,1523.51,general>
<1523.51,1523.65,del>
<1523.65,1523.98,registre>
<1523.98,1524.10,del>
<1524.10,1524.46,notariat>
<1524.46,1524.49,i>
<1524.49,1524.58,el>
<1524.58,1524.90,tribunal>
<1524.90,1525.26,suprem>
<1525.50,1525.67,ja>
<1525.67,1525.74,ho>
<1525.74,1525.83,han>
<1525.83,1526.00,dit>
<1526.00,1526.17,ben>
<1526.17,1526.46,clar>
<1526.58,1526.65,que>
<1526.65,1526.71,la>
<1526.94,1527.39,gestació>
<1527.39,1528.24,subrogada>
<1528.39,1528.72,és>
<1528.87,1529.24,clarament>
<1529.24,1529.48,interés>
<1529.48,1529.81,superior>
<1529.81,1529.97,del>
<1529.97,1530.32,menor>
<1585.68,1586.06,en>
<1592.62,1592.95,primer>
<1592.95,1593.23,lloc>
<1593.23,1593.45,aquí>
<1593.45,1593.74,duc>
<1593.74,1593.89,el>
<1593.89,1594.04,que>
<1594.89,1595.04,és>
<1595.04,1595.15,el>
<1595.15,1595.59,resum>
<1595.59,1595.84,d'una>
<1595.84,1596.52,publicació>
<1597.53,1598.17,on>
<1598.97,1599.20,fan>
<1599.20,1599.33,una>
<1599.33,1599.60,mena>
<1599.60,1599.82,de>
<1599.85,1600.69,resum>
<1600.71,1600.89,de>
<1600.89,1601.21,totes>
<1601.21,1601.34,les>
<1601.34,1601.86,morts>
<1601.88,1602.17,de>
<1602.17,1602.43,manera>
<1602.43,1602.99,mundial>
<1605.78,1605.92,que>
<1605.92,1606.26,tenen>
<1606.26,1606.41,els>
<1606.41,1606.74,centres>
<1606.74,1607.31,d'adopció>
<1607.77,1607.93,els>
<1607.93,1608.35,nins>
<1609.43,1609.57,amb>
<1609.57,1609.67,una>
<1609.67,1610.16,exclusió>
<1610.16,1610.66,molt>
<1610.96,1611.54,alta>
<1611.96,1612.32,acaben>
<1612.32,1612.42,en>
<1612.42,1613.64,suïcidi>
<1618.83,1619.15,aquests>
<1619.16,1619.41,nins>
<1619.41,1619.48,han>
<1619.48,1619.56,de>
<1619.56,1619.73,tenir>
<1619.73,1619.82,una>
<1619.82,1620.10,segona>
<1620.10,1620.84,oportunitat>
<1636.10,1636.49,si>
<1636.49,1637.10,el>
<1637.20,1637.57,l'equip>
<1637.57,1637.95,contrari>
<1637.95,1638.01,em>
<1638.02,1638.36,pot>
<1638.36,1638.89,dir>
<1639.38,1639.69,un>
<1639.69,1640.23,país>
<1640.23,1640.51,on>
<1640.51,1641.00,la>
<1641.49,1642.03,gestació>
<1642.03,1642.87,subrogada>
<1642.98,1643.35,sigui>
<1643.35,1644.00,perfecta>
<1644.00,1644.12,que>
<1644.12,1644.26,per>
<1644.26,1644.47,favor>
<1644.47,1644.70,agafi>
<1644.70,1644.76,el>
<1644.76,1645.08,micro>
<1645.08,1645.23,mos>
<1645.23,1645.31,ho>
<1645.31,1645.73,digui>
<1647.54,1647.69,en>
<1647.69,1647.99,segon>
<1647.99,1648.44,lloc>
<1651.27,1651.46,la>
<1651.46,1651.93,companya>
<1652.33,1652.48,de>
<1652.48,1652.56,la>
<1652.56,1653.37,introducció>
<1654.72,1655.24,ha>
<1655.24,1655.70,comentat>
<1655.70,1655.90,serà>
<1655.90,1656.51,altruista>
<1656.51,1656.68,però>
<1656.68,1656.77,amb>
<1656.77,1656.88,una>
<1656.88,1657.09,mena>
<1657.09,1657.17,de>
<1657.17,1657.78,compensació>
<1657.78,1658.38,econòmica>
<1660.92,1661.27,això>
<1662.32,1662.42,és>
<1662.42,1662.56,un>
<1662.56,1663.12,eufemisme>
<1663.36,1663.70,perquè>
<1663.70,1664.01,si>
<1664.01,1664.36,tu>
<1664.42,1664.65,fas>
<1664.65,1664.91,algo>
<1664.91,1665.46,altruista>
<1665.46,1665.96,significa>
<1665.96,1666.15,que>
<1666.17,1666.38,és>
<1666.89,1667.52,gratis>
<1667.56,1668.08,significa>
<1668.08,1668.21,que>
<1668.21,1668.36,no>
<1668.36,1668.41,hi>
<1668.41,1668.46,ha>
<1668.46,1668.62,una>
<1668.62,1668.81,mena>
<1668.81,1668.92,de>
<1668.92,1669.76,transacció>
<1669.77,1670.53,econòmica>
<1671.03,1671.22,si>
<1671.22,1671.30,hi>
<1671.30,1671.57,ha>
<1671.58,1671.68,una>
<1671.68,1672.13,compensació>
<1672.13,1672.62,econòmica>
<1672.62,1672.85,igual>
<1672.85,1672.91,que>
<1672.91,1672.97,ha>
<1672.97,1673.45,passat>
<1673.62,1673.72,a>
<1673.72,1673.92,gran>
<1673.92,1674.56,bretanya>
<1674.75,1674.96,perquè>
<1674.96,1675.09,sí>
<1675.09,1675.17,que>
<1675.17,1675.30,han>
<1675.30,1675.54,de>
<1675.55,1675.96,presentar>
<1675.96,1676.05,els>
<1676.05,1676.41,tiquets>
<1676.41,1676.49,de>
<1676.49,1676.74,totes>
<1676.74,1676.86,les>
<1676.86,1677.51,despeses>
<1677.92,1678.09,el>
<1678.09,1678.59,molt>
<1678.60,1679.13,honorable>
<1679.13,1679.54,jutges>
<1679.54,1679.83,estaran>
<1679.83,1680.12,d'acord>
<1680.12,1680.18,en>
<1680.19,1680.41,allò>
<1680.42,1680.70,que>
<1681.04,1681.19,ja>
<1681.19,1681.26,no>
<1681.26,1681.34,és>
<1681.34,1681.40,el>
<1681.40,1681.74,altruista>
<1681.74,1681.94,perquè>
<1681.94,1682.02,ja>
<1682.02,1682.18,està>
<1682.18,1682.48,rebent>
<1682.48,1682.59,una>
<1682.59,1682.78,mena>
<1682.78,1682.85,de>
<1682.85,1683.54,compensació>
<1685.39,1685.53,en>
<1685.53,1685.88,segon>
<1685.88,1686.25,lloc>
<1686.26,1686.45,el>
<1686.45,1686.89,company>
<1686.89,1687.52,oriol>
<1687.84,1687.87,a>
<1687.89,1688.29,la>
<1688.29,1689.13,refutació>
<1689.14,1689.23,ha>
<1689.23,1689.92,començat>
<1690.04,1690.14,a>
<1690.14,1690.47,dir>
<1691.31,1692.22,llibertat>
<1692.24,1692.27,i>
<1692.68,1693.41,garantia>
<1693.60,1693.66,és>
<1693.91,1694.00,a>
<1694.00,1694.30,dir>
<1694.55,1694.96,voleu>
<1694.96,1695.39,aprovar>
<1695.39,1695.52,una>
<1695.52,1695.90,gestació>
<1695.90,1696.33,subrogada>
<1696.33,1696.58,aquí>
<1698.43,1698.82,sabem>
<1698.82,1698.92,que>
<1698.92,1698.95,hi>
<1698.95,1699.00,ha>
<1699.00,1699.14,una>
<1699.14,1699.78,precarietat>
<1699.78,1700.15,d'aquestes>
<1700.15,1700.61,dones>
<1721.27,1721.91,quantes>
<1721.91,1722.41,dones>
<1722.88,1723.00,que>
<1723.00,1723.29,cobren>
<1723.29,1723.42,més>
<1723.42,1723.50,de>
<1723.50,1723.69,tres>
<1723.69,1723.84,mil>
<1723.84,1724.17,euros>
<1724.17,1724.24,de>
<1724.24,1724.44,manera>
<1724.44,1725.08,mensual>
<1725.34,1725.78,trobau>
<1725.78,1725.89,que>
<1725.89,1726.28,farien>
<1726.28,1726.36,de>
<1726.36,1726.60,manera>
<1726.60,1727.07,voluntària>
<1727.11,1727.47,aquesta>
<1727.47,1727.75,feina>
<1728.98,1729.29,zero>
<1730.67,1730.85,en>
<1731.07,1731.48,segon>
<1731.48,1731.85,lloc>
<1731.89,1732.20,dóna>
<1732.53,1733.24,garantia>
<1733.64,1733.87,el>
<1733.87,1734.30,fet>
<1734.31,1734.47,que>
<1734.47,1734.83,s'aprovi>
<1734.83,1734.96,aquí>
<1734.96,1735.00,a>
<1735.00,1735.38,espanya>
<1735.38,1735.45,la>
<1735.47,1735.88,gestació>
<1735.88,1736.40,subrogada>
<1736.40,1736.77,farà>
<1737.14,1737.24,que>
<1737.24,1737.67,aquesta>
<1737.67,1738.19,feina>
<1738.54,1739.08,sigui>
<1739.09,1739.25,amb>
<1739.25,1739.41,unes>
<1739.41,1739.83,condicions>
<1739.83,1740.39,laborals>
<1740.40,1741.06,òptimes>
<1742.04,1742.43,naltros>
<1742.43,1742.58,fem>
<1742.58,1742.73,una>
<1742.73,1743.07,feina>
<1743.07,1743.34,podria>
<1743.34,1743.44,fer>
<1743.44,1743.55,una>
<1743.55,1743.77,feina>
<1743.77,1743.97,vuit>
<1743.97,1744.18,hores>
<1744.18,1744.22,i>
<1744.22,1744.42,anava>
<1744.42,1744.45,a>
<1744.45,1744.53,ca>
<1744.53,1744.95,nostra>
<1745.95,1746.40,donar>
<1746.46,1747.00,llum>
<1747.01,1747.61,significa>
<1747.61,1748.22,vint-i-quatre>
<1748.22,1748.75,hores>
<1748.80,1749.54,diàries>
<1749.66,1749.96,nou>
<1749.96,1750.64,mesos>
<1751.77,1751.94,de>
<1751.94,1752.34,feina>
<1753.19,1753.36,això>
<1753.36,1753.42,no>
<1753.42,1753.53,té>
<1753.53,1753.95,preu>
<1758.95,1759.19,això>
<1759.19,1759.27,és>
<1759.27,1759.46,una>
<1760.01,1760.35,cosa>
<1760.35,1761.02,gratuïta>
<1761.05,1761.29,com>
<1761.29,1761.33,a>
<1761.33,1761.79,espècie>
<1761.79,1762.18,humana>
<1766.00,1766.13,el>
<1766.13,1766.75,nasciturus>
<1766.75,1766.83,que>
<1766.83,1766.89,ha>
<1766.89,1766.96,de>
<1766.96,1767.11,ser>
<1767.11,1767.98,beneficiari>
<1768.18,1768.81,d'aquesta>
<1769.38,1769.78,rutina>
<1769.78,1770.19,humana>
<1770.62,1770.74,ha>
<1770.74,1771.10,de>
<1771.22,1771.42,tenir>
<1771.42,1771.51,una>
<1771.51,1772.13,felicitat>
<1772.21,1772.43,ha>
<1772.43,1772.59,de>
<1772.59,1773.22,créixer>
<1773.70,1773.79,i>
<1773.79,1774.46,sobretot>
<1774.61,1774.86,no>
<1774.86,1774.95,ha>
<1774.95,1775.07,de>
<1775.07,1775.33,veure>
<1775.33,1775.43,que>
<1775.43,1775.60,tot>
<1775.60,1775.79,sigui>
<1775.79,1775.92,un>
<1775.92,1776.30,preu>
<1778.59,1778.79,si>
<1778.79,1778.92,jo>
<1778.92,1779.10,vaig>
<1779.10,1779.15,a>
<1779.15,1779.23,ca>
<1779.23,1779.45,meva>
<1779.45,1779.60,ara>
<1779.60,1779.82,perquè>
<1779.82,1780.00,va>
<1780.00,1780.48,malament>
<1780.48,1780.72,aquest>
<1780.72,1781.06,debat>
<1781.57,1781.91,pues>
<1781.91,1781.98,em>
<1781.99,1782.81,recolzaran>
<1782.87,1783.05,però>
<1783.05,1783.11,no>
<1783.11,1783.17,em>
<1783.17,1783.69,recolzaran>
<1783.69,1783.79,per>
<1783.79,1783.97,cinc>
<1783.97,1784.40,euros>
<1784.56,1784.62,em>
<1784.62,1785.18,recolzaran>
<1785.18,1785.37,perquè>
<1785.37,1785.54,som>
<1785.54,1785.90,humans>
<1785.92,1786.18,volem>
<1786.18,1786.77,compartir>
<1786.96,1787.07,i>
<1787.07,1787.20,ja>
<1787.20,1787.31,no>
<1787.31,1787.73,som>
<1788.26,1788.44,una>
<1788.44,1789.16,certa>
<1789.43,1789.91,animals>
<1789.91,1790.13,sinó>
<1790.13,1790.20,que>
<1790.20,1790.35,som>
<1790.35,1790.53,homo>
<1790.53,1791.00,sapiens>
<1791.01,1791.12,hem>
<1791.12,1791.36,fet>
<1791.36,1791.54,una>
<1791.54,1791.86,passa>
<1791.86,1792.04,cap>
<1792.04,1792.51,endavant>
<1793.27,1793.47,és>
<1795.56,1795.76,a>
<1800.99,1801.78,dir>
<1801.79,1801.92,tu>
<1801.92,1802.03,el>
<1802.03,1802.12,que>
<1802.12,1802.32,vols>
<1802.32,1802.39,el>
<1802.39,1802.67,primer>
<1802.67,1802.90,fill>
<1802.90,1803.08,per>
<1803.08,1803.44,tenir>
<1803.44,1803.70,unes>
<1803.70,1804.01,arques>
<1804.01,1804.09,de>
<1804.09,1804.49,l'estat>
<1804.49,1804.89,també>
<1805.67,1805.80,amb>
<1805.80,1805.91,més>
<1805.91,1806.42,doblers>
<1809.54,1809.65,el>
<1809.65,1809.84,fet>
<1809.84,1809.91,de>
<1809.91,1810.04,ser>
<1810.04,1810.28,humà>
<1810.28,1810.70,implica>
<1810.70,1810.78,que>
<1810.78,1810.87,els>
<1810.87,1811.41,sentiments>
<1811.41,1811.55,no>
<1811.55,1811.82,poden>
<1811.82,1812.13,votar>
<1815.87,1816.02,és>
<1816.02,1816.08,a>
<1816.08,1816.26,dir>
<1816.26,1816.49,tenim>
<1816.49,1816.61,una>
<1816.61,1817.57,necessitats>
<1817.69,1818.18,biològica>
<1818.18,1818.27,que>
<1818.27,1818.37,no>
<1818.37,1818.57,s'han>
<1818.57,1818.65,de>
<1818.65,1819.06,votar>
<1820.30,1821.03,si>
<1821.11,1821.56,continuem>
<1821.56,1821.92,l'estatus>
<1821.93,1822.12,quo>
<1822.12,1822.20,de>
<1822.20,1822.43,l'equip>
<1822.43,1823.05,contrari>
<1823.74,1824.02,podrà>
<1824.02,1824.77,succeir>
<1825.45,1825.75,que>
<1825.76,1826.07,sa>
<1826.07,1826.31,lleis>
<1826.31,1827.43,conservadores>
<1827.66,1828.05,tant>
<1828.05,1828.26,pot>
<1828.26,1828.43,ser>
<1828.43,1828.54,de>
<1828.54,1829.23,l'esclavitud>
<1829.24,1829.45,tant>
<1829.45,1829.67,pot>
<1829.67,1829.98,ser>
<1831.63,1831.80,de>
<1831.80,1831.91,les>
<1831.91,1832.26,dictadures>
<1832.26,1832.32,que>
<1832.32,1832.58,haguessin>
<1832.58,1833.18,continuat>
<1833.27,1833.55,perquè>
<1834.16,1834.55,anàvem>
<1834.55,1834.80,bé>
<1848.27,1848.49,la>
<1848.49,1849.35,compensació>
<1849.35,1849.49,que>
<1849.49,1849.70,és>
<1849.70,1849.86,de>
<1849.86,1850.86,rescabalament>
<1851.42,1852.02,pretén>
<1852.29,1852.96,protegir>
<1852.97,1853.06,a>
<1853.06,1853.19,la>
<1853.19,1853.50,dona>
<1853.50,1853.70,per>
<1853.70,1853.95,totes>
<1853.95,1854.05,les>
<1854.05,1854.48,despeses>
<1854.48,1855.16,associades>
<1855.16,1855.26,o>
<1855.81,1856.01,els>
<1856.01,1856.32,danys>
<1856.32,1856.37,i>
<1856.37,1856.83,perjudicis>
<1856.83,1856.95,que>
<1856.95,1857.28,pugui>
<1857.28,1857.80,tindre>
<1858.19,1858.35,el>
<1858.35,1858.79,procés>
<1858.79,1859.35,d'embaràs>
<1859.54,1859.82,vosté>
<1859.82,1859.98,està>
<1859.98,1860.09,en>
<1860.09,1860.40,contra>
<1860.40,1860.48,de>
<1860.48,1860.87,protegir>
<1860.87,1860.95,la>
<1860.95,1861.32,dona>
<1864.00,1864.17,és>
<1864.17,1864.20,a>
<1864.51,1864.78,dir>
<1864.79,1864.94,el>
<1864.94,1865.24,fet>
<1865.24,1865.68,d'aprovar>
<1865.68,1866.08,significa>
<1866.08,1866.15,que>
<1866.15,1866.36,aquest>
<1866.36,1866.62,comerç>
<1866.62,1866.84,vendrà>
<1866.84,1867.22,espanya>
<1867.22,1867.35,per>
<1867.35,1867.51,tant>
<1867.51,1867.80,aquesta>
<1867.80,1868.03,dona>
<1868.03,1868.50,estaran>
<1868.93,1869.17,fent>
<1869.17,1869.47,aquesta>
<1869.47,1869.70,feina>
<1869.70,1869.73,i>
<1869.73,1870.04,aquesta>
<1870.04,1870.26,feina>
<1870.26,1870.33,que>
<1870.33,1870.41,és>
<1870.41,1871.00,precària>
<1871.08,1871.54,significa>
<1871.54,1871.66,que>
<1873.90,1874.34,patiran>
<1874.34,1874.57,més>
<1874.57,1874.82,perquè>
<1874.82,1875.10,estan>
<1875.10,1875.30,fent>
<1878.42,1878.76,aquesta>
<1878.76,1879.17,feina>
<1879.46,1880.05,l'esclavitud>
<1880.36,1880.69,era>
<1880.69,1880.89,una>
<1880.89,1881.15,cosa>
<1881.15,1881.53,dolenta>
<1881.53,1881.72,van>
<1881.72,1881.90,dir>
<1881.91,1882.38,s'atura>
<1882.38,1882.80,avui>
<1882.92,1883.00,i>
<1883.00,1883.08,no>
<1883.08,1883.12,ho>
<1883.12,1883.45,tornarem>
<1883.45,1883.53,a>
<1883.53,1883.90,fer>
<1884.95,1885.46,aturarem>
<1885.46,1885.77,avui>
<1885.77,1885.92,sa>
<1885.93,1886.53,gestació>
<1886.53,1887.10,subrogada>
<1887.31,1887.47,i>
<1887.47,1887.58,no>
<1887.58,1887.72,se>
<1887.72,1888.01,tornarà>
<1888.01,1888.06,a>
<1888.06,1888.33,fer>
<1888.62,1888.95,perquè>
<1889.23,1889.55,com>
<1889.55,1889.64,he>
<1889.64,1889.86,dit>
<1889.86,1889.99,sa>
<1889.99,1890.82,solució>
<1891.37,1892.09,resideix>
<1892.44,1892.67,en>
<1892.67,1892.94,donar>
<1892.94,1893.30,segones>
<1893.30,1893.74,oportunitats>
<1893.74,1893.98,aquest>
<1893.98,1894.40,nins>
<1894.42,1894.61,perquè>
<1894.61,1894.84,aquests>
<1894.84,1895.16,nins>
<1895.48,1896.08,tenen>
<1896.10,1896.25,el>
<1896.25,1896.54,dret>
<1896.54,1896.59,a>
<1896.59,1896.81,dir-ho>
<1896.81,1897.11,perquè>
<1897.16,1897.36,ja>
<1902.63,1903.38,són>
<1904.80,1905.28,vius>
<1906.21,1906.44,l'hem>
<1907.84,1908.21,de>
<1908.58,1908.88,donar>
<1908.89,1909.00,una>
<1909.00,1909.34,segona>
<1909.34,1909.98,oportunitat>
<1909.99,1910.23,d'una>
<1910.23,1911.05,inserció>
<1911.06,1911.13,a>
<1911.13,1911.24,la>
<1911.24,1911.98,societat>
<1912.94,1913.14,no>
<1913.14,1913.24,hem>
<1913.24,1913.48,de>
<1914.85,1915.16,donar>
<1915.16,1915.35,més>
<1915.35,1915.73,problemes>
<1915.73,1915.79,en>
<1915.79,1916.02,aquest>
<1916.02,1916.31,món>
<1916.31,1916.52,no>
<1916.52,1916.62,hem>
<1916.62,1917.36,d'evitar>
<1917.37,1917.57,els>
<1917.57,1917.92,problemes>
<1917.93,1918.01,que>
<1918.01,1918.10,ja>
<1918.10,1918.64,existeixen>
<1918.64,1918.85,perquè>
<1918.85,1918.92,el>
<1918.92,1919.20,nostre>
<1919.20,1919.56,companys>
<1919.56,1919.82,estan>
<1919.82,1920.25,evitant>
<1920.25,1920.59,s'estan>
<1920.60,1921.16,botant>
<1921.37,1921.54,el>
<1921.64,1922.01,comitè>
<1922.01,1922.58,internacional>
<1922.58,1922.68,de>
<1922.68,1923.14,protecció>
<1923.14,1923.42,de>
<1923.42,1923.87,nins>
<1924.56,1924.83,o>
<1925.17,1925.32,el>
<1925.32,1925.57,dret>
<1925.57,1925.63,a>
<1925.64,1926.35,registrar-se>
<1926.44,1926.81,drets>
<1926.81,1927.36,sobretot>
<1927.58,1927.84,en>
<1928.00,1928.26,dones>
<1928.26,1928.47,segon>
<1928.47,1928.81,apartat>
<1928.81,1928.89,i>
<1928.89,1929.73,reintegració>
<1929.98,1930.47,perquè>
<1931.81,1932.13,estan>
<1932.13,1932.19,a>
<1932.19,1933.00,l'adopció>
<1934.28,1934.42,no>
<1934.42,1934.65,poden>
<1934.65,1934.88,tornar>
<1934.88,1934.91,a>
<1934.91,1935.13,tenir>
<1935.13,1935.41,pare>
<1935.41,1936.16,ni>
<1936.43,1936.68,cap>
<1936.68,1936.87,tipus>
<1936.87,1936.94,de>
<1936.94,1937.29,família>
<1937.29,1937.56,sinó>
<1937.56,1937.75,que>
<1937.93,1938.08,els>
<1938.08,1938.17,hem>
<1938.17,1938.26,de>
<1938.26,1938.72,deixar>
<1938.73,1938.93,cap>
<1938.93,1938.96,a>
<1938.96,1939.13,un>
<1939.13,1939.62,costat>
<1978.29,1978.43,han>
<1978.43,1978.69,dit>
<1978.95,1979.01,que>
<1979.02,1979.19,som>
<1979.19,1979.84,persones>
<1981.29,1981.33,i>
<1981.74,1981.98,tenim>
<1981.98,1982.70,sentiments>
<1983.75,1983.90,els>
<1983.90,1984.26,pares>
<1984.26,1984.55,tenen>
<1984.55,1985.21,sentiments>
<1985.59,1985.72,les>
<1985.72,1986.27,persones>
<1986.27,1986.53,tenen>
<1986.53,1987.31,sentiments>
<1987.74,1987.91,la>
<1987.91,1988.32,gent>
<1988.32,1988.52,vol>
<1988.52,1988.85,tindre>
<1988.85,1989.25,fills>
<1989.25,1989.39,vol>
<1989.39,1989.65,tindre>
<1989.65,1990.62,descendència>
<1990.90,1990.99,és>
<1990.99,1991.12,un>
<1991.12,1991.73,somni>
<1992.10,1992.19,de>
<1992.19,1992.54,moltes>
<1992.54,1992.93,vegades>
<1992.93,1993.58,necessiten>
<1993.58,1993.73,ser>
<1993.73,1994.24,feliços>
<1998.65,1998.82,heu>
<1998.82,1999.13,dit>
<1999.69,2000.15,que>
<2000.22,2000.36,no>
<2000.36,2000.48,hi>
<2000.48,2000.61,ha>
<2000.61,2001.19,ningun>
<2001.53,2002.08,país>
<2002.31,2002.38,que>
<2002.38,2002.41,ho>
<2002.41,2002.81,reguli>
<2002.81,2002.90,de>
<2002.90,2003.19,manera>
<2003.19,2003.84,perfecta>
<2004.67,2004.76,per>
<2004.76,2004.92,això>
<2004.92,2005.30,nosaltres>
<2005.30,2005.36,no>
<2005.36,2005.68,adopten>
<2005.68,2005.94,ningun>
<2005.94,2006.21,model>
<2006.21,2006.30,de>
<2006.30,2006.48,cap>
<2006.48,2006.72,altre>
<2006.72,2007.07,país>
<2007.96,2008.09,hem>
<2008.09,2008.34,creat>
<2008.34,2008.40,el>
<2008.40,2008.66,nostre>
<2008.66,2009.20,propi>
<2009.43,2009.89,model>
<2010.21,2010.60,que>
<2010.84,2011.14,amb>
<2011.15,2011.28,la>
<2011.28,2011.51,vostra>
<2011.51,2011.80,ajuda>
<2011.80,2012.08,també>
<2012.08,2012.66,podríem>
<2013.22,2013.74,millorar>
<2013.75,2014.08,alguns>
<2014.08,2014.53,aspectes>
<2014.53,2014.62,que>
<2014.62,2014.73,no>
<2014.73,2015.14,trobéssiu>
<2015.14,2015.53,d'acord>
<2018.40,2018.93,vosaltres>
<2019.34,2019.37,a>
<2019.37,2019.49,la>
<2019.49,2020.12,introducció>
<2020.13,2020.23,heu>
<2020.23,2020.49,parlat>
<2020.49,2020.55,de>
<2020.55,2021.01,catàleg>
<2021.01,2021.13,de>
<2021.13,2021.38,dones>
<2021.38,2022.02,gestants>
<2022.25,2022.68,però>
<2022.87,2022.95,i>
<2022.95,2023.08,si>
<2023.08,2023.25,fos>
<2023.25,2023.69,anònim>
<2024.32,2024.48,amb>
<2024.48,2024.73,això>
<2024.73,2025.05,voldria>
<2025.05,2025.53,relacionar>
<2025.53,2025.62,amb>
<2025.62,2025.69,el>
<2025.69,2025.93,vostre>
<2025.93,2026.50,argument>
<2026.50,2026.59,de>
<2026.59,2027.24,incoherència>
<2027.24,2027.81,genètica>
<2028.11,2028.19,que>
<2028.19,2028.25,heu>
<2028.25,2028.49,estat>
<2028.49,2028.92,parlant>
<2029.01,2029.13,de>
<2029.13,2029.34,nens>
<2029.34,2029.40,a>
<2029.40,2029.50,la>
<2029.50,2029.89,carta>
<2031.14,2031.29,en>
<2031.29,2031.36,el>
<2031.36,2031.62,nostre>
<2031.62,2031.99,model>
<2032.50,2032.82,estem>
<2032.82,2033.48,defensant>
<2033.51,2033.64,la>
<2033.64,2034.04,relació>
<2034.04,2034.69,epistolar>
<2034.98,2035.11,la>
<2035.11,2035.67,relació>
<2035.68,2036.35,anònima>
<2036.62,2036.78,per>
<2036.78,2037.15,tant>
<2037.34,2037.51,la>
<2037.51,2037.98,dona>
<2038.93,2039.02,que>
<2039.02,2039.28,seria>
<2039.28,2039.39,la>
<2039.39,2039.98,gestant>
<2040.49,2040.61,no>
<2040.61,2040.71,es>
<2040.71,2041.31,coneixeria>
<2041.67,2042.01,amb>
<2042.01,2042.08,la>
<2042.08,2042.39,família>
<2042.39,2042.91,cometent>
<2045.54,2045.67,es>
<2045.71,2045.94,dóna>
<2045.94,2046.37,compte>
<2046.37,2046.53,de>
<2046.53,2046.94,que>
<2046.99,2047.13,el>
<2047.13,2047.51,nostre>
<2047.51,2048.19,argument>
<2048.39,2049.24,biològic>
<2049.63,2050.05,podria>
<2050.05,2050.18,ser>
<2050.18,2051.08,perfectament>
<2052.15,2052.66,anònim>
<2054.43,2054.67,però>
<2054.68,2054.79,hi>
<2054.79,2055.12,hauria>
<2055.12,2055.25,un>
<2055.25,2055.70,turisme>
<2055.71,2056.35,genètic>
<2058.62,2058.75,en>
<2058.75,2058.83,el>
<2059.37,2059.67,nostre>
<2059.67,2059.96,model>
<2059.96,2060.27,estem>
<2060.27,2060.55,per>
<2061.20,2061.55,estem>
<2061.55,2062.09,preveent>
<2062.51,2062.86,que>
<2063.19,2063.58,només>
<2063.58,2063.86,puguin>
<2063.86,2064.42,accedir>
<2064.55,2064.74,en>
<2064.74,2065.14,aquesta>
<2065.49,2066.12,maternitat>
<2066.12,2066.82,subrogada>
<2066.83,2067.68,nacionals>
<2067.81,2067.94,o>
<2067.94,2068.33,residents>
<2068.33,2068.37,a>
<2068.37,2068.74,territori>
<2068.74,2069.25,espanyol>
<2069.45,2069.62,per>
<2069.62,2069.80,tant>
<2069.80,2069.88,no>
<2069.88,2070.19,podria>
<2070.19,2070.41,vindre>
<2070.41,2070.64,ningú>
<2070.64,2070.74,de>
<2070.74,2071.17,fora>
<2071.18,2071.28,a>
<2071.28,2071.51,tindre>
<2071.51,2071.86,aquí>
<2072.00,2072.16,una>
<2072.16,2072.68,maternitat>
<2072.68,2073.31,subrogada>
<2083.35,2083.69,no>
<2083.91,2084.22,estem>
<2084.22,2084.69,legislant>
<2084.69,2084.82,per>
<2084.82,2085.00,una>
<2085.15,2085.62,minoria>
<2085.62,2086.28,privilegiada>
<2086.48,2086.65,pels>
<2086.65,2086.75,que>
<2086.75,2087.02,tenen>
<2087.02,2087.45,diners>
<2089.34,2089.87,volem>
<2092.86,2092.99,que>
<2092.99,2093.05,la>
<2093.05,2093.71,maternitat>
<2093.72,2094.44,subrogada>
<2094.45,2094.80,vagi>
<2095.63,2095.75,per>
<2095.75,2095.82,la>
<2095.82,2096.18,seguretat>
<2096.18,2096.67,social>
<2098.52,2098.97,aleshores>
<2098.98,2099.26,hauria>
<2099.26,2099.34,de>
<2099.34,2099.61,pagar>
<2099.61,2100.07,tothom>
<2100.07,2100.25,per>
<2100.25,2100.40,uns>
<2100.40,2100.85,capricis>
<2100.85,2101.11,d'uns>
<2101.11,2101.42,pares>
<2101.42,2101.63,molt>
<2101.63,2102.29,concrets>
<2106.49,2106.89,sabem>
<2106.89,2106.99,que>
<2106.99,2107.07,és>
<2107.07,2107.24,un>
<2107.24,2107.55,punt>
<2107.55,2107.90,feble>
<2107.90,2108.13,del>
<2108.19,2108.62,nostre>
<2108.62,2108.96,model>
<2109.21,2109.30,i>
<2109.30,2109.39,el>
<2109.39,2109.49,que>
<2109.49,2109.91,volem>
<2109.92,2110.06,és>
<2110.06,2110.13,que>
<2110.13,2110.22,amb>
<2110.22,2110.28,la>
<2110.28,2110.56,vostra>
<2110.56,2111.05,ajuda>
<2111.82,2112.35,puguem>
<2112.47,2112.75,fer>
<2112.76,2112.89,un>
<2112.89,2113.09,model>
<2113.09,2113.44,millor>
<2123.27,2123.38,i>
<2123.38,2123.55,per>
<2123.55,2123.89,tant>
<2124.02,2124.47,podríem>
<2124.48,2124.81,acabar>
<2124.81,2125.32,decidint>
<2125.32,2125.40,que>
<2125.40,2125.85,sigui>
<2126.18,2126.30,la>
<2126.30,2126.73,família>
<2126.73,2127.34,comitent>
<2127.49,2127.65,que>
<2127.65,2127.98,pagui>
<2127.98,2128.11,per>
<2128.11,2128.65,exemple>
<2129.02,2129.12,la>
<2129.12,2129.20,in>
<2129.20,2129.62,vitro>
<2130.01,2130.31,però>
<2130.34,2130.55,les>
<2130.55,2130.81,altres>
<2130.81,2131.21,despeses>
<2131.21,2131.75,anirien>
<2131.76,2131.88,per>
<2131.88,2131.94,la>
<2131.94,2132.34,seguretat>
<2132.34,2132.76,social>
<2136.28,2137.03,vosté>
<2147.51,2147.63,ha>
<2147.63,2147.94,dit>
<2150.34,2150.52,les>
<2150.52,2150.84,famílies>
<2150.84,2150.93,de>
<2150.93,2151.11,fora>
<2151.11,2151.21,no>
<2151.21,2151.71,podran>
<2151.73,2152.04,fer>
<2152.04,2152.42,gestació>
<2152.42,2152.93,subrogada>
<2152.93,2152.99,al>
<2152.99,2153.29,nostre>
<2153.29,2153.63,país>
<2153.86,2154.13,vosté>
<2154.13,2154.27,se'n>
<2154.27,2154.44,dóna>
<2154.44,2154.80,compte>
<2154.80,2154.97,que>
<2155.06,2155.43,d'aquesta>
<2155.43,2155.71,manera>
<2155.71,2155.92,també>
<2155.92,2156.19,està>
<2156.20,2156.47,sent>
<2156.47,2157.22,supremacista>
<2157.22,2157.52,perquè>
<2157.53,2157.78,al>
<2157.78,2158.04,nostre>
<2158.04,2158.30,país>
<2158.30,2158.70,només>
<2158.97,2159.00,hi>
<2159.29,2159.63,podria>
<2159.63,2159.77,haver>
<2160.08,2160.27,més>
<2160.27,2160.37,de>
<2160.59,2161.02,gestació>
<2161.02,2161.66,subrogada>
<2161.81,2161.97,del>
<2161.97,2162.30,nostre>
<2162.30,2162.61,país>
<2162.77,2162.91,però>
<2162.91,2162.99,és>
<2162.99,2163.06,que>
<2163.06,2163.15,amb>
<2163.15,2163.31,això>
<2163.31,2163.60,estem>
<2163.79,2164.27,evitant>
<2164.61,2164.77,el>
<2164.77,2165.42,turisme>
<2166.39,2167.09,reproductiu>
<2172.74,2172.88,hem>
<2172.88,2172.97,de>
<2172.97,2173.42,legislar>
<2173.66,2173.79,pel>
<2173.79,2174.05,nostre>
<2174.05,2174.46,propi>
<2174.46,2174.89,país>
<2175.14,2175.29,hem>
<2175.29,2175.38,de>
<2175.39,2175.80,legislar>
<2175.80,2175.91,per>
<2175.91,2175.98,la>
<2175.98,2176.35,nostra>
<2176.35,2176.75,pròpia>
<2176.75,2177.04,gent>
<2177.36,2177.47,no>
<2177.47,2177.75,podem>
<2177.75,2178.16,legislar>
<2178.16,2178.25,per>
<2178.25,2178.42,tot>
<2178.42,2178.51,el>
<2178.51,2178.86,món>
<2208.44,2208.57,no>
<2208.57,2209.06,qualsevol>
<2209.06,2209.58,persona>
<2209.74,2209.89,pot>
<2209.89,2210.00,ser>
<2210.00,2210.18,dona>
<2210.18,2210.72,gestant>
<2210.91,2210.98,i>
<2210.98,2211.41,qualsevol>
<2211.41,2211.94,persona>
<2212.42,2212.79,o>
<2212.80,2212.99,pot>
<2212.99,2213.17,ser>
<2213.17,2213.49,família>
<2213.49,2214.03,comitent>
<2215.98,2216.14,la>
<2219.82,2220.14,dona>
<2220.14,2220.65,gestant>
<2221.15,2221.27,per>
<2221.27,2221.47,ser>
<2221.47,2221.88,lliure>
<2222.25,2222.34,ha>
<2222.34,2222.42,de>
<2222.42,2222.69,ser>
<2222.70,2223.06,ella>
<2223.06,2223.52,pròpia>
<2223.52,2223.61,la>
<2223.61,2223.74,que>
<2223.74,2224.52,decideixi>
<2224.86,2225.05,si>
<2225.05,2225.40,vol>
<2225.41,2225.49,o>
<2225.49,2225.88,no>
<2225.89,2226.15,ser>
<2226.28,2226.53,dona>
<2226.53,2226.95,gestant>
<2227.57,2227.68,i>
<2227.68,2227.85,per>
<2227.85,2228.24,tant>
<2228.55,2228.82,tenim>
<2228.82,2229.06,aquí>
<2229.06,2229.39,tres>
<2229.39,2229.87,punts>
<2229.89,2229.99,a>
<2229.99,2230.29,parlar>
<2232.32,2232.51,les>
<2232.51,2232.80,dones>
<2232.80,2232.88,que>
<2232.88,2233.41,accedeixin>
<2233.41,2233.49,han>
<2233.49,2233.57,de>
<2233.57,2233.80,tindre>
<2233.80,2233.90,una>
<2233.90,2234.46,suficiència>
<2234.46,2235.09,econòmica>
<2236.10,2236.23,per>
<2236.23,2236.72,assegurar>
<2236.75,2236.85,que>
<2236.85,2237.14,sigui>
<2237.15,2237.90,altruista>
<2238.57,2238.78,perquè>
<2238.78,2238.88,no>
<2238.88,2239.14,volem>
<2239.14,2239.24,que>
<2239.24,2239.29,hi>
<2239.29,2239.75,vagin>
<2239.94,2240.05,per>
<2240.05,2240.14,la>
<2240.14,2240.66,pensió>
<2241.47,2241.63,de>
<2241.63,2242.47,rescabalament>
<2242.61,2242.84,perquè>
<2242.84,2243.12,sols>
<2243.12,2243.25,en>
<2243.25,2243.60,cas>
<2243.82,2244.03,que>
<2244.03,2244.47,passin>
<2244.68,2245.20,coses>
<2245.69,2245.88,doncs>
<2245.88,2245.99,que>
<2245.99,2246.35,siguin>
<2246.35,2247.00,perjudicials>
<2247.00,2247.15,per>
<2247.15,2247.20,a>
<2247.20,2247.30,la>
<2247.30,2247.69,dona>
<2250.42,2250.73,ha>
<2250.73,2251.02,tingut>
<2251.02,2251.10,de>
<2251.10,2251.40,ser>
<2251.71,2252.06,mare>
<2252.12,2252.84,anteriorment>
<2252.97,2253.21,perquè>
<2253.21,2253.34,ja>
<2253.34,2253.71,conegui>
<2253.71,2253.96,aquest>
<2253.96,2254.51,sentiment>
<2254.51,2254.59,de>
<2254.59,2255.04,tindre>
<2255.67,2255.99,dins>
<2255.99,2256.49,seu>
<2257.00,2257.50,un>
<2257.50,2257.91,nen>
<2260.33,2260.76,la>
<2260.85,2261.42,capacitat>
<2261.42,2261.98,natural>
<2262.14,2262.45,aquesta>
<2262.45,2262.61,dona>
<2262.61,2262.64,ha>
<2262.64,2262.71,de>
<2262.71,2262.85,ser>
<2262.85,2263.41,conscient>
<2263.41,2263.47,que>
<2263.47,2263.53,el>
<2263.53,2263.59,que>
<2263.59,2263.78,està>
<2263.78,2264.22,fent>
<2264.28,2264.42,és>
<2264.42,2264.59,una>
<2264.59,2265.28,gestació>
<2265.75,2266.55,subrogada>
<2267.09,2267.30,ha>
<2267.30,2267.40,de>
<2267.40,2267.54,ser>
<2267.54,2268.07,conscient>
<2268.18,2268.31,que>
<2268.31,2268.53,aquest>
<2268.53,2268.87,nen>
<2269.05,2269.60,després>
<2270.01,2270.31,l'haurà>
<2270.31,2270.38,de>
<2270.38,2270.70,donar>
<2271.02,2271.14,a>
<2271.14,2271.26,una>
<2271.26,2271.42,altra>
<2271.42,2271.95,família>
<2274.37,2274.51,els>
<2274.51,2275.19,progenitors>
<2275.25,2275.90,comitents>
<2282.97,2283.15,la>
<2283.15,2283.49,llei>
<2283.50,2284.19,d'adopció>
<2287.88,2288.49,estableix>
<2288.60,2289.08,criteris>
<2289.45,2289.64,de>
<2289.64,2290.34,valoració>
<2291.45,2292.35,d'idoneïtat>
<2292.64,2293.04,no>
<2293.04,2293.45,qualsevol>
<2293.45,2293.95,persona>
<2293.97,2294.25,podrà>
<2294.25,2294.67,accedir>
<2295.19,2295.37,les>
<2295.37,2295.75,persones>
<2295.75,2295.86,que>
<2295.86,2296.05,són>
<2296.05,2296.51,aptes>
<2296.71,2296.86,per>
<2296.86,2297.00,a>
<2297.14,2297.37,anar>
<2297.37,2297.89,l'adopció>
<2297.90,2298.12,són>
<2298.12,2298.42,aptes>
<2298.42,2298.64,també>
<2298.64,2298.76,per>
<2298.76,2298.84,la>
<2298.84,2299.26,gestació>
<2299.26,2299.83,subrogada>
<2300.01,2300.09,i>
<2300.09,2300.24,les>
<2300.24,2300.32,que>
<2300.32,2300.43,no>
<2300.43,2300.58,són>
<2300.58,2300.88,aptes>
<2300.88,2300.99,per>
<2300.99,2301.57,l'adopció>
<2301.72,2301.87,és>
<2301.87,2302.14,perquè>
<2302.14,2302.32,no>
<2302.32,2302.64,poden>
<2302.64,2302.92,ser>
<2302.96,2303.26,bons>
<2303.26,2303.65,pares>
<2303.87,2304.60,tampoc>
<2304.61,2304.71,ho>
<2304.71,2304.98,seran>
<2304.98,2305.30,aptes>
<2305.36,2305.48,per>
<2305.48,2305.52,a>
<2305.52,2306.01,maternitat>
<2306.01,2306.60,subrogada>
<2307.17,2307.60,també>
<2307.66,2307.79,per>
<2307.79,2307.94,ser>
<2307.94,2308.39,progenitors>
<2308.39,2308.99,comitents>
<2311.04,2311.25,s'han>
<2311.25,2311.51,d'haver>
<2311.53,2312.12,agotat>
<2312.20,2313.00,prèviament>
<2313.85,2314.09,totes>
<2314.09,2314.23,les>
<2314.23,2314.88,tècniques>
<2314.89,2315.01,de>
<2315.01,2315.50,reproducció>
<2315.50,2316.07,assistida>
<2317.79,2318.06,volem>
<2318.06,2318.42,ajudar>
<2318.43,2318.60,els>
<2318.60,2319.45,necessitats>
<2321.10,2321.19,no>
<2321.19,2321.31,els>
<2321.31,2321.40,que>
<2321.40,2321.45,ho>
<2321.45,2321.89,volen>
<2323.92,2324.41,m'agradaria>
<2324.41,2324.60,acabar>
<2324.60,2324.76,una>
<2324.76,2325.24,frase>
<2326.03,2326.17,de>
<2326.17,2326.45,l'emma>
<2326.45,2327.09,watson>
<2327.18,2327.33,que>
<2327.33,2327.67,diu>
<2327.68,2327.80,el>
<2327.80,2327.96,teu>
<2327.96,2328.32,cos>
<2328.34,2328.44,i>
<2328.44,2328.55,la>
<2328.55,2328.79,forma>
<2328.79,2328.86,en>
<2328.87,2329.00,què>
<2329.00,2329.08,em>
<2329.08,2329.63,comparteixes>
<2329.63,2329.74,amb>
<2329.74,2329.83,el>
<2329.83,2330.06,món>
<2330.07,2330.14,ha>
<2330.14,2330.22,de>
<2330.22,2330.32,ser>
<2330.32,2330.41,una>
<2330.41,2330.70,elecció>
<2330.70,2331.12,pròpia>
<2331.87,2332.37,m'agradaria>
<2332.37,2332.44,que>
<2332.44,2332.48,ho>
<2332.48,2332.80,poguéssiu>
<2332.80,2332.94,fer>
<2332.94,2333.24,real>
<2367.01,2367.17,en>
<2367.17,2367.39,primer>
<2367.39,2368.00,lloc>
<2368.08,2368.73,agrair>
<2368.85,2368.94,a>
<2368.94,2369.34,l'equip>
<2369.34,2369.83,contrari>
<2369.83,2369.96,de>
<2369.96,2370.04,la>
<2370.04,2370.86,universitat>
<2370.89,2370.99,de>
<2370.99,2371.53,barcelona>
<2371.53,2372.24,l'organització>
<2372.24,2372.36,la>
<2372.36,2372.71,xarxa>
<2372.71,2373.27,vives>
<2373.63,2373.86,els>
<2373.86,2374.15,membres>
<2374.15,2374.25,del>
<2374.25,2374.93,jurat>
<2374.94,2375.09,el>
<2375.09,2375.38,públic>
<2375.38,2375.94,assistent>
<2375.94,2376.43,físicament>
<2376.43,2376.46,i>
<2376.46,2376.98,virtualment>
<2376.98,2377.13,per>
<2377.13,2377.72,streaming>
<2379.51,2380.12,bé>
<2380.14,2380.27,al>
<2380.27,2380.45,llarg>
<2380.45,2380.59,del>
<2380.59,2381.11,debat>
<2381.78,2381.88,a>
<2381.89,2382.37,la>
<2382.37,2382.89,universitat>
<2382.89,2382.97,de>
<2382.97,2383.38,lleida>
<2383.41,2384.05,exposat>
<2384.06,2384.21,el>
<2384.21,2384.82,perquè>
<2385.13,2385.20,i>
<2385.20,2385.34,el>
<2385.34,2385.73,com>
<2386.91,2387.08,i>
<2387.08,2387.46,ha>
<2387.55,2388.23,contestat>
<2388.24,2388.86,clarament>
<2389.11,2389.21,a>
<2389.21,2389.70,totes>
<2389.71,2389.86,les>
<2389.86,2390.22,seves>
<2390.22,2391.10,preocupacions>
<2391.48,2391.73,perquè>
<2391.73,2391.95,totes>
<2391.95,2392.06,les>
<2392.06,2392.22,seves>
<2392.22,2392.95,preocupacions>
<2392.95,2393.13,són>
<2393.13,2393.44,sobre>
<2393.44,2394.11,abusos>
<2394.25,2394.49,són>
<2394.49,2394.70,sobre>
<2394.70,2394.96,males>
<2394.96,2395.64,pràctiques>
<2395.84,2396.18,són>
<2396.62,2396.73,en>
<2396.73,2397.26,definitiva>
<2397.73,2398.41,amb>
<2398.74,2399.33,sensació>
<2399.33,2399.71,de>
<2400.19,2400.91,preocupació>
<2400.91,2401.56,constant>
<2401.56,2401.94,sobre>
<2401.95,2402.09,el>
<2402.09,2402.24,que>
<2402.24,2402.67,podria>
<2402.67,2403.16,passar>
<2403.16,2403.34,si>
<2403.44,2403.94,s'apliqués>
<2403.94,2404.08,una>
<2404.08,2404.40,gestació>
<2404.40,2404.88,subrogada>
<2404.88,2405.23,errònia>
<2405.78,2405.87,i>
<2405.87,2406.40,això>
<2406.59,2406.75,és>
<2406.75,2406.87,el>
<2406.87,2406.98,que>
<2406.98,2407.53,precisament>
<2407.53,2407.95,nosaltres>
<2407.95,2408.54,evitant>
<2408.86,2409.08,amb>
<2409.08,2409.19,el>
<2409.19,2409.47,nostre>
<2409.47,2409.86,model>
<2410.73,2411.01,i>
<2411.01,2411.26,pel>
<2411.26,2411.37,que>
<2411.37,2411.51,fa>
<2411.51,2411.61,al>
<2411.61,2411.81,per>
<2411.81,2412.07,què>
<2412.27,2412.45,ja>
<2412.45,2412.54,hem>
<2412.54,2413.22,explicat>
<2413.22,2413.37,que>
<2413.37,2413.48,la>
<2413.48,2414.15,legalització>
<2414.15,2414.26,de>
<2414.26,2414.35,la>
<2414.35,2414.94,gestació>
<2415.05,2415.80,subrogada>
<2416.02,2416.43,és>
<2416.48,2417.57,imprescindible>
<2417.85,2418.08,perquè>
<2418.08,2418.22,ens>
<2418.22,2418.51,trobem>
<2418.51,2418.66,amb>
<2418.66,2418.79,una>
<2418.79,2419.32,situació>
<2419.32,2419.51,en>
<2419.51,2419.68,la>
<2419.68,2420.12,qual>
<2420.26,2420.43,les>
<2420.43,2420.84,famílies>
<2420.84,2421.30,comitents>
<2421.30,2421.36,i>
<2421.36,2421.92,progenitors>
<2421.92,2422.29,tenen>
<2422.31,2422.53,una>
<2422.53,2423.62,necessitat>
<2423.63,2424.42,humana>
<2424.98,2425.11,per>
<2425.11,2425.80,reproduir-se>
<2426.69,2426.81,a>
<2426.81,2426.97,més>
<2426.97,2427.03,a>
<2427.03,2427.28,més>
<2427.29,2427.47,ens>
<2427.47,2427.69,trobem>
<2427.69,2427.84,amb>
<2427.84,2427.96,una>
<2427.96,2428.51,situació>
<2428.92,2429.05,en>
<2429.05,2429.13,la>
<2429.13,2429.72,qual>
<2429.75,2430.05,podríem>
<2430.05,2430.33,resumir>
<2430.33,2430.39,que>
<2430.39,2430.45,és>
<2430.45,2430.54,una>
<2430.54,2430.89,qüestió>
<2430.89,2430.98,de>
<2430.98,2431.75,llibertats>
<2431.97,2432.14,de>
<2432.14,2432.87,progrés>
<2433.24,2433.75,perquè>
<2434.19,2434.41,al>
<2434.41,2434.62,llarg>
<2434.62,2434.76,del>
<2434.76,2435.06,temps>
<2435.06,2435.30,sempre>
<2435.30,2435.46,s'han>
<2435.46,2436.04,plantejat>
<2436.04,2436.76,supòsits>
<2436.97,2437.51,sobre>
<2438.44,2438.78,temes>
<2438.78,2439.11,d'aquest>
<2439.11,2439.64,estil>
<2439.75,2440.02,com>
<2440.02,2440.13,per>
<2440.13,2440.63,exemple>
<2440.80,2440.94,ha>
<2440.94,2441.66,suposat>
<2441.83,2442.40,l'avort>
<2442.71,2442.95,una>
<2442.95,2443.79,confrontació>
<2444.07,2444.20,en>
<2444.20,2444.28,la>
<2444.28,2444.80,societat>
<2444.80,2444.86,i>
<2444.86,2444.94,en>
<2444.94,2445.20,aquest>
<2445.20,2445.42,cas>
<2445.42,2445.56,ens>
<2445.56,2445.77,trobem>
<2445.77,2445.90,amb>
<2445.90,2445.98,el>
<2445.98,2446.44,mateix>
<2446.71,2446.79,i>
<2446.79,2446.86,al>
<2446.86,2447.03,llarg>
<2447.03,2447.28,del>
<2447.28,2447.85,debat>
<2447.86,2447.95,la>
<2447.95,2448.26,gestació>
<2448.26,2449.11,subrogada>
<2449.12,2449.31,s'ha>
<2449.31,2449.83,demostrat>
<2450.05,2450.20,que>
<2450.20,2450.60,podria>
<2450.60,2451.13,perfectament>
<2451.13,2451.79,aplicar-se>
<2451.98,2452.16,i>
<2452.16,2452.43,donar>
<2452.43,2452.55,un>
<2452.55,2452.80,pas>
<2452.80,2453.26,endavant>
<2454.06,2454.36,i>
<2454.36,2454.96,guanyar>
<2455.05,2455.19,en>
<2455.19,2455.86,llibertats>
<2456.64,2456.82,en>
<2456.82,2457.07,tercer>
<2457.07,2457.35,lloc>
<2457.39,2457.52,el>
<2457.52,2457.83,tercer>
<2457.83,2458.16,perquè>
<2458.71,2458.90,hem>
<2458.90,2459.31,dit>
<2459.33,2459.55,que>
<2460.11,2460.28,ens>
<2460.28,2460.46,trobem>
<2460.46,2460.58,amb>
<2460.58,2460.71,una>
<2460.71,2461.46,ineficàcia>
<2461.46,2461.53,de>
<2461.53,2461.65,la>
<2462.18,2462.91,prohibició>
<2463.02,2463.84,idealista>
<2464.16,2464.35,quan>
<2464.35,2464.50,ens>
<2464.50,2464.70,trobem>
<2464.70,2464.85,en>
<2464.85,2465.00,un>
<2465.00,2465.38,món>
<2465.54,2466.28,globalitzat>
<2466.28,2466.32,i>
<2466.32,2466.45,no>
<2466.45,2466.81,podem>
<2466.81,2467.07,fer-hi>
<2467.07,2467.42,res>
<2467.60,2467.76,pel>
<2467.76,2467.90,que>
<2467.90,2468.36,fa>
<2468.37,2468.76,als>
<2468.76,2469.18,països>
<2469.18,2469.25,que>
<2469.25,2469.32,han>
<2469.32,2469.75,aplicat>
<2469.75,2469.88,una>
<2469.88,2470.27,gestació>
<2470.27,2470.91,subrogada>
<2471.08,2471.22,que>
<2471.22,2471.91,nosaltres>
<2472.13,2472.34,no>
<2472.34,2473.08,compartim>
<2473.23,2473.49,perquè>
<2473.49,2473.60,ja>
<2473.60,2473.69,hem>
<2473.69,2474.01,dit>
<2474.61,2474.80,el>
<2474.80,2475.42,com>
<2475.99,2476.11,que>
<2476.11,2476.20,es>
<2476.20,2476.65,basa>
<2476.71,2476.84,en>
<2476.84,2477.55,l'altruisme>
<2478.09,2478.19,i>
<2478.19,2478.31,en>
<2478.31,2478.47,uns>
<2478.47,2479.02,requisits>
<2479.15,2479.84,d'idoneïtat>
<2479.99,2480.14,per>
<2480.14,2480.29,tant>
<2480.29,2480.91,l'altruisme>
<2481.46,2481.98,elimina>
<2481.98,2482.64,qualsevol>
<2482.64,2482.91,mena>
<2482.91,2482.99,de>
<2482.99,2483.29,dubte>
<2483.29,2483.40,que>
<2483.40,2483.72,pugueu>
<2483.72,2484.20,tindre>
<2484.60,2485.18,sobre>
<2485.52,2485.73,la>
<2485.73,2486.95,mercantilització>
<2487.07,2487.43,sobre>
<2487.43,2487.62,els>
<2487.62,2488.18,catàlegs>
<2488.18,2488.31,que>
<2488.31,2488.65,vostés>
<2488.65,2488.78,han>
<2488.78,2489.02,fet>
<2489.02,2489.53,referència>
<2489.53,2489.65,als>
<2489.65,2490.02,catàlegs>
<2490.02,2490.10,ja>
<2490.10,2490.32,se'ls>
<2490.32,2490.63,poden>
<2490.63,2491.15,quedar>
<2491.21,2491.69,nosaltres>
<2491.69,2491.79,no>
<2491.79,2492.02,els>
<2492.03,2492.52,comprem>
<2493.20,2493.90,nosaltres>
<2494.20,2494.53,hem>
<2494.54,2495.19,defensat>
<2495.47,2496.17,clarament>
<2496.60,2496.70,que>
<2496.70,2496.81,el>
<2496.81,2497.13,nostre>
<2497.13,2497.54,model>
<2497.62,2498.27,seria>
<2498.29,2499.20,altruista>
<2499.48,2499.60,i>
<2499.60,2499.70,que>
<2499.70,2499.79,es>
<2499.79,2500.17,basaria>
<2500.17,2500.23,en>
<2500.23,2500.33,la>
<2500.33,2500.87,donació>
<2501.09,2501.73,d'òrgans>
<2501.86,2502.15,tenint>
<2502.15,2502.26,en>
<2502.26,2502.61,compte>
<2502.61,2502.67,que>
<2502.67,2502.82,ens>
<2502.82,2503.20,trobem>
<2503.29,2503.40,a>
<2503.40,2503.86,espanya>
<2503.86,2503.99,i>
<2503.99,2504.11,que>
<2504.11,2504.27,ens>
<2504.27,2504.46,trobem>
<2504.46,2504.56,en>
<2504.56,2504.77,una>
<2504.77,2505.25,posició>
<2505.25,2506.12,privilegiada>
<2506.27,2506.39,no>
<2506.39,2506.63,només>
<2506.63,2506.86,també>
<2506.86,2506.99,pel>
<2506.99,2507.37,sistema>
<2507.62,2508.16,sanitari>
<2508.16,2508.33,sinó>
<2508.33,2508.53,perquè>
<2508.53,2508.92,portem>
<2509.15,2509.39,més>
<2509.39,2509.47,de>
<2509.47,2510.04,vint-i-sis>
<2510.04,2510.29,anys>
<2510.41,2511.21,liderant>
<2511.56,2511.70,la>
<2511.70,2512.16,llista>
<2512.46,2512.63,de>
<2512.63,2513.31,països>
<2513.63,2513.91,en>
<2514.27,2515.08,transplantants>
<2515.39,2515.56,i>
<2515.56,2515.77,de>
<2515.77,2516.20,donació>
<2516.20,2516.78,d'òrgans>
<2517.13,2517.28,per>
<2517.28,2517.62,tant>
<2518.00,2518.10,a>
<2518.10,2518.25,més>
<2518.25,2518.32,a>
<2518.32,2518.71,més>
<2519.14,2519.30,hem>
<2519.30,2520.27,exposat>
<2520.33,2520.49,que>
<2520.66,2520.82,ja>
<2520.82,2521.19,s'haurien>
<2521.19,2521.27,de>
<2521.27,2521.66,complir>
<2521.67,2521.89,uns>
<2521.89,2522.38,requisits>
<2522.38,2523.03,d'idoneïtat>
<2523.03,2523.13,no>
<2523.13,2523.62,només>
<2523.79,2523.97,se>
<2523.97,2524.49,tenen>
<2524.50,2524.68,en>
<2524.68,2525.11,compte>
<2525.24,2525.39,la>
<2525.39,2525.69,donació>
<2525.69,2526.16,d'òrgans>
<2526.29,2526.56,sinó>
<2526.56,2526.67,que>
<2526.67,2527.22,també>
<2527.29,2528.29,l'adopció>
<2528.54,2529.11,l'adopció>
<2529.11,2529.22,que>
<2529.22,2529.60,vostès>
<2529.60,2529.83,també>
<2529.83,2529.96,els>
<2529.96,2530.61,preocupava>
<2530.61,2530.77,pel>
<2530.77,2530.89,que>
<2530.89,2531.04,fa>
<2531.04,2531.07,a>
<2531.07,2531.62,l'interés>
<2531.79,2532.35,superior>
<2532.35,2532.50,del>
<2532.50,2532.97,menor>
<2533.12,2533.36,al>
<2533.36,2533.55,qual>
<2533.55,2533.64,hem>
<2533.64,2534.19,defensat>
<2534.19,2534.24,a>
<2534.24,2534.73,través>
<2534.95,2535.11,de>
<2535.11,2535.21,la>
<2535.21,2535.53,direcció>
<2535.53,2535.92,general>
<2535.92,2536.08,del>
<2536.08,2536.57,registre>
<2536.57,2536.62,i>
<2536.62,2536.76,del>
<2536.76,2537.30,notariat>
<2537.47,2537.54,i>
<2537.54,2537.67,el>
<2537.67,2538.20,tribunal>
<2538.25,2538.91,suprem>
<2540.58,2541.43,mirin>
<2541.44,2541.65,com>
<2541.65,2541.75,ja>
<2541.75,2541.83,hem>
<2541.83,2542.20,dit>
<2542.55,2542.91,totes>
<2542.91,2543.06,les>
<2543.06,2543.22,seves>
<2543.22,2543.86,preocupacions>
<2543.86,2544.10,tot>
<2544.10,2545.01,pel>
<2545.51,2545.73,que>
<2545.73,2546.01,fa>
<2546.02,2546.11,a>
<2546.11,2546.26,les>
<2546.26,2546.57,males>
<2546.57,2547.23,pràctiques>
<2547.51,2547.66,el>
<2547.66,2547.99,nostre>
<2547.99,2548.47,model>
<2548.78,2549.26,no>
<2549.27,2549.41,té>
<2549.41,2549.82,res>
<2549.88,2549.97,a>
<2549.97,2550.34,veure>
<2550.88,2551.57,i>
<2551.58,2551.90,l'equip>
<2551.90,2551.97,de>
<2551.97,2552.06,la>
<2552.06,2552.82,universitat>
<2553.06,2553.14,de>
<2553.14,2553.63,barcelona>
<2553.63,2554.40,vostès>
<2554.83,2555.02,han>
<2555.02,2555.56,preferit>
<2555.73,2556.11,tancar>
<2556.11,2556.25,els>
<2556.25,2556.77,ulls>
<2556.87,2556.95,al>
<2556.95,2557.13,llarg>
<2557.13,2557.25,del>
<2557.25,2557.73,debat>
<2557.95,2558.08,han>
<2558.08,2558.60,preferit>
<2558.61,2559.19,quedar-se>
<2559.36,2559.51,amb>
<2559.51,2559.58,la>
<2559.58,2560.07,situació>
<2560.07,2560.66,actual>
<2560.98,2561.22,amb>
<2561.22,2561.39,una>
<2561.39,2562.12,situació>
<2562.26,2562.41,que>
<2562.41,2562.65,per>
<2562.65,2562.84,molt>
<2562.84,2562.93,que>
<2562.93,2563.29,vostès>
<2563.29,2563.74,segueixin>
<2563.74,2564.30,criticant>
<2564.38,2564.91,seguirà>
<2564.92,2565.61,succeint>
<2565.74,2565.90,si>
<2565.90,2566.51,vostès>
<2566.51,2566.65,que>
<2566.93,2567.19,això>
<2567.19,2567.31,que>
<2567.31,2568.03,critiquen>
<2568.07,2568.18,no>
<2568.18,2568.31,els>
<2568.31,2568.36,hi>
<2568.36,2568.82,agrada>
<2569.66,2570.19,intentin>
<2570.19,2570.68,canviar-ho>
<2571.07,2571.33,perquè>
<2571.33,2571.46,si>
<2571.46,2571.55,no>
<2571.55,2571.63,ho>
<2571.63,2571.92,fan>
<2572.24,2572.87,seguirem>
<2573.00,2573.46,igual>
<2573.93,2574.38,seguirem>
<2574.38,2574.53,amb>
<2574.53,2575.11,abusos>
<2575.31,2575.50,amb>
<2575.50,2575.84,males>
<2575.84,2576.51,pràctiques>
<2576.68,2576.76,i>
<2576.76,2576.97,amb>
<2576.97,2577.13,una>
<2577.13,2577.78,situació>
<2577.86,2578.70,d'inseguretat>
<2578.95,2579.59,jurídica>
<2579.79,2579.96,per>
<2579.96,2580.24,tant>
<2580.43,2580.59,en>
<2580.59,2581.31,definitiva>
<2581.59,2581.74,la>
<2581.74,2582.41,universitat>
<2582.41,2582.50,de>
<2582.50,2582.76,lleida>
<2582.76,2582.85,es>
<2582.85,2583.38,posiciona>
<2583.38,2583.85,clarament>
<2583.85,2583.89,a>
<2583.89,2584.23,favor>
<2584.23,2584.31,de>
<2584.31,2584.81,legalitzar>
<2584.81,2584.89,la>
<2584.89,2585.36,gestació>
<2585.36,2585.96,subrogada>
<2585.96,2586.24,perquè>
<2586.24,2586.59,diem>
<2586.73,2587.13,sí>
<2587.22,2587.35,a>
<2587.35,2587.45,la>
<2587.45,2587.91,llibertat>
<2588.04,2588.39,diem>
<2588.39,2588.59,sí>
<2588.59,2588.66,a>
<2588.66,2588.81,una>
<2588.81,2589.41,gestació>
<2589.52,2590.96,subrogada>
<2590.99,2591.83,garantista>
<2592.03,2592.71,èticament>
<2592.71,2593.46,sostenible>
<2593.62,2593.75,i>
<2593.75,2594.41,raonable>
<2594.59,2594.89,diem>
<2594.89,2595.22,sí>
<2595.34,2595.50,a>
<2595.50,2596.45,progressar>
<2596.58,2596.71,a>
<2596.71,2596.85,no>
<2596.85,2596.92,és>
<2596.92,2597.60,estancar-nos>
<2597.60,2597.78,al>
<2597.78,2598.20,segle>
<2598.20,2598.54,vint>
<2598.65,2598.73,i>
<2598.73,2598.88,el>
<2598.88,2599.31,passat>
<2599.32,2599.49,a>
<2599.49,2599.99,progressar>
<2599.99,2600.24,mirar>
<2600.24,2600.38,més>
<2600.38,2600.82,endavant>
<2600.82,2600.93,del>
<2600.93,2601.25,segle>
<2601.25,2601.79,vint-i-u>
<2601.93,2602.22,perquè>
<2602.22,2602.29,la>
<2602.29,2602.79,universitat>
<2602.79,2602.87,de>
<2602.87,2603.29,lleida>
<2603.48,2603.94,considera>
<2603.94,2604.06,que>
<2604.06,2604.47,legalitzar>
<2604.47,2604.53,la>
<2604.53,2604.91,gestació>
<2604.91,2605.51,subrogada>
<2605.67,2605.91,és>
<2605.99,2606.53,l'única>
<2606.53,2606.94,via>
<2606.95,2607.47,possible>
<2607.47,2607.65,per>
<2607.65,2608.04,eliminar>
<2608.28,2608.70,totes>
<2608.72,2608.93,les>
<2608.93,2609.14,seves>
<2609.14,2609.82,preocupacions>
<2609.82,2609.97,que>
<2609.97,2610.08,han>
<2610.08,2610.58,criticat>
<2610.58,2610.66,al>
<2610.66,2610.87,llarg>
<2610.87,2610.98,del>
<2610.98,2611.22,debat>
<2648.97,2649.34,bona>
<2649.34,2649.76,tarda>
<2649.77,2650.09,estem>
<2650.09,2650.44,tots>
<2650.44,2650.67,molt>
<2650.67,2651.18,cansats>
<2651.23,2651.58,però>
<2651.69,2651.89,tot>
<2651.89,2651.93,i>
<2651.93,2652.31,així>
<2652.32,2652.49,hem>
<2652.49,2652.79,tingut>
<2652.79,2652.86,un>
<2652.86,2653.14,debat>
<2653.14,2653.31,molt>
<2653.31,2653.70,interessant>
<2653.70,2653.75,i>
<2653.75,2653.87,per>
<2653.87,2654.17,això>
<2654.42,2654.77,agrair>
<2654.77,2654.90,als>
<2654.90,2655.16,nostres>
<2655.16,2655.73,companys>
<2656.26,2656.69,interessant>
<2656.69,2656.97,perquè>
<2656.98,2657.14,des>
<2657.14,2657.27,del>
<2657.27,2657.89,principi>
<2658.10,2658.25,hem>
<2658.25,2658.63,tingut>
<2658.64,2658.99,molt>
<2658.99,2659.07,de>
<2659.07,2659.50,xocs>
<2659.54,2659.57,i>
<2660.10,2660.37,ells>
<2660.37,2660.54,ens>
<2660.54,2660.66,han>
<2660.66,2661.23,presentat>
<2661.29,2661.40,la>
<2661.40,2662.02,maternitat>
<2662.10,2662.25,com>
<2662.25,2662.32,a>
<2662.32,2662.50,una>
<2662.50,2663.08,necessitat>
<2663.08,2663.53,humana>
<2664.22,2664.42,ens>
<2664.42,2664.70,han>
<2666.30,2666.97,plantejat>
<2666.97,2667.14,els>
<2667.14,2667.38,éssers>
<2667.38,2667.82,humans>
<2667.83,2667.93,que>
<2667.93,2667.99,es>
<2667.99,2668.17,digués>
<2668.17,2668.22,i>
<2668.22,2668.33,com>
<2668.33,2669.04,animals>
<2669.91,2670.07,que>
<2670.07,2670.37,seguim>
<2670.37,2670.54,els>
<2670.54,2670.81,nostres>
<2670.81,2671.35,instints>
<2671.35,2671.43,de>
<2671.43,2672.08,maternitat>
<2672.28,2672.38,que>
<2672.38,2673.52,necessitem>
<2673.81,2674.16,tenir>
<2674.53,2675.44,descendència>
<2675.59,2675.71,i>
<2675.71,2676.14,assegurar>
<2676.14,2676.23,la>
<2676.23,2676.73,nostra>
<2676.73,2677.22,supervivència>
<2677.22,2677.31,del>
<2677.31,2677.53,nostre>
<2677.53,2678.09,espècie>
<2678.24,2678.43,cap>
<2678.43,2678.71,d'aquests>
<2678.71,2679.22,conceptes>
<2679.22,2679.65,tenien>
<2680.01,2680.38,pes>
<2680.40,2680.52,en>
<2680.52,2680.61,el>
<2680.61,2681.04,debat>
<2681.68,2681.94,perquè>
<2681.94,2682.56,nosaltres>
<2682.97,2683.26,éssers>
<2683.26,2683.67,humans>
<2683.92,2684.37,vivim>
<2684.68,2684.82,en>
<2684.82,2684.97,una>
<2684.97,2685.42,societat>
<2685.62,2685.91,tenim>
<2685.91,2686.06,en>
<2686.06,2686.49,compte>
<2686.61,2686.87,els>
<2686.87,2687.42,drets>
<2689.39,2689.58,ens>
<2689.58,2689.73,han>
<2689.73,2690.06,dit>
<2690.87,2691.56,l'adopció>
<2691.94,2692.06,no>
<2692.06,2692.12,és>
<2692.12,2692.73,suficient>
<2692.73,2692.90,perquè>
<2692.90,2692.96,és>
<2692.96,2693.21,només>
<2693.21,2693.33,una>
<2693.33,2693.84,opció>
<2694.24,2694.40,però>
<2694.40,2694.64,mai>
<2694.64,2694.80,ens>
<2694.80,2694.92,han>
<2694.92,2695.33,raonat>
<2695.33,2695.70,perquè>
<2695.95,2696.28,aquesta>
<2696.28,2696.67,opció>
<2696.85,2696.98,no>
<2696.98,2697.11,era>
<2697.11,2697.55,viable>
<2697.75,2697.90,per>
<2697.90,2698.01,què>
<2698.01,2698.12,no>
<2698.12,2698.29,era>
<2698.29,2698.84,necessari>
<2698.98,2699.34,optar>
<2699.34,2699.43,per>
<2699.43,2699.70,aquesta>
<2699.70,2700.17,opció>
<2700.41,2700.61,en>
<2700.61,2700.91,lloc>
<2701.03,2701.26,d'anar>
<2701.26,2701.29,a>
<2701.29,2701.38,la>
<2701.38,2701.76,gestació>
<2701.76,2702.25,subrogada>
<2702.26,2702.45,amb>
<2702.45,2702.64,tots>
<2702.64,2702.75,els>
<2702.75,2703.12,riscos>
<2703.29,2703.38,que>
<2703.38,2703.51,això>
<2703.51,2703.97,comporta>
<2705.19,2705.33,ens>
<2705.33,2705.43,han>
<2705.43,2705.72,donat>
<2705.72,2705.93,bueno>
<2706.07,2706.21,un>
<2706.21,2706.63,model>
<2707.54,2707.72,ens>
<2707.72,2707.82,han>
<2707.82,2707.97,dit>
<2707.97,2708.11,un>
<2708.11,2708.57,suposat>
<2708.85,2709.28,com>
<2709.59,2709.68,han>
<2709.68,2709.93,quedat>
<2709.94,2710.19,molts>
<2710.19,2710.47,cops>
<2710.63,2710.77,amb>
<2710.77,2711.05,paraules>
<2711.05,2711.53,buides>
<2711.94,2712.05,de>
<2712.05,2712.35,llança>
<2712.41,2712.66,tenir>
<2712.67,2713.44,poèticament>
<2713.47,2713.63,amb>
<2713.63,2714.41,garanties>
<2715.42,2715.53,i>
<2715.53,2715.60,a>
<2715.60,2715.73,més>
<2715.73,2715.78,a>
<2715.78,2716.07,més>
<2716.22,2716.35,amb>
<2716.35,2716.52,molts>
<2716.52,2716.92,detalls>
<2716.92,2717.01,que>
<2717.01,2717.12,ens>
<2717.12,2717.23,han>
<2717.23,2717.62,detallat>
<2717.62,2718.12,bastant>
<2718.12,2718.37,tard>
<2718.69,2718.81,però>
<2718.81,2718.94,tot>
<2718.94,2718.98,i>
<2718.98,2719.33,així>
<2719.46,2719.75,entrava>
<2719.75,2719.84,en>
<2719.84,2720.06,xoc>
<2720.06,2720.67,directament>
<2720.81,2720.96,amb>
<2720.96,2721.02,la>
<2721.02,2721.30,nostra>
<2721.30,2721.66,postura>
<2721.66,2721.86,per>
<2721.86,2722.18,tant>
<2722.51,2722.83,quedava>
<2722.83,2723.17,fora>
<2723.60,2724.02,com>
<2724.77,2724.94,doncs>
<2724.94,2725.27,perquè>
<2725.28,2725.84,aquesta>
<2725.97,2726.66,sostenibilitat>
<2726.66,2727.06,ètica>
<2727.09,2728.03,aquest>
<2728.04,2728.69,altruisme>
<2729.16,2729.49,sense>
<2729.49,2730.03,retribució>
<2730.03,2730.16,ens>
<2730.16,2730.59,deien>
<2731.16,2731.32,tot>
<2731.32,2731.60,això>
<2731.97,2732.10,com>
<2732.10,2732.41,entrava>
<2732.41,2732.53,en>
<2732.53,2733.00,xoc>
<2733.27,2733.53,com>
<2733.62,2733.94,feia>
<2733.94,2734.42,caure>
<2734.66,2734.92,la>
<2734.93,2735.60,incoherència>
<2735.60,2735.93,moral>
<2737.27,2737.48,de>
<2737.48,2737.64,no>
<2737.64,2737.95,donar>
<2738.21,2738.78,drets>
<2739.15,2739.35,els>
<2739.35,2739.76,nens>
<2739.98,2740.09,que>
<2740.09,2740.48,necessiten>
<2740.48,2740.61,una>
<2740.61,2741.07,família>
<2741.88,2742.05,per>
<2742.05,2742.27,donar>
<2742.27,2742.34,un>
<2742.34,2742.79,caprici>
<2742.79,2742.85,a>
<2742.85,2743.01,uns>
<2743.01,2743.25,pares>
<2743.25,2743.34,que>
<2743.34,2743.73,volen>
<2744.18,2744.43,una>
<2744.43,2744.91,descendència>
<2744.91,2745.38,concreta>
<2745.97,2746.14,com>
<2746.14,2746.46,entrava>
<2746.46,2746.87,això>
<2747.01,2747.17,en>
<2747.17,2747.53,xoc>
<2747.54,2747.68,amb>
<2747.68,2747.74,la>
<2747.74,2748.24,incoherència>
<2748.24,2748.66,legal>
<2749.51,2749.59,no>
<2749.59,2749.72,ens>
<2749.72,2750.11,deien>
<2750.35,2750.46,no>
<2750.46,2750.59,ens>
<2750.59,2750.73,per>
<2750.73,2750.87,una>
<2750.87,2751.32,minoria>
<2751.97,2752.21,perquè>
<2752.21,2752.61,és>
<2752.61,2752.78,un>
<2752.78,2753.14,sistema>
<2753.14,2753.60,públic>
<2753.97,2754.13,però>
<2754.13,2754.16,ho>
<2754.16,2754.28,hem>
<2754.28,2754.47,dit>
<2754.47,2754.65,això>
<2754.65,2754.73,és>
<2754.73,2755.02,pitjor>
<2755.03,2755.19,ho>
<2755.19,2755.47,paguem>
<2755.47,2755.67,entre>
<2755.67,2756.01,tots>
<2756.01,2756.20,quan>
<2756.20,2756.30,es>
<2756.30,2756.58,tracta>
<2756.58,2756.73,d'un>
<2756.73,2757.18,caprici>
<2757.88,2757.99,no>
<2757.99,2758.21,tenia>
<2758.21,2758.49,sentit>
<2758.49,2758.85,tampoc>
<2759.30,2759.60,entre>
<2759.60,2759.87,lloc>
<2760.37,2760.59,com>
<2760.59,2760.79,per>
<2760.79,2761.18,això>
<2761.29,2761.42,el>
<2761.42,2761.79,turisme>
<2761.79,2762.15,genètic>
<2762.73,2762.85,ens>
<2762.85,2762.89,ha>
<2762.89,2763.09,dit>
<2763.09,2763.53,no>
<2763.69,2763.77,és>
<2763.77,2763.86,que>
<2763.86,2764.31,només>
<2764.51,2764.88,estem>
<2764.88,2765.34,regulant>
<2765.34,2765.43,què>
<2765.43,2765.68,passa>
<2765.68,2765.80,amb>
<2765.80,2765.99,les>
<2765.99,2766.34,mares>
<2766.34,2766.66,d'aquí>
<2766.81,2767.07,només>
<2767.07,2767.41,deixem>
<2767.41,2767.52,que>
<2767.52,2767.67,les>
<2767.67,2767.94,mares>
<2767.94,2768.27,d'aquí>
<2768.55,2768.85,puguin>
<2768.85,2769.01,ser>
<2769.01,2769.58,gestants>
<2769.94,2770.08,però>
<2770.08,2770.21,això>
<2770.21,2770.30,en>
<2770.30,2770.46,cap>
<2770.46,2770.83,moment>
<2770.83,2771.55,contestava>
<2771.79,2771.91,a>
<2771.91,2772.11,com>
<2772.11,2772.36,estem>
<2772.36,2772.71,actuant>
<2772.71,2773.14,respecte>
<2773.14,2773.17,a>
<2773.17,2773.30,les>
<2773.30,2773.65,persones>
<2773.65,2773.82,que>
<2773.82,2774.22,surten>
<2774.22,2774.60,d'aquí>
<2774.75,2775.06,se'n>
<2775.06,2775.37,van>
<2775.38,2775.48,a>
<2775.48,2776.10,contractar>
<2776.29,2776.37,a>
<2776.37,2776.59,una>
<2776.66,2776.91,mare>
<2776.91,2777.29,gestant>
<2777.29,2777.40,d'un>
<2777.40,2777.59,altre>
<2777.59,2777.87,país>
<2777.99,2778.10,i>
<2778.10,2778.34,tornan>
<2778.34,2778.43,amb>
<2778.43,2778.50,el>
<2778.50,2778.64,seu>
<2778.64,2778.94,fill>
<2778.98,2779.15,com>
<2779.15,2779.27,si>
<2779.27,2779.35,no>
<2779.35,2779.55,hagués>
<2779.55,2779.89,passat>
<2779.90,2780.25,res>
<2781.52,2781.96,això>
<2782.53,2782.66,ens>
<2782.66,2783.05,deien>
<2783.58,2783.66,que>
<2783.70,2783.80,es>
<2783.80,2784.04,poden>
<2784.04,2784.21,fer>
<2784.21,2784.45,molts>
<2784.45,2784.89,models>
<2785.30,2785.36,i>
<2785.36,2785.48,els>
<2786.21,2786.40,hem>
<2786.40,2787.02,demostrat>
<2787.33,2787.45,que>
<2787.45,2787.81,cap>
<2787.82,2788.21,d'aquests>
<2788.21,2788.56,models>
<2788.56,2788.87,podria>
<2788.87,2788.99,ser>
<2788.99,2789.37,viable>
<2789.68,2789.86,perquè>
<2789.86,2789.95,els>
<2789.95,2790.33,problemes>
<2790.33,2790.40,de>
<2790.40,2790.48,la>
<2790.48,2790.83,gestació>
<2790.83,2791.43,subrogada>
<2791.69,2792.28,entren>
<2792.69,2792.93,tenen>
<2792.93,2792.98,a>
<2792.98,2793.45,veure>
<2793.58,2793.72,amb>
<2793.72,2793.82,la>
<2793.82,2794.05,seva>
<2794.05,2794.61,essència>
<2795.01,2795.12,hi>
<2795.12,2795.32,ha>
<2795.73,2796.02,temes>
<2796.02,2796.64,troncals>
<2797.06,2797.18,que>
<2798.16,2798.29,la>
<2798.29,2798.44,fan>
<2798.44,2798.79,totalment>
<2798.79,2799.20,inviable>
<2799.86,2800.11,quins>
<2800.11,2800.30,són>
<2800.30,2800.57,aquests>
<2800.57,2800.78,temes>
<2800.78,2801.08,tocar>
<2801.09,2801.36,quin>
<2801.36,2801.49,era>
<2801.49,2801.57,el>
<2801.57,2801.84,nostre>
<2801.84,2802.43,argumentació>
<2802.81,2803.07,diguem>
<2803.07,2803.16,en>
<2803.16,2803.39,primer>
<2803.39,2803.59,lloc>
<2803.60,2803.66,hi>
<2803.66,2803.70,ha>
<2803.70,2803.81,una>
<2803.81,2804.31,incoherència>
<2804.31,2804.54,moral>
<2804.54,2804.66,que>
<2804.66,2804.76,no>
<2804.76,2805.00,podem>
<2805.00,2805.55,ignorar>
<2806.14,2806.29,per>
<2806.29,2806.50,què>
<2806.55,2806.78,perquè>
<2806.78,2807.21,entren>
<2807.25,2807.42,en>
<2807.42,2807.85,conflicte>
<2807.85,2807.97,un>
<2807.97,2808.52,caprici>
<2808.92,2809.67,aquest>
<2809.68,2810.18,desig>
<2810.18,2810.30,de>
<2810.30,2810.51,tenir>
<2810.51,2810.60,una>
<2810.60,2811.05,descendència>
<2811.05,2811.52,concreta>
<2812.03,2812.20,amb>
<2812.20,2812.35,els>
<2812.35,2812.79,drets>
<2812.99,2813.29,dels>
<2813.29,2813.71,nens>
<2813.95,2814.06,que>
<2814.06,2814.45,necessiten>
<2814.45,2814.57,una>
<2814.57,2814.93,família>
<2814.94,2815.00,i>
<2815.00,2815.22,fins>
<2815.22,2815.27,i>
<2815.27,2815.46,tot>
<2815.46,2815.50,ha>
<2815.50,2815.67,dit>
<2815.67,2815.74,el>
<2815.74,2815.86,meu>
<2815.86,2816.25,company>
<2816.60,2816.74,de>
<2816.74,2817.21,vegada>
<2817.26,2817.37,el>
<2817.37,2817.54,dret>
<2817.54,2817.60,a>
<2817.60,2817.68,la>
<2817.68,2817.92,vida>
<2820.29,2820.57,he>
<2820.57,2820.72,dit>
<2820.72,2820.87,fins>
<2820.87,2820.90,i>
<2820.90,2821.05,tot>
<2821.05,2821.13,el>
<2821.13,2821.43,david>
<2821.65,2821.73,què>
<2821.73,2821.86,els>
<2821.87,2822.17,dirien>
<2822.17,2822.60,vostès>
<2822.60,2822.78,els>
<2822.78,2822.95,nens>
<2822.95,2823.02,que>
<2823.02,2823.23,estan>
<2823.23,2823.32,per>
<2823.32,2823.77,adoptar>
<2824.09,2824.17,han>
<2824.17,2824.30,dit>
<2824.30,2824.65,bueno>
<2824.89,2825.11,un>
<2825.11,2825.35,model>
<2825.35,2825.81,basat>
<2826.02,2826.16,en>
<2826.16,2826.29,els>
<2826.29,2826.58,drets>
<2826.63,2826.79,per>
<2826.79,2827.23,adopció>
<2827.43,2827.54,és>
<2827.54,2827.57,a>
<2827.57,2827.75,dir>
<2827.76,2828.05,no>
<2828.05,2828.16,han>
<2828.16,2828.92,contestat>
<2829.30,2829.43,què>
<2829.43,2829.67,passa>
<2829.67,2829.77,amb>
<2829.77,2830.16,aquesta>
<2830.35,2830.51,amb>
<2830.51,2830.79,aquestes>
<2830.79,2831.30,persones>
<2832.16,2832.41,segon>
<2832.41,2832.61,lloc>
<2832.61,2832.72,una>
<2832.72,2833.21,incoherència>
<2833.21,2833.51,legal>
<2834.41,2834.68,perquè>
<2834.68,2834.98,només>
<2834.98,2835.10,la>
<2835.10,2835.60,gent>
<2835.60,2835.69,que>
<2835.69,2835.92,pot>
<2835.92,2836.57,pagar>
<2836.90,2837.41,una>
<2838.38,2838.79,gestació>
<2838.79,2839.32,subrogada>
<2839.36,2839.48,les>
<2839.48,2839.82,despeses>
<2839.82,2840.14,lligades>
<2840.14,2840.57,directament>
<2840.57,2840.61,a>
<2840.61,2840.69,la>
<2840.69,2841.05,gestació>
<2841.06,2841.53,subrogada>
<2841.78,2841.87,és>
<2841.87,2841.90,a>
<2841.90,2842.14,dir>
<2842.46,2842.62,in>
<2842.62,2843.10,vitro>
<2843.33,2843.44,és>
<2843.44,2843.48,a>
<2843.48,2843.61,dir>
<2843.61,2843.72,les>
<2843.72,2844.38,despeses>
<2844.66,2844.81,de>
<2844.81,2844.97,la>
<2844.97,2845.54,gestant>
<2845.72,2845.96,només>
<2845.96,2846.19,aquesta>
<2846.19,2846.35,gent>
<2846.35,2846.43,s'ho>
<2846.43,2846.66,podia>
<2846.66,2847.13,permetre>
<2847.75,2847.92,i>
<2847.92,2848.19,l'altra>
<2848.19,2848.51,opció>
<2848.51,2848.63,que>
<2848.63,2848.71,és>
<2848.71,2848.79,que>
<2848.79,2848.83,ho>
<2848.83,2849.07,paguem>
<2849.07,2849.26,tot>
<2849.26,2849.49,seria>
<2849.49,2849.89,encara>
<2850.54,2851.01,pitjor>
<2851.59,2851.65,és>
<2851.65,2851.70,a>
<2851.70,2851.85,dir>
<2851.85,2852.03,bueno>
<2852.03,2852.47,parlem-ne>
<2852.47,2852.57,ho>
<2852.57,2852.83,paguem>
<2852.83,2853.10,tots>
<2853.10,2853.22,no>
<2853.22,2853.48,paguem>
<2853.48,2853.87,tots>
<2854.10,2854.49,no>
<2854.72,2854.97,aquest>
<2854.97,2855.08,era>
<2855.08,2855.16,un>
<2855.16,2855.50,assumpte>
<2855.50,2855.93,vital>
<2856.32,2856.43,i>
<2856.43,2856.58,per>
<2856.58,2856.92,tant>
<2857.08,2857.25,cap>
<2857.25,2857.31,de>
<2857.31,2857.42,les>
<2857.42,2857.91,opcions>
<2858.13,2858.35,era>
<2858.35,2858.57,bona>
<2858.58,2858.61,i>
<2858.94,2859.09,en>
<2859.09,2859.27,tercer>
<2859.27,2859.51,lloc>
<2859.99,2860.11,hem>
<2860.11,2860.32,parlat>
<2860.32,2860.44,d'un>
<2860.44,2861.04,supremacisme>
<2861.04,2861.50,genètic>
<2861.87,2861.93,la>
<2861.93,2862.61,maternitat>
<2862.85,2862.94,a>
<2862.94,2863.04,la>
<2863.04,2863.52,carta>
<2864.00,2864.36,dóna>
<2864.36,2864.90,ales>
<2866.77,2867.20,a>
<2868.47,2868.96,criteris>
<2868.96,2869.24,basats>
<2869.24,2869.36,en>
<2869.36,2869.90,trets>
<2870.18,2870.31,en>
<2870.31,2871.07,prejudicis>
<2871.08,2871.22,en>
<2871.22,2871.99,racismes>
<2872.61,2872.78,tot>
<2872.78,2873.05,això>
<2873.54,2873.65,no>
<2873.65,2873.81,es>
<2873.89,2874.28,pot>
<2874.80,2875.37,concebre>
<2875.53,2875.63,no>
<2875.63,2875.75,es>
<2875.75,2875.94,pot>
<2875.94,2876.55,acceptar>
<2876.98,2877.10,és>
<2877.10,2877.22,per>
<2877.22,2877.60,això>
<2878.10,2878.21,que>
<2878.21,2878.50,primer>
<2878.97,2879.18,perquè>
<2879.18,2879.45,aquest>
<2879.45,2880.00,catàleg>
<2881.04,2881.20,no>
<2881.20,2881.28,es>
<2881.28,2881.79,tracta>
<2881.91,2882.03,de>
<2882.03,2882.66,taules>
<2882.91,2883.03,que>
<2883.03,2883.26,queden>
<2883.26,2883.35,bé>
<2883.35,2883.42,al>
<2883.42,2883.62,nostre>
<2883.62,2883.95,menjador>
<2883.95,2884.14,sinó>
<2884.14,2884.22,de>
<2884.22,2884.66,persones>
<2884.67,2884.86,amb>
<2884.86,2885.24,drets>
<2885.35,2885.41,en>
<2885.42,2885.70,segon>
<2885.70,2885.96,lloc>
<2886.39,2886.78,perquè>
<2886.95,2887.07,no>
<2887.07,2887.29,podem>
<2887.29,2887.49,deixar>
<2887.49,2887.81,escollir>
<2887.81,2887.95,quan>
<2887.95,2888.07,ens>
<2888.07,2888.34,afecta>
<2888.34,2888.37,a>
<2888.37,2888.66,totsi>
<2888.86,2889.00,en>
<2889.00,2889.22,tercer>
<2889.75,2890.08,lloc>
<2890.66,2891.07,perquè>
<2892.37,2892.51,no>
<2892.51,2892.76,podem>
<2892.76,2893.03,deixar>
<2893.03,2893.17,tot>
<2893.17,2893.40,això>
<2893.76,2893.96,en>
<2893.96,2894.24,lloc>
<2894.59,2894.81,de>
<2895.81,2896.43,racismes>
<2897.02,2897.46,gràcies>
